[2023-03-22 12:24:33,752] {taskinstance.py:1032} INFO - Dependencies all met for <TaskInstance: querry_postgres_v1.6.create_querry_postgres_table manual__2023-03-22T12:24:32.168910+00:00 [queued]>
[2023-03-22 12:24:33,795] {taskinstance.py:1032} INFO - Dependencies all met for <TaskInstance: querry_postgres_v1.6.create_querry_postgres_table manual__2023-03-22T12:24:32.168910+00:00 [queued]>
[2023-03-22 12:24:33,796] {taskinstance.py:1238} INFO - 
--------------------------------------------------------------------------------
[2023-03-22 12:24:33,797] {taskinstance.py:1239} INFO - Starting attempt 1 of 2
[2023-03-22 12:24:33,798] {taskinstance.py:1240} INFO - 
--------------------------------------------------------------------------------
[2023-03-22 12:24:33,840] {taskinstance.py:1259} INFO - Executing <Task(PostgresOperator): create_querry_postgres_table> on 2023-03-22 12:24:32.168910+00:00
[2023-03-22 12:24:33,849] {standard_task_runner.py:52} INFO - Started process 2520 to run task
[2023-03-22 12:24:33,861] {standard_task_runner.py:76} INFO - Running: ['***', 'tasks', 'run', 'querry_postgres_v1.6', 'create_querry_postgres_table', 'manual__2023-03-22T12:24:32.168910+00:00', '--job-id', '334', '--raw', '--subdir', 'DAGS_FOLDER/querry_posgresql.py', '--cfg-path', '/tmp/tmp7ncpfdxb', '--error-file', '/tmp/tmp4g4nhdru']
[2023-03-22 12:24:33,864] {standard_task_runner.py:77} INFO - Job 334: Subtask create_querry_postgres_table
[2023-03-22 12:24:34,176] {logging_mixin.py:109} INFO - Running <TaskInstance: querry_postgres_v1.6.create_querry_postgres_table manual__2023-03-22T12:24:32.168910+00:00 [running]> on host 6109e8ed579f
[2023-03-22 12:24:34,496] {taskinstance.py:1426} INFO - Exporting the following env vars:
AIRFLOW_CTX_DAG_OWNER=sakabuana31
AIRFLOW_CTX_DAG_ID=querry_postgres_v1.6
AIRFLOW_CTX_TASK_ID=create_querry_postgres_table
AIRFLOW_CTX_EXECUTION_DATE=2023-03-22T12:24:32.168910+00:00
AIRFLOW_CTX_DAG_RUN_ID=manual__2023-03-22T12:24:32.168910+00:00
[2023-03-22 12:24:34,577] {base.py:79} INFO - Using connection to: id: postgres_localhost. Host: host.docker.internal, Port: 5432, Schema: final, Login: ***, Password: ***, extra: {}
[2023-03-22 12:24:34,659] {dbapi.py:225} INFO - Running statement: 
            CREATE TABLE IF NOT EXISTS serving.serving_table_review (
            date DATE,
            mean_temp DECIMAL(5, 2),
            status_temp INT,
            precipitation DECIMAL(5, 2),
            status_preci INT,
            business_id TEXT,
            business_name TEXT,
            stars INT,
            date_values DATE
        );
        , parameters: None
[2023-03-22 12:24:34,759] {taskinstance.py:1277} INFO - Marking task as SUCCESS. dag_id=querry_postgres_v1.6, task_id=create_querry_postgres_table, execution_date=20230322T122432, start_date=20230322T122433, end_date=20230322T122434
[2023-03-22 12:24:34,829] {local_task_job.py:154} INFO - Task exited with return code 0
[2023-03-22 12:24:35,030] {local_task_job.py:264} INFO - 1 downstream tasks scheduled from follow-on schedule check
