[2023-03-19T06:09:06.139+0000] {taskinstance.py:1084} INFO - Dependencies all met for dep_context=non-requeueable deps ti=<TaskInstance: our_first_dag_v5.thrid_task scheduled__2021-09-10T00:00:00+00:00 [queued]>
[2023-03-19T06:09:06.185+0000] {taskinstance.py:1084} INFO - Dependencies all met for dep_context=requeueable deps ti=<TaskInstance: our_first_dag_v5.thrid_task scheduled__2021-09-10T00:00:00+00:00 [queued]>
[2023-03-19T06:09:06.186+0000] {taskinstance.py:1282} INFO - 
--------------------------------------------------------------------------------
[2023-03-19T06:09:06.187+0000] {taskinstance.py:1283} INFO - Starting attempt 1 of 6
[2023-03-19T06:09:06.187+0000] {taskinstance.py:1284} INFO - 
--------------------------------------------------------------------------------
[2023-03-19T06:09:06.415+0000] {taskinstance.py:1303} INFO - Executing <Task(BashOperator): thrid_task> on 2021-09-10 00:00:00+00:00
[2023-03-19T06:09:06.423+0000] {standard_task_runner.py:55} INFO - Started process 669 to run task
[2023-03-19T06:09:06.436+0000] {standard_task_runner.py:82} INFO - Running: ['***', 'tasks', 'run', 'our_first_dag_v5', 'thrid_task', 'scheduled__2021-09-10T00:00:00+00:00', '--job-id', '135', '--raw', '--subdir', 'DAGS_FOLDER/our_second_dags.py', '--cfg-path', '/tmp/tmpayikcnb3']
[2023-03-19T06:09:06.443+0000] {standard_task_runner.py:83} INFO - Job 135: Subtask thrid_task
[2023-03-19T06:09:06.767+0000] {task_command.py:388} INFO - Running <TaskInstance: our_first_dag_v5.thrid_task scheduled__2021-09-10T00:00:00+00:00 [running]> on host 837d6aa6fa25
[2023-03-19T06:09:07.074+0000] {taskinstance.py:1511} INFO - Exporting the following env vars:
AIRFLOW_CTX_DAG_OWNER=coder2j
AIRFLOW_CTX_DAG_ID=our_first_dag_v5
AIRFLOW_CTX_TASK_ID=thrid_task
AIRFLOW_CTX_EXECUTION_DATE=2021-09-10T00:00:00+00:00
AIRFLOW_CTX_TRY_NUMBER=1
AIRFLOW_CTX_DAG_RUN_ID=scheduled__2021-09-10T00:00:00+00:00
[2023-03-19T06:09:07.078+0000] {subprocess.py:63} INFO - Tmp dir root location: 
 /tmp
[2023-03-19T06:09:07.092+0000] {subprocess.py:75} INFO - Running command: ['/bin/bash', '-c', 'echo hey, I am task3 and will be running after task1 at the same time as task2!']
[2023-03-19T06:09:07.143+0000] {subprocess.py:86} INFO - Output:
[2023-03-19T06:09:07.160+0000] {subprocess.py:93} INFO - hey, I am task3 and will be running after task1 at the same time as task2!
[2023-03-19T06:09:07.166+0000] {subprocess.py:97} INFO - Command exited with return code 0
[2023-03-19T06:09:07.254+0000] {taskinstance.py:1326} INFO - Marking task as SUCCESS. dag_id=our_first_dag_v5, task_id=thrid_task, execution_date=20210910T000000, start_date=20230319T060906, end_date=20230319T060907
[2023-03-19T06:09:07.387+0000] {local_task_job.py:212} INFO - Task exited with return code 0
[2023-03-19T06:09:07.550+0000] {taskinstance.py:2585} INFO - 0 downstream tasks scheduled from follow-on schedule check
