[2023-03-19T06:08:51.757+0000] {taskinstance.py:1084} INFO - Dependencies all met for dep_context=non-requeueable deps ti=<TaskInstance: our_first_dag_v5.thrid_task scheduled__2021-08-16T00:00:00+00:00 [queued]>
[2023-03-19T06:08:51.811+0000] {taskinstance.py:1084} INFO - Dependencies all met for dep_context=requeueable deps ti=<TaskInstance: our_first_dag_v5.thrid_task scheduled__2021-08-16T00:00:00+00:00 [queued]>
[2023-03-19T06:08:51.821+0000] {taskinstance.py:1282} INFO - 
--------------------------------------------------------------------------------
[2023-03-19T06:08:51.822+0000] {taskinstance.py:1283} INFO - Starting attempt 1 of 6
[2023-03-19T06:08:51.828+0000] {taskinstance.py:1284} INFO - 
--------------------------------------------------------------------------------
[2023-03-19T06:08:52.276+0000] {taskinstance.py:1303} INFO - Executing <Task(BashOperator): thrid_task> on 2021-08-16 00:00:00+00:00
[2023-03-19T06:08:52.284+0000] {standard_task_runner.py:55} INFO - Started process 453 to run task
[2023-03-19T06:08:52.296+0000] {standard_task_runner.py:82} INFO - Running: ['***', 'tasks', 'run', 'our_first_dag_v5', 'thrid_task', 'scheduled__2021-08-16T00:00:00+00:00', '--job-id', '63', '--raw', '--subdir', 'DAGS_FOLDER/our_second_dags.py', '--cfg-path', '/tmp/tmplx97wz9d']
[2023-03-19T06:08:52.319+0000] {standard_task_runner.py:83} INFO - Job 63: Subtask thrid_task
[2023-03-19T06:08:52.522+0000] {task_command.py:388} INFO - Running <TaskInstance: our_first_dag_v5.thrid_task scheduled__2021-08-16T00:00:00+00:00 [running]> on host 837d6aa6fa25
[2023-03-19T06:08:52.759+0000] {taskinstance.py:1511} INFO - Exporting the following env vars:
AIRFLOW_CTX_DAG_OWNER=coder2j
AIRFLOW_CTX_DAG_ID=our_first_dag_v5
AIRFLOW_CTX_TASK_ID=thrid_task
AIRFLOW_CTX_EXECUTION_DATE=2021-08-16T00:00:00+00:00
AIRFLOW_CTX_TRY_NUMBER=1
AIRFLOW_CTX_DAG_RUN_ID=scheduled__2021-08-16T00:00:00+00:00
[2023-03-19T06:08:52.762+0000] {subprocess.py:63} INFO - Tmp dir root location: 
 /tmp
[2023-03-19T06:08:52.773+0000] {subprocess.py:75} INFO - Running command: ['/bin/bash', '-c', 'echo hey, I am task3 and will be running after task1 at the same time as task2!']
[2023-03-19T06:08:52.816+0000] {subprocess.py:86} INFO - Output:
[2023-03-19T06:08:52.822+0000] {subprocess.py:93} INFO - hey, I am task3 and will be running after task1 at the same time as task2!
[2023-03-19T06:08:52.830+0000] {subprocess.py:97} INFO - Command exited with return code 0
[2023-03-19T06:08:52.901+0000] {taskinstance.py:1326} INFO - Marking task as SUCCESS. dag_id=our_first_dag_v5, task_id=thrid_task, execution_date=20210816T000000, start_date=20230319T060851, end_date=20230319T060852
[2023-03-19T06:08:53.095+0000] {local_task_job.py:212} INFO - Task exited with return code 0
[2023-03-19T06:08:53.132+0000] {taskinstance.py:2585} INFO - 0 downstream tasks scheduled from follow-on schedule check
