[2023-03-21 08:50:38,199] {taskinstance.py:1032} INFO - Dependencies all met for <TaskInstance: querry_postgres_v1.4.create_querry_postgres_table manual__2023-03-21T07:52:34.606843+00:00 [queued]>
[2023-03-21 08:50:38,241] {taskinstance.py:1032} INFO - Dependencies all met for <TaskInstance: querry_postgres_v1.4.create_querry_postgres_table manual__2023-03-21T07:52:34.606843+00:00 [queued]>
[2023-03-21 08:50:38,243] {taskinstance.py:1238} INFO - 
--------------------------------------------------------------------------------
[2023-03-21 08:50:38,243] {taskinstance.py:1239} INFO - Starting attempt 10 of 11
[2023-03-21 08:50:38,244] {taskinstance.py:1240} INFO - 
--------------------------------------------------------------------------------
[2023-03-21 08:50:38,283] {taskinstance.py:1259} INFO - Executing <Task(PostgresOperator): create_querry_postgres_table> on 2023-03-21 07:52:34.606843+00:00
[2023-03-21 08:50:38,290] {standard_task_runner.py:52} INFO - Started process 1919 to run task
[2023-03-21 08:50:38,299] {standard_task_runner.py:76} INFO - Running: ['***', 'tasks', 'run', 'querry_postgres_v1.4', 'create_querry_postgres_table', 'manual__2023-03-21T07:52:34.606843+00:00', '--job-id', '273', '--raw', '--subdir', 'DAGS_FOLDER/querry_posgresql.py', '--cfg-path', '/tmp/tmpg58cw01m', '--error-file', '/tmp/tmpx4buyw9x']
[2023-03-21 08:50:38,303] {standard_task_runner.py:77} INFO - Job 273: Subtask create_querry_postgres_table
[2023-03-21 08:50:38,664] {logging_mixin.py:109} INFO - Running <TaskInstance: querry_postgres_v1.4.create_querry_postgres_table manual__2023-03-21T07:52:34.606843+00:00 [running]> on host 0b4cdb459521
[2023-03-21 08:50:39,018] {taskinstance.py:1426} INFO - Exporting the following env vars:
AIRFLOW_CTX_DAG_OWNER=sakabuana31
AIRFLOW_CTX_DAG_ID=querry_postgres_v1.4
AIRFLOW_CTX_TASK_ID=create_querry_postgres_table
AIRFLOW_CTX_EXECUTION_DATE=2023-03-21T07:52:34.606843+00:00
AIRFLOW_CTX_DAG_RUN_ID=manual__2023-03-21T07:52:34.606843+00:00
[2023-03-21 08:50:39,106] {base.py:79} INFO - Using connection to: id: postgres_serving. Host: host.docker.internal, Port: 5432, Schema: serving, Login: ***, Password: ***, extra: {}
[2023-03-21 08:50:39,198] {dbapi.py:225} INFO - Running statement: 
            CREATE TABLE IF NOT EXISTS serving_table_review (
            date DATE,
            status_temp INT,
            status_preci INT,
            business_id TEXT,
            business_name TEXT,
            stars INT,
            date_values DATE
        );
        , parameters: None
[2023-03-21 08:50:39,205] {postgres.py:71} INFO - NOTICE:  relation "serving_table_review" already exists, skipping

[2023-03-21 08:50:39,301] {taskinstance.py:1277} INFO - Marking task as SUCCESS. dag_id=querry_postgres_v1.4, task_id=create_querry_postgres_table, execution_date=20230321T075234, start_date=20230321T085038, end_date=20230321T085039
[2023-03-21 08:50:39,359] {local_task_job.py:154} INFO - Task exited with return code 0
[2023-03-21 08:50:39,606] {local_task_job.py:264} INFO - 1 downstream tasks scheduled from follow-on schedule check
