[2023-03-21 08:30:22,951] {taskinstance.py:1032} INFO - Dependencies all met for <TaskInstance: querry_postgres_v1.4.create_querry_postgres_table manual__2023-03-21T07:52:34.606843+00:00 [queued]>
[2023-03-21 08:30:22,988] {taskinstance.py:1032} INFO - Dependencies all met for <TaskInstance: querry_postgres_v1.4.create_querry_postgres_table manual__2023-03-21T07:52:34.606843+00:00 [queued]>
[2023-03-21 08:30:22,989] {taskinstance.py:1238} INFO - 
--------------------------------------------------------------------------------
[2023-03-21 08:30:22,990] {taskinstance.py:1239} INFO - Starting attempt 9 of 10
[2023-03-21 08:30:22,990] {taskinstance.py:1240} INFO - 
--------------------------------------------------------------------------------
[2023-03-21 08:30:23,029] {taskinstance.py:1259} INFO - Executing <Task(PostgresOperator): create_querry_postgres_table> on 2023-03-21 07:52:34.606843+00:00
[2023-03-21 08:30:23,036] {standard_task_runner.py:52} INFO - Started process 683 to run task
[2023-03-21 08:30:23,049] {standard_task_runner.py:76} INFO - Running: ['***', 'tasks', 'run', 'querry_postgres_v1.4', 'create_querry_postgres_table', 'manual__2023-03-21T07:52:34.606843+00:00', '--job-id', '270', '--raw', '--subdir', 'DAGS_FOLDER/querry_posgresql.py', '--cfg-path', '/tmp/tmpq4pfpa85', '--error-file', '/tmp/tmp_ppf25hi']
[2023-03-21 08:30:23,057] {standard_task_runner.py:77} INFO - Job 270: Subtask create_querry_postgres_table
[2023-03-21 08:30:23,377] {logging_mixin.py:109} INFO - Running <TaskInstance: querry_postgres_v1.4.create_querry_postgres_table manual__2023-03-21T07:52:34.606843+00:00 [running]> on host 0b4cdb459521
[2023-03-21 08:30:23,701] {taskinstance.py:1426} INFO - Exporting the following env vars:
AIRFLOW_CTX_DAG_OWNER=sakabuana31
AIRFLOW_CTX_DAG_ID=querry_postgres_v1.4
AIRFLOW_CTX_TASK_ID=create_querry_postgres_table
AIRFLOW_CTX_EXECUTION_DATE=2023-03-21T07:52:34.606843+00:00
AIRFLOW_CTX_DAG_RUN_ID=manual__2023-03-21T07:52:34.606843+00:00
[2023-03-21 08:30:23,780] {base.py:79} INFO - Using connection to: id: postgres_serving. Host: host.docker.internal, Port: 5432, Schema: serving, Login: ***, Password: ***, extra: {}
[2023-03-21 08:30:23,885] {dbapi.py:225} INFO - Running statement: 
            CREATE TABLE IF NOT EXISTS serving_table_review (
            date DATE,
            status_temp INT,
            status_preci INT,
            business_id TEXT,
            business_name TEXT,
            stars INT,
            date_values DATE
        );
        , parameters: None
[2023-03-21 08:30:23,992] {taskinstance.py:1277} INFO - Marking task as SUCCESS. dag_id=querry_postgres_v1.4, task_id=create_querry_postgres_table, execution_date=20230321T075234, start_date=20230321T083022, end_date=20230321T083023
[2023-03-21 08:30:24,062] {local_task_job.py:154} INFO - Task exited with return code 0
[2023-03-21 08:30:24,259] {local_task_job.py:264} INFO - 1 downstream tasks scheduled from follow-on schedule check
