[2023-03-19T06:09:36.214+0000] {taskinstance.py:1084} INFO - Dependencies all met for dep_context=non-requeueable deps ti=<TaskInstance: our_first_dag_v5.first_task scheduled__2021-10-31T00:00:00+00:00 [queued]>
[2023-03-19T06:09:36.225+0000] {taskinstance.py:1084} INFO - Dependencies all met for dep_context=requeueable deps ti=<TaskInstance: our_first_dag_v5.first_task scheduled__2021-10-31T00:00:00+00:00 [queued]>
[2023-03-19T06:09:36.230+0000] {taskinstance.py:1282} INFO - 
--------------------------------------------------------------------------------
[2023-03-19T06:09:36.232+0000] {taskinstance.py:1283} INFO - Starting attempt 1 of 6
[2023-03-19T06:09:36.233+0000] {taskinstance.py:1284} INFO - 
--------------------------------------------------------------------------------
[2023-03-19T06:09:36.310+0000] {taskinstance.py:1303} INFO - Executing <Task(BashOperator): first_task> on 2021-10-31 00:00:00+00:00
[2023-03-19T06:09:36.323+0000] {standard_task_runner.py:55} INFO - Started process 1103 to run task
[2023-03-19T06:09:36.329+0000] {standard_task_runner.py:82} INFO - Running: ['***', 'tasks', 'run', 'our_first_dag_v5', 'first_task', 'scheduled__2021-10-31T00:00:00+00:00', '--job-id', '275', '--raw', '--subdir', 'DAGS_FOLDER/our_first_dags.py', '--cfg-path', '/tmp/tmpyj6q50rk']
[2023-03-19T06:09:36.333+0000] {standard_task_runner.py:83} INFO - Job 275: Subtask first_task
[2023-03-19T06:09:36.562+0000] {task_command.py:388} INFO - Running <TaskInstance: our_first_dag_v5.first_task scheduled__2021-10-31T00:00:00+00:00 [running]> on host 837d6aa6fa25
[2023-03-19T06:09:36.848+0000] {taskinstance.py:1511} INFO - Exporting the following env vars:
AIRFLOW_CTX_DAG_OWNER=coder2j
AIRFLOW_CTX_DAG_ID=our_first_dag_v5
AIRFLOW_CTX_TASK_ID=first_task
AIRFLOW_CTX_EXECUTION_DATE=2021-10-31T00:00:00+00:00
AIRFLOW_CTX_TRY_NUMBER=1
AIRFLOW_CTX_DAG_RUN_ID=scheduled__2021-10-31T00:00:00+00:00
[2023-03-19T06:09:36.857+0000] {subprocess.py:63} INFO - Tmp dir root location: 
 /tmp
[2023-03-19T06:09:36.858+0000] {subprocess.py:75} INFO - Running command: ['/bin/bash', '-c', 'echo hello world, this is the first task!']
[2023-03-19T06:09:36.883+0000] {subprocess.py:86} INFO - Output:
[2023-03-19T06:09:36.887+0000] {subprocess.py:93} INFO - hello world, this is the first task!
[2023-03-19T06:09:36.888+0000] {subprocess.py:97} INFO - Command exited with return code 0
[2023-03-19T06:09:36.955+0000] {taskinstance.py:1326} INFO - Marking task as SUCCESS. dag_id=our_first_dag_v5, task_id=first_task, execution_date=20211031T000000, start_date=20230319T060936, end_date=20230319T060936
[2023-03-19T06:09:37.136+0000] {local_task_job.py:212} INFO - Task exited with return code 0
[2023-03-19T06:09:37.248+0000] {taskinstance.py:2585} INFO - 2 downstream tasks scheduled from follow-on schedule check
