[2023-03-19T06:08:58.672+0000] {taskinstance.py:1084} INFO - Dependencies all met for dep_context=non-requeueable deps ti=<TaskInstance: our_first_dag_v5.second_task scheduled__2021-08-25T00:00:00+00:00 [queued]>
[2023-03-19T06:08:58.721+0000] {taskinstance.py:1084} INFO - Dependencies all met for dep_context=requeueable deps ti=<TaskInstance: our_first_dag_v5.second_task scheduled__2021-08-25T00:00:00+00:00 [queued]>
[2023-03-19T06:08:58.725+0000] {taskinstance.py:1282} INFO - 
--------------------------------------------------------------------------------
[2023-03-19T06:08:58.727+0000] {taskinstance.py:1283} INFO - Starting attempt 1 of 6
[2023-03-19T06:08:58.730+0000] {taskinstance.py:1284} INFO - 
--------------------------------------------------------------------------------
[2023-03-19T06:08:58.833+0000] {taskinstance.py:1303} INFO - Executing <Task(BashOperator): second_task> on 2021-08-25 00:00:00+00:00
[2023-03-19T06:08:58.846+0000] {standard_task_runner.py:55} INFO - Started process 538 to run task
[2023-03-19T06:08:58.871+0000] {standard_task_runner.py:82} INFO - Running: ['***', 'tasks', 'run', 'our_first_dag_v5', 'second_task', 'scheduled__2021-08-25T00:00:00+00:00', '--job-id', '92', '--raw', '--subdir', 'DAGS_FOLDER/our_second_dags.py', '--cfg-path', '/tmp/tmpr6kdl1cx']
[2023-03-19T06:08:58.890+0000] {standard_task_runner.py:83} INFO - Job 92: Subtask second_task
[2023-03-19T06:08:59.186+0000] {task_command.py:388} INFO - Running <TaskInstance: our_first_dag_v5.second_task scheduled__2021-08-25T00:00:00+00:00 [running]> on host 837d6aa6fa25
[2023-03-19T06:08:59.527+0000] {taskinstance.py:1511} INFO - Exporting the following env vars:
AIRFLOW_CTX_DAG_OWNER=coder2j
AIRFLOW_CTX_DAG_ID=our_first_dag_v5
AIRFLOW_CTX_TASK_ID=second_task
AIRFLOW_CTX_EXECUTION_DATE=2021-08-25T00:00:00+00:00
AIRFLOW_CTX_TRY_NUMBER=1
AIRFLOW_CTX_DAG_RUN_ID=scheduled__2021-08-25T00:00:00+00:00
[2023-03-19T06:08:59.534+0000] {subprocess.py:63} INFO - Tmp dir root location: 
 /tmp
[2023-03-19T06:08:59.536+0000] {subprocess.py:75} INFO - Running command: ['/bin/bash', '-c', 'echo hey, I am task2 and will be running after task1!']
[2023-03-19T06:08:59.596+0000] {subprocess.py:86} INFO - Output:
[2023-03-19T06:08:59.602+0000] {subprocess.py:93} INFO - hey, I am task2 and will be running after task1!
[2023-03-19T06:08:59.609+0000] {subprocess.py:97} INFO - Command exited with return code 0
[2023-03-19T06:08:59.694+0000] {taskinstance.py:1326} INFO - Marking task as SUCCESS. dag_id=our_first_dag_v5, task_id=second_task, execution_date=20210825T000000, start_date=20230319T060858, end_date=20230319T060859
[2023-03-19T06:08:59.779+0000] {local_task_job.py:212} INFO - Task exited with return code 0
[2023-03-19T06:08:59.839+0000] {taskinstance.py:2585} INFO - 0 downstream tasks scheduled from follow-on schedule check
