[2023-03-19T06:09:47.371+0000] {taskinstance.py:1084} INFO - Dependencies all met for dep_context=non-requeueable deps ti=<TaskInstance: our_first_dag_v5.thrid_task scheduled__2021-11-14T00:00:00+00:00 [queued]>
[2023-03-19T06:09:47.395+0000] {taskinstance.py:1084} INFO - Dependencies all met for dep_context=requeueable deps ti=<TaskInstance: our_first_dag_v5.thrid_task scheduled__2021-11-14T00:00:00+00:00 [queued]>
[2023-03-19T06:09:47.396+0000] {taskinstance.py:1282} INFO - 
--------------------------------------------------------------------------------
[2023-03-19T06:09:47.397+0000] {taskinstance.py:1283} INFO - Starting attempt 1 of 6
[2023-03-19T06:09:47.397+0000] {taskinstance.py:1284} INFO - 
--------------------------------------------------------------------------------
[2023-03-19T06:09:47.666+0000] {taskinstance.py:1303} INFO - Executing <Task(BashOperator): thrid_task> on 2021-11-14 00:00:00+00:00
[2023-03-19T06:09:47.754+0000] {standard_task_runner.py:55} INFO - Started process 1298 to run task
[2023-03-19T06:09:47.769+0000] {standard_task_runner.py:82} INFO - Running: ['***', 'tasks', 'run', 'our_first_dag_v5', 'thrid_task', 'scheduled__2021-11-14T00:00:00+00:00', '--job-id', '335', '--raw', '--subdir', 'DAGS_FOLDER/our_second_dags.py', '--cfg-path', '/tmp/tmp0gxe61nh']
[2023-03-19T06:09:47.835+0000] {standard_task_runner.py:83} INFO - Job 335: Subtask thrid_task
[2023-03-19T06:09:48.211+0000] {task_command.py:388} INFO - Running <TaskInstance: our_first_dag_v5.thrid_task scheduled__2021-11-14T00:00:00+00:00 [running]> on host 837d6aa6fa25
[2023-03-19T06:09:48.552+0000] {taskinstance.py:1511} INFO - Exporting the following env vars:
AIRFLOW_CTX_DAG_OWNER=coder2j
AIRFLOW_CTX_DAG_ID=our_first_dag_v5
AIRFLOW_CTX_TASK_ID=thrid_task
AIRFLOW_CTX_EXECUTION_DATE=2021-11-14T00:00:00+00:00
AIRFLOW_CTX_TRY_NUMBER=1
AIRFLOW_CTX_DAG_RUN_ID=scheduled__2021-11-14T00:00:00+00:00
[2023-03-19T06:09:48.563+0000] {subprocess.py:63} INFO - Tmp dir root location: 
 /tmp
[2023-03-19T06:09:48.564+0000] {subprocess.py:75} INFO - Running command: ['/bin/bash', '-c', 'echo hey, I am task3 and will be running after task1 at the same time as task2!']
[2023-03-19T06:09:48.603+0000] {subprocess.py:86} INFO - Output:
[2023-03-19T06:09:48.625+0000] {subprocess.py:93} INFO - hey, I am task3 and will be running after task1 at the same time as task2!
[2023-03-19T06:09:48.631+0000] {subprocess.py:97} INFO - Command exited with return code 0
[2023-03-19T06:09:48.737+0000] {taskinstance.py:1326} INFO - Marking task as SUCCESS. dag_id=our_first_dag_v5, task_id=thrid_task, execution_date=20211114T000000, start_date=20230319T060947, end_date=20230319T060948
[2023-03-19T06:09:48.856+0000] {local_task_job.py:212} INFO - Task exited with return code 0
[2023-03-19T06:09:48.928+0000] {taskinstance.py:2585} INFO - 0 downstream tasks scheduled from follow-on schedule check
