[2023-03-19T06:09:36.521+0000] {taskinstance.py:1084} INFO - Dependencies all met for dep_context=non-requeueable deps ti=<TaskInstance: our_first_dag_v5.first_task scheduled__2021-11-01T00:00:00+00:00 [queued]>
[2023-03-19T06:09:36.547+0000] {taskinstance.py:1084} INFO - Dependencies all met for dep_context=requeueable deps ti=<TaskInstance: our_first_dag_v5.first_task scheduled__2021-11-01T00:00:00+00:00 [queued]>
[2023-03-19T06:09:36.552+0000] {taskinstance.py:1282} INFO - 
--------------------------------------------------------------------------------
[2023-03-19T06:09:36.559+0000] {taskinstance.py:1283} INFO - Starting attempt 1 of 6
[2023-03-19T06:09:36.561+0000] {taskinstance.py:1284} INFO - 
--------------------------------------------------------------------------------
[2023-03-19T06:09:36.648+0000] {taskinstance.py:1303} INFO - Executing <Task(BashOperator): first_task> on 2021-11-01 00:00:00+00:00
[2023-03-19T06:09:36.692+0000] {standard_task_runner.py:55} INFO - Started process 1115 to run task
[2023-03-19T06:09:36.699+0000] {standard_task_runner.py:82} INFO - Running: ['***', 'tasks', 'run', 'our_first_dag_v5', 'first_task', 'scheduled__2021-11-01T00:00:00+00:00', '--job-id', '276', '--raw', '--subdir', 'DAGS_FOLDER/our_first_dags.py', '--cfg-path', '/tmp/tmp1t4rlasa']
[2023-03-19T06:09:36.716+0000] {standard_task_runner.py:83} INFO - Job 276: Subtask first_task
[2023-03-19T06:09:36.989+0000] {task_command.py:388} INFO - Running <TaskInstance: our_first_dag_v5.first_task scheduled__2021-11-01T00:00:00+00:00 [running]> on host 837d6aa6fa25
[2023-03-19T06:09:37.348+0000] {taskinstance.py:1511} INFO - Exporting the following env vars:
AIRFLOW_CTX_DAG_OWNER=coder2j
AIRFLOW_CTX_DAG_ID=our_first_dag_v5
AIRFLOW_CTX_TASK_ID=first_task
AIRFLOW_CTX_EXECUTION_DATE=2021-11-01T00:00:00+00:00
AIRFLOW_CTX_TRY_NUMBER=1
AIRFLOW_CTX_DAG_RUN_ID=scheduled__2021-11-01T00:00:00+00:00
[2023-03-19T06:09:37.355+0000] {subprocess.py:63} INFO - Tmp dir root location: 
 /tmp
[2023-03-19T06:09:37.365+0000] {subprocess.py:75} INFO - Running command: ['/bin/bash', '-c', 'echo hello world, this is the first task!']
[2023-03-19T06:09:37.417+0000] {subprocess.py:86} INFO - Output:
[2023-03-19T06:09:37.434+0000] {subprocess.py:93} INFO - hello world, this is the first task!
[2023-03-19T06:09:37.452+0000] {subprocess.py:97} INFO - Command exited with return code 0
[2023-03-19T06:09:37.516+0000] {taskinstance.py:1326} INFO - Marking task as SUCCESS. dag_id=our_first_dag_v5, task_id=first_task, execution_date=20211101T000000, start_date=20230319T060936, end_date=20230319T060937
[2023-03-19T06:09:37.631+0000] {local_task_job.py:212} INFO - Task exited with return code 0
[2023-03-19T06:09:37.811+0000] {taskinstance.py:2585} INFO - 2 downstream tasks scheduled from follow-on schedule check
