[2023-03-19T06:09:05.275+0000] {taskinstance.py:1084} INFO - Dependencies all met for dep_context=non-requeueable deps ti=<TaskInstance: our_first_dag_v5.first_task scheduled__2021-09-13T00:00:00+00:00 [queued]>
[2023-03-19T06:09:05.297+0000] {taskinstance.py:1084} INFO - Dependencies all met for dep_context=requeueable deps ti=<TaskInstance: our_first_dag_v5.first_task scheduled__2021-09-13T00:00:00+00:00 [queued]>
[2023-03-19T06:09:05.299+0000] {taskinstance.py:1282} INFO - 
--------------------------------------------------------------------------------
[2023-03-19T06:09:05.299+0000] {taskinstance.py:1283} INFO - Starting attempt 1 of 6
[2023-03-19T06:09:05.300+0000] {taskinstance.py:1284} INFO - 
--------------------------------------------------------------------------------
[2023-03-19T06:09:05.408+0000] {taskinstance.py:1303} INFO - Executing <Task(BashOperator): first_task> on 2021-09-13 00:00:00+00:00
[2023-03-19T06:09:05.422+0000] {standard_task_runner.py:55} INFO - Started process 649 to run task
[2023-03-19T06:09:05.449+0000] {standard_task_runner.py:82} INFO - Running: ['***', 'tasks', 'run', 'our_first_dag_v5', 'first_task', 'scheduled__2021-09-13T00:00:00+00:00', '--job-id', '128', '--raw', '--subdir', 'DAGS_FOLDER/our_second_dags.py', '--cfg-path', '/tmp/tmpe1uf0uyj']
[2023-03-19T06:09:05.465+0000] {standard_task_runner.py:83} INFO - Job 128: Subtask first_task
[2023-03-19T06:09:05.745+0000] {task_command.py:388} INFO - Running <TaskInstance: our_first_dag_v5.first_task scheduled__2021-09-13T00:00:00+00:00 [running]> on host 837d6aa6fa25
[2023-03-19T06:09:06.132+0000] {taskinstance.py:1511} INFO - Exporting the following env vars:
AIRFLOW_CTX_DAG_OWNER=coder2j
AIRFLOW_CTX_DAG_ID=our_first_dag_v5
AIRFLOW_CTX_TASK_ID=first_task
AIRFLOW_CTX_EXECUTION_DATE=2021-09-13T00:00:00+00:00
AIRFLOW_CTX_TRY_NUMBER=1
AIRFLOW_CTX_DAG_RUN_ID=scheduled__2021-09-13T00:00:00+00:00
[2023-03-19T06:09:06.137+0000] {subprocess.py:63} INFO - Tmp dir root location: 
 /tmp
[2023-03-19T06:09:06.139+0000] {subprocess.py:75} INFO - Running command: ['/bin/bash', '-c', 'echo hello world, this is the first task!']
[2023-03-19T06:09:06.195+0000] {subprocess.py:86} INFO - Output:
[2023-03-19T06:09:06.202+0000] {subprocess.py:93} INFO - hello world, this is the first task!
[2023-03-19T06:09:06.203+0000] {subprocess.py:97} INFO - Command exited with return code 0
[2023-03-19T06:09:06.269+0000] {taskinstance.py:1326} INFO - Marking task as SUCCESS. dag_id=our_first_dag_v5, task_id=first_task, execution_date=20210913T000000, start_date=20230319T060905, end_date=20230319T060906
[2023-03-19T06:09:06.453+0000] {local_task_job.py:212} INFO - Task exited with return code 0
[2023-03-19T06:09:06.536+0000] {taskinstance.py:2585} INFO - 2 downstream tasks scheduled from follow-on schedule check
