[2023-03-20 19:02:19,649] {taskinstance.py:1032} INFO - Dependencies all met for <TaskInstance: to_posgrest_v4.9.read_and_load_review manual__2023-03-20T19:01:39.369448+00:00 [queued]>
[2023-03-20 19:02:19,688] {taskinstance.py:1032} INFO - Dependencies all met for <TaskInstance: to_posgrest_v4.9.read_and_load_review manual__2023-03-20T19:01:39.369448+00:00 [queued]>
[2023-03-20 19:02:19,689] {taskinstance.py:1238} INFO - 
--------------------------------------------------------------------------------
[2023-03-20 19:02:19,690] {taskinstance.py:1239} INFO - Starting attempt 1 of 2
[2023-03-20 19:02:19,690] {taskinstance.py:1240} INFO - 
--------------------------------------------------------------------------------
[2023-03-20 19:02:19,729] {taskinstance.py:1259} INFO - Executing <Task(PostgresOperator): read_and_load_review> on 2023-03-20 19:01:39.369448+00:00
[2023-03-20 19:02:19,734] {standard_task_runner.py:52} INFO - Started process 23053 to run task
[2023-03-20 19:02:19,741] {standard_task_runner.py:76} INFO - Running: ['***', 'tasks', 'run', 'to_posgrest_v4.9', 'read_and_load_review', 'manual__2023-03-20T19:01:39.369448+00:00', '--job-id', '244', '--raw', '--subdir', 'DAGS_FOLDER/to_postgresql.py', '--cfg-path', '/tmp/tmp7w52h0g_', '--error-file', '/tmp/tmpgkle7b3c']
[2023-03-20 19:02:19,743] {standard_task_runner.py:77} INFO - Job 244: Subtask read_and_load_review
[2023-03-20 19:02:20,027] {logging_mixin.py:109} INFO - Running <TaskInstance: to_posgrest_v4.9.read_and_load_review manual__2023-03-20T19:01:39.369448+00:00 [running]> on host 0b4cdb459521
[2023-03-20 19:02:20,338] {taskinstance.py:1426} INFO - Exporting the following env vars:
AIRFLOW_CTX_DAG_OWNER=sakabuana31
AIRFLOW_CTX_DAG_ID=to_posgrest_v4.9
AIRFLOW_CTX_TASK_ID=read_and_load_review
AIRFLOW_CTX_EXECUTION_DATE=2023-03-20T19:01:39.369448+00:00
AIRFLOW_CTX_DAG_RUN_ID=manual__2023-03-20T19:01:39.369448+00:00
[2023-03-20 19:02:20,417] {base.py:79} INFO - Using connection to: id: postgres_localhost. Host: host.docker.internal, Port: 5432, Schema: final, Login: ***, Password: ***, extra: {}
[2023-03-20 19:02:20,498] {dbapi.py:225} INFO - Running statement: 
            CREATE TEMPORARY TABLE temp_review (
                review_id text not null PRIMARY KEY,
                user_id text not null,
                business_id text not null,
                stars int not null,
                useful int not null,
                funny int not null,
                cool int not null,
                text text not null,
                date_values date not null
            );

            COPY temp_review FROM '/opt/***/data/output-csv/review_restaurant.csv' DELIMITER ',' CSV HEADER NULL 'NA';
            INSERT INTO review (review_id, user_id, business_id, stars, useful, funny, cool, text, date_values)
            SELECT review_id, user_id, business_id, stars, useful, funny, cool, text, date_values
            FROM temp_review;
        , parameters: None
[2023-03-20 19:02:21,579] {dbapi.py:233} INFO - Rows affected: 72125
[2023-03-20 19:02:21,732] {taskinstance.py:1277} INFO - Marking task as SUCCESS. dag_id=to_posgrest_v4.9, task_id=read_and_load_review, execution_date=20230320T190139, start_date=20230320T190219, end_date=20230320T190221
[2023-03-20 19:02:21,811] {local_task_job.py:154} INFO - Task exited with return code 0
[2023-03-20 19:02:22,019] {local_task_job.py:264} INFO - 0 downstream tasks scheduled from follow-on schedule check
