[2023-03-20 18:55:51,044] {taskinstance.py:1032} INFO - Dependencies all met for <TaskInstance: to_posgrest_v4.9.read_and_load_precipitation manual__2023-03-20T18:55:41.290306+00:00 [queued]>
[2023-03-20 18:55:51,079] {taskinstance.py:1032} INFO - Dependencies all met for <TaskInstance: to_posgrest_v4.9.read_and_load_precipitation manual__2023-03-20T18:55:41.290306+00:00 [queued]>
[2023-03-20 18:55:51,081] {taskinstance.py:1238} INFO - 
--------------------------------------------------------------------------------
[2023-03-20 18:55:51,081] {taskinstance.py:1239} INFO - Starting attempt 1 of 2
[2023-03-20 18:55:51,082] {taskinstance.py:1240} INFO - 
--------------------------------------------------------------------------------
[2023-03-20 18:55:51,119] {taskinstance.py:1259} INFO - Executing <Task(PostgresOperator): read_and_load_precipitation> on 2023-03-20 18:55:41.290306+00:00
[2023-03-20 18:55:51,123] {standard_task_runner.py:52} INFO - Started process 22626 to run task
[2023-03-20 18:55:51,129] {standard_task_runner.py:76} INFO - Running: ['***', 'tasks', 'run', 'to_posgrest_v4.9', 'read_and_load_precipitation', 'manual__2023-03-20T18:55:41.290306+00:00', '--job-id', '219', '--raw', '--subdir', 'DAGS_FOLDER/to_postgresql.py', '--cfg-path', '/tmp/tmpgcpztals', '--error-file', '/tmp/tmpjtfzfv_l']
[2023-03-20 18:55:51,132] {standard_task_runner.py:77} INFO - Job 219: Subtask read_and_load_precipitation
[2023-03-20 18:55:51,432] {logging_mixin.py:109} INFO - Running <TaskInstance: to_posgrest_v4.9.read_and_load_precipitation manual__2023-03-20T18:55:41.290306+00:00 [running]> on host 0b4cdb459521
[2023-03-20 18:55:51,756] {taskinstance.py:1426} INFO - Exporting the following env vars:
AIRFLOW_CTX_DAG_OWNER=sakabuana31
AIRFLOW_CTX_DAG_ID=to_posgrest_v4.9
AIRFLOW_CTX_TASK_ID=read_and_load_precipitation
AIRFLOW_CTX_EXECUTION_DATE=2023-03-20T18:55:41.290306+00:00
AIRFLOW_CTX_DAG_RUN_ID=manual__2023-03-20T18:55:41.290306+00:00
[2023-03-20 18:55:51,834] {base.py:79} INFO - Using connection to: id: postgres_localhost. Host: host.docker.internal, Port: 5432, Schema: final, Login: ***, Password: ***, extra: {}
[2023-03-20 18:55:51,908] {dbapi.py:225} INFO - Running statement: 
            CREATE TEMPORARY TABLE temp_precipitation (
                date DATE PRIMARY KEY,
                precipitation DECIMAL(5, 2),
                precipitation_normal DECIMAL(5, 2),
                status_preci int
            );

            COPY temp_precipitation FROM '/opt/***/data/output-csv/dataclean-precipitation-lasvegas.csv' DELIMITER ',' CSV HEADER;
            INSERT INTO precipitation (date, precipitation, precipitation_normal, status_preci)
            SELECT date, precipitation, precipitation_normal, status_preci
            FROM temp_precipitation
            ON CONFLICT (date) DO NOTHING;
        , parameters: None
[2023-03-20 18:55:51,958] {dbapi.py:233} INFO - Rows affected: 0
[2023-03-20 18:55:52,053] {taskinstance.py:1277} INFO - Marking task as SUCCESS. dag_id=to_posgrest_v4.9, task_id=read_and_load_precipitation, execution_date=20230320T185541, start_date=20230320T185551, end_date=20230320T185552
[2023-03-20 18:55:52,100] {local_task_job.py:154} INFO - Task exited with return code 0
[2023-03-20 18:55:52,342] {local_task_job.py:264} INFO - 1 downstream tasks scheduled from follow-on schedule check
