[2023-03-19T06:09:08.518+0000] {taskinstance.py:1084} INFO - Dependencies all met for dep_context=non-requeueable deps ti=<TaskInstance: our_first_dag_v5.second_task scheduled__2021-09-16T00:00:00+00:00 [queued]>
[2023-03-19T06:09:08.543+0000] {taskinstance.py:1084} INFO - Dependencies all met for dep_context=requeueable deps ti=<TaskInstance: our_first_dag_v5.second_task scheduled__2021-09-16T00:00:00+00:00 [queued]>
[2023-03-19T06:09:08.545+0000] {taskinstance.py:1282} INFO - 
--------------------------------------------------------------------------------
[2023-03-19T06:09:08.548+0000] {taskinstance.py:1283} INFO - Starting attempt 1 of 6
[2023-03-19T06:09:08.549+0000] {taskinstance.py:1284} INFO - 
--------------------------------------------------------------------------------
[2023-03-19T06:09:08.579+0000] {taskinstance.py:1303} INFO - Executing <Task(BashOperator): second_task> on 2021-09-16 00:00:00+00:00
[2023-03-19T06:09:08.592+0000] {standard_task_runner.py:55} INFO - Started process 719 to run task
[2023-03-19T06:09:08.597+0000] {standard_task_runner.py:82} INFO - Running: ['***', 'tasks', 'run', 'our_first_dag_v5', 'second_task', 'scheduled__2021-09-16T00:00:00+00:00', '--job-id', '154', '--raw', '--subdir', 'DAGS_FOLDER/our_second_dags.py', '--cfg-path', '/tmp/tmpdnkdqqbm']
[2023-03-19T06:09:08.607+0000] {standard_task_runner.py:83} INFO - Job 154: Subtask second_task
[2023-03-19T06:09:08.806+0000] {task_command.py:388} INFO - Running <TaskInstance: our_first_dag_v5.second_task scheduled__2021-09-16T00:00:00+00:00 [running]> on host 837d6aa6fa25
[2023-03-19T06:09:08.975+0000] {taskinstance.py:1511} INFO - Exporting the following env vars:
AIRFLOW_CTX_DAG_OWNER=coder2j
AIRFLOW_CTX_DAG_ID=our_first_dag_v5
AIRFLOW_CTX_TASK_ID=second_task
AIRFLOW_CTX_EXECUTION_DATE=2021-09-16T00:00:00+00:00
AIRFLOW_CTX_TRY_NUMBER=1
AIRFLOW_CTX_DAG_RUN_ID=scheduled__2021-09-16T00:00:00+00:00
[2023-03-19T06:09:08.979+0000] {subprocess.py:63} INFO - Tmp dir root location: 
 /tmp
[2023-03-19T06:09:08.983+0000] {subprocess.py:75} INFO - Running command: ['/bin/bash', '-c', 'echo hey, I am task2 and will be running after task1!']
[2023-03-19T06:09:09.029+0000] {subprocess.py:86} INFO - Output:
[2023-03-19T06:09:09.035+0000] {subprocess.py:93} INFO - hey, I am task2 and will be running after task1!
[2023-03-19T06:09:09.036+0000] {subprocess.py:97} INFO - Command exited with return code 0
[2023-03-19T06:09:09.087+0000] {taskinstance.py:1326} INFO - Marking task as SUCCESS. dag_id=our_first_dag_v5, task_id=second_task, execution_date=20210916T000000, start_date=20230319T060908, end_date=20230319T060909
[2023-03-19T06:09:09.160+0000] {local_task_job.py:212} INFO - Task exited with return code 0
[2023-03-19T06:09:09.185+0000] {taskinstance.py:2585} INFO - 0 downstream tasks scheduled from follow-on schedule check
