[2023-03-19T06:09:44.661+0000] {taskinstance.py:1084} INFO - Dependencies all met for dep_context=non-requeueable deps ti=<TaskInstance: our_first_dag_v5.first_task scheduled__2021-11-13T00:00:00+00:00 [queued]>
[2023-03-19T06:09:44.675+0000] {taskinstance.py:1084} INFO - Dependencies all met for dep_context=requeueable deps ti=<TaskInstance: our_first_dag_v5.first_task scheduled__2021-11-13T00:00:00+00:00 [queued]>
[2023-03-19T06:09:44.677+0000] {taskinstance.py:1282} INFO - 
--------------------------------------------------------------------------------
[2023-03-19T06:09:44.678+0000] {taskinstance.py:1283} INFO - Starting attempt 1 of 6
[2023-03-19T06:09:44.679+0000] {taskinstance.py:1284} INFO - 
--------------------------------------------------------------------------------
[2023-03-19T06:09:44.701+0000] {taskinstance.py:1303} INFO - Executing <Task(BashOperator): first_task> on 2021-11-13 00:00:00+00:00
[2023-03-19T06:09:44.710+0000] {standard_task_runner.py:55} INFO - Started process 1235 to run task
[2023-03-19T06:09:44.718+0000] {standard_task_runner.py:82} INFO - Running: ['***', 'tasks', 'run', 'our_first_dag_v5', 'first_task', 'scheduled__2021-11-13T00:00:00+00:00', '--job-id', '316', '--raw', '--subdir', 'DAGS_FOLDER/our_second_dags.py', '--cfg-path', '/tmp/tmpdhwvnmwd']
[2023-03-19T06:09:44.720+0000] {standard_task_runner.py:83} INFO - Job 316: Subtask first_task
[2023-03-19T06:09:44.813+0000] {task_command.py:388} INFO - Running <TaskInstance: our_first_dag_v5.first_task scheduled__2021-11-13T00:00:00+00:00 [running]> on host 837d6aa6fa25
[2023-03-19T06:09:44.997+0000] {taskinstance.py:1511} INFO - Exporting the following env vars:
AIRFLOW_CTX_DAG_OWNER=coder2j
AIRFLOW_CTX_DAG_ID=our_first_dag_v5
AIRFLOW_CTX_TASK_ID=first_task
AIRFLOW_CTX_EXECUTION_DATE=2021-11-13T00:00:00+00:00
AIRFLOW_CTX_TRY_NUMBER=1
AIRFLOW_CTX_DAG_RUN_ID=scheduled__2021-11-13T00:00:00+00:00
[2023-03-19T06:09:44.999+0000] {subprocess.py:63} INFO - Tmp dir root location: 
 /tmp
[2023-03-19T06:09:45.004+0000] {subprocess.py:75} INFO - Running command: ['/bin/bash', '-c', 'echo hello world, this is the first task!']
[2023-03-19T06:09:45.024+0000] {subprocess.py:86} INFO - Output:
[2023-03-19T06:09:45.027+0000] {subprocess.py:93} INFO - hello world, this is the first task!
[2023-03-19T06:09:45.028+0000] {subprocess.py:97} INFO - Command exited with return code 0
[2023-03-19T06:09:45.124+0000] {taskinstance.py:1326} INFO - Marking task as SUCCESS. dag_id=our_first_dag_v5, task_id=first_task, execution_date=20211113T000000, start_date=20230319T060944, end_date=20230319T060945
[2023-03-19T06:09:45.211+0000] {local_task_job.py:212} INFO - Task exited with return code 0
[2023-03-19T06:09:45.283+0000] {taskinstance.py:2585} INFO - 2 downstream tasks scheduled from follow-on schedule check
