[2023-03-19T06:08:51.736+0000] {taskinstance.py:1084} INFO - Dependencies all met for dep_context=non-requeueable deps ti=<TaskInstance: our_first_dag_v5.first_task scheduled__2021-08-21T00:00:00+00:00 [queued]>
[2023-03-19T06:08:51.779+0000] {taskinstance.py:1084} INFO - Dependencies all met for dep_context=requeueable deps ti=<TaskInstance: our_first_dag_v5.first_task scheduled__2021-08-21T00:00:00+00:00 [queued]>
[2023-03-19T06:08:51.781+0000] {taskinstance.py:1282} INFO - 
--------------------------------------------------------------------------------
[2023-03-19T06:08:51.782+0000] {taskinstance.py:1283} INFO - Starting attempt 1 of 6
[2023-03-19T06:08:51.783+0000] {taskinstance.py:1284} INFO - 
--------------------------------------------------------------------------------
[2023-03-19T06:08:52.276+0000] {taskinstance.py:1303} INFO - Executing <Task(BashOperator): first_task> on 2021-08-21 00:00:00+00:00
[2023-03-19T06:08:52.287+0000] {standard_task_runner.py:55} INFO - Started process 454 to run task
[2023-03-19T06:08:52.313+0000] {standard_task_runner.py:82} INFO - Running: ['***', 'tasks', 'run', 'our_first_dag_v5', 'first_task', 'scheduled__2021-08-21T00:00:00+00:00', '--job-id', '64', '--raw', '--subdir', 'DAGS_FOLDER/our_second_dags.py', '--cfg-path', '/tmp/tmp8x0lehg8']
[2023-03-19T06:08:52.317+0000] {standard_task_runner.py:83} INFO - Job 64: Subtask first_task
[2023-03-19T06:08:52.635+0000] {task_command.py:388} INFO - Running <TaskInstance: our_first_dag_v5.first_task scheduled__2021-08-21T00:00:00+00:00 [running]> on host 837d6aa6fa25
[2023-03-19T06:08:52.916+0000] {taskinstance.py:1511} INFO - Exporting the following env vars:
AIRFLOW_CTX_DAG_OWNER=coder2j
AIRFLOW_CTX_DAG_ID=our_first_dag_v5
AIRFLOW_CTX_TASK_ID=first_task
AIRFLOW_CTX_EXECUTION_DATE=2021-08-21T00:00:00+00:00
AIRFLOW_CTX_TRY_NUMBER=1
AIRFLOW_CTX_DAG_RUN_ID=scheduled__2021-08-21T00:00:00+00:00
[2023-03-19T06:08:52.923+0000] {subprocess.py:63} INFO - Tmp dir root location: 
 /tmp
[2023-03-19T06:08:52.929+0000] {subprocess.py:75} INFO - Running command: ['/bin/bash', '-c', 'echo hello world, this is the first task!']
[2023-03-19T06:08:52.957+0000] {subprocess.py:86} INFO - Output:
[2023-03-19T06:08:52.968+0000] {subprocess.py:93} INFO - hello world, this is the first task!
[2023-03-19T06:08:52.973+0000] {subprocess.py:97} INFO - Command exited with return code 0
[2023-03-19T06:08:53.038+0000] {taskinstance.py:1326} INFO - Marking task as SUCCESS. dag_id=our_first_dag_v5, task_id=first_task, execution_date=20210821T000000, start_date=20230319T060851, end_date=20230319T060853
[2023-03-19T06:08:53.133+0000] {local_task_job.py:212} INFO - Task exited with return code 0
[2023-03-19T06:08:53.191+0000] {taskinstance.py:2585} INFO - 2 downstream tasks scheduled from follow-on schedule check
