[2023-03-20 12:06:21,742] {taskinstance.py:1032} INFO - Dependencies all met for <TaskInstance: to_posgrest_v1.create_postgres_table manual__2023-03-20T12:05:06.342813+00:00 [queued]>
[2023-03-20 12:06:21,777] {taskinstance.py:1032} INFO - Dependencies all met for <TaskInstance: to_posgrest_v1.create_postgres_table manual__2023-03-20T12:05:06.342813+00:00 [queued]>
[2023-03-20 12:06:21,779] {taskinstance.py:1238} INFO - 
--------------------------------------------------------------------------------
[2023-03-20 12:06:21,779] {taskinstance.py:1239} INFO - Starting attempt 2 of 3
[2023-03-20 12:06:21,780] {taskinstance.py:1240} INFO - 
--------------------------------------------------------------------------------
[2023-03-20 12:06:21,818] {taskinstance.py:1259} INFO - Executing <Task(PostgresOperator): create_postgres_table> on 2023-03-20 12:05:06.342813+00:00
[2023-03-20 12:06:21,824] {standard_task_runner.py:52} INFO - Started process 1262 to run task
[2023-03-20 12:06:21,831] {standard_task_runner.py:76} INFO - Running: ['***', 'tasks', 'run', 'to_posgrest_v1', 'create_postgres_table', 'manual__2023-03-20T12:05:06.342813+00:00', '--job-id', '3', '--raw', '--subdir', 'DAGS_FOLDER/to_postgresql.py', '--cfg-path', '/tmp/tmpbu9ke4nj', '--error-file', '/tmp/tmpzg1439t_']
[2023-03-20 12:06:21,834] {standard_task_runner.py:77} INFO - Job 3: Subtask create_postgres_table
[2023-03-20 12:06:22,132] {logging_mixin.py:109} INFO - Running <TaskInstance: to_posgrest_v1.create_postgres_table manual__2023-03-20T12:05:06.342813+00:00 [running]> on host 0b4cdb459521
[2023-03-20 12:06:22,444] {taskinstance.py:1426} INFO - Exporting the following env vars:
AIRFLOW_CTX_DAG_OWNER=sakabuana31
AIRFLOW_CTX_DAG_ID=to_posgrest_v1
AIRFLOW_CTX_TASK_ID=create_postgres_table
AIRFLOW_CTX_EXECUTION_DATE=2023-03-20T12:05:06.342813+00:00
AIRFLOW_CTX_DAG_RUN_ID=manual__2023-03-20T12:05:06.342813+00:00
[2023-03-20 12:06:22,522] {base.py:79} INFO - Using connection to: id: postgres_localhost. Host: host.docker.internal, Port: 5432, Schema: final, Login: ***, Password: ***, extra: {}
[2023-03-20 12:06:22,603] {dbapi.py:225} INFO - Running statement: 
            create table if not exists temperature (
                date DATE PRIMARY KEY,
                min DECIMAL(5, 2),
                max DECIMAL(5, 2),
                normal_min DECIMAL(5, 2),
                normal_max DECIMAL(5, 2),
                mean DECIMAL(5, 2),
                status_temp int
            )
        , parameters: None
[2023-03-20 12:06:22,698] {taskinstance.py:1277} INFO - Marking task as SUCCESS. dag_id=to_posgrest_v1, task_id=create_postgres_table, execution_date=20230320T120506, start_date=20230320T120621, end_date=20230320T120622
[2023-03-20 12:06:22,757] {local_task_job.py:154} INFO - Task exited with return code 0
[2023-03-20 12:06:22,942] {local_task_job.py:264} INFO - 0 downstream tasks scheduled from follow-on schedule check
