[2023-03-19T06:09:40.921+0000] {taskinstance.py:1084} INFO - Dependencies all met for dep_context=non-requeueable deps ti=<TaskInstance: our_first_dag_v5.thrid_task scheduled__2021-11-07T00:00:00+00:00 [queued]>
[2023-03-19T06:09:40.933+0000] {taskinstance.py:1084} INFO - Dependencies all met for dep_context=requeueable deps ti=<TaskInstance: our_first_dag_v5.thrid_task scheduled__2021-11-07T00:00:00+00:00 [queued]>
[2023-03-19T06:09:40.934+0000] {taskinstance.py:1282} INFO - 
--------------------------------------------------------------------------------
[2023-03-19T06:09:40.935+0000] {taskinstance.py:1283} INFO - Starting attempt 1 of 6
[2023-03-19T06:09:40.937+0000] {taskinstance.py:1284} INFO - 
--------------------------------------------------------------------------------
[2023-03-19T06:09:40.970+0000] {taskinstance.py:1303} INFO - Executing <Task(BashOperator): thrid_task> on 2021-11-07 00:00:00+00:00
[2023-03-19T06:09:40.975+0000] {standard_task_runner.py:55} INFO - Started process 1211 to run task
[2023-03-19T06:09:40.987+0000] {standard_task_runner.py:82} INFO - Running: ['***', 'tasks', 'run', 'our_first_dag_v5', 'thrid_task', 'scheduled__2021-11-07T00:00:00+00:00', '--job-id', '307', '--raw', '--subdir', 'DAGS_FOLDER/our_second_dags.py', '--cfg-path', '/tmp/tmpp7p8av0t']
[2023-03-19T06:09:40.993+0000] {standard_task_runner.py:83} INFO - Job 307: Subtask thrid_task
[2023-03-19T06:09:41.125+0000] {task_command.py:388} INFO - Running <TaskInstance: our_first_dag_v5.thrid_task scheduled__2021-11-07T00:00:00+00:00 [running]> on host 837d6aa6fa25
[2023-03-19T06:09:41.207+0000] {taskinstance.py:1511} INFO - Exporting the following env vars:
AIRFLOW_CTX_DAG_OWNER=coder2j
AIRFLOW_CTX_DAG_ID=our_first_dag_v5
AIRFLOW_CTX_TASK_ID=thrid_task
AIRFLOW_CTX_EXECUTION_DATE=2021-11-07T00:00:00+00:00
AIRFLOW_CTX_TRY_NUMBER=1
AIRFLOW_CTX_DAG_RUN_ID=scheduled__2021-11-07T00:00:00+00:00
[2023-03-19T06:09:41.210+0000] {subprocess.py:63} INFO - Tmp dir root location: 
 /tmp
[2023-03-19T06:09:41.212+0000] {subprocess.py:75} INFO - Running command: ['/bin/bash', '-c', 'echo hey, I am task3 and will be running after task1 at the same time as task2!']
[2023-03-19T06:09:41.222+0000] {subprocess.py:86} INFO - Output:
[2023-03-19T06:09:41.224+0000] {subprocess.py:93} INFO - hey, I am task3 and will be running after task1 at the same time as task2!
[2023-03-19T06:09:41.226+0000] {subprocess.py:97} INFO - Command exited with return code 0
[2023-03-19T06:09:41.260+0000] {taskinstance.py:1326} INFO - Marking task as SUCCESS. dag_id=our_first_dag_v5, task_id=thrid_task, execution_date=20211107T000000, start_date=20230319T060940, end_date=20230319T060941
[2023-03-19T06:09:41.286+0000] {local_task_job.py:212} INFO - Task exited with return code 0
[2023-03-19T06:09:41.303+0000] {taskinstance.py:2585} INFO - 0 downstream tasks scheduled from follow-on schedule check
