[2023-03-20 16:13:30,791] {taskinstance.py:1032} INFO - Dependencies all met for <TaskInstance: to_posgrest_v4.4.create_postgres_table_checkin manual__2023-03-20T16:13:03.848432+00:00 [queued]>
[2023-03-20 16:13:30,829] {taskinstance.py:1032} INFO - Dependencies all met for <TaskInstance: to_posgrest_v4.4.create_postgres_table_checkin manual__2023-03-20T16:13:03.848432+00:00 [queued]>
[2023-03-20 16:13:30,830] {taskinstance.py:1238} INFO - 
--------------------------------------------------------------------------------
[2023-03-20 16:13:30,831] {taskinstance.py:1239} INFO - Starting attempt 1 of 2
[2023-03-20 16:13:30,832] {taskinstance.py:1240} INFO - 
--------------------------------------------------------------------------------
[2023-03-20 16:13:30,870] {taskinstance.py:1259} INFO - Executing <Task(PostgresOperator): create_postgres_table_checkin> on 2023-03-20 16:13:03.848432+00:00
[2023-03-20 16:13:30,877] {standard_task_runner.py:52} INFO - Started process 13542 to run task
[2023-03-20 16:13:30,884] {standard_task_runner.py:76} INFO - Running: ['***', 'tasks', 'run', 'to_posgrest_v4.4', 'create_postgres_table_checkin', 'manual__2023-03-20T16:13:03.848432+00:00', '--job-id', '101', '--raw', '--subdir', 'DAGS_FOLDER/to_postgresql.py', '--cfg-path', '/tmp/tmpt5m5pb5j', '--error-file', '/tmp/tmpxba9vb6l']
[2023-03-20 16:13:30,886] {standard_task_runner.py:77} INFO - Job 101: Subtask create_postgres_table_checkin
[2023-03-20 16:13:31,185] {logging_mixin.py:109} INFO - Running <TaskInstance: to_posgrest_v4.4.create_postgres_table_checkin manual__2023-03-20T16:13:03.848432+00:00 [running]> on host 0b4cdb459521
[2023-03-20 16:13:31,501] {taskinstance.py:1426} INFO - Exporting the following env vars:
AIRFLOW_CTX_DAG_OWNER=sakabuana31
AIRFLOW_CTX_DAG_ID=to_posgrest_v4.4
AIRFLOW_CTX_TASK_ID=create_postgres_table_checkin
AIRFLOW_CTX_EXECUTION_DATE=2023-03-20T16:13:03.848432+00:00
AIRFLOW_CTX_DAG_RUN_ID=manual__2023-03-20T16:13:03.848432+00:00
[2023-03-20 16:13:31,581] {base.py:79} INFO - Using connection to: id: postgres_localhost. Host: host.docker.internal, Port: 5432, Schema: final, Login: ***, Password: ***, extra: {}
[2023-03-20 16:13:31,665] {dbapi.py:225} INFO - Running statement: 
            create table if not exists checkin (
                business_id text,
                date_values date PRIMARY KEY
            ) 
        , parameters: None
[2023-03-20 16:13:31,808] {taskinstance.py:1277} INFO - Marking task as SUCCESS. dag_id=to_posgrest_v4.4, task_id=create_postgres_table_checkin, execution_date=20230320T161303, start_date=20230320T161330, end_date=20230320T161331
[2023-03-20 16:13:31,863] {local_task_job.py:154} INFO - Task exited with return code 0
[2023-03-20 16:13:32,075] {local_task_job.py:264} INFO - 1 downstream tasks scheduled from follow-on schedule check
