[2023-03-19T06:09:04.374+0000] {taskinstance.py:1084} INFO - Dependencies all met for dep_context=non-requeueable deps ti=<TaskInstance: our_first_dag_v5.first_task scheduled__2021-09-07T00:00:00+00:00 [queued]>
[2023-03-19T06:09:04.382+0000] {taskinstance.py:1084} INFO - Dependencies all met for dep_context=requeueable deps ti=<TaskInstance: our_first_dag_v5.first_task scheduled__2021-09-07T00:00:00+00:00 [queued]>
[2023-03-19T06:09:04.383+0000] {taskinstance.py:1282} INFO - 
--------------------------------------------------------------------------------
[2023-03-19T06:09:04.384+0000] {taskinstance.py:1283} INFO - Starting attempt 1 of 6
[2023-03-19T06:09:04.385+0000] {taskinstance.py:1284} INFO - 
--------------------------------------------------------------------------------
[2023-03-19T06:09:04.410+0000] {taskinstance.py:1303} INFO - Executing <Task(BashOperator): first_task> on 2021-09-07 00:00:00+00:00
[2023-03-19T06:09:04.416+0000] {standard_task_runner.py:55} INFO - Started process 624 to run task
[2023-03-19T06:09:04.421+0000] {standard_task_runner.py:82} INFO - Running: ['***', 'tasks', 'run', 'our_first_dag_v5', 'first_task', 'scheduled__2021-09-07T00:00:00+00:00', '--job-id', '121', '--raw', '--subdir', 'DAGS_FOLDER/our_second_dags.py', '--cfg-path', '/tmp/tmpv3do4zwo']
[2023-03-19T06:09:04.423+0000] {standard_task_runner.py:83} INFO - Job 121: Subtask first_task
[2023-03-19T06:09:04.508+0000] {task_command.py:388} INFO - Running <TaskInstance: our_first_dag_v5.first_task scheduled__2021-09-07T00:00:00+00:00 [running]> on host 837d6aa6fa25
[2023-03-19T06:09:04.608+0000] {taskinstance.py:1511} INFO - Exporting the following env vars:
AIRFLOW_CTX_DAG_OWNER=coder2j
AIRFLOW_CTX_DAG_ID=our_first_dag_v5
AIRFLOW_CTX_TASK_ID=first_task
AIRFLOW_CTX_EXECUTION_DATE=2021-09-07T00:00:00+00:00
AIRFLOW_CTX_TRY_NUMBER=1
AIRFLOW_CTX_DAG_RUN_ID=scheduled__2021-09-07T00:00:00+00:00
[2023-03-19T06:09:04.619+0000] {subprocess.py:63} INFO - Tmp dir root location: 
 /tmp
[2023-03-19T06:09:04.623+0000] {subprocess.py:75} INFO - Running command: ['/bin/bash', '-c', 'echo hello world, this is the first task!']
[2023-03-19T06:09:04.667+0000] {subprocess.py:86} INFO - Output:
[2023-03-19T06:09:04.670+0000] {subprocess.py:93} INFO - hello world, this is the first task!
[2023-03-19T06:09:04.674+0000] {subprocess.py:97} INFO - Command exited with return code 0
[2023-03-19T06:09:04.753+0000] {taskinstance.py:1326} INFO - Marking task as SUCCESS. dag_id=our_first_dag_v5, task_id=first_task, execution_date=20210907T000000, start_date=20230319T060904, end_date=20230319T060904
[2023-03-19T06:09:04.799+0000] {local_task_job.py:212} INFO - Task exited with return code 0
[2023-03-19T06:09:04.870+0000] {taskinstance.py:2585} INFO - 0 downstream tasks scheduled from follow-on schedule check
