[2023-03-19T06:58:08.755+0000] {taskinstance.py:1084} INFO - Dependencies all met for dep_context=non-requeueable deps ti=<TaskInstance: our_first_dag_v5.first_task manual__2023-03-19T06:58:07.494247+00:00 [queued]>
[2023-03-19T06:58:08.764+0000] {taskinstance.py:1084} INFO - Dependencies all met for dep_context=requeueable deps ti=<TaskInstance: our_first_dag_v5.first_task manual__2023-03-19T06:58:07.494247+00:00 [queued]>
[2023-03-19T06:58:08.764+0000] {taskinstance.py:1282} INFO - 
--------------------------------------------------------------------------------
[2023-03-19T06:58:08.765+0000] {taskinstance.py:1283} INFO - Starting attempt 1 of 6
[2023-03-19T06:58:08.766+0000] {taskinstance.py:1284} INFO - 
--------------------------------------------------------------------------------
[2023-03-19T06:58:08.774+0000] {taskinstance.py:1303} INFO - Executing <Task(BashOperator): first_task> on 2023-03-19 06:58:07.494247+00:00
[2023-03-19T06:58:08.778+0000] {standard_task_runner.py:55} INFO - Started process 865 to run task
[2023-03-19T06:58:08.783+0000] {standard_task_runner.py:82} INFO - Running: ['***', 'tasks', 'run', 'our_first_dag_v5', 'first_task', 'manual__2023-03-19T06:58:07.494247+00:00', '--job-id', '5', '--raw', '--subdir', 'DAGS_FOLDER/our_first_dag.py', '--cfg-path', '/tmp/tmpu_w0rk8w']
[2023-03-19T06:58:08.785+0000] {standard_task_runner.py:83} INFO - Job 5: Subtask first_task
[2023-03-19T06:58:08.851+0000] {task_command.py:388} INFO - Running <TaskInstance: our_first_dag_v5.first_task manual__2023-03-19T06:58:07.494247+00:00 [running]> on host 3cb0dda0e5ae
[2023-03-19T06:58:08.910+0000] {taskinstance.py:1511} INFO - Exporting the following env vars:
AIRFLOW_CTX_DAG_OWNER=coder2j
AIRFLOW_CTX_DAG_ID=our_first_dag_v5
AIRFLOW_CTX_TASK_ID=first_task
AIRFLOW_CTX_EXECUTION_DATE=2023-03-19T06:58:07.494247+00:00
AIRFLOW_CTX_TRY_NUMBER=1
AIRFLOW_CTX_DAG_RUN_ID=manual__2023-03-19T06:58:07.494247+00:00
[2023-03-19T06:58:08.912+0000] {subprocess.py:63} INFO - Tmp dir root location: 
 /tmp
[2023-03-19T06:58:08.913+0000] {subprocess.py:75} INFO - Running command: ['/bin/bash', '-c', 'echo hello world, this is the first task!']
[2023-03-19T06:58:08.920+0000] {subprocess.py:86} INFO - Output:
[2023-03-19T06:58:08.924+0000] {subprocess.py:93} INFO - hello world, this is the first task!
[2023-03-19T06:58:08.925+0000] {subprocess.py:97} INFO - Command exited with return code 0
[2023-03-19T06:58:08.945+0000] {taskinstance.py:1326} INFO - Marking task as SUCCESS. dag_id=our_first_dag_v5, task_id=first_task, execution_date=20230319T065807, start_date=20230319T065808, end_date=20230319T065808
[2023-03-19T06:58:08.996+0000] {local_task_job.py:212} INFO - Task exited with return code 0
[2023-03-19T06:58:09.014+0000] {taskinstance.py:2585} INFO - 2 downstream tasks scheduled from follow-on schedule check
