[2023-03-19T06:09:32.012+0000] {taskinstance.py:1084} INFO - Dependencies all met for dep_context=non-requeueable deps ti=<TaskInstance: our_first_dag_v5.thrid_task scheduled__2021-10-23T00:00:00+00:00 [queued]>
[2023-03-19T06:09:32.048+0000] {taskinstance.py:1084} INFO - Dependencies all met for dep_context=requeueable deps ti=<TaskInstance: our_first_dag_v5.thrid_task scheduled__2021-10-23T00:00:00+00:00 [queued]>
[2023-03-19T06:09:32.051+0000] {taskinstance.py:1282} INFO - 
--------------------------------------------------------------------------------
[2023-03-19T06:09:32.056+0000] {taskinstance.py:1283} INFO - Starting attempt 1 of 6
[2023-03-19T06:09:32.058+0000] {taskinstance.py:1284} INFO - 
--------------------------------------------------------------------------------
[2023-03-19T06:09:32.119+0000] {taskinstance.py:1303} INFO - Executing <Task(BashOperator): thrid_task> on 2021-10-23 00:00:00+00:00
[2023-03-19T06:09:32.142+0000] {standard_task_runner.py:55} INFO - Started process 1066 to run task
[2023-03-19T06:09:32.163+0000] {standard_task_runner.py:82} INFO - Running: ['***', 'tasks', 'run', 'our_first_dag_v5', 'thrid_task', 'scheduled__2021-10-23T00:00:00+00:00', '--job-id', '264', '--raw', '--subdir', 'DAGS_FOLDER/our_first_dags.py', '--cfg-path', '/tmp/tmpjcdw8igg']
[2023-03-19T06:09:32.169+0000] {standard_task_runner.py:83} INFO - Job 264: Subtask thrid_task
[2023-03-19T06:09:32.639+0000] {task_command.py:388} INFO - Running <TaskInstance: our_first_dag_v5.thrid_task scheduled__2021-10-23T00:00:00+00:00 [running]> on host 837d6aa6fa25
[2023-03-19T06:09:33.018+0000] {taskinstance.py:1511} INFO - Exporting the following env vars:
AIRFLOW_CTX_DAG_OWNER=coder2j
AIRFLOW_CTX_DAG_ID=our_first_dag_v5
AIRFLOW_CTX_TASK_ID=thrid_task
AIRFLOW_CTX_EXECUTION_DATE=2021-10-23T00:00:00+00:00
AIRFLOW_CTX_TRY_NUMBER=1
AIRFLOW_CTX_DAG_RUN_ID=scheduled__2021-10-23T00:00:00+00:00
[2023-03-19T06:09:33.023+0000] {subprocess.py:63} INFO - Tmp dir root location: 
 /tmp
[2023-03-19T06:09:33.025+0000] {subprocess.py:75} INFO - Running command: ['/bin/bash', '-c', 'echo hey, I am task3 and will be running after task1 at the same time as task2!']
[2023-03-19T06:09:33.068+0000] {subprocess.py:86} INFO - Output:
[2023-03-19T06:09:33.078+0000] {subprocess.py:93} INFO - hey, I am task3 and will be running after task1 at the same time as task2!
[2023-03-19T06:09:33.080+0000] {subprocess.py:97} INFO - Command exited with return code 0
[2023-03-19T06:09:33.175+0000] {taskinstance.py:1326} INFO - Marking task as SUCCESS. dag_id=our_first_dag_v5, task_id=thrid_task, execution_date=20211023T000000, start_date=20230319T060932, end_date=20230319T060933
[2023-03-19T06:09:33.243+0000] {local_task_job.py:212} INFO - Task exited with return code 0
[2023-03-19T06:09:33.309+0000] {taskinstance.py:2585} INFO - 0 downstream tasks scheduled from follow-on schedule check
