[2023-03-19T06:09:00.638+0000] {taskinstance.py:1084} INFO - Dependencies all met for dep_context=non-requeueable deps ti=<TaskInstance: our_first_dag_v5.first_task scheduled__2021-09-04T00:00:00+00:00 [queued]>
[2023-03-19T06:09:00.678+0000] {taskinstance.py:1084} INFO - Dependencies all met for dep_context=requeueable deps ti=<TaskInstance: our_first_dag_v5.first_task scheduled__2021-09-04T00:00:00+00:00 [queued]>
[2023-03-19T06:09:00.685+0000] {taskinstance.py:1282} INFO - 
--------------------------------------------------------------------------------
[2023-03-19T06:09:00.691+0000] {taskinstance.py:1283} INFO - Starting attempt 1 of 6
[2023-03-19T06:09:00.697+0000] {taskinstance.py:1284} INFO - 
--------------------------------------------------------------------------------
[2023-03-19T06:09:00.851+0000] {taskinstance.py:1303} INFO - Executing <Task(BashOperator): first_task> on 2021-09-04 00:00:00+00:00
[2023-03-19T06:09:00.862+0000] {standard_task_runner.py:55} INFO - Started process 576 to run task
[2023-03-19T06:09:00.905+0000] {standard_task_runner.py:82} INFO - Running: ['***', 'tasks', 'run', 'our_first_dag_v5', 'first_task', 'scheduled__2021-09-04T00:00:00+00:00', '--job-id', '106', '--raw', '--subdir', 'DAGS_FOLDER/our_second_dags.py', '--cfg-path', '/tmp/tmp8boanvte']
[2023-03-19T06:09:00.916+0000] {standard_task_runner.py:83} INFO - Job 106: Subtask first_task
[2023-03-19T06:09:01.167+0000] {task_command.py:388} INFO - Running <TaskInstance: our_first_dag_v5.first_task scheduled__2021-09-04T00:00:00+00:00 [running]> on host 837d6aa6fa25
[2023-03-19T06:09:01.374+0000] {taskinstance.py:1511} INFO - Exporting the following env vars:
AIRFLOW_CTX_DAG_OWNER=coder2j
AIRFLOW_CTX_DAG_ID=our_first_dag_v5
AIRFLOW_CTX_TASK_ID=first_task
AIRFLOW_CTX_EXECUTION_DATE=2021-09-04T00:00:00+00:00
AIRFLOW_CTX_TRY_NUMBER=1
AIRFLOW_CTX_DAG_RUN_ID=scheduled__2021-09-04T00:00:00+00:00
[2023-03-19T06:09:01.379+0000] {subprocess.py:63} INFO - Tmp dir root location: 
 /tmp
[2023-03-19T06:09:01.383+0000] {subprocess.py:75} INFO - Running command: ['/bin/bash', '-c', 'echo hello world, this is the first task!']
[2023-03-19T06:09:01.426+0000] {subprocess.py:86} INFO - Output:
[2023-03-19T06:09:01.431+0000] {subprocess.py:93} INFO - hello world, this is the first task!
[2023-03-19T06:09:01.432+0000] {subprocess.py:97} INFO - Command exited with return code 0
[2023-03-19T06:09:01.506+0000] {taskinstance.py:1326} INFO - Marking task as SUCCESS. dag_id=our_first_dag_v5, task_id=first_task, execution_date=20210904T000000, start_date=20230319T060900, end_date=20230319T060901
[2023-03-19T06:09:01.667+0000] {local_task_job.py:212} INFO - Task exited with return code 0
[2023-03-19T06:09:01.726+0000] {taskinstance.py:2585} INFO - 2 downstream tasks scheduled from follow-on schedule check
