[2023-03-19T06:09:46.250+0000] {taskinstance.py:1084} INFO - Dependencies all met for dep_context=non-requeueable deps ti=<TaskInstance: our_first_dag_v5.thrid_task scheduled__2021-11-12T00:00:00+00:00 [queued]>
[2023-03-19T06:09:46.290+0000] {taskinstance.py:1084} INFO - Dependencies all met for dep_context=requeueable deps ti=<TaskInstance: our_first_dag_v5.thrid_task scheduled__2021-11-12T00:00:00+00:00 [queued]>
[2023-03-19T06:09:46.292+0000] {taskinstance.py:1282} INFO - 
--------------------------------------------------------------------------------
[2023-03-19T06:09:46.293+0000] {taskinstance.py:1283} INFO - Starting attempt 1 of 6
[2023-03-19T06:09:46.294+0000] {taskinstance.py:1284} INFO - 
--------------------------------------------------------------------------------
[2023-03-19T06:09:46.377+0000] {taskinstance.py:1303} INFO - Executing <Task(BashOperator): thrid_task> on 2021-11-12 00:00:00+00:00
[2023-03-19T06:09:46.388+0000] {standard_task_runner.py:55} INFO - Started process 1275 to run task
[2023-03-19T06:09:46.422+0000] {standard_task_runner.py:82} INFO - Running: ['***', 'tasks', 'run', 'our_first_dag_v5', 'thrid_task', 'scheduled__2021-11-12T00:00:00+00:00', '--job-id', '331', '--raw', '--subdir', 'DAGS_FOLDER/our_second_dags.py', '--cfg-path', '/tmp/tmpgok_bqlo']
[2023-03-19T06:09:46.439+0000] {standard_task_runner.py:83} INFO - Job 331: Subtask thrid_task
[2023-03-19T06:09:46.958+0000] {task_command.py:388} INFO - Running <TaskInstance: our_first_dag_v5.thrid_task scheduled__2021-11-12T00:00:00+00:00 [running]> on host 837d6aa6fa25
[2023-03-19T06:09:47.305+0000] {taskinstance.py:1511} INFO - Exporting the following env vars:
AIRFLOW_CTX_DAG_OWNER=coder2j
AIRFLOW_CTX_DAG_ID=our_first_dag_v5
AIRFLOW_CTX_TASK_ID=thrid_task
AIRFLOW_CTX_EXECUTION_DATE=2021-11-12T00:00:00+00:00
AIRFLOW_CTX_TRY_NUMBER=1
AIRFLOW_CTX_DAG_RUN_ID=scheduled__2021-11-12T00:00:00+00:00
[2023-03-19T06:09:47.360+0000] {subprocess.py:63} INFO - Tmp dir root location: 
 /tmp
[2023-03-19T06:09:47.373+0000] {subprocess.py:75} INFO - Running command: ['/bin/bash', '-c', 'echo hey, I am task3 and will be running after task1 at the same time as task2!']
[2023-03-19T06:09:47.411+0000] {subprocess.py:86} INFO - Output:
[2023-03-19T06:09:47.415+0000] {subprocess.py:93} INFO - hey, I am task3 and will be running after task1 at the same time as task2!
[2023-03-19T06:09:47.420+0000] {subprocess.py:97} INFO - Command exited with return code 0
[2023-03-19T06:09:47.499+0000] {taskinstance.py:1326} INFO - Marking task as SUCCESS. dag_id=our_first_dag_v5, task_id=thrid_task, execution_date=20211112T000000, start_date=20230319T060946, end_date=20230319T060947
[2023-03-19T06:09:47.567+0000] {local_task_job.py:212} INFO - Task exited with return code 0
[2023-03-19T06:09:47.822+0000] {taskinstance.py:2585} INFO - 0 downstream tasks scheduled from follow-on schedule check
