[2023-03-19T06:09:33.352+0000] {taskinstance.py:1084} INFO - Dependencies all met for dep_context=non-requeueable deps ti=<TaskInstance: our_first_dag_v5.thrid_task scheduled__2021-10-24T00:00:00+00:00 [queued]>
[2023-03-19T06:09:33.371+0000] {taskinstance.py:1084} INFO - Dependencies all met for dep_context=requeueable deps ti=<TaskInstance: our_first_dag_v5.thrid_task scheduled__2021-10-24T00:00:00+00:00 [queued]>
[2023-03-19T06:09:33.372+0000] {taskinstance.py:1282} INFO - 
--------------------------------------------------------------------------------
[2023-03-19T06:09:33.374+0000] {taskinstance.py:1283} INFO - Starting attempt 1 of 6
[2023-03-19T06:09:33.377+0000] {taskinstance.py:1284} INFO - 
--------------------------------------------------------------------------------
[2023-03-19T06:09:33.400+0000] {taskinstance.py:1303} INFO - Executing <Task(BashOperator): thrid_task> on 2021-10-24 00:00:00+00:00
[2023-03-19T06:09:33.407+0000] {standard_task_runner.py:55} INFO - Started process 1080 to run task
[2023-03-19T06:09:33.413+0000] {standard_task_runner.py:82} INFO - Running: ['***', 'tasks', 'run', 'our_first_dag_v5', 'thrid_task', 'scheduled__2021-10-24T00:00:00+00:00', '--job-id', '267', '--raw', '--subdir', 'DAGS_FOLDER/our_first_dags.py', '--cfg-path', '/tmp/tmpzxaw337e']
[2023-03-19T06:09:33.417+0000] {standard_task_runner.py:83} INFO - Job 267: Subtask thrid_task
[2023-03-19T06:09:33.537+0000] {task_command.py:388} INFO - Running <TaskInstance: our_first_dag_v5.thrid_task scheduled__2021-10-24T00:00:00+00:00 [running]> on host 837d6aa6fa25
[2023-03-19T06:09:33.621+0000] {taskinstance.py:1511} INFO - Exporting the following env vars:
AIRFLOW_CTX_DAG_OWNER=coder2j
AIRFLOW_CTX_DAG_ID=our_first_dag_v5
AIRFLOW_CTX_TASK_ID=thrid_task
AIRFLOW_CTX_EXECUTION_DATE=2021-10-24T00:00:00+00:00
AIRFLOW_CTX_TRY_NUMBER=1
AIRFLOW_CTX_DAG_RUN_ID=scheduled__2021-10-24T00:00:00+00:00
[2023-03-19T06:09:33.622+0000] {subprocess.py:63} INFO - Tmp dir root location: 
 /tmp
[2023-03-19T06:09:33.624+0000] {subprocess.py:75} INFO - Running command: ['/bin/bash', '-c', 'echo hey, I am task3 and will be running after task1 at the same time as task2!']
[2023-03-19T06:09:33.634+0000] {subprocess.py:86} INFO - Output:
[2023-03-19T06:09:33.637+0000] {subprocess.py:93} INFO - hey, I am task3 and will be running after task1 at the same time as task2!
[2023-03-19T06:09:33.638+0000] {subprocess.py:97} INFO - Command exited with return code 0
[2023-03-19T06:09:33.666+0000] {taskinstance.py:1326} INFO - Marking task as SUCCESS. dag_id=our_first_dag_v5, task_id=thrid_task, execution_date=20211024T000000, start_date=20230319T060933, end_date=20230319T060933
[2023-03-19T06:09:33.705+0000] {local_task_job.py:212} INFO - Task exited with return code 0
[2023-03-19T06:09:33.728+0000] {taskinstance.py:2585} INFO - 0 downstream tasks scheduled from follow-on schedule check
