[2023-03-19T06:09:32.180+0000] {taskinstance.py:1084} INFO - Dependencies all met for dep_context=non-requeueable deps ti=<TaskInstance: our_first_dag_v5.second_task scheduled__2021-10-23T00:00:00+00:00 [queued]>
[2023-03-19T06:09:32.219+0000] {taskinstance.py:1084} INFO - Dependencies all met for dep_context=requeueable deps ti=<TaskInstance: our_first_dag_v5.second_task scheduled__2021-10-23T00:00:00+00:00 [queued]>
[2023-03-19T06:09:32.220+0000] {taskinstance.py:1282} INFO - 
--------------------------------------------------------------------------------
[2023-03-19T06:09:32.235+0000] {taskinstance.py:1283} INFO - Starting attempt 1 of 6
[2023-03-19T06:09:32.244+0000] {taskinstance.py:1284} INFO - 
--------------------------------------------------------------------------------
[2023-03-19T06:09:32.383+0000] {taskinstance.py:1303} INFO - Executing <Task(BashOperator): second_task> on 2021-10-23 00:00:00+00:00
[2023-03-19T06:09:32.425+0000] {standard_task_runner.py:82} INFO - Running: ['***', 'tasks', 'run', 'our_first_dag_v5', 'second_task', 'scheduled__2021-10-23T00:00:00+00:00', '--job-id', '265', '--raw', '--subdir', 'DAGS_FOLDER/our_first_dags.py', '--cfg-path', '/tmp/tmpts7cxujh']
[2023-03-19T06:09:32.429+0000] {standard_task_runner.py:83} INFO - Job 265: Subtask second_task
[2023-03-19T06:09:32.419+0000] {standard_task_runner.py:55} INFO - Started process 1067 to run task
[2023-03-19T06:09:32.767+0000] {task_command.py:388} INFO - Running <TaskInstance: our_first_dag_v5.second_task scheduled__2021-10-23T00:00:00+00:00 [running]> on host 837d6aa6fa25
[2023-03-19T06:09:33.009+0000] {taskinstance.py:1511} INFO - Exporting the following env vars:
AIRFLOW_CTX_DAG_OWNER=coder2j
AIRFLOW_CTX_DAG_ID=our_first_dag_v5
AIRFLOW_CTX_TASK_ID=second_task
AIRFLOW_CTX_EXECUTION_DATE=2021-10-23T00:00:00+00:00
AIRFLOW_CTX_TRY_NUMBER=1
AIRFLOW_CTX_DAG_RUN_ID=scheduled__2021-10-23T00:00:00+00:00
[2023-03-19T06:09:33.015+0000] {subprocess.py:63} INFO - Tmp dir root location: 
 /tmp
[2023-03-19T06:09:33.018+0000] {subprocess.py:75} INFO - Running command: ['/bin/bash', '-c', 'echo hey, I am task2 and will be running after task1!']
[2023-03-19T06:09:33.060+0000] {subprocess.py:86} INFO - Output:
[2023-03-19T06:09:33.066+0000] {subprocess.py:93} INFO - hey, I am task2 and will be running after task1!
[2023-03-19T06:09:33.072+0000] {subprocess.py:97} INFO - Command exited with return code 0
[2023-03-19T06:09:33.184+0000] {taskinstance.py:1326} INFO - Marking task as SUCCESS. dag_id=our_first_dag_v5, task_id=second_task, execution_date=20211023T000000, start_date=20230319T060932, end_date=20230319T060933
[2023-03-19T06:09:33.252+0000] {local_task_job.py:212} INFO - Task exited with return code 0
[2023-03-19T06:09:33.325+0000] {taskinstance.py:2585} INFO - 0 downstream tasks scheduled from follow-on schedule check
