[2023-03-19T06:09:13.960+0000] {taskinstance.py:1084} INFO - Dependencies all met for dep_context=non-requeueable deps ti=<TaskInstance: our_first_dag_v5.first_task scheduled__2021-09-27T00:00:00+00:00 [queued]>
[2023-03-19T06:09:13.973+0000] {taskinstance.py:1084} INFO - Dependencies all met for dep_context=requeueable deps ti=<TaskInstance: our_first_dag_v5.first_task scheduled__2021-09-27T00:00:00+00:00 [queued]>
[2023-03-19T06:09:13.975+0000] {taskinstance.py:1282} INFO - 
--------------------------------------------------------------------------------
[2023-03-19T06:09:13.976+0000] {taskinstance.py:1283} INFO - Starting attempt 1 of 6
[2023-03-19T06:09:13.979+0000] {taskinstance.py:1284} INFO - 
--------------------------------------------------------------------------------
[2023-03-19T06:09:14.042+0000] {taskinstance.py:1303} INFO - Executing <Task(BashOperator): first_task> on 2021-09-27 00:00:00+00:00
[2023-03-19T06:09:14.058+0000] {standard_task_runner.py:55} INFO - Started process 787 to run task
[2023-03-19T06:09:14.069+0000] {standard_task_runner.py:82} INFO - Running: ['***', 'tasks', 'run', 'our_first_dag_v5', 'first_task', 'scheduled__2021-09-27T00:00:00+00:00', '--job-id', '171', '--raw', '--subdir', 'DAGS_FOLDER/our_first_dags.py', '--cfg-path', '/tmp/tmpdoh3bgma']
[2023-03-19T06:09:14.075+0000] {standard_task_runner.py:83} INFO - Job 171: Subtask first_task
[2023-03-19T06:09:14.274+0000] {task_command.py:388} INFO - Running <TaskInstance: our_first_dag_v5.first_task scheduled__2021-09-27T00:00:00+00:00 [running]> on host 837d6aa6fa25
[2023-03-19T06:09:14.530+0000] {taskinstance.py:1511} INFO - Exporting the following env vars:
AIRFLOW_CTX_DAG_OWNER=coder2j
AIRFLOW_CTX_DAG_ID=our_first_dag_v5
AIRFLOW_CTX_TASK_ID=first_task
AIRFLOW_CTX_EXECUTION_DATE=2021-09-27T00:00:00+00:00
AIRFLOW_CTX_TRY_NUMBER=1
AIRFLOW_CTX_DAG_RUN_ID=scheduled__2021-09-27T00:00:00+00:00
[2023-03-19T06:09:14.539+0000] {subprocess.py:63} INFO - Tmp dir root location: 
 /tmp
[2023-03-19T06:09:14.541+0000] {subprocess.py:75} INFO - Running command: ['/bin/bash', '-c', 'echo hello world, this is the first task!']
[2023-03-19T06:09:14.586+0000] {subprocess.py:86} INFO - Output:
[2023-03-19T06:09:14.589+0000] {subprocess.py:93} INFO - hello world, this is the first task!
[2023-03-19T06:09:14.590+0000] {subprocess.py:97} INFO - Command exited with return code 0
[2023-03-19T06:09:14.713+0000] {taskinstance.py:1326} INFO - Marking task as SUCCESS. dag_id=our_first_dag_v5, task_id=first_task, execution_date=20210927T000000, start_date=20230319T060913, end_date=20230319T060914
[2023-03-19T06:09:14.893+0000] {local_task_job.py:212} INFO - Task exited with return code 0
[2023-03-19T06:09:15.233+0000] {taskinstance.py:2585} INFO - 0 downstream tasks scheduled from follow-on schedule check
