[2023-03-20 18:38:20,305] {taskinstance.py:1032} INFO - Dependencies all met for <TaskInstance: to_posgrest_v4.9.create_postgres_table_tip manual__2023-03-20T18:37:49.871915+00:00 [queued]>
[2023-03-20 18:38:20,343] {taskinstance.py:1032} INFO - Dependencies all met for <TaskInstance: to_posgrest_v4.9.create_postgres_table_tip manual__2023-03-20T18:37:49.871915+00:00 [queued]>
[2023-03-20 18:38:20,344] {taskinstance.py:1238} INFO - 
--------------------------------------------------------------------------------
[2023-03-20 18:38:20,345] {taskinstance.py:1239} INFO - Starting attempt 1 of 2
[2023-03-20 18:38:20,346] {taskinstance.py:1240} INFO - 
--------------------------------------------------------------------------------
[2023-03-20 18:38:20,389] {taskinstance.py:1259} INFO - Executing <Task(PostgresOperator): create_postgres_table_tip> on 2023-03-20 18:37:49.871915+00:00
[2023-03-20 18:38:20,396] {standard_task_runner.py:52} INFO - Started process 21588 to run task
[2023-03-20 18:38:20,404] {standard_task_runner.py:76} INFO - Running: ['***', 'tasks', 'run', 'to_posgrest_v4.9', 'create_postgres_table_tip', 'manual__2023-03-20T18:37:49.871915+00:00', '--job-id', '196', '--raw', '--subdir', 'DAGS_FOLDER/to_postgresql.py', '--cfg-path', '/tmp/tmp5mv82u20', '--error-file', '/tmp/tmpsz6i_xpc']
[2023-03-20 18:38:20,408] {standard_task_runner.py:77} INFO - Job 196: Subtask create_postgres_table_tip
[2023-03-20 18:38:20,710] {logging_mixin.py:109} INFO - Running <TaskInstance: to_posgrest_v4.9.create_postgres_table_tip manual__2023-03-20T18:37:49.871915+00:00 [running]> on host 0b4cdb459521
[2023-03-20 18:38:21,063] {taskinstance.py:1426} INFO - Exporting the following env vars:
AIRFLOW_CTX_DAG_OWNER=sakabuana31
AIRFLOW_CTX_DAG_ID=to_posgrest_v4.9
AIRFLOW_CTX_TASK_ID=create_postgres_table_tip
AIRFLOW_CTX_EXECUTION_DATE=2023-03-20T18:37:49.871915+00:00
AIRFLOW_CTX_DAG_RUN_ID=manual__2023-03-20T18:37:49.871915+00:00
[2023-03-20 18:38:21,151] {base.py:79} INFO - Using connection to: id: postgres_localhost. Host: host.docker.internal, Port: 5432, Schema: final, Login: ***, Password: ***, extra: {}
[2023-03-20 18:38:21,263] {dbapi.py:225} INFO - Running statement: 
            create table if not exists tip (
                review_id text PRIMARY KEY,
                user_id text,
                business_id text,
                stars int,
                useful int,
                funny int,
                cool int,
                text text,
                date_values date
            ) 
        , parameters: None
[2023-03-20 18:38:21,269] {postgres.py:71} INFO - NOTICE:  relation "tip" already exists, skipping

[2023-03-20 18:38:21,369] {taskinstance.py:1277} INFO - Marking task as SUCCESS. dag_id=to_posgrest_v4.9, task_id=create_postgres_table_tip, execution_date=20230320T183749, start_date=20230320T183820, end_date=20230320T183821
[2023-03-20 18:38:21,439] {local_task_job.py:154} INFO - Task exited with return code 0
[2023-03-20 18:38:21,668] {local_task_job.py:264} INFO - 1 downstream tasks scheduled from follow-on schedule check
