[2023-03-23 00:03:23,021] {processor.py:163} INFO - Started process (PID=7571) to work on /opt/airflow/dags/our_first_dag.py
[2023-03-23 00:03:23,033] {processor.py:642} INFO - Processing file /opt/airflow/dags/our_first_dag.py for tasks to queue
[2023-03-23 00:03:23,041] {logging_mixin.py:109} INFO - [2023-03-23 00:03:23,040] {dagbag.py:500} INFO - Filling up the DagBag from /opt/airflow/dags/our_first_dag.py
[2023-03-23 00:03:23,284] {processor.py:654} INFO - DAG(s) dict_keys(['our_first_dag_v7']) retrieved from /opt/airflow/dags/our_first_dag.py
[2023-03-23 00:03:23,399] {logging_mixin.py:109} INFO - [2023-03-23 00:03:23,399] {dag.py:2396} INFO - Sync 1 DAGs
[2023-03-23 00:03:23,557] {logging_mixin.py:109} INFO - [2023-03-23 00:03:23,557] {dag.py:2935} INFO - Setting next_dagrun for our_first_dag_v7 to 2023-03-19 00:00:00+00:00
[2023-03-23 00:03:23,583] {processor.py:171} INFO - Processing /opt/airflow/dags/our_first_dag.py took 0.577 seconds
[2023-03-23 01:10:11,212] {processor.py:163} INFO - Started process (PID=7603) to work on /opt/airflow/dags/our_first_dag.py
[2023-03-23 01:10:11,219] {processor.py:642} INFO - Processing file /opt/airflow/dags/our_first_dag.py for tasks to queue
[2023-03-23 01:10:11,225] {logging_mixin.py:109} INFO - [2023-03-23 01:10:11,224] {dagbag.py:500} INFO - Filling up the DagBag from /opt/airflow/dags/our_first_dag.py
[2023-03-23 01:10:11,400] {processor.py:654} INFO - DAG(s) dict_keys(['our_first_dag_v7']) retrieved from /opt/airflow/dags/our_first_dag.py
[2023-03-23 01:10:11,783] {logging_mixin.py:109} INFO - [2023-03-23 01:10:11,781] {dag.py:2396} INFO - Sync 1 DAGs
[2023-03-23 01:10:11,898] {logging_mixin.py:109} INFO - [2023-03-23 01:10:11,897] {dag.py:2935} INFO - Setting next_dagrun for our_first_dag_v7 to 2023-03-19 00:00:00+00:00
[2023-03-23 01:10:11,942] {processor.py:171} INFO - Processing /opt/airflow/dags/our_first_dag.py took 0.740 seconds
[2023-03-23 02:33:41,082] {processor.py:163} INFO - Started process (PID=7636) to work on /opt/airflow/dags/our_first_dag.py
[2023-03-23 02:33:41,085] {processor.py:642} INFO - Processing file /opt/airflow/dags/our_first_dag.py for tasks to queue
[2023-03-23 02:33:41,087] {logging_mixin.py:109} INFO - [2023-03-23 02:33:41,087] {dagbag.py:500} INFO - Filling up the DagBag from /opt/airflow/dags/our_first_dag.py
[2023-03-23 02:33:41,209] {processor.py:654} INFO - DAG(s) dict_keys(['our_first_dag_v7']) retrieved from /opt/airflow/dags/our_first_dag.py
[2023-03-23 02:33:41,238] {logging_mixin.py:109} INFO - [2023-03-23 02:33:41,237] {dag.py:2396} INFO - Sync 1 DAGs
[2023-03-23 02:33:41,290] {logging_mixin.py:109} INFO - [2023-03-23 02:33:41,290] {dag.py:2935} INFO - Setting next_dagrun for our_first_dag_v7 to 2023-03-19 00:00:00+00:00
[2023-03-23 02:33:41,310] {processor.py:171} INFO - Processing /opt/airflow/dags/our_first_dag.py took 0.236 seconds
[2023-03-23 03:38:13,341] {processor.py:163} INFO - Started process (PID=7671) to work on /opt/airflow/dags/our_first_dag.py
[2023-03-23 03:38:13,344] {processor.py:642} INFO - Processing file /opt/airflow/dags/our_first_dag.py for tasks to queue
[2023-03-23 03:38:13,346] {logging_mixin.py:109} INFO - [2023-03-23 03:38:13,346] {dagbag.py:500} INFO - Filling up the DagBag from /opt/airflow/dags/our_first_dag.py
[2023-03-23 03:38:13,473] {processor.py:654} INFO - DAG(s) dict_keys(['our_first_dag_v7']) retrieved from /opt/airflow/dags/our_first_dag.py
[2023-03-23 03:38:13,501] {logging_mixin.py:109} INFO - [2023-03-23 03:38:13,501] {dag.py:2396} INFO - Sync 1 DAGs
[2023-03-23 03:38:13,552] {logging_mixin.py:109} INFO - [2023-03-23 03:38:13,552] {dag.py:2935} INFO - Setting next_dagrun for our_first_dag_v7 to 2023-03-19 00:00:00+00:00
[2023-03-23 03:38:13,571] {processor.py:171} INFO - Processing /opt/airflow/dags/our_first_dag.py took 0.237 seconds
[2023-03-23 04:41:29,418] {processor.py:163} INFO - Started process (PID=7705) to work on /opt/airflow/dags/our_first_dag.py
[2023-03-23 04:41:29,425] {processor.py:642} INFO - Processing file /opt/airflow/dags/our_first_dag.py for tasks to queue
[2023-03-23 04:41:29,432] {logging_mixin.py:109} INFO - [2023-03-23 04:41:29,431] {dagbag.py:500} INFO - Filling up the DagBag from /opt/airflow/dags/our_first_dag.py
[2023-03-23 04:41:29,640] {processor.py:654} INFO - DAG(s) dict_keys(['our_first_dag_v7']) retrieved from /opt/airflow/dags/our_first_dag.py
[2023-03-23 04:41:29,696] {logging_mixin.py:109} INFO - [2023-03-23 04:41:29,695] {dag.py:2396} INFO - Sync 1 DAGs
[2023-03-23 04:41:29,791] {logging_mixin.py:109} INFO - [2023-03-23 04:41:29,790] {dag.py:2935} INFO - Setting next_dagrun for our_first_dag_v7 to 2023-03-19 00:00:00+00:00
[2023-03-23 04:41:29,834] {processor.py:171} INFO - Processing /opt/airflow/dags/our_first_dag.py took 0.436 seconds
[2023-03-23 05:45:50,329] {processor.py:163} INFO - Started process (PID=7736) to work on /opt/airflow/dags/our_first_dag.py
[2023-03-23 05:45:50,332] {processor.py:642} INFO - Processing file /opt/airflow/dags/our_first_dag.py for tasks to queue
[2023-03-23 05:45:50,335] {logging_mixin.py:109} INFO - [2023-03-23 05:45:50,334] {dagbag.py:500} INFO - Filling up the DagBag from /opt/airflow/dags/our_first_dag.py
[2023-03-23 05:45:50,534] {processor.py:654} INFO - DAG(s) dict_keys(['our_first_dag_v7']) retrieved from /opt/airflow/dags/our_first_dag.py
[2023-03-23 05:45:50,586] {logging_mixin.py:109} INFO - [2023-03-23 05:45:50,585] {dag.py:2396} INFO - Sync 1 DAGs
[2023-03-23 05:45:50,685] {logging_mixin.py:109} INFO - [2023-03-23 05:45:50,684] {dag.py:2935} INFO - Setting next_dagrun for our_first_dag_v7 to 2023-03-19 00:00:00+00:00
[2023-03-23 05:45:50,725] {processor.py:171} INFO - Processing /opt/airflow/dags/our_first_dag.py took 0.405 seconds
[2023-03-23 06:40:40,735] {processor.py:163} INFO - Started process (PID=7770) to work on /opt/airflow/dags/our_first_dag.py
[2023-03-23 06:40:40,740] {processor.py:642} INFO - Processing file /opt/airflow/dags/our_first_dag.py for tasks to queue
[2023-03-23 06:40:40,746] {logging_mixin.py:109} INFO - [2023-03-23 06:40:40,745] {dagbag.py:500} INFO - Filling up the DagBag from /opt/airflow/dags/our_first_dag.py
[2023-03-23 06:40:40,935] {processor.py:654} INFO - DAG(s) dict_keys(['our_first_dag_v7']) retrieved from /opt/airflow/dags/our_first_dag.py
[2023-03-23 06:40:41,000] {logging_mixin.py:109} INFO - [2023-03-23 06:40:41,000] {dag.py:2396} INFO - Sync 1 DAGs
[2023-03-23 06:40:41,099] {logging_mixin.py:109} INFO - [2023-03-23 06:40:41,098] {dag.py:2935} INFO - Setting next_dagrun for our_first_dag_v7 to 2023-03-19 00:00:00+00:00
[2023-03-23 06:40:41,138] {processor.py:171} INFO - Processing /opt/airflow/dags/our_first_dag.py took 0.417 seconds
[2023-03-23 08:05:24,697] {processor.py:163} INFO - Started process (PID=7804) to work on /opt/airflow/dags/our_first_dag.py
[2023-03-23 08:05:24,701] {processor.py:642} INFO - Processing file /opt/airflow/dags/our_first_dag.py for tasks to queue
[2023-03-23 08:05:24,703] {logging_mixin.py:109} INFO - [2023-03-23 08:05:24,703] {dagbag.py:500} INFO - Filling up the DagBag from /opt/airflow/dags/our_first_dag.py
[2023-03-23 08:05:24,828] {processor.py:654} INFO - DAG(s) dict_keys(['our_first_dag_v7']) retrieved from /opt/airflow/dags/our_first_dag.py
[2023-03-23 08:05:24,857] {logging_mixin.py:109} INFO - [2023-03-23 08:05:24,857] {dag.py:2396} INFO - Sync 1 DAGs
[2023-03-23 08:05:25,069] {logging_mixin.py:109} INFO - [2023-03-23 08:05:25,067] {dag.py:2935} INFO - Setting next_dagrun for our_first_dag_v7 to 2023-03-19 00:00:00+00:00
[2023-03-23 08:05:25,138] {processor.py:171} INFO - Processing /opt/airflow/dags/our_first_dag.py took 0.447 seconds
[2023-03-23 09:12:04,920] {processor.py:163} INFO - Started process (PID=7836) to work on /opt/airflow/dags/our_first_dag.py
[2023-03-23 09:12:04,930] {processor.py:642} INFO - Processing file /opt/airflow/dags/our_first_dag.py for tasks to queue
[2023-03-23 09:12:04,937] {logging_mixin.py:109} INFO - [2023-03-23 09:12:04,936] {dagbag.py:500} INFO - Filling up the DagBag from /opt/airflow/dags/our_first_dag.py
[2023-03-23 09:12:05,123] {processor.py:654} INFO - DAG(s) dict_keys(['our_first_dag_v7']) retrieved from /opt/airflow/dags/our_first_dag.py
[2023-03-23 09:12:05,180] {logging_mixin.py:109} INFO - [2023-03-23 09:12:05,179] {dag.py:2396} INFO - Sync 1 DAGs
[2023-03-23 09:12:05,275] {logging_mixin.py:109} INFO - [2023-03-23 09:12:05,274] {dag.py:2935} INFO - Setting next_dagrun for our_first_dag_v7 to 2023-03-19 00:00:00+00:00
[2023-03-23 09:12:05,352] {processor.py:171} INFO - Processing /opt/airflow/dags/our_first_dag.py took 0.447 seconds
[2023-03-23 10:19:03,380] {processor.py:163} INFO - Started process (PID=7868) to work on /opt/airflow/dags/our_first_dag.py
[2023-03-23 10:19:03,384] {processor.py:642} INFO - Processing file /opt/airflow/dags/our_first_dag.py for tasks to queue
[2023-03-23 10:19:03,386] {logging_mixin.py:109} INFO - [2023-03-23 10:19:03,386] {dagbag.py:500} INFO - Filling up the DagBag from /opt/airflow/dags/our_first_dag.py
[2023-03-23 10:19:03,594] {processor.py:654} INFO - DAG(s) dict_keys(['our_first_dag_v7']) retrieved from /opt/airflow/dags/our_first_dag.py
[2023-03-23 10:19:03,687] {logging_mixin.py:109} INFO - [2023-03-23 10:19:03,686] {dag.py:2396} INFO - Sync 1 DAGs
[2023-03-23 10:19:03,789] {logging_mixin.py:109} INFO - [2023-03-23 10:19:03,788] {dag.py:2935} INFO - Setting next_dagrun for our_first_dag_v7 to 2023-03-19 00:00:00+00:00
[2023-03-23 10:19:03,844] {processor.py:171} INFO - Processing /opt/airflow/dags/our_first_dag.py took 0.470 seconds
[2023-03-23 10:55:21,586] {processor.py:163} INFO - Started process (PID=7899) to work on /opt/airflow/dags/our_first_dag.py
[2023-03-23 10:55:21,592] {processor.py:642} INFO - Processing file /opt/airflow/dags/our_first_dag.py for tasks to queue
[2023-03-23 10:55:21,595] {logging_mixin.py:109} INFO - [2023-03-23 10:55:21,595] {dagbag.py:500} INFO - Filling up the DagBag from /opt/airflow/dags/our_first_dag.py
[2023-03-23 10:55:21,787] {processor.py:654} INFO - DAG(s) dict_keys(['our_first_dag_v7']) retrieved from /opt/airflow/dags/our_first_dag.py
[2023-03-23 10:55:21,846] {logging_mixin.py:109} INFO - [2023-03-23 10:55:21,846] {dag.py:2396} INFO - Sync 1 DAGs
[2023-03-23 10:55:21,930] {logging_mixin.py:109} INFO - [2023-03-23 10:55:21,929] {dag.py:2935} INFO - Setting next_dagrun for our_first_dag_v7 to 2023-03-19 00:00:00+00:00
[2023-03-23 10:55:21,969] {processor.py:171} INFO - Processing /opt/airflow/dags/our_first_dag.py took 0.393 seconds
[2023-03-23 10:55:52,980] {processor.py:163} INFO - Started process (PID=7932) to work on /opt/airflow/dags/our_first_dag.py
[2023-03-23 10:55:52,984] {processor.py:642} INFO - Processing file /opt/airflow/dags/our_first_dag.py for tasks to queue
[2023-03-23 10:55:52,986] {logging_mixin.py:109} INFO - [2023-03-23 10:55:52,986] {dagbag.py:500} INFO - Filling up the DagBag from /opt/airflow/dags/our_first_dag.py
[2023-03-23 10:55:53,110] {processor.py:654} INFO - DAG(s) dict_keys(['our_first_dag_v7']) retrieved from /opt/airflow/dags/our_first_dag.py
[2023-03-23 10:55:53,139] {logging_mixin.py:109} INFO - [2023-03-23 10:55:53,138] {dag.py:2396} INFO - Sync 1 DAGs
[2023-03-23 10:55:53,198] {logging_mixin.py:109} INFO - [2023-03-23 10:55:53,197] {dag.py:2935} INFO - Setting next_dagrun for our_first_dag_v7 to 2023-03-19 00:00:00+00:00
[2023-03-23 10:55:53,219] {processor.py:171} INFO - Processing /opt/airflow/dags/our_first_dag.py took 0.245 seconds
[2023-03-23 10:56:23,931] {processor.py:163} INFO - Started process (PID=7962) to work on /opt/airflow/dags/our_first_dag.py
[2023-03-23 10:56:23,935] {processor.py:642} INFO - Processing file /opt/airflow/dags/our_first_dag.py for tasks to queue
[2023-03-23 10:56:23,938] {logging_mixin.py:109} INFO - [2023-03-23 10:56:23,937] {dagbag.py:500} INFO - Filling up the DagBag from /opt/airflow/dags/our_first_dag.py
[2023-03-23 10:56:24,069] {processor.py:654} INFO - DAG(s) dict_keys(['our_first_dag_v7']) retrieved from /opt/airflow/dags/our_first_dag.py
[2023-03-23 10:56:24,103] {logging_mixin.py:109} INFO - [2023-03-23 10:56:24,102] {dag.py:2396} INFO - Sync 1 DAGs
[2023-03-23 10:56:24,160] {logging_mixin.py:109} INFO - [2023-03-23 10:56:24,159] {dag.py:2935} INFO - Setting next_dagrun for our_first_dag_v7 to 2023-03-19 00:00:00+00:00
[2023-03-23 10:56:24,182] {processor.py:171} INFO - Processing /opt/airflow/dags/our_first_dag.py took 0.258 seconds
[2023-03-23 10:56:55,287] {processor.py:163} INFO - Started process (PID=7996) to work on /opt/airflow/dags/our_first_dag.py
[2023-03-23 10:56:55,291] {processor.py:642} INFO - Processing file /opt/airflow/dags/our_first_dag.py for tasks to queue
[2023-03-23 10:56:55,293] {logging_mixin.py:109} INFO - [2023-03-23 10:56:55,292] {dagbag.py:500} INFO - Filling up the DagBag from /opt/airflow/dags/our_first_dag.py
[2023-03-23 10:56:55,428] {processor.py:654} INFO - DAG(s) dict_keys(['our_first_dag_v7']) retrieved from /opt/airflow/dags/our_first_dag.py
[2023-03-23 10:56:55,458] {logging_mixin.py:109} INFO - [2023-03-23 10:56:55,458] {dag.py:2396} INFO - Sync 1 DAGs
[2023-03-23 10:56:55,510] {logging_mixin.py:109} INFO - [2023-03-23 10:56:55,509] {dag.py:2935} INFO - Setting next_dagrun for our_first_dag_v7 to 2023-03-19 00:00:00+00:00
[2023-03-23 10:56:55,529] {processor.py:171} INFO - Processing /opt/airflow/dags/our_first_dag.py took 0.249 seconds
[2023-03-23 10:57:26,419] {processor.py:163} INFO - Started process (PID=8027) to work on /opt/airflow/dags/our_first_dag.py
[2023-03-23 10:57:26,422] {processor.py:642} INFO - Processing file /opt/airflow/dags/our_first_dag.py for tasks to queue
[2023-03-23 10:57:26,424] {logging_mixin.py:109} INFO - [2023-03-23 10:57:26,424] {dagbag.py:500} INFO - Filling up the DagBag from /opt/airflow/dags/our_first_dag.py
[2023-03-23 10:57:26,554] {processor.py:654} INFO - DAG(s) dict_keys(['our_first_dag_v7']) retrieved from /opt/airflow/dags/our_first_dag.py
[2023-03-23 10:57:26,584] {logging_mixin.py:109} INFO - [2023-03-23 10:57:26,583] {dag.py:2396} INFO - Sync 1 DAGs
[2023-03-23 10:57:26,637] {logging_mixin.py:109} INFO - [2023-03-23 10:57:26,636] {dag.py:2935} INFO - Setting next_dagrun for our_first_dag_v7 to 2023-03-19 00:00:00+00:00
[2023-03-23 10:57:26,658] {processor.py:171} INFO - Processing /opt/airflow/dags/our_first_dag.py took 0.246 seconds
[2023-03-23 10:57:57,540] {processor.py:163} INFO - Started process (PID=8060) to work on /opt/airflow/dags/our_first_dag.py
[2023-03-23 10:57:57,544] {processor.py:642} INFO - Processing file /opt/airflow/dags/our_first_dag.py for tasks to queue
[2023-03-23 10:57:57,546] {logging_mixin.py:109} INFO - [2023-03-23 10:57:57,545] {dagbag.py:500} INFO - Filling up the DagBag from /opt/airflow/dags/our_first_dag.py
[2023-03-23 10:57:57,668] {processor.py:654} INFO - DAG(s) dict_keys(['our_first_dag_v7']) retrieved from /opt/airflow/dags/our_first_dag.py
[2023-03-23 10:57:57,698] {logging_mixin.py:109} INFO - [2023-03-23 10:57:57,698] {dag.py:2396} INFO - Sync 1 DAGs
[2023-03-23 10:57:57,752] {logging_mixin.py:109} INFO - [2023-03-23 10:57:57,751] {dag.py:2935} INFO - Setting next_dagrun for our_first_dag_v7 to 2023-03-19 00:00:00+00:00
[2023-03-23 10:57:57,771] {processor.py:171} INFO - Processing /opt/airflow/dags/our_first_dag.py took 0.237 seconds
[2023-03-23 10:58:28,582] {processor.py:163} INFO - Started process (PID=8090) to work on /opt/airflow/dags/our_first_dag.py
[2023-03-23 10:58:28,586] {processor.py:642} INFO - Processing file /opt/airflow/dags/our_first_dag.py for tasks to queue
[2023-03-23 10:58:28,589] {logging_mixin.py:109} INFO - [2023-03-23 10:58:28,589] {dagbag.py:500} INFO - Filling up the DagBag from /opt/airflow/dags/our_first_dag.py
[2023-03-23 10:58:28,713] {processor.py:654} INFO - DAG(s) dict_keys(['our_first_dag_v7']) retrieved from /opt/airflow/dags/our_first_dag.py
[2023-03-23 10:58:28,742] {logging_mixin.py:109} INFO - [2023-03-23 10:58:28,742] {dag.py:2396} INFO - Sync 1 DAGs
[2023-03-23 10:58:28,795] {logging_mixin.py:109} INFO - [2023-03-23 10:58:28,794] {dag.py:2935} INFO - Setting next_dagrun for our_first_dag_v7 to 2023-03-19 00:00:00+00:00
[2023-03-23 10:58:28,814] {processor.py:171} INFO - Processing /opt/airflow/dags/our_first_dag.py took 0.239 seconds
[2023-03-23 10:58:59,939] {processor.py:163} INFO - Started process (PID=8124) to work on /opt/airflow/dags/our_first_dag.py
[2023-03-23 10:58:59,943] {processor.py:642} INFO - Processing file /opt/airflow/dags/our_first_dag.py for tasks to queue
[2023-03-23 10:58:59,945] {logging_mixin.py:109} INFO - [2023-03-23 10:58:59,944] {dagbag.py:500} INFO - Filling up the DagBag from /opt/airflow/dags/our_first_dag.py
[2023-03-23 10:59:00,072] {processor.py:654} INFO - DAG(s) dict_keys(['our_first_dag_v7']) retrieved from /opt/airflow/dags/our_first_dag.py
[2023-03-23 10:59:00,099] {logging_mixin.py:109} INFO - [2023-03-23 10:59:00,099] {dag.py:2396} INFO - Sync 1 DAGs
[2023-03-23 10:59:00,150] {logging_mixin.py:109} INFO - [2023-03-23 10:59:00,149] {dag.py:2935} INFO - Setting next_dagrun for our_first_dag_v7 to 2023-03-19 00:00:00+00:00
[2023-03-23 10:59:00,169] {processor.py:171} INFO - Processing /opt/airflow/dags/our_first_dag.py took 0.236 seconds
[2023-03-23 10:59:30,366] {processor.py:163} INFO - Started process (PID=8154) to work on /opt/airflow/dags/our_first_dag.py
[2023-03-23 10:59:30,369] {processor.py:642} INFO - Processing file /opt/airflow/dags/our_first_dag.py for tasks to queue
[2023-03-23 10:59:30,371] {logging_mixin.py:109} INFO - [2023-03-23 10:59:30,370] {dagbag.py:500} INFO - Filling up the DagBag from /opt/airflow/dags/our_first_dag.py
[2023-03-23 10:59:30,486] {processor.py:654} INFO - DAG(s) dict_keys(['our_first_dag_v7']) retrieved from /opt/airflow/dags/our_first_dag.py
[2023-03-23 10:59:30,514] {logging_mixin.py:109} INFO - [2023-03-23 10:59:30,514] {dag.py:2396} INFO - Sync 1 DAGs
[2023-03-23 10:59:30,564] {logging_mixin.py:109} INFO - [2023-03-23 10:59:30,564] {dag.py:2935} INFO - Setting next_dagrun for our_first_dag_v7 to 2023-03-19 00:00:00+00:00
[2023-03-23 10:59:30,584] {processor.py:171} INFO - Processing /opt/airflow/dags/our_first_dag.py took 0.224 seconds
[2023-03-23 11:00:00,930] {processor.py:163} INFO - Started process (PID=8188) to work on /opt/airflow/dags/our_first_dag.py
[2023-03-23 11:00:00,933] {processor.py:642} INFO - Processing file /opt/airflow/dags/our_first_dag.py for tasks to queue
[2023-03-23 11:00:00,935] {logging_mixin.py:109} INFO - [2023-03-23 11:00:00,935] {dagbag.py:500} INFO - Filling up the DagBag from /opt/airflow/dags/our_first_dag.py
[2023-03-23 11:00:01,055] {processor.py:654} INFO - DAG(s) dict_keys(['our_first_dag_v7']) retrieved from /opt/airflow/dags/our_first_dag.py
[2023-03-23 11:00:01,083] {logging_mixin.py:109} INFO - [2023-03-23 11:00:01,082] {dag.py:2396} INFO - Sync 1 DAGs
[2023-03-23 11:00:01,133] {logging_mixin.py:109} INFO - [2023-03-23 11:00:01,132] {dag.py:2935} INFO - Setting next_dagrun for our_first_dag_v7 to 2023-03-19 00:00:00+00:00
[2023-03-23 11:00:01,153] {processor.py:171} INFO - Processing /opt/airflow/dags/our_first_dag.py took 0.228 seconds
[2023-03-23 11:00:31,447] {processor.py:163} INFO - Started process (PID=8218) to work on /opt/airflow/dags/our_first_dag.py
[2023-03-23 11:00:31,451] {processor.py:642} INFO - Processing file /opt/airflow/dags/our_first_dag.py for tasks to queue
[2023-03-23 11:00:31,454] {logging_mixin.py:109} INFO - [2023-03-23 11:00:31,453] {dagbag.py:500} INFO - Filling up the DagBag from /opt/airflow/dags/our_first_dag.py
[2023-03-23 11:00:31,589] {processor.py:654} INFO - DAG(s) dict_keys(['our_first_dag_v7']) retrieved from /opt/airflow/dags/our_first_dag.py
[2023-03-23 11:00:31,619] {logging_mixin.py:109} INFO - [2023-03-23 11:00:31,618] {dag.py:2396} INFO - Sync 1 DAGs
[2023-03-23 11:00:31,678] {logging_mixin.py:109} INFO - [2023-03-23 11:00:31,677] {dag.py:2935} INFO - Setting next_dagrun for our_first_dag_v7 to 2023-03-19 00:00:00+00:00
[2023-03-23 11:00:31,700] {processor.py:171} INFO - Processing /opt/airflow/dags/our_first_dag.py took 0.261 seconds
