[2023-03-23 00:03:22,393] {processor.py:163} INFO - Started process (PID=7561) to work on /opt/airflow/dags/querry_posgresql.py
[2023-03-23 00:03:22,413] {processor.py:642} INFO - Processing file /opt/airflow/dags/querry_posgresql.py for tasks to queue
[2023-03-23 00:03:22,425] {logging_mixin.py:109} INFO - [2023-03-23 00:03:22,423] {dagbag.py:500} INFO - Filling up the DagBag from /opt/airflow/dags/querry_posgresql.py
[2023-03-23 00:03:22,679] {processor.py:654} INFO - DAG(s) dict_keys(['querry_postgres_v1.6']) retrieved from /opt/airflow/dags/querry_posgresql.py
[2023-03-23 00:03:22,732] {logging_mixin.py:109} INFO - [2023-03-23 00:03:22,731] {dag.py:2396} INFO - Sync 1 DAGs
[2023-03-23 00:03:22,822] {logging_mixin.py:109} INFO - [2023-03-23 00:03:22,821] {dag.py:2935} INFO - Setting next_dagrun for querry_postgres_v1.6 to None
[2023-03-23 00:03:22,864] {processor.py:171} INFO - Processing /opt/airflow/dags/querry_posgresql.py took 0.494 seconds
[2023-03-23 01:10:10,664] {processor.py:163} INFO - Started process (PID=7593) to work on /opt/airflow/dags/querry_posgresql.py
[2023-03-23 01:10:10,670] {processor.py:642} INFO - Processing file /opt/airflow/dags/querry_posgresql.py for tasks to queue
[2023-03-23 01:10:10,678] {logging_mixin.py:109} INFO - [2023-03-23 01:10:10,678] {dagbag.py:500} INFO - Filling up the DagBag from /opt/airflow/dags/querry_posgresql.py
[2023-03-23 01:10:10,939] {processor.py:654} INFO - DAG(s) dict_keys(['querry_postgres_v1.6']) retrieved from /opt/airflow/dags/querry_posgresql.py
[2023-03-23 01:10:11,023] {logging_mixin.py:109} INFO - [2023-03-23 01:10:11,022] {dag.py:2396} INFO - Sync 1 DAGs
[2023-03-23 01:10:11,083] {logging_mixin.py:109} INFO - [2023-03-23 01:10:11,083] {dag.py:2935} INFO - Setting next_dagrun for querry_postgres_v1.6 to None
[2023-03-23 01:10:11,133] {processor.py:171} INFO - Processing /opt/airflow/dags/querry_posgresql.py took 0.493 seconds
[2023-03-23 02:33:40,761] {processor.py:163} INFO - Started process (PID=7625) to work on /opt/airflow/dags/querry_posgresql.py
[2023-03-23 02:33:40,766] {processor.py:642} INFO - Processing file /opt/airflow/dags/querry_posgresql.py for tasks to queue
[2023-03-23 02:33:40,768] {logging_mixin.py:109} INFO - [2023-03-23 02:33:40,768] {dagbag.py:500} INFO - Filling up the DagBag from /opt/airflow/dags/querry_posgresql.py
[2023-03-23 02:33:40,922] {processor.py:654} INFO - DAG(s) dict_keys(['querry_postgres_v1.6']) retrieved from /opt/airflow/dags/querry_posgresql.py
[2023-03-23 02:33:40,953] {logging_mixin.py:109} INFO - [2023-03-23 02:33:40,953] {dag.py:2396} INFO - Sync 1 DAGs
[2023-03-23 02:33:41,003] {logging_mixin.py:109} INFO - [2023-03-23 02:33:41,003] {dag.py:2935} INFO - Setting next_dagrun for querry_postgres_v1.6 to None
[2023-03-23 02:33:41,025] {processor.py:171} INFO - Processing /opt/airflow/dags/querry_posgresql.py took 0.272 seconds
[2023-03-23 03:38:13,018] {processor.py:163} INFO - Started process (PID=7661) to work on /opt/airflow/dags/querry_posgresql.py
[2023-03-23 03:38:13,022] {processor.py:642} INFO - Processing file /opt/airflow/dags/querry_posgresql.py for tasks to queue
[2023-03-23 03:38:13,025] {logging_mixin.py:109} INFO - [2023-03-23 03:38:13,024] {dagbag.py:500} INFO - Filling up the DagBag from /opt/airflow/dags/querry_posgresql.py
[2023-03-23 03:38:13,187] {processor.py:654} INFO - DAG(s) dict_keys(['querry_postgres_v1.6']) retrieved from /opt/airflow/dags/querry_posgresql.py
[2023-03-23 03:38:13,220] {logging_mixin.py:109} INFO - [2023-03-23 03:38:13,219] {dag.py:2396} INFO - Sync 1 DAGs
[2023-03-23 03:38:13,274] {logging_mixin.py:109} INFO - [2023-03-23 03:38:13,273] {dag.py:2935} INFO - Setting next_dagrun for querry_postgres_v1.6 to None
[2023-03-23 03:38:13,295] {processor.py:171} INFO - Processing /opt/airflow/dags/querry_posgresql.py took 0.284 seconds
[2023-03-23 04:41:28,879] {processor.py:163} INFO - Started process (PID=7693) to work on /opt/airflow/dags/querry_posgresql.py
[2023-03-23 04:41:28,885] {processor.py:642} INFO - Processing file /opt/airflow/dags/querry_posgresql.py for tasks to queue
[2023-03-23 04:41:28,891] {logging_mixin.py:109} INFO - [2023-03-23 04:41:28,890] {dagbag.py:500} INFO - Filling up the DagBag from /opt/airflow/dags/querry_posgresql.py
[2023-03-23 04:41:29,124] {processor.py:654} INFO - DAG(s) dict_keys(['querry_postgres_v1.6']) retrieved from /opt/airflow/dags/querry_posgresql.py
[2023-03-23 04:41:29,160] {logging_mixin.py:109} INFO - [2023-03-23 04:41:29,159] {dag.py:2396} INFO - Sync 1 DAGs
[2023-03-23 04:41:29,232] {logging_mixin.py:109} INFO - [2023-03-23 04:41:29,231] {dag.py:2935} INFO - Setting next_dagrun for querry_postgres_v1.6 to None
[2023-03-23 04:41:29,298] {processor.py:171} INFO - Processing /opt/airflow/dags/querry_posgresql.py took 0.433 seconds
[2023-03-23 05:45:49,702] {processor.py:163} INFO - Started process (PID=7726) to work on /opt/airflow/dags/querry_posgresql.py
[2023-03-23 05:45:49,711] {processor.py:642} INFO - Processing file /opt/airflow/dags/querry_posgresql.py for tasks to queue
[2023-03-23 05:45:49,729] {logging_mixin.py:109} INFO - [2023-03-23 05:45:49,728] {dagbag.py:500} INFO - Filling up the DagBag from /opt/airflow/dags/querry_posgresql.py
[2023-03-23 05:45:49,974] {processor.py:654} INFO - DAG(s) dict_keys(['querry_postgres_v1.6']) retrieved from /opt/airflow/dags/querry_posgresql.py
[2023-03-23 05:45:50,028] {logging_mixin.py:109} INFO - [2023-03-23 05:45:50,027] {dag.py:2396} INFO - Sync 1 DAGs
[2023-03-23 05:45:50,134] {logging_mixin.py:109} INFO - [2023-03-23 05:45:50,133] {dag.py:2935} INFO - Setting next_dagrun for querry_postgres_v1.6 to None
[2023-03-23 05:45:50,214] {processor.py:171} INFO - Processing /opt/airflow/dags/querry_posgresql.py took 0.551 seconds
[2023-03-23 06:40:40,033] {processor.py:163} INFO - Started process (PID=7758) to work on /opt/airflow/dags/querry_posgresql.py
[2023-03-23 06:40:40,047] {processor.py:642} INFO - Processing file /opt/airflow/dags/querry_posgresql.py for tasks to queue
[2023-03-23 06:40:40,054] {logging_mixin.py:109} INFO - [2023-03-23 06:40:40,053] {dagbag.py:500} INFO - Filling up the DagBag from /opt/airflow/dags/querry_posgresql.py
[2023-03-23 06:40:40,407] {processor.py:654} INFO - DAG(s) dict_keys(['querry_postgres_v1.6']) retrieved from /opt/airflow/dags/querry_posgresql.py
[2023-03-23 06:40:40,510] {logging_mixin.py:109} INFO - [2023-03-23 06:40:40,508] {dag.py:2396} INFO - Sync 1 DAGs
[2023-03-23 06:40:40,592] {logging_mixin.py:109} INFO - [2023-03-23 06:40:40,592] {dag.py:2935} INFO - Setting next_dagrun for querry_postgres_v1.6 to None
[2023-03-23 06:40:40,618] {processor.py:171} INFO - Processing /opt/airflow/dags/querry_posgresql.py took 0.636 seconds
[2023-03-23 08:05:24,361] {processor.py:163} INFO - Started process (PID=7794) to work on /opt/airflow/dags/querry_posgresql.py
[2023-03-23 08:05:24,365] {processor.py:642} INFO - Processing file /opt/airflow/dags/querry_posgresql.py for tasks to queue
[2023-03-23 08:05:24,368] {logging_mixin.py:109} INFO - [2023-03-23 08:05:24,367] {dagbag.py:500} INFO - Filling up the DagBag from /opt/airflow/dags/querry_posgresql.py
[2023-03-23 08:05:24,534] {processor.py:654} INFO - DAG(s) dict_keys(['querry_postgres_v1.6']) retrieved from /opt/airflow/dags/querry_posgresql.py
[2023-03-23 08:05:24,567] {logging_mixin.py:109} INFO - [2023-03-23 08:05:24,567] {dag.py:2396} INFO - Sync 1 DAGs
[2023-03-23 08:05:24,629] {logging_mixin.py:109} INFO - [2023-03-23 08:05:24,628] {dag.py:2935} INFO - Setting next_dagrun for querry_postgres_v1.6 to None
[2023-03-23 08:05:24,650] {processor.py:171} INFO - Processing /opt/airflow/dags/querry_posgresql.py took 0.297 seconds
[2023-03-23 09:12:04,246] {processor.py:163} INFO - Started process (PID=7826) to work on /opt/airflow/dags/querry_posgresql.py
[2023-03-23 09:12:04,251] {processor.py:642} INFO - Processing file /opt/airflow/dags/querry_posgresql.py for tasks to queue
[2023-03-23 09:12:04,254] {logging_mixin.py:109} INFO - [2023-03-23 09:12:04,254] {dagbag.py:500} INFO - Filling up the DagBag from /opt/airflow/dags/querry_posgresql.py
[2023-03-23 09:12:04,583] {processor.py:654} INFO - DAG(s) dict_keys(['querry_postgres_v1.6']) retrieved from /opt/airflow/dags/querry_posgresql.py
[2023-03-23 09:12:04,640] {logging_mixin.py:109} INFO - [2023-03-23 09:12:04,639] {dag.py:2396} INFO - Sync 1 DAGs
[2023-03-23 09:12:04,740] {logging_mixin.py:109} INFO - [2023-03-23 09:12:04,739] {dag.py:2935} INFO - Setting next_dagrun for querry_postgres_v1.6 to None
[2023-03-23 09:12:04,784] {processor.py:171} INFO - Processing /opt/airflow/dags/querry_posgresql.py took 0.550 seconds
[2023-03-23 10:19:03,074] {processor.py:163} INFO - Started process (PID=7857) to work on /opt/airflow/dags/querry_posgresql.py
[2023-03-23 10:19:03,079] {processor.py:642} INFO - Processing file /opt/airflow/dags/querry_posgresql.py for tasks to queue
[2023-03-23 10:19:03,082] {logging_mixin.py:109} INFO - [2023-03-23 10:19:03,081] {dagbag.py:500} INFO - Filling up the DagBag from /opt/airflow/dags/querry_posgresql.py
[2023-03-23 10:19:03,230] {processor.py:654} INFO - DAG(s) dict_keys(['querry_postgres_v1.6']) retrieved from /opt/airflow/dags/querry_posgresql.py
[2023-03-23 10:19:03,263] {logging_mixin.py:109} INFO - [2023-03-23 10:19:03,263] {dag.py:2396} INFO - Sync 1 DAGs
[2023-03-23 10:19:03,314] {logging_mixin.py:109} INFO - [2023-03-23 10:19:03,314] {dag.py:2935} INFO - Setting next_dagrun for querry_postgres_v1.6 to None
[2023-03-23 10:19:03,335] {processor.py:171} INFO - Processing /opt/airflow/dags/querry_posgresql.py took 0.270 seconds
[2023-03-23 10:55:21,073] {processor.py:163} INFO - Started process (PID=7889) to work on /opt/airflow/dags/querry_posgresql.py
[2023-03-23 10:55:21,079] {processor.py:642} INFO - Processing file /opt/airflow/dags/querry_posgresql.py for tasks to queue
[2023-03-23 10:55:21,092] {logging_mixin.py:109} INFO - [2023-03-23 10:55:21,089] {dagbag.py:500} INFO - Filling up the DagBag from /opt/airflow/dags/querry_posgresql.py
[2023-03-23 10:55:21,326] {processor.py:654} INFO - DAG(s) dict_keys(['querry_postgres_v1.6']) retrieved from /opt/airflow/dags/querry_posgresql.py
[2023-03-23 10:55:21,404] {logging_mixin.py:109} INFO - [2023-03-23 10:55:21,403] {dag.py:2396} INFO - Sync 1 DAGs
[2023-03-23 10:55:21,462] {logging_mixin.py:109} INFO - [2023-03-23 10:55:21,462] {dag.py:2935} INFO - Setting next_dagrun for querry_postgres_v1.6 to None
[2023-03-23 10:55:21,489] {processor.py:171} INFO - Processing /opt/airflow/dags/querry_posgresql.py took 0.429 seconds
[2023-03-23 10:55:52,656] {processor.py:163} INFO - Started process (PID=7920) to work on /opt/airflow/dags/querry_posgresql.py
[2023-03-23 10:55:52,662] {processor.py:642} INFO - Processing file /opt/airflow/dags/querry_posgresql.py for tasks to queue
[2023-03-23 10:55:52,665] {logging_mixin.py:109} INFO - [2023-03-23 10:55:52,665] {dagbag.py:500} INFO - Filling up the DagBag from /opt/airflow/dags/querry_posgresql.py
[2023-03-23 10:55:52,828] {processor.py:654} INFO - DAG(s) dict_keys(['querry_postgres_v1.6']) retrieved from /opt/airflow/dags/querry_posgresql.py
[2023-03-23 10:55:52,862] {logging_mixin.py:109} INFO - [2023-03-23 10:55:52,861] {dag.py:2396} INFO - Sync 1 DAGs
[2023-03-23 10:55:52,914] {logging_mixin.py:109} INFO - [2023-03-23 10:55:52,914] {dag.py:2935} INFO - Setting next_dagrun for querry_postgres_v1.6 to None
[2023-03-23 10:55:52,937] {processor.py:171} INFO - Processing /opt/airflow/dags/querry_posgresql.py took 0.290 seconds
[2023-03-23 10:56:23,629] {processor.py:163} INFO - Started process (PID=7952) to work on /opt/airflow/dags/querry_posgresql.py
[2023-03-23 10:56:23,633] {processor.py:642} INFO - Processing file /opt/airflow/dags/querry_posgresql.py for tasks to queue
[2023-03-23 10:56:23,635] {logging_mixin.py:109} INFO - [2023-03-23 10:56:23,635] {dagbag.py:500} INFO - Filling up the DagBag from /opt/airflow/dags/querry_posgresql.py
[2023-03-23 10:56:23,775] {processor.py:654} INFO - DAG(s) dict_keys(['querry_postgres_v1.6']) retrieved from /opt/airflow/dags/querry_posgresql.py
[2023-03-23 10:56:23,808] {logging_mixin.py:109} INFO - [2023-03-23 10:56:23,807] {dag.py:2396} INFO - Sync 1 DAGs
[2023-03-23 10:56:23,859] {logging_mixin.py:109} INFO - [2023-03-23 10:56:23,859] {dag.py:2935} INFO - Setting next_dagrun for querry_postgres_v1.6 to None
[2023-03-23 10:56:23,884] {processor.py:171} INFO - Processing /opt/airflow/dags/querry_posgresql.py took 0.263 seconds
[2023-03-23 10:56:54,947] {processor.py:163} INFO - Started process (PID=7984) to work on /opt/airflow/dags/querry_posgresql.py
[2023-03-23 10:56:54,953] {processor.py:642} INFO - Processing file /opt/airflow/dags/querry_posgresql.py for tasks to queue
[2023-03-23 10:56:54,956] {logging_mixin.py:109} INFO - [2023-03-23 10:56:54,956] {dagbag.py:500} INFO - Filling up the DagBag from /opt/airflow/dags/querry_posgresql.py
[2023-03-23 10:56:55,123] {processor.py:654} INFO - DAG(s) dict_keys(['querry_postgres_v1.6']) retrieved from /opt/airflow/dags/querry_posgresql.py
[2023-03-23 10:56:55,159] {logging_mixin.py:109} INFO - [2023-03-23 10:56:55,158] {dag.py:2396} INFO - Sync 1 DAGs
[2023-03-23 10:56:55,214] {logging_mixin.py:109} INFO - [2023-03-23 10:56:55,213] {dag.py:2935} INFO - Setting next_dagrun for querry_postgres_v1.6 to None
[2023-03-23 10:56:55,238] {processor.py:171} INFO - Processing /opt/airflow/dags/querry_posgresql.py took 0.306 seconds
[2023-03-23 10:57:26,110] {processor.py:163} INFO - Started process (PID=8016) to work on /opt/airflow/dags/querry_posgresql.py
[2023-03-23 10:57:26,115] {processor.py:642} INFO - Processing file /opt/airflow/dags/querry_posgresql.py for tasks to queue
[2023-03-23 10:57:26,117] {logging_mixin.py:109} INFO - [2023-03-23 10:57:26,117] {dagbag.py:500} INFO - Filling up the DagBag from /opt/airflow/dags/querry_posgresql.py
[2023-03-23 10:57:26,265] {processor.py:654} INFO - DAG(s) dict_keys(['querry_postgres_v1.6']) retrieved from /opt/airflow/dags/querry_posgresql.py
[2023-03-23 10:57:26,299] {logging_mixin.py:109} INFO - [2023-03-23 10:57:26,299] {dag.py:2396} INFO - Sync 1 DAGs
[2023-03-23 10:57:26,352] {logging_mixin.py:109} INFO - [2023-03-23 10:57:26,351] {dag.py:2935} INFO - Setting next_dagrun for querry_postgres_v1.6 to None
[2023-03-23 10:57:26,373] {processor.py:171} INFO - Processing /opt/airflow/dags/querry_posgresql.py took 0.271 seconds
[2023-03-23 10:57:57,225] {processor.py:163} INFO - Started process (PID=8048) to work on /opt/airflow/dags/querry_posgresql.py
[2023-03-23 10:57:57,229] {processor.py:642} INFO - Processing file /opt/airflow/dags/querry_posgresql.py for tasks to queue
[2023-03-23 10:57:57,232] {logging_mixin.py:109} INFO - [2023-03-23 10:57:57,232] {dagbag.py:500} INFO - Filling up the DagBag from /opt/airflow/dags/querry_posgresql.py
[2023-03-23 10:57:57,380] {processor.py:654} INFO - DAG(s) dict_keys(['querry_postgres_v1.6']) retrieved from /opt/airflow/dags/querry_posgresql.py
[2023-03-23 10:57:57,413] {logging_mixin.py:109} INFO - [2023-03-23 10:57:57,413] {dag.py:2396} INFO - Sync 1 DAGs
[2023-03-23 10:57:57,469] {logging_mixin.py:109} INFO - [2023-03-23 10:57:57,469] {dag.py:2935} INFO - Setting next_dagrun for querry_postgres_v1.6 to None
[2023-03-23 10:57:57,493] {processor.py:171} INFO - Processing /opt/airflow/dags/querry_posgresql.py took 0.278 seconds
[2023-03-23 10:58:28,303] {processor.py:163} INFO - Started process (PID=8080) to work on /opt/airflow/dags/querry_posgresql.py
[2023-03-23 10:58:28,308] {processor.py:642} INFO - Processing file /opt/airflow/dags/querry_posgresql.py for tasks to queue
[2023-03-23 10:58:28,311] {logging_mixin.py:109} INFO - [2023-03-23 10:58:28,310] {dagbag.py:500} INFO - Filling up the DagBag from /opt/airflow/dags/querry_posgresql.py
[2023-03-23 10:58:28,441] {processor.py:654} INFO - DAG(s) dict_keys(['querry_postgres_v1.6']) retrieved from /opt/airflow/dags/querry_posgresql.py
[2023-03-23 10:58:28,471] {logging_mixin.py:109} INFO - [2023-03-23 10:58:28,471] {dag.py:2396} INFO - Sync 1 DAGs
[2023-03-23 10:58:28,519] {logging_mixin.py:109} INFO - [2023-03-23 10:58:28,518] {dag.py:2935} INFO - Setting next_dagrun for querry_postgres_v1.6 to None
[2023-03-23 10:58:28,539] {processor.py:171} INFO - Processing /opt/airflow/dags/querry_posgresql.py took 0.247 seconds
[2023-03-23 10:58:59,586] {processor.py:163} INFO - Started process (PID=8112) to work on /opt/airflow/dags/querry_posgresql.py
[2023-03-23 10:58:59,590] {processor.py:642} INFO - Processing file /opt/airflow/dags/querry_posgresql.py for tasks to queue
[2023-03-23 10:58:59,592] {logging_mixin.py:109} INFO - [2023-03-23 10:58:59,592] {dagbag.py:500} INFO - Filling up the DagBag from /opt/airflow/dags/querry_posgresql.py
[2023-03-23 10:58:59,750] {processor.py:654} INFO - DAG(s) dict_keys(['querry_postgres_v1.6']) retrieved from /opt/airflow/dags/querry_posgresql.py
[2023-03-23 10:58:59,811] {logging_mixin.py:109} INFO - [2023-03-23 10:58:59,811] {dag.py:2396} INFO - Sync 1 DAGs
[2023-03-23 10:58:59,865] {logging_mixin.py:109} INFO - [2023-03-23 10:58:59,864] {dag.py:2935} INFO - Setting next_dagrun for querry_postgres_v1.6 to None
[2023-03-23 10:58:59,888] {processor.py:171} INFO - Processing /opt/airflow/dags/querry_posgresql.py took 0.312 seconds
[2023-03-23 10:59:30,084] {processor.py:163} INFO - Started process (PID=8144) to work on /opt/airflow/dags/querry_posgresql.py
[2023-03-23 10:59:30,088] {processor.py:642} INFO - Processing file /opt/airflow/dags/querry_posgresql.py for tasks to queue
[2023-03-23 10:59:30,090] {logging_mixin.py:109} INFO - [2023-03-23 10:59:30,090] {dagbag.py:500} INFO - Filling up the DagBag from /opt/airflow/dags/querry_posgresql.py
[2023-03-23 10:59:30,219] {processor.py:654} INFO - DAG(s) dict_keys(['querry_postgres_v1.6']) retrieved from /opt/airflow/dags/querry_posgresql.py
[2023-03-23 10:59:30,249] {logging_mixin.py:109} INFO - [2023-03-23 10:59:30,249] {dag.py:2396} INFO - Sync 1 DAGs
[2023-03-23 10:59:30,297] {logging_mixin.py:109} INFO - [2023-03-23 10:59:30,297] {dag.py:2935} INFO - Setting next_dagrun for querry_postgres_v1.6 to None
[2023-03-23 10:59:30,317] {processor.py:171} INFO - Processing /opt/airflow/dags/querry_posgresql.py took 0.242 seconds
[2023-03-23 11:00:00,610] {processor.py:163} INFO - Started process (PID=8176) to work on /opt/airflow/dags/querry_posgresql.py
[2023-03-23 11:00:00,615] {processor.py:642} INFO - Processing file /opt/airflow/dags/querry_posgresql.py for tasks to queue
[2023-03-23 11:00:00,617] {logging_mixin.py:109} INFO - [2023-03-23 11:00:00,617] {dagbag.py:500} INFO - Filling up the DagBag from /opt/airflow/dags/querry_posgresql.py
[2023-03-23 11:00:00,763] {processor.py:654} INFO - DAG(s) dict_keys(['querry_postgres_v1.6']) retrieved from /opt/airflow/dags/querry_posgresql.py
[2023-03-23 11:00:00,798] {logging_mixin.py:109} INFO - [2023-03-23 11:00:00,798] {dag.py:2396} INFO - Sync 1 DAGs
[2023-03-23 11:00:00,855] {logging_mixin.py:109} INFO - [2023-03-23 11:00:00,855] {dag.py:2935} INFO - Setting next_dagrun for querry_postgres_v1.6 to None
[2023-03-23 11:00:00,878] {processor.py:171} INFO - Processing /opt/airflow/dags/querry_posgresql.py took 0.276 seconds
[2023-03-23 11:00:31,153] {processor.py:163} INFO - Started process (PID=8208) to work on /opt/airflow/dags/querry_posgresql.py
[2023-03-23 11:00:31,158] {processor.py:642} INFO - Processing file /opt/airflow/dags/querry_posgresql.py for tasks to queue
[2023-03-23 11:00:31,160] {logging_mixin.py:109} INFO - [2023-03-23 11:00:31,160] {dagbag.py:500} INFO - Filling up the DagBag from /opt/airflow/dags/querry_posgresql.py
[2023-03-23 11:00:31,288] {processor.py:654} INFO - DAG(s) dict_keys(['querry_postgres_v1.6']) retrieved from /opt/airflow/dags/querry_posgresql.py
[2023-03-23 11:00:31,320] {logging_mixin.py:109} INFO - [2023-03-23 11:00:31,319] {dag.py:2396} INFO - Sync 1 DAGs
[2023-03-23 11:00:31,374] {logging_mixin.py:109} INFO - [2023-03-23 11:00:31,373] {dag.py:2935} INFO - Setting next_dagrun for querry_postgres_v1.6 to None
[2023-03-23 11:00:31,394] {processor.py:171} INFO - Processing /opt/airflow/dags/querry_posgresql.py took 0.249 seconds
