[2023-03-19T06:09:02.832+0000] {taskinstance.py:1084} INFO - Dependencies all met for dep_context=non-requeueable deps ti=<TaskInstance: our_first_dag_v5.thrid_task scheduled__2021-09-04T00:00:00+00:00 [queued]>
[2023-03-19T06:09:02.846+0000] {taskinstance.py:1084} INFO - Dependencies all met for dep_context=requeueable deps ti=<TaskInstance: our_first_dag_v5.thrid_task scheduled__2021-09-04T00:00:00+00:00 [queued]>
[2023-03-19T06:09:02.848+0000] {taskinstance.py:1282} INFO - 
--------------------------------------------------------------------------------
[2023-03-19T06:09:02.849+0000] {taskinstance.py:1283} INFO - Starting attempt 1 of 6
[2023-03-19T06:09:02.850+0000] {taskinstance.py:1284} INFO - 
--------------------------------------------------------------------------------
[2023-03-19T06:09:02.863+0000] {taskinstance.py:1303} INFO - Executing <Task(BashOperator): thrid_task> on 2021-09-04 00:00:00+00:00
[2023-03-19T06:09:02.870+0000] {standard_task_runner.py:55} INFO - Started process 607 to run task
[2023-03-19T06:09:02.883+0000] {standard_task_runner.py:82} INFO - Running: ['***', 'tasks', 'run', 'our_first_dag_v5', 'thrid_task', 'scheduled__2021-09-04T00:00:00+00:00', '--job-id', '114', '--raw', '--subdir', 'DAGS_FOLDER/our_second_dags.py', '--cfg-path', '/tmp/tmpekwqc7s2']
[2023-03-19T06:09:02.885+0000] {standard_task_runner.py:83} INFO - Job 114: Subtask thrid_task
[2023-03-19T06:09:02.973+0000] {task_command.py:388} INFO - Running <TaskInstance: our_first_dag_v5.thrid_task scheduled__2021-09-04T00:00:00+00:00 [running]> on host 837d6aa6fa25
[2023-03-19T06:09:03.068+0000] {taskinstance.py:1511} INFO - Exporting the following env vars:
AIRFLOW_CTX_DAG_OWNER=coder2j
AIRFLOW_CTX_DAG_ID=our_first_dag_v5
AIRFLOW_CTX_TASK_ID=thrid_task
AIRFLOW_CTX_EXECUTION_DATE=2021-09-04T00:00:00+00:00
AIRFLOW_CTX_TRY_NUMBER=1
AIRFLOW_CTX_DAG_RUN_ID=scheduled__2021-09-04T00:00:00+00:00
[2023-03-19T06:09:03.070+0000] {subprocess.py:63} INFO - Tmp dir root location: 
 /tmp
[2023-03-19T06:09:03.072+0000] {subprocess.py:75} INFO - Running command: ['/bin/bash', '-c', 'echo hey, I am task3 and will be running after task1 at the same time as task2!']
[2023-03-19T06:09:03.082+0000] {subprocess.py:86} INFO - Output:
[2023-03-19T06:09:03.085+0000] {subprocess.py:93} INFO - hey, I am task3 and will be running after task1 at the same time as task2!
[2023-03-19T06:09:03.089+0000] {subprocess.py:97} INFO - Command exited with return code 0
[2023-03-19T06:09:03.128+0000] {taskinstance.py:1326} INFO - Marking task as SUCCESS. dag_id=our_first_dag_v5, task_id=thrid_task, execution_date=20210904T000000, start_date=20230319T060902, end_date=20230319T060903
[2023-03-19T06:09:03.171+0000] {local_task_job.py:212} INFO - Task exited with return code 0
[2023-03-19T06:09:03.198+0000] {taskinstance.py:2585} INFO - 0 downstream tasks scheduled from follow-on schedule check
