[2023-03-20 16:20:38,092] {taskinstance.py:1032} INFO - Dependencies all met for <TaskInstance: to_posgrest_v4.5.create_postgres_table_user manual__2023-03-20T16:20:18.485887+00:00 [queued]>
[2023-03-20 16:20:38,137] {taskinstance.py:1032} INFO - Dependencies all met for <TaskInstance: to_posgrest_v4.5.create_postgres_table_user manual__2023-03-20T16:20:18.485887+00:00 [queued]>
[2023-03-20 16:20:38,141] {taskinstance.py:1238} INFO - 
--------------------------------------------------------------------------------
[2023-03-20 16:20:38,142] {taskinstance.py:1239} INFO - Starting attempt 1 of 2
[2023-03-20 16:20:38,144] {taskinstance.py:1240} INFO - 
--------------------------------------------------------------------------------
[2023-03-20 16:20:38,214] {taskinstance.py:1259} INFO - Executing <Task(PostgresOperator): create_postgres_table_user> on 2023-03-20 16:20:18.485887+00:00
[2023-03-20 16:20:38,223] {standard_task_runner.py:52} INFO - Started process 13966 to run task
[2023-03-20 16:20:38,234] {standard_task_runner.py:76} INFO - Running: ['***', 'tasks', 'run', 'to_posgrest_v4.5', 'create_postgres_table_user', 'manual__2023-03-20T16:20:18.485887+00:00', '--job-id', '111', '--raw', '--subdir', 'DAGS_FOLDER/to_postgresql.py', '--cfg-path', '/tmp/tmpwnhg7sto', '--error-file', '/tmp/tmpb8vghgp9']
[2023-03-20 16:20:38,237] {standard_task_runner.py:77} INFO - Job 111: Subtask create_postgres_table_user
[2023-03-20 16:20:38,597] {logging_mixin.py:109} INFO - Running <TaskInstance: to_posgrest_v4.5.create_postgres_table_user manual__2023-03-20T16:20:18.485887+00:00 [running]> on host 0b4cdb459521
[2023-03-20 16:20:38,950] {taskinstance.py:1426} INFO - Exporting the following env vars:
AIRFLOW_CTX_DAG_OWNER=sakabuana31
AIRFLOW_CTX_DAG_ID=to_posgrest_v4.5
AIRFLOW_CTX_TASK_ID=create_postgres_table_user
AIRFLOW_CTX_EXECUTION_DATE=2023-03-20T16:20:18.485887+00:00
AIRFLOW_CTX_DAG_RUN_ID=manual__2023-03-20T16:20:18.485887+00:00
[2023-03-20 16:20:39,048] {base.py:79} INFO - Using connection to: id: postgres_localhost. Host: host.docker.internal, Port: 5432, Schema: final, Login: ***, Password: ***, extra: {}
[2023-03-20 16:20:39,132] {dbapi.py:225} INFO - Running statement: 
            create table if not exists user1 (
                user_id text PRIMARY KEY,
                name text,
                review_count text,
                useful int,
                funny int,
                cool int,
                elite text,
                friends text,
                fans text,
                average_stars float,
                yelping_since_values date
            ) 
        , parameters: None
[2023-03-20 16:20:39,270] {taskinstance.py:1277} INFO - Marking task as SUCCESS. dag_id=to_posgrest_v4.5, task_id=create_postgres_table_user, execution_date=20230320T162018, start_date=20230320T162038, end_date=20230320T162039
[2023-03-20 16:20:39,336] {local_task_job.py:154} INFO - Task exited with return code 0
[2023-03-20 16:20:39,581] {local_task_job.py:264} INFO - 1 downstream tasks scheduled from follow-on schedule check
