[2023-03-19T06:08:43.913+0000] {taskinstance.py:1084} INFO - Dependencies all met for dep_context=non-requeueable deps ti=<TaskInstance: our_first_dag_v5.thrid_task scheduled__2021-08-05T00:00:00+00:00 [queued]>
[2023-03-19T06:08:43.989+0000] {taskinstance.py:1084} INFO - Dependencies all met for dep_context=requeueable deps ti=<TaskInstance: our_first_dag_v5.thrid_task scheduled__2021-08-05T00:00:00+00:00 [queued]>
[2023-03-19T06:08:43.990+0000] {taskinstance.py:1282} INFO - 
--------------------------------------------------------------------------------
[2023-03-19T06:08:43.990+0000] {taskinstance.py:1283} INFO - Starting attempt 1 of 6
[2023-03-19T06:08:43.991+0000] {taskinstance.py:1284} INFO - 
--------------------------------------------------------------------------------
[2023-03-19T06:08:44.235+0000] {taskinstance.py:1303} INFO - Executing <Task(BashOperator): thrid_task> on 2021-08-05 00:00:00+00:00
[2023-03-19T06:08:44.273+0000] {standard_task_runner.py:55} INFO - Started process 345 to run task
[2023-03-19T06:08:44.297+0000] {standard_task_runner.py:82} INFO - Running: ['***', 'tasks', 'run', 'our_first_dag_v5', 'thrid_task', 'scheduled__2021-08-05T00:00:00+00:00', '--job-id', '31', '--raw', '--subdir', 'DAGS_FOLDER/our_second_dags.py', '--cfg-path', '/tmp/tmpyfp0ssql']
[2023-03-19T06:08:44.318+0000] {standard_task_runner.py:83} INFO - Job 31: Subtask thrid_task
[2023-03-19T06:08:44.595+0000] {task_command.py:388} INFO - Running <TaskInstance: our_first_dag_v5.thrid_task scheduled__2021-08-05T00:00:00+00:00 [running]> on host 837d6aa6fa25
[2023-03-19T06:08:44.850+0000] {taskinstance.py:1511} INFO - Exporting the following env vars:
AIRFLOW_CTX_DAG_OWNER=coder2j
AIRFLOW_CTX_DAG_ID=our_first_dag_v5
AIRFLOW_CTX_TASK_ID=thrid_task
AIRFLOW_CTX_EXECUTION_DATE=2021-08-05T00:00:00+00:00
AIRFLOW_CTX_TRY_NUMBER=1
AIRFLOW_CTX_DAG_RUN_ID=scheduled__2021-08-05T00:00:00+00:00
[2023-03-19T06:08:44.855+0000] {subprocess.py:63} INFO - Tmp dir root location: 
 /tmp
[2023-03-19T06:08:44.863+0000] {subprocess.py:75} INFO - Running command: ['/bin/bash', '-c', 'echo hey, I am task3 and will be running after task1 at the same time as task2!']
[2023-03-19T06:08:44.895+0000] {subprocess.py:86} INFO - Output:
[2023-03-19T06:08:44.903+0000] {subprocess.py:93} INFO - hey, I am task3 and will be running after task1 at the same time as task2!
[2023-03-19T06:08:44.930+0000] {subprocess.py:97} INFO - Command exited with return code 0
[2023-03-19T06:08:45.004+0000] {taskinstance.py:1326} INFO - Marking task as SUCCESS. dag_id=our_first_dag_v5, task_id=thrid_task, execution_date=20210805T000000, start_date=20230319T060843, end_date=20230319T060845
[2023-03-19T06:08:45.099+0000] {local_task_job.py:212} INFO - Task exited with return code 0
[2023-03-19T06:08:45.141+0000] {taskinstance.py:2585} INFO - 0 downstream tasks scheduled from follow-on schedule check
