[2023-03-21 05:35:48,931] {taskinstance.py:1032} INFO - Dependencies all met for <TaskInstance: querry_postgres_v1.1.insert_querry_postgres_table manual__2023-03-21T03:55:38.740065+00:00 [queued]>
[2023-03-21 05:35:49,034] {taskinstance.py:1032} INFO - Dependencies all met for <TaskInstance: querry_postgres_v1.1.insert_querry_postgres_table manual__2023-03-21T03:55:38.740065+00:00 [queued]>
[2023-03-21 05:35:49,038] {taskinstance.py:1238} INFO - 
--------------------------------------------------------------------------------
[2023-03-21 05:35:49,046] {taskinstance.py:1239} INFO - Starting attempt 4 of 5
[2023-03-21 05:35:49,050] {taskinstance.py:1240} INFO - 
--------------------------------------------------------------------------------
[2023-03-21 05:35:49,129] {taskinstance.py:1259} INFO - Executing <Task(PostgresOperator): insert_querry_postgres_table> on 2023-03-21 03:55:38.740065+00:00
[2023-03-21 05:35:49,136] {standard_task_runner.py:52} INFO - Started process 32179 to run task
[2023-03-21 05:35:49,144] {standard_task_runner.py:76} INFO - Running: ['***', 'tasks', 'run', 'querry_postgres_v1.1', 'insert_querry_postgres_table', 'manual__2023-03-21T03:55:38.740065+00:00', '--job-id', '250', '--raw', '--subdir', 'DAGS_FOLDER/querry_posgresql.py', '--cfg-path', '/tmp/tmpq5fjt3s8', '--error-file', '/tmp/tmp84wtpamy']
[2023-03-21 05:35:49,147] {standard_task_runner.py:77} INFO - Job 250: Subtask insert_querry_postgres_table
[2023-03-21 05:35:49,482] {logging_mixin.py:109} INFO - Running <TaskInstance: querry_postgres_v1.1.insert_querry_postgres_table manual__2023-03-21T03:55:38.740065+00:00 [running]> on host 0b4cdb459521
[2023-03-21 05:35:49,798] {taskinstance.py:1426} INFO - Exporting the following env vars:
AIRFLOW_CTX_DAG_OWNER=sakabuana31
AIRFLOW_CTX_DAG_ID=querry_postgres_v1.1
AIRFLOW_CTX_TASK_ID=insert_querry_postgres_table
AIRFLOW_CTX_EXECUTION_DATE=2023-03-21T03:55:38.740065+00:00
AIRFLOW_CTX_DAG_RUN_ID=manual__2023-03-21T03:55:38.740065+00:00
[2023-03-21 05:35:49,878] {base.py:79} INFO - Using connection to: id: postgres_localhost. Host: host.docker.internal, Port: 5432, Schema: final, Login: ***, Password: ***, extra: {}
[2023-03-21 05:35:49,979] {dbapi.py:225} INFO - Running statement: 
            INSERT INTO serving_table (date, status_temp, status_preci, business_id, business_name, stars, date_values)
            SELECT review.date_values, temperature.status_temp, precipitation.status_preci, review.business_id, business.name, review.stars, review.date_values
            FROM review
            LEFT JOIN precipitation ON (review.date_values = precipitation.date)
            LEFT JOIN temperature ON (review.date_values = temperature.date)
        , parameters: None
[2023-03-21 05:35:49,989] {taskinstance.py:1700} ERROR - Task failed with exception
Traceback (most recent call last):
  File "/home/airflow/.local/lib/python3.7/site-packages/airflow/models/taskinstance.py", line 1329, in _run_raw_task
    self._execute_task_with_callbacks(context)
  File "/home/airflow/.local/lib/python3.7/site-packages/airflow/models/taskinstance.py", line 1455, in _execute_task_with_callbacks
    result = self._execute_task(context, self.task)
  File "/home/airflow/.local/lib/python3.7/site-packages/airflow/models/taskinstance.py", line 1511, in _execute_task
    result = execute_callable(context=context)
  File "/home/airflow/.local/lib/python3.7/site-packages/airflow/providers/postgres/operators/postgres.py", line 69, in execute
    self.hook.run(self.sql, self.autocommit, parameters=self.parameters)
  File "/home/airflow/.local/lib/python3.7/site-packages/airflow/hooks/dbapi.py", line 205, in run
    self._run_command(cur, sql_statement, parameters)
  File "/home/airflow/.local/lib/python3.7/site-packages/airflow/hooks/dbapi.py", line 229, in _run_command
    cur.execute(sql_statement)
psycopg2.errors.UndefinedTable: missing FROM-clause entry for table "business"
LINE 3: ..., precipitation.status_preci, review.business_id, business.n...
                                                             ^

[2023-03-21 05:35:50,102] {taskinstance.py:1277} INFO - Marking task as UP_FOR_RETRY. dag_id=querry_postgres_v1.1, task_id=insert_querry_postgres_table, execution_date=20230321T035538, start_date=20230321T053548, end_date=20230321T053550
[2023-03-21 05:35:50,146] {standard_task_runner.py:92} ERROR - Failed to execute job 250 for task insert_querry_postgres_table
Traceback (most recent call last):
  File "/home/airflow/.local/lib/python3.7/site-packages/airflow/task/task_runner/standard_task_runner.py", line 85, in _start_by_fork
    args.func(args, dag=self.dag)
  File "/home/airflow/.local/lib/python3.7/site-packages/airflow/cli/cli_parser.py", line 48, in command
    return func(*args, **kwargs)
  File "/home/airflow/.local/lib/python3.7/site-packages/airflow/utils/cli.py", line 92, in wrapper
    return f(*args, **kwargs)
  File "/home/airflow/.local/lib/python3.7/site-packages/airflow/cli/commands/task_command.py", line 298, in task_run
    _run_task_by_selected_method(args, dag, ti)
  File "/home/airflow/.local/lib/python3.7/site-packages/airflow/cli/commands/task_command.py", line 107, in _run_task_by_selected_method
    _run_raw_task(args, ti)
  File "/home/airflow/.local/lib/python3.7/site-packages/airflow/cli/commands/task_command.py", line 184, in _run_raw_task
    error_file=args.error_file,
  File "/home/airflow/.local/lib/python3.7/site-packages/airflow/utils/session.py", line 70, in wrapper
    return func(*args, session=session, **kwargs)
  File "/home/airflow/.local/lib/python3.7/site-packages/airflow/models/taskinstance.py", line 1329, in _run_raw_task
    self._execute_task_with_callbacks(context)
  File "/home/airflow/.local/lib/python3.7/site-packages/airflow/models/taskinstance.py", line 1455, in _execute_task_with_callbacks
    result = self._execute_task(context, self.task)
  File "/home/airflow/.local/lib/python3.7/site-packages/airflow/models/taskinstance.py", line 1511, in _execute_task
    result = execute_callable(context=context)
  File "/home/airflow/.local/lib/python3.7/site-packages/airflow/providers/postgres/operators/postgres.py", line 69, in execute
    self.hook.run(self.sql, self.autocommit, parameters=self.parameters)
  File "/home/airflow/.local/lib/python3.7/site-packages/airflow/hooks/dbapi.py", line 205, in run
    self._run_command(cur, sql_statement, parameters)
  File "/home/airflow/.local/lib/python3.7/site-packages/airflow/hooks/dbapi.py", line 229, in _run_command
    cur.execute(sql_statement)
psycopg2.errors.UndefinedTable: missing FROM-clause entry for table "business"
LINE 3: ..., precipitation.status_preci, review.business_id, business.n...
                                                             ^

[2023-03-21 05:35:50,190] {local_task_job.py:154} INFO - Task exited with return code 1
[2023-03-21 05:35:50,429] {local_task_job.py:264} INFO - 0 downstream tasks scheduled from follow-on schedule check
