[2023-03-20 14:31:28,043] {taskinstance.py:1032} INFO - Dependencies all met for <TaskInstance: to_posgrest_v4.read_and_load_temperature manual__2023-03-20T14:31:23.581271+00:00 [queued]>
[2023-03-20 14:31:28,081] {taskinstance.py:1032} INFO - Dependencies all met for <TaskInstance: to_posgrest_v4.read_and_load_temperature manual__2023-03-20T14:31:23.581271+00:00 [queued]>
[2023-03-20 14:31:28,082] {taskinstance.py:1238} INFO - 
--------------------------------------------------------------------------------
[2023-03-20 14:31:28,083] {taskinstance.py:1239} INFO - Starting attempt 1 of 2
[2023-03-20 14:31:28,083] {taskinstance.py:1240} INFO - 
--------------------------------------------------------------------------------
[2023-03-20 14:31:28,122] {taskinstance.py:1259} INFO - Executing <Task(PostgresOperator): read_and_load_temperature> on 2023-03-20 14:31:23.581271+00:00
[2023-03-20 14:31:28,129] {standard_task_runner.py:52} INFO - Started process 8982 to run task
[2023-03-20 14:31:28,136] {standard_task_runner.py:76} INFO - Running: ['***', 'tasks', 'run', 'to_posgrest_v4', 'read_and_load_temperature', 'manual__2023-03-20T14:31:23.581271+00:00', '--job-id', '42', '--raw', '--subdir', 'DAGS_FOLDER/to_postgresql.py', '--cfg-path', '/tmp/tmphioeg02g', '--error-file', '/tmp/tmpv_xsppe4']
[2023-03-20 14:31:28,139] {standard_task_runner.py:77} INFO - Job 42: Subtask read_and_load_temperature
[2023-03-20 14:31:28,426] {logging_mixin.py:109} INFO - Running <TaskInstance: to_posgrest_v4.read_and_load_temperature manual__2023-03-20T14:31:23.581271+00:00 [running]> on host 0b4cdb459521
[2023-03-20 14:31:28,760] {taskinstance.py:1426} INFO - Exporting the following env vars:
AIRFLOW_CTX_DAG_OWNER=sakabuana31
AIRFLOW_CTX_DAG_ID=to_posgrest_v4
AIRFLOW_CTX_TASK_ID=read_and_load_temperature
AIRFLOW_CTX_EXECUTION_DATE=2023-03-20T14:31:23.581271+00:00
AIRFLOW_CTX_DAG_RUN_ID=manual__2023-03-20T14:31:23.581271+00:00
[2023-03-20 14:31:28,843] {base.py:79} INFO - Using connection to: id: postgres_localhost. Host: host.docker.internal, Port: 5432, Schema: final, Login: ***, Password: ***, extra: {}
[2023-03-20 14:31:28,922] {dbapi.py:225} INFO - Running statement: 
            CREATE TEMPORARY TABLE temp_temperature (
                date DATE PRIMARY KEY,
                min DECIMAL(5, 2),
                max DECIMAL(5, 2),
                normal_min DECIMAL(5, 2),
                normal_max DECIMAL(5, 2),
                mean DECIMAL(5, 2),
                status_temp int
            );

            COPY temp_temperature FROM '/opt/***/data/output-csv/dataclean-temperature-lasvegas.csv' DELIMITER ',' CSV HEADER;
            INSERT INTO temperature (date, min, max, normal_min, normal_max, mean, status_temp)
            SELECT date, min, max, normal_min, normal_max, mean, status_temp
            FROM temp_temperature
            ON CONFLICT (date) DO NOTHING;
        , parameters: None
[2023-03-20 14:31:28,985] {dbapi.py:233} INFO - Rows affected: 0
[2023-03-20 14:31:29,083] {taskinstance.py:1277} INFO - Marking task as SUCCESS. dag_id=to_posgrest_v4, task_id=read_and_load_temperature, execution_date=20230320T143123, start_date=20230320T143128, end_date=20230320T143129
[2023-03-20 14:31:29,176] {local_task_job.py:154} INFO - Task exited with return code 0
[2023-03-20 14:31:29,400] {local_task_job.py:264} INFO - 1 downstream tasks scheduled from follow-on schedule check
