[2023-03-20 18:56:21,204] {taskinstance.py:1032} INFO - Dependencies all met for <TaskInstance: to_posgrest_v4.9.create_postgres_table_review manual__2023-03-20T18:55:41.290306+00:00 [queued]>
[2023-03-20 18:56:21,244] {taskinstance.py:1032} INFO - Dependencies all met for <TaskInstance: to_posgrest_v4.9.create_postgres_table_review manual__2023-03-20T18:55:41.290306+00:00 [queued]>
[2023-03-20 18:56:21,245] {taskinstance.py:1238} INFO - 
--------------------------------------------------------------------------------
[2023-03-20 18:56:21,245] {taskinstance.py:1239} INFO - Starting attempt 1 of 2
[2023-03-20 18:56:21,246] {taskinstance.py:1240} INFO - 
--------------------------------------------------------------------------------
[2023-03-20 18:56:21,283] {taskinstance.py:1259} INFO - Executing <Task(PostgresOperator): create_postgres_table_review> on 2023-03-20 18:55:41.290306+00:00
[2023-03-20 18:56:21,288] {standard_task_runner.py:52} INFO - Started process 22689 to run task
[2023-03-20 18:56:21,294] {standard_task_runner.py:76} INFO - Running: ['***', 'tasks', 'run', 'to_posgrest_v4.9', 'create_postgres_table_review', 'manual__2023-03-20T18:55:41.290306+00:00', '--job-id', '228', '--raw', '--subdir', 'DAGS_FOLDER/to_postgresql.py', '--cfg-path', '/tmp/tmpgqlcexp2', '--error-file', '/tmp/tmpm0q0hmxx']
[2023-03-20 18:56:21,296] {standard_task_runner.py:77} INFO - Job 228: Subtask create_postgres_table_review
[2023-03-20 18:56:21,647] {logging_mixin.py:109} INFO - Running <TaskInstance: to_posgrest_v4.9.create_postgres_table_review manual__2023-03-20T18:55:41.290306+00:00 [running]> on host 0b4cdb459521
[2023-03-20 18:56:21,968] {taskinstance.py:1426} INFO - Exporting the following env vars:
AIRFLOW_CTX_DAG_OWNER=sakabuana31
AIRFLOW_CTX_DAG_ID=to_posgrest_v4.9
AIRFLOW_CTX_TASK_ID=create_postgres_table_review
AIRFLOW_CTX_EXECUTION_DATE=2023-03-20T18:55:41.290306+00:00
AIRFLOW_CTX_DAG_RUN_ID=manual__2023-03-20T18:55:41.290306+00:00
[2023-03-20 18:56:22,053] {base.py:79} INFO - Using connection to: id: postgres_localhost. Host: host.docker.internal, Port: 5432, Schema: final, Login: ***, Password: ***, extra: {}
[2023-03-20 18:56:22,134] {dbapi.py:225} INFO - Running statement: 
            create table if not exists review (
                review_id text PRIMARY KEY,
                user_id text,
                business_id text,
                stars int,
                useful int,
                funny int,
                cool int,
                text text,
                date_values date
            ) 
        , parameters: None
[2023-03-20 18:56:22,140] {postgres.py:71} INFO - NOTICE:  relation "review" already exists, skipping

[2023-03-20 18:56:22,232] {taskinstance.py:1277} INFO - Marking task as SUCCESS. dag_id=to_posgrest_v4.9, task_id=create_postgres_table_review, execution_date=20230320T185541, start_date=20230320T185621, end_date=20230320T185622
[2023-03-20 18:56:22,294] {local_task_job.py:154} INFO - Task exited with return code 0
[2023-03-20 18:56:22,497] {local_task_job.py:264} INFO - 1 downstream tasks scheduled from follow-on schedule check
