[2023-03-19T06:09:31.440+0000] {taskinstance.py:1084} INFO - Dependencies all met for dep_context=non-requeueable deps ti=<TaskInstance: our_first_dag_v5.thrid_task scheduled__2021-10-22T00:00:00+00:00 [queued]>
[2023-03-19T06:09:31.524+0000] {taskinstance.py:1084} INFO - Dependencies all met for dep_context=requeueable deps ti=<TaskInstance: our_first_dag_v5.thrid_task scheduled__2021-10-22T00:00:00+00:00 [queued]>
[2023-03-19T06:09:31.526+0000] {taskinstance.py:1282} INFO - 
--------------------------------------------------------------------------------
[2023-03-19T06:09:31.536+0000] {taskinstance.py:1283} INFO - Starting attempt 1 of 6
[2023-03-19T06:09:31.553+0000] {taskinstance.py:1284} INFO - 
--------------------------------------------------------------------------------
[2023-03-19T06:09:31.704+0000] {taskinstance.py:1303} INFO - Executing <Task(BashOperator): thrid_task> on 2021-10-22 00:00:00+00:00
[2023-03-19T06:09:31.738+0000] {standard_task_runner.py:55} INFO - Started process 1059 to run task
[2023-03-19T06:09:31.756+0000] {standard_task_runner.py:82} INFO - Running: ['***', 'tasks', 'run', 'our_first_dag_v5', 'thrid_task', 'scheduled__2021-10-22T00:00:00+00:00', '--job-id', '259', '--raw', '--subdir', 'DAGS_FOLDER/our_first_dags.py', '--cfg-path', '/tmp/tmprd0y13ey']
[2023-03-19T06:09:31.781+0000] {standard_task_runner.py:83} INFO - Job 259: Subtask thrid_task
[2023-03-19T06:09:32.220+0000] {task_command.py:388} INFO - Running <TaskInstance: our_first_dag_v5.thrid_task scheduled__2021-10-22T00:00:00+00:00 [running]> on host 837d6aa6fa25
[2023-03-19T06:09:32.696+0000] {taskinstance.py:1511} INFO - Exporting the following env vars:
AIRFLOW_CTX_DAG_OWNER=coder2j
AIRFLOW_CTX_DAG_ID=our_first_dag_v5
AIRFLOW_CTX_TASK_ID=thrid_task
AIRFLOW_CTX_EXECUTION_DATE=2021-10-22T00:00:00+00:00
AIRFLOW_CTX_TRY_NUMBER=1
AIRFLOW_CTX_DAG_RUN_ID=scheduled__2021-10-22T00:00:00+00:00
[2023-03-19T06:09:32.700+0000] {subprocess.py:63} INFO - Tmp dir root location: 
 /tmp
[2023-03-19T06:09:32.703+0000] {subprocess.py:75} INFO - Running command: ['/bin/bash', '-c', 'echo hey, I am task3 and will be running after task1 at the same time as task2!']
[2023-03-19T06:09:32.718+0000] {subprocess.py:86} INFO - Output:
[2023-03-19T06:09:32.728+0000] {subprocess.py:93} INFO - hey, I am task3 and will be running after task1 at the same time as task2!
[2023-03-19T06:09:32.743+0000] {subprocess.py:97} INFO - Command exited with return code 0
[2023-03-19T06:09:32.817+0000] {taskinstance.py:1326} INFO - Marking task as SUCCESS. dag_id=our_first_dag_v5, task_id=thrid_task, execution_date=20211022T000000, start_date=20230319T060931, end_date=20230319T060932
[2023-03-19T06:09:32.923+0000] {local_task_job.py:212} INFO - Task exited with return code 0
[2023-03-19T06:09:33.022+0000] {taskinstance.py:2585} INFO - 0 downstream tasks scheduled from follow-on schedule check
