[2023-03-19T06:08:59.019+0000] {taskinstance.py:1084} INFO - Dependencies all met for dep_context=non-requeueable deps ti=<TaskInstance: our_first_dag_v5.thrid_task scheduled__2021-08-26T00:00:00+00:00 [queued]>
[2023-03-19T06:08:59.040+0000] {taskinstance.py:1084} INFO - Dependencies all met for dep_context=requeueable deps ti=<TaskInstance: our_first_dag_v5.thrid_task scheduled__2021-08-26T00:00:00+00:00 [queued]>
[2023-03-19T06:08:59.041+0000] {taskinstance.py:1282} INFO - 
--------------------------------------------------------------------------------
[2023-03-19T06:08:59.042+0000] {taskinstance.py:1283} INFO - Starting attempt 1 of 6
[2023-03-19T06:08:59.045+0000] {taskinstance.py:1284} INFO - 
--------------------------------------------------------------------------------
[2023-03-19T06:08:59.134+0000] {taskinstance.py:1303} INFO - Executing <Task(BashOperator): thrid_task> on 2021-08-26 00:00:00+00:00
[2023-03-19T06:08:59.141+0000] {standard_task_runner.py:55} INFO - Started process 541 to run task
[2023-03-19T06:08:59.171+0000] {standard_task_runner.py:82} INFO - Running: ['***', 'tasks', 'run', 'our_first_dag_v5', 'thrid_task', 'scheduled__2021-08-26T00:00:00+00:00', '--job-id', '94', '--raw', '--subdir', 'DAGS_FOLDER/our_second_dags.py', '--cfg-path', '/tmp/tmp0krqofbr']
[2023-03-19T06:08:59.179+0000] {standard_task_runner.py:83} INFO - Job 94: Subtask thrid_task
[2023-03-19T06:08:59.548+0000] {task_command.py:388} INFO - Running <TaskInstance: our_first_dag_v5.thrid_task scheduled__2021-08-26T00:00:00+00:00 [running]> on host 837d6aa6fa25
[2023-03-19T06:08:59.773+0000] {taskinstance.py:1511} INFO - Exporting the following env vars:
AIRFLOW_CTX_DAG_OWNER=coder2j
AIRFLOW_CTX_DAG_ID=our_first_dag_v5
AIRFLOW_CTX_TASK_ID=thrid_task
AIRFLOW_CTX_EXECUTION_DATE=2021-08-26T00:00:00+00:00
AIRFLOW_CTX_TRY_NUMBER=1
AIRFLOW_CTX_DAG_RUN_ID=scheduled__2021-08-26T00:00:00+00:00
[2023-03-19T06:08:59.783+0000] {subprocess.py:63} INFO - Tmp dir root location: 
 /tmp
[2023-03-19T06:08:59.784+0000] {subprocess.py:75} INFO - Running command: ['/bin/bash', '-c', 'echo hey, I am task3 and will be running after task1 at the same time as task2!']
[2023-03-19T06:08:59.880+0000] {subprocess.py:86} INFO - Output:
[2023-03-19T06:08:59.895+0000] {subprocess.py:93} INFO - hey, I am task3 and will be running after task1 at the same time as task2!
[2023-03-19T06:08:59.903+0000] {subprocess.py:97} INFO - Command exited with return code 0
[2023-03-19T06:09:00.072+0000] {taskinstance.py:1326} INFO - Marking task as SUCCESS. dag_id=our_first_dag_v5, task_id=thrid_task, execution_date=20210826T000000, start_date=20230319T060859, end_date=20230319T060900
[2023-03-19T06:09:00.175+0000] {local_task_job.py:212} INFO - Task exited with return code 0
[2023-03-19T06:09:00.241+0000] {taskinstance.py:2585} INFO - 0 downstream tasks scheduled from follow-on schedule check
