[2023-03-21 13:13:44,098] {taskinstance.py:1032} INFO - Dependencies all met for <TaskInstance: querry_postgres_v1.4.create_querry_postgres_table manual__2023-03-21T13:13:41.480553+00:00 [queued]>
[2023-03-21 13:13:44,135] {taskinstance.py:1032} INFO - Dependencies all met for <TaskInstance: querry_postgres_v1.4.create_querry_postgres_table manual__2023-03-21T13:13:41.480553+00:00 [queued]>
[2023-03-21 13:13:44,136] {taskinstance.py:1238} INFO - 
--------------------------------------------------------------------------------
[2023-03-21 13:13:44,137] {taskinstance.py:1239} INFO - Starting attempt 1 of 2
[2023-03-21 13:13:44,138] {taskinstance.py:1240} INFO - 
--------------------------------------------------------------------------------
[2023-03-21 13:13:44,175] {taskinstance.py:1259} INFO - Executing <Task(PostgresOperator): create_querry_postgres_table> on 2023-03-21 13:13:41.480553+00:00
[2023-03-21 13:13:44,186] {standard_task_runner.py:52} INFO - Started process 11945 to run task
[2023-03-21 13:13:44,194] {standard_task_runner.py:76} INFO - Running: ['***', 'tasks', 'run', 'querry_postgres_v1.4', 'create_querry_postgres_table', 'manual__2023-03-21T13:13:41.480553+00:00', '--job-id', '288', '--raw', '--subdir', 'DAGS_FOLDER/querry_posgresql.py', '--cfg-path', '/tmp/tmpij84i3t0', '--error-file', '/tmp/tmpo2nh0uas']
[2023-03-21 13:13:44,196] {standard_task_runner.py:77} INFO - Job 288: Subtask create_querry_postgres_table
[2023-03-21 13:13:44,506] {logging_mixin.py:109} INFO - Running <TaskInstance: querry_postgres_v1.4.create_querry_postgres_table manual__2023-03-21T13:13:41.480553+00:00 [running]> on host 0b4cdb459521
[2023-03-21 13:13:44,844] {taskinstance.py:1426} INFO - Exporting the following env vars:
AIRFLOW_CTX_DAG_OWNER=sakabuana31
AIRFLOW_CTX_DAG_ID=querry_postgres_v1.4
AIRFLOW_CTX_TASK_ID=create_querry_postgres_table
AIRFLOW_CTX_EXECUTION_DATE=2023-03-21T13:13:41.480553+00:00
AIRFLOW_CTX_DAG_RUN_ID=manual__2023-03-21T13:13:41.480553+00:00
[2023-03-21 13:13:44,926] {base.py:79} INFO - Using connection to: id: postgres_serving. Host: host.docker.internal, Port: 5432, Schema: serving, Login: ***, Password: ***, extra: {}
[2023-03-21 13:13:45,128] {dbapi.py:225} INFO - Running statement: 
            CREATE TABLE IF NOT EXISTS serving_table_review (
            date DATE,
            status_temp INT,
            status_preci INT,
            business_id TEXT,
            business_name TEXT,
            stars INT,
            date_values DATE
        );
        , parameters: None
[2023-03-21 13:13:45,137] {postgres.py:71} INFO - NOTICE:  relation "serving_table_review" already exists, skipping

[2023-03-21 13:13:45,235] {taskinstance.py:1277} INFO - Marking task as SUCCESS. dag_id=querry_postgres_v1.4, task_id=create_querry_postgres_table, execution_date=20230321T131341, start_date=20230321T131344, end_date=20230321T131345
[2023-03-21 13:13:45,326] {local_task_job.py:154} INFO - Task exited with return code 0
[2023-03-21 13:13:45,594] {local_task_job.py:264} INFO - 1 downstream tasks scheduled from follow-on schedule check
