[2023-03-20 14:17:54,208] {taskinstance.py:1032} INFO - Dependencies all met for <TaskInstance: to_posgrest_v3.4.create_postgres_table manual__2023-03-20T14:16:19.614864+00:00 [queued]>
[2023-03-20 14:17:54,243] {taskinstance.py:1032} INFO - Dependencies all met for <TaskInstance: to_posgrest_v3.4.create_postgres_table manual__2023-03-20T14:16:19.614864+00:00 [queued]>
[2023-03-20 14:17:54,245] {taskinstance.py:1238} INFO - 
--------------------------------------------------------------------------------
[2023-03-20 14:17:54,245] {taskinstance.py:1239} INFO - Starting attempt 2 of 3
[2023-03-20 14:17:54,246] {taskinstance.py:1240} INFO - 
--------------------------------------------------------------------------------
[2023-03-20 14:17:54,286] {taskinstance.py:1259} INFO - Executing <Task(PostgresOperator): create_postgres_table> on 2023-03-20 14:16:19.614864+00:00
[2023-03-20 14:17:54,291] {standard_task_runner.py:52} INFO - Started process 8279 to run task
[2023-03-20 14:17:54,298] {standard_task_runner.py:76} INFO - Running: ['***', 'tasks', 'run', 'to_posgrest_v3.4', 'create_postgres_table', 'manual__2023-03-20T14:16:19.614864+00:00', '--job-id', '39', '--raw', '--subdir', 'DAGS_FOLDER/to_postgresql.py', '--cfg-path', '/tmp/tmpqwwyahtp', '--error-file', '/tmp/tmp2wffagvs']
[2023-03-20 14:17:54,301] {standard_task_runner.py:77} INFO - Job 39: Subtask create_postgres_table
[2023-03-20 14:17:54,596] {logging_mixin.py:109} INFO - Running <TaskInstance: to_posgrest_v3.4.create_postgres_table manual__2023-03-20T14:16:19.614864+00:00 [running]> on host 0b4cdb459521
[2023-03-20 14:17:54,904] {taskinstance.py:1426} INFO - Exporting the following env vars:
AIRFLOW_CTX_DAG_OWNER=sakabuana31
AIRFLOW_CTX_DAG_ID=to_posgrest_v3.4
AIRFLOW_CTX_TASK_ID=create_postgres_table
AIRFLOW_CTX_EXECUTION_DATE=2023-03-20T14:16:19.614864+00:00
AIRFLOW_CTX_DAG_RUN_ID=manual__2023-03-20T14:16:19.614864+00:00
[2023-03-20 14:17:54,984] {base.py:79} INFO - Using connection to: id: postgres_localhost. Host: host.docker.internal, Port: 5432, Schema: final, Login: ***, Password: ***, extra: {}
[2023-03-20 14:17:55,065] {dbapi.py:225} INFO - Running statement: 
            create table if not exists temperature (
                date DATE PRIMARY KEY,
                min DECIMAL(5, 2),
                max DECIMAL(5, 2),
                normal_min DECIMAL(5, 2),
                normal_max DECIMAL(5, 2),
                mean DECIMAL(5, 2),
                status_temp int
            ) 
        , parameters: None
[2023-03-20 14:17:55,167] {taskinstance.py:1277} INFO - Marking task as SUCCESS. dag_id=to_posgrest_v3.4, task_id=create_postgres_table, execution_date=20230320T141619, start_date=20230320T141754, end_date=20230320T141755
[2023-03-20 14:17:55,227] {local_task_job.py:154} INFO - Task exited with return code 0
[2023-03-20 14:17:55,426] {local_task_job.py:264} INFO - 1 downstream tasks scheduled from follow-on schedule check
