[2023-03-19T06:09:22.026+0000] {taskinstance.py:1084} INFO - Dependencies all met for dep_context=non-requeueable deps ti=<TaskInstance: our_first_dag_v5.first_task scheduled__2021-10-11T00:00:00+00:00 [queued]>
[2023-03-19T06:09:22.056+0000] {taskinstance.py:1084} INFO - Dependencies all met for dep_context=requeueable deps ti=<TaskInstance: our_first_dag_v5.first_task scheduled__2021-10-11T00:00:00+00:00 [queued]>
[2023-03-19T06:09:22.058+0000] {taskinstance.py:1282} INFO - 
--------------------------------------------------------------------------------
[2023-03-19T06:09:22.077+0000] {taskinstance.py:1283} INFO - Starting attempt 1 of 6
[2023-03-19T06:09:22.084+0000] {taskinstance.py:1284} INFO - 
--------------------------------------------------------------------------------
[2023-03-19T06:09:22.156+0000] {taskinstance.py:1303} INFO - Executing <Task(BashOperator): first_task> on 2021-10-11 00:00:00+00:00
[2023-03-19T06:09:22.171+0000] {standard_task_runner.py:55} INFO - Started process 927 to run task
[2023-03-19T06:09:22.210+0000] {standard_task_runner.py:82} INFO - Running: ['***', 'tasks', 'run', 'our_first_dag_v5', 'first_task', 'scheduled__2021-10-11T00:00:00+00:00', '--job-id', '213', '--raw', '--subdir', 'DAGS_FOLDER/our_first_dags.py', '--cfg-path', '/tmp/tmpey2vx5wb']
[2023-03-19T06:09:22.220+0000] {standard_task_runner.py:83} INFO - Job 213: Subtask first_task
[2023-03-19T06:09:22.541+0000] {task_command.py:388} INFO - Running <TaskInstance: our_first_dag_v5.first_task scheduled__2021-10-11T00:00:00+00:00 [running]> on host 837d6aa6fa25
[2023-03-19T06:09:22.850+0000] {taskinstance.py:1511} INFO - Exporting the following env vars:
AIRFLOW_CTX_DAG_OWNER=coder2j
AIRFLOW_CTX_DAG_ID=our_first_dag_v5
AIRFLOW_CTX_TASK_ID=first_task
AIRFLOW_CTX_EXECUTION_DATE=2021-10-11T00:00:00+00:00
AIRFLOW_CTX_TRY_NUMBER=1
AIRFLOW_CTX_DAG_RUN_ID=scheduled__2021-10-11T00:00:00+00:00
[2023-03-19T06:09:22.852+0000] {subprocess.py:63} INFO - Tmp dir root location: 
 /tmp
[2023-03-19T06:09:22.857+0000] {subprocess.py:75} INFO - Running command: ['/bin/bash', '-c', 'echo hello world, this is the first task!']
[2023-03-19T06:09:22.874+0000] {subprocess.py:86} INFO - Output:
[2023-03-19T06:09:22.885+0000] {subprocess.py:93} INFO - hello world, this is the first task!
[2023-03-19T06:09:22.896+0000] {subprocess.py:97} INFO - Command exited with return code 0
[2023-03-19T06:09:22.990+0000] {taskinstance.py:1326} INFO - Marking task as SUCCESS. dag_id=our_first_dag_v5, task_id=first_task, execution_date=20211011T000000, start_date=20230319T060922, end_date=20230319T060922
[2023-03-19T06:09:23.114+0000] {local_task_job.py:212} INFO - Task exited with return code 0
[2023-03-19T06:09:23.226+0000] {taskinstance.py:2585} INFO - 2 downstream tasks scheduled from follow-on schedule check
