[2023-03-19T07:02:37.899+0000] {taskinstance.py:1084} INFO - Dependencies all met for dep_context=non-requeueable deps ti=<TaskInstance: our_first_dag_v6.first_task manual__2023-03-19T07:02:37.489603+00:00 [queued]>
[2023-03-19T07:02:37.908+0000] {taskinstance.py:1084} INFO - Dependencies all met for dep_context=requeueable deps ti=<TaskInstance: our_first_dag_v6.first_task manual__2023-03-19T07:02:37.489603+00:00 [queued]>
[2023-03-19T07:02:37.908+0000] {taskinstance.py:1282} INFO - 
--------------------------------------------------------------------------------
[2023-03-19T07:02:37.909+0000] {taskinstance.py:1283} INFO - Starting attempt 1 of 6
[2023-03-19T07:02:37.909+0000] {taskinstance.py:1284} INFO - 
--------------------------------------------------------------------------------
[2023-03-19T07:02:37.918+0000] {taskinstance.py:1303} INFO - Executing <Task(BashOperator): first_task> on 2023-03-19 07:02:37.489603+00:00
[2023-03-19T07:02:37.922+0000] {standard_task_runner.py:55} INFO - Started process 1027 to run task
[2023-03-19T07:02:37.927+0000] {standard_task_runner.py:82} INFO - Running: ['***', 'tasks', 'run', 'our_first_dag_v6', 'first_task', 'manual__2023-03-19T07:02:37.489603+00:00', '--job-id', '8', '--raw', '--subdir', 'DAGS_FOLDER/our_first_dag.py', '--cfg-path', '/tmp/tmpr1a6mez3']
[2023-03-19T07:02:37.929+0000] {standard_task_runner.py:83} INFO - Job 8: Subtask first_task
[2023-03-19T07:02:37.991+0000] {task_command.py:388} INFO - Running <TaskInstance: our_first_dag_v6.first_task manual__2023-03-19T07:02:37.489603+00:00 [running]> on host 3cb0dda0e5ae
[2023-03-19T07:02:38.055+0000] {taskinstance.py:1511} INFO - Exporting the following env vars:
AIRFLOW_CTX_DAG_OWNER=coder2j
AIRFLOW_CTX_DAG_ID=our_first_dag_v6
AIRFLOW_CTX_TASK_ID=first_task
AIRFLOW_CTX_EXECUTION_DATE=2023-03-19T07:02:37.489603+00:00
AIRFLOW_CTX_TRY_NUMBER=1
AIRFLOW_CTX_DAG_RUN_ID=manual__2023-03-19T07:02:37.489603+00:00
[2023-03-19T07:02:38.057+0000] {subprocess.py:63} INFO - Tmp dir root location: 
 /tmp
[2023-03-19T07:02:38.058+0000] {subprocess.py:75} INFO - Running command: ['/bin/bash', '-c', 'echo hello world, this is the first task!']
[2023-03-19T07:02:38.066+0000] {subprocess.py:86} INFO - Output:
[2023-03-19T07:02:38.071+0000] {subprocess.py:93} INFO - hello world, this is the first task!
[2023-03-19T07:02:38.071+0000] {subprocess.py:97} INFO - Command exited with return code 0
[2023-03-19T07:02:38.092+0000] {taskinstance.py:1326} INFO - Marking task as SUCCESS. dag_id=our_first_dag_v6, task_id=first_task, execution_date=20230319T070237, start_date=20230319T070237, end_date=20230319T070238
[2023-03-19T07:02:38.139+0000] {local_task_job.py:212} INFO - Task exited with return code 0
[2023-03-19T07:02:38.161+0000] {taskinstance.py:2585} INFO - 1 downstream tasks scheduled from follow-on schedule check
