[2023-03-19T06:09:20.365+0000] {taskinstance.py:1084} INFO - Dependencies all met for dep_context=non-requeueable deps ti=<TaskInstance: our_first_dag_v5.second_task scheduled__2021-10-03T00:00:00+00:00 [queued]>
[2023-03-19T06:09:20.413+0000] {taskinstance.py:1084} INFO - Dependencies all met for dep_context=requeueable deps ti=<TaskInstance: our_first_dag_v5.second_task scheduled__2021-10-03T00:00:00+00:00 [queued]>
[2023-03-19T06:09:20.415+0000] {taskinstance.py:1282} INFO - 
--------------------------------------------------------------------------------
[2023-03-19T06:09:20.416+0000] {taskinstance.py:1283} INFO - Starting attempt 1 of 6
[2023-03-19T06:09:20.431+0000] {taskinstance.py:1284} INFO - 
--------------------------------------------------------------------------------
[2023-03-19T06:09:20.559+0000] {taskinstance.py:1303} INFO - Executing <Task(BashOperator): second_task> on 2021-10-03 00:00:00+00:00
[2023-03-19T06:09:20.570+0000] {standard_task_runner.py:55} INFO - Started process 892 to run task
[2023-03-19T06:09:20.627+0000] {standard_task_runner.py:82} INFO - Running: ['***', 'tasks', 'run', 'our_first_dag_v5', 'second_task', 'scheduled__2021-10-03T00:00:00+00:00', '--job-id', '205', '--raw', '--subdir', 'DAGS_FOLDER/our_first_dags.py', '--cfg-path', '/tmp/tmpkvgw8zkj']
[2023-03-19T06:09:20.642+0000] {standard_task_runner.py:83} INFO - Job 205: Subtask second_task
[2023-03-19T06:09:20.934+0000] {task_command.py:388} INFO - Running <TaskInstance: our_first_dag_v5.second_task scheduled__2021-10-03T00:00:00+00:00 [running]> on host 837d6aa6fa25
[2023-03-19T06:09:21.281+0000] {taskinstance.py:1511} INFO - Exporting the following env vars:
AIRFLOW_CTX_DAG_OWNER=coder2j
AIRFLOW_CTX_DAG_ID=our_first_dag_v5
AIRFLOW_CTX_TASK_ID=second_task
AIRFLOW_CTX_EXECUTION_DATE=2021-10-03T00:00:00+00:00
AIRFLOW_CTX_TRY_NUMBER=1
AIRFLOW_CTX_DAG_RUN_ID=scheduled__2021-10-03T00:00:00+00:00
[2023-03-19T06:09:21.286+0000] {subprocess.py:63} INFO - Tmp dir root location: 
 /tmp
[2023-03-19T06:09:21.288+0000] {subprocess.py:75} INFO - Running command: ['/bin/bash', '-c', 'echo hey, I am task2 and will be running after task1!']
[2023-03-19T06:09:21.388+0000] {subprocess.py:86} INFO - Output:
[2023-03-19T06:09:21.393+0000] {subprocess.py:93} INFO - hey, I am task2 and will be running after task1!
[2023-03-19T06:09:21.399+0000] {subprocess.py:97} INFO - Command exited with return code 0
[2023-03-19T06:09:21.465+0000] {taskinstance.py:1326} INFO - Marking task as SUCCESS. dag_id=our_first_dag_v5, task_id=second_task, execution_date=20211003T000000, start_date=20230319T060920, end_date=20230319T060921
[2023-03-19T06:09:21.569+0000] {local_task_job.py:212} INFO - Task exited with return code 0
[2023-03-19T06:09:21.652+0000] {taskinstance.py:2585} INFO - 0 downstream tasks scheduled from follow-on schedule check
