[2023-03-19T07:04:31.591+0000] {taskinstance.py:1084} INFO - Dependencies all met for dep_context=non-requeueable deps ti=<TaskInstance: our_first_dag_v7.first_task manual__2023-03-19T07:04:30.345371+00:00 [queued]>
[2023-03-19T07:04:31.600+0000] {taskinstance.py:1084} INFO - Dependencies all met for dep_context=requeueable deps ti=<TaskInstance: our_first_dag_v7.first_task manual__2023-03-19T07:04:30.345371+00:00 [queued]>
[2023-03-19T07:04:31.600+0000] {taskinstance.py:1282} INFO - 
--------------------------------------------------------------------------------
[2023-03-19T07:04:31.601+0000] {taskinstance.py:1283} INFO - Starting attempt 1 of 6
[2023-03-19T07:04:31.601+0000] {taskinstance.py:1284} INFO - 
--------------------------------------------------------------------------------
[2023-03-19T07:04:31.609+0000] {taskinstance.py:1303} INFO - Executing <Task(BashOperator): first_task> on 2023-03-19 07:04:30.345371+00:00
[2023-03-19T07:04:31.612+0000] {standard_task_runner.py:55} INFO - Started process 1113 to run task
[2023-03-19T07:04:31.615+0000] {standard_task_runner.py:82} INFO - Running: ['***', 'tasks', 'run', 'our_first_dag_v7', 'first_task', 'manual__2023-03-19T07:04:30.345371+00:00', '--job-id', '12', '--raw', '--subdir', 'DAGS_FOLDER/our_first_dag.py', '--cfg-path', '/tmp/tmpv2tpfwab']
[2023-03-19T07:04:31.616+0000] {standard_task_runner.py:83} INFO - Job 12: Subtask first_task
[2023-03-19T07:04:31.664+0000] {task_command.py:388} INFO - Running <TaskInstance: our_first_dag_v7.first_task manual__2023-03-19T07:04:30.345371+00:00 [running]> on host 3cb0dda0e5ae
[2023-03-19T07:04:31.710+0000] {taskinstance.py:1511} INFO - Exporting the following env vars:
AIRFLOW_CTX_DAG_OWNER=coder2j
AIRFLOW_CTX_DAG_ID=our_first_dag_v7
AIRFLOW_CTX_TASK_ID=first_task
AIRFLOW_CTX_EXECUTION_DATE=2023-03-19T07:04:30.345371+00:00
AIRFLOW_CTX_TRY_NUMBER=1
AIRFLOW_CTX_DAG_RUN_ID=manual__2023-03-19T07:04:30.345371+00:00
[2023-03-19T07:04:31.711+0000] {subprocess.py:63} INFO - Tmp dir root location: 
 /tmp
[2023-03-19T07:04:31.712+0000] {subprocess.py:75} INFO - Running command: ['/bin/bash', '-c', 'echo hello world, this is the first task!']
[2023-03-19T07:04:31.719+0000] {subprocess.py:86} INFO - Output:
[2023-03-19T07:04:31.721+0000] {subprocess.py:93} INFO - hello world, this is the first task!
[2023-03-19T07:04:31.721+0000] {subprocess.py:97} INFO - Command exited with return code 0
[2023-03-19T07:04:31.741+0000] {taskinstance.py:1326} INFO - Marking task as SUCCESS. dag_id=our_first_dag_v7, task_id=first_task, execution_date=20230319T070430, start_date=20230319T070431, end_date=20230319T070431
[2023-03-19T07:04:31.796+0000] {local_task_job.py:212} INFO - Task exited with return code 0
[2023-03-19T07:04:31.813+0000] {taskinstance.py:2585} INFO - 1 downstream tasks scheduled from follow-on schedule check
