[2023-03-20 18:16:09,691] {taskinstance.py:1032} INFO - Dependencies all met for <TaskInstance: to_posgrest_v4.7.create_postgres_table_user manual__2023-03-20T18:15:50.093337+00:00 [queued]>
[2023-03-20 18:16:09,730] {taskinstance.py:1032} INFO - Dependencies all met for <TaskInstance: to_posgrest_v4.7.create_postgres_table_user manual__2023-03-20T18:15:50.093337+00:00 [queued]>
[2023-03-20 18:16:09,731] {taskinstance.py:1238} INFO - 
--------------------------------------------------------------------------------
[2023-03-20 18:16:09,732] {taskinstance.py:1239} INFO - Starting attempt 1 of 2
[2023-03-20 18:16:09,733] {taskinstance.py:1240} INFO - 
--------------------------------------------------------------------------------
[2023-03-20 18:16:09,775] {taskinstance.py:1259} INFO - Executing <Task(PostgresOperator): create_postgres_table_user> on 2023-03-20 18:15:50.093337+00:00
[2023-03-20 18:16:09,783] {standard_task_runner.py:52} INFO - Started process 20272 to run task
[2023-03-20 18:16:09,791] {standard_task_runner.py:76} INFO - Running: ['***', 'tasks', 'run', 'to_posgrest_v4.7', 'create_postgres_table_user', 'manual__2023-03-20T18:15:50.093337+00:00', '--job-id', '162', '--raw', '--subdir', 'DAGS_FOLDER/to_postgresql.py', '--cfg-path', '/tmp/tmprp0uf0ma', '--error-file', '/tmp/tmp7uk2w4bj']
[2023-03-20 18:16:09,793] {standard_task_runner.py:77} INFO - Job 162: Subtask create_postgres_table_user
[2023-03-20 18:16:10,080] {logging_mixin.py:109} INFO - Running <TaskInstance: to_posgrest_v4.7.create_postgres_table_user manual__2023-03-20T18:15:50.093337+00:00 [running]> on host 0b4cdb459521
[2023-03-20 18:16:10,391] {taskinstance.py:1426} INFO - Exporting the following env vars:
AIRFLOW_CTX_DAG_OWNER=sakabuana31
AIRFLOW_CTX_DAG_ID=to_posgrest_v4.7
AIRFLOW_CTX_TASK_ID=create_postgres_table_user
AIRFLOW_CTX_EXECUTION_DATE=2023-03-20T18:15:50.093337+00:00
AIRFLOW_CTX_DAG_RUN_ID=manual__2023-03-20T18:15:50.093337+00:00
[2023-03-20 18:16:10,470] {base.py:79} INFO - Using connection to: id: postgres_localhost. Host: host.docker.internal, Port: 5432, Schema: final, Login: ***, Password: ***, extra: {}
[2023-03-20 18:16:10,548] {dbapi.py:225} INFO - Running statement: 
            create table if not exists user1 (
                user_id text PRIMARY KEY,
                name text,
                review_count text,
                useful int,
                funny int,
                cool int,
                elite text,
                friends text,
                fans text,
                average_stars float,
                yelping_since_values date
            ) 
        , parameters: None
[2023-03-20 18:16:10,553] {postgres.py:71} INFO - NOTICE:  relation "user1" already exists, skipping

[2023-03-20 18:16:10,641] {taskinstance.py:1277} INFO - Marking task as SUCCESS. dag_id=to_posgrest_v4.7, task_id=create_postgres_table_user, execution_date=20230320T181550, start_date=20230320T181609, end_date=20230320T181610
[2023-03-20 18:16:10,722] {local_task_job.py:154} INFO - Task exited with return code 0
[2023-03-20 18:16:10,959] {local_task_job.py:264} INFO - 0 downstream tasks scheduled from follow-on schedule check
