[2023-03-19T06:09:35.816+0000] {taskinstance.py:1084} INFO - Dependencies all met for dep_context=non-requeueable deps ti=<TaskInstance: our_first_dag_v5.first_task scheduled__2021-10-27T00:00:00+00:00 [queued]>
[2023-03-19T06:09:35.826+0000] {taskinstance.py:1084} INFO - Dependencies all met for dep_context=requeueable deps ti=<TaskInstance: our_first_dag_v5.first_task scheduled__2021-10-27T00:00:00+00:00 [queued]>
[2023-03-19T06:09:35.827+0000] {taskinstance.py:1282} INFO - 
--------------------------------------------------------------------------------
[2023-03-19T06:09:35.828+0000] {taskinstance.py:1283} INFO - Starting attempt 1 of 6
[2023-03-19T06:09:35.829+0000] {taskinstance.py:1284} INFO - 
--------------------------------------------------------------------------------
[2023-03-19T06:09:35.859+0000] {taskinstance.py:1303} INFO - Executing <Task(BashOperator): first_task> on 2021-10-27 00:00:00+00:00
[2023-03-19T06:09:35.864+0000] {standard_task_runner.py:55} INFO - Started process 1092 to run task
[2023-03-19T06:09:35.868+0000] {standard_task_runner.py:82} INFO - Running: ['***', 'tasks', 'run', 'our_first_dag_v5', 'first_task', 'scheduled__2021-10-27T00:00:00+00:00', '--job-id', '271', '--raw', '--subdir', 'DAGS_FOLDER/our_first_dags.py', '--cfg-path', '/tmp/tmphu58o5pe']
[2023-03-19T06:09:35.871+0000] {standard_task_runner.py:83} INFO - Job 271: Subtask first_task
[2023-03-19T06:09:35.961+0000] {task_command.py:388} INFO - Running <TaskInstance: our_first_dag_v5.first_task scheduled__2021-10-27T00:00:00+00:00 [running]> on host 837d6aa6fa25
[2023-03-19T06:09:36.070+0000] {taskinstance.py:1511} INFO - Exporting the following env vars:
AIRFLOW_CTX_DAG_OWNER=coder2j
AIRFLOW_CTX_DAG_ID=our_first_dag_v5
AIRFLOW_CTX_TASK_ID=first_task
AIRFLOW_CTX_EXECUTION_DATE=2021-10-27T00:00:00+00:00
AIRFLOW_CTX_TRY_NUMBER=1
AIRFLOW_CTX_DAG_RUN_ID=scheduled__2021-10-27T00:00:00+00:00
[2023-03-19T06:09:36.072+0000] {subprocess.py:63} INFO - Tmp dir root location: 
 /tmp
[2023-03-19T06:09:36.073+0000] {subprocess.py:75} INFO - Running command: ['/bin/bash', '-c', 'echo hello world, this is the first task!']
[2023-03-19T06:09:36.087+0000] {subprocess.py:86} INFO - Output:
[2023-03-19T06:09:36.103+0000] {subprocess.py:93} INFO - hello world, this is the first task!
[2023-03-19T06:09:36.106+0000] {subprocess.py:97} INFO - Command exited with return code 0
[2023-03-19T06:09:36.142+0000] {taskinstance.py:1326} INFO - Marking task as SUCCESS. dag_id=our_first_dag_v5, task_id=first_task, execution_date=20211027T000000, start_date=20230319T060935, end_date=20230319T060936
[2023-03-19T06:09:36.201+0000] {local_task_job.py:212} INFO - Task exited with return code 0
[2023-03-19T06:09:36.308+0000] {taskinstance.py:2585} INFO - 0 downstream tasks scheduled from follow-on schedule check
