[2023-03-19T07:04:30.741+0000] {taskinstance.py:1084} INFO - Dependencies all met for dep_context=non-requeueable deps ti=<TaskInstance: our_first_dag_v7.thrid_task manual__2023-03-19T07:04:30.345371+00:00 [queued]>
[2023-03-19T07:04:30.747+0000] {taskinstance.py:1084} INFO - Dependencies all met for dep_context=requeueable deps ti=<TaskInstance: our_first_dag_v7.thrid_task manual__2023-03-19T07:04:30.345371+00:00 [queued]>
[2023-03-19T07:04:30.748+0000] {taskinstance.py:1282} INFO - 
--------------------------------------------------------------------------------
[2023-03-19T07:04:30.748+0000] {taskinstance.py:1283} INFO - Starting attempt 1 of 6
[2023-03-19T07:04:30.749+0000] {taskinstance.py:1284} INFO - 
--------------------------------------------------------------------------------
[2023-03-19T07:04:30.758+0000] {taskinstance.py:1303} INFO - Executing <Task(BashOperator): thrid_task> on 2023-03-19 07:04:30.345371+00:00
[2023-03-19T07:04:30.762+0000] {standard_task_runner.py:55} INFO - Started process 1110 to run task
[2023-03-19T07:04:30.765+0000] {standard_task_runner.py:82} INFO - Running: ['***', 'tasks', 'run', 'our_first_dag_v7', 'thrid_task', 'manual__2023-03-19T07:04:30.345371+00:00', '--job-id', '11', '--raw', '--subdir', 'DAGS_FOLDER/our_first_dag.py', '--cfg-path', '/tmp/tmpyefch6do']
[2023-03-19T07:04:30.768+0000] {standard_task_runner.py:83} INFO - Job 11: Subtask thrid_task
[2023-03-19T07:04:30.838+0000] {task_command.py:388} INFO - Running <TaskInstance: our_first_dag_v7.thrid_task manual__2023-03-19T07:04:30.345371+00:00 [running]> on host 3cb0dda0e5ae
[2023-03-19T07:04:30.890+0000] {taskinstance.py:1511} INFO - Exporting the following env vars:
AIRFLOW_CTX_DAG_OWNER=coder2j
AIRFLOW_CTX_DAG_ID=our_first_dag_v7
AIRFLOW_CTX_TASK_ID=thrid_task
AIRFLOW_CTX_EXECUTION_DATE=2023-03-19T07:04:30.345371+00:00
AIRFLOW_CTX_TRY_NUMBER=1
AIRFLOW_CTX_DAG_RUN_ID=manual__2023-03-19T07:04:30.345371+00:00
[2023-03-19T07:04:30.892+0000] {subprocess.py:63} INFO - Tmp dir root location: 
 /tmp
[2023-03-19T07:04:30.893+0000] {subprocess.py:75} INFO - Running command: ['/bin/bash', '-c', 'echo hey, I am task3 and will be running after task1 at the same time as task2!']
[2023-03-19T07:04:30.900+0000] {subprocess.py:86} INFO - Output:
[2023-03-19T07:04:30.903+0000] {subprocess.py:93} INFO - hey, I am task3 and will be running after task1 at the same time as task2!
[2023-03-19T07:04:30.904+0000] {subprocess.py:97} INFO - Command exited with return code 0
[2023-03-19T07:04:30.925+0000] {taskinstance.py:1326} INFO - Marking task as SUCCESS. dag_id=our_first_dag_v7, task_id=thrid_task, execution_date=20230319T070430, start_date=20230319T070430, end_date=20230319T070430
[2023-03-19T07:04:30.980+0000] {local_task_job.py:212} INFO - Task exited with return code 0
[2023-03-19T07:04:31.000+0000] {taskinstance.py:2585} INFO - 1 downstream tasks scheduled from follow-on schedule check
