[2023-03-21 17:25:21,070] {taskinstance.py:1032} INFO - Dependencies all met for <TaskInstance: querry_postgres_v1.6.get_querry_postgres_table manual__2023-03-21T16:44:41.703699+00:00 [queued]>
[2023-03-21 17:25:21,108] {taskinstance.py:1032} INFO - Dependencies all met for <TaskInstance: querry_postgres_v1.6.get_querry_postgres_table manual__2023-03-21T16:44:41.703699+00:00 [queued]>
[2023-03-21 17:25:21,109] {taskinstance.py:1238} INFO - 
--------------------------------------------------------------------------------
[2023-03-21 17:25:21,110] {taskinstance.py:1239} INFO - Starting attempt 4 of 5
[2023-03-21 17:25:21,111] {taskinstance.py:1240} INFO - 
--------------------------------------------------------------------------------
[2023-03-21 17:25:21,151] {taskinstance.py:1259} INFO - Executing <Task(PostgresOperator): get_querry_postgres_table> on 2023-03-21 16:44:41.703699+00:00
[2023-03-21 17:25:21,158] {standard_task_runner.py:52} INFO - Started process 6045 to run task
[2023-03-21 17:25:21,166] {standard_task_runner.py:76} INFO - Running: ['***', 'tasks', 'run', 'querry_postgres_v1.6', 'get_querry_postgres_table', 'manual__2023-03-21T16:44:41.703699+00:00', '--job-id', '314', '--raw', '--subdir', 'DAGS_FOLDER/querry_posgresql.py', '--cfg-path', '/tmp/tmptioi42h6', '--error-file', '/tmp/tmp9ua4x37l']
[2023-03-21 17:25:21,169] {standard_task_runner.py:77} INFO - Job 314: Subtask get_querry_postgres_table
[2023-03-21 17:25:21,487] {logging_mixin.py:109} INFO - Running <TaskInstance: querry_postgres_v1.6.get_querry_postgres_table manual__2023-03-21T16:44:41.703699+00:00 [running]> on host 032c4ac21f36
[2023-03-21 17:25:21,807] {taskinstance.py:1426} INFO - Exporting the following env vars:
AIRFLOW_CTX_DAG_OWNER=sakabuana31
AIRFLOW_CTX_DAG_ID=querry_postgres_v1.6
AIRFLOW_CTX_TASK_ID=get_querry_postgres_table
AIRFLOW_CTX_EXECUTION_DATE=2023-03-21T16:44:41.703699+00:00
AIRFLOW_CTX_DAG_RUN_ID=manual__2023-03-21T16:44:41.703699+00:00
[2023-03-21 17:25:21,888] {base.py:79} INFO - Using connection to: id: postgres_localhost. Host: host.docker.internal, Port: 5432, Schema: final, Login: ***, Password: ***, extra: {}
[2023-03-21 17:25:21,965] {dbapi.py:225} INFO - Running statement: 
            INSERT INTO serving.serving_table_review (
                date, mean_temp, status_temp, precipitation, status_preci, business_id, business_name, stars, date_values
            )
            SELECT 
                review.date_values,
                temperature.mean,
                temperature.status_temp,
                precipitation.precipitation,
                precipitation.status_preci, 
                review.business_id, 
                business.name, 
                review.stars, 
                review.date_values
            FROM 
                review
                LEFT JOIN precipitation ON (review.date_values = precipitation.date)
                LEFT JOIN temperature ON (review.date_values = temperature.date)
                LEFT JOIN business ON (review.business_id = business.business_id)
            ORDER BY 
                review.date_values;

        , parameters: None
[2023-03-21 17:25:22,532] {dbapi.py:233} INFO - Rows affected: 72125
[2023-03-21 17:25:22,706] {taskinstance.py:1277} INFO - Marking task as SUCCESS. dag_id=querry_postgres_v1.6, task_id=get_querry_postgres_table, execution_date=20230321T164441, start_date=20230321T172521, end_date=20230321T172522
[2023-03-21 17:25:22,797] {local_task_job.py:154} INFO - Task exited with return code 0
[2023-03-21 17:25:23,018] {local_task_job.py:264} INFO - 0 downstream tasks scheduled from follow-on schedule check
