[2023-03-21 17:43:17,544] {taskinstance.py:1032} INFO - Dependencies all met for <TaskInstance: querry_postgres_v1.6.get_querry_postgres_table manual__2023-03-21T16:44:41.703699+00:00 [queued]>
[2023-03-21 17:43:17,582] {taskinstance.py:1032} INFO - Dependencies all met for <TaskInstance: querry_postgres_v1.6.get_querry_postgres_table manual__2023-03-21T16:44:41.703699+00:00 [queued]>
[2023-03-21 17:43:17,583] {taskinstance.py:1238} INFO - 
--------------------------------------------------------------------------------
[2023-03-21 17:43:17,584] {taskinstance.py:1239} INFO - Starting attempt 5 of 6
[2023-03-21 17:43:17,585] {taskinstance.py:1240} INFO - 
--------------------------------------------------------------------------------
[2023-03-21 17:43:17,623] {taskinstance.py:1259} INFO - Executing <Task(PostgresOperator): get_querry_postgres_table> on 2023-03-21 16:44:41.703699+00:00
[2023-03-21 17:43:17,628] {standard_task_runner.py:52} INFO - Started process 7184 to run task
[2023-03-21 17:43:17,634] {standard_task_runner.py:76} INFO - Running: ['***', 'tasks', 'run', 'querry_postgres_v1.6', 'get_querry_postgres_table', 'manual__2023-03-21T16:44:41.703699+00:00', '--job-id', '316', '--raw', '--subdir', 'DAGS_FOLDER/querry_posgresql.py', '--cfg-path', '/tmp/tmpg2p008un', '--error-file', '/tmp/tmpqcjmbqwx']
[2023-03-21 17:43:17,637] {standard_task_runner.py:77} INFO - Job 316: Subtask get_querry_postgres_table
[2023-03-21 17:43:17,935] {logging_mixin.py:109} INFO - Running <TaskInstance: querry_postgres_v1.6.get_querry_postgres_table manual__2023-03-21T16:44:41.703699+00:00 [running]> on host 032c4ac21f36
[2023-03-21 17:43:18,308] {taskinstance.py:1426} INFO - Exporting the following env vars:
AIRFLOW_CTX_DAG_OWNER=sakabuana31
AIRFLOW_CTX_DAG_ID=querry_postgres_v1.6
AIRFLOW_CTX_TASK_ID=get_querry_postgres_table
AIRFLOW_CTX_EXECUTION_DATE=2023-03-21T16:44:41.703699+00:00
AIRFLOW_CTX_DAG_RUN_ID=manual__2023-03-21T16:44:41.703699+00:00
[2023-03-21 17:43:18,397] {base.py:79} INFO - Using connection to: id: postgres_localhost. Host: host.docker.internal, Port: 5432, Schema: final, Login: ***, Password: ***, extra: {}
[2023-03-21 17:43:18,482] {dbapi.py:225} INFO - Running statement: 
            INSERT INTO serving.serving_table_review (
                date, mean_temp, status_temp, precipitation, status_preci, business_id, business_name, stars, date_values
            )
            SELECT 
                review.date_values,
                temperature.mean,
                temperature.status_temp,
                precipitation.precipitation,
                precipitation.status_preci, 
                review.business_id, 
                business.name, 
                review.stars, 
                review.date_values
            FROM 
                review
                LEFT JOIN precipitation ON (review.date_values = precipitation.date)
                LEFT JOIN temperature ON (review.date_values = temperature.date)
                LEFT JOIN business ON (review.business_id = business.business_id)
            ORDER BY 
                review.date_values;

        , parameters: None
[2023-03-21 17:43:18,490] {taskinstance.py:1700} ERROR - Task failed with exception
Traceback (most recent call last):
  File "/home/airflow/.local/lib/python3.7/site-packages/airflow/models/taskinstance.py", line 1329, in _run_raw_task
    self._execute_task_with_callbacks(context)
  File "/home/airflow/.local/lib/python3.7/site-packages/airflow/models/taskinstance.py", line 1455, in _execute_task_with_callbacks
    result = self._execute_task(context, self.task)
  File "/home/airflow/.local/lib/python3.7/site-packages/airflow/models/taskinstance.py", line 1511, in _execute_task
    result = execute_callable(context=context)
  File "/home/airflow/.local/lib/python3.7/site-packages/airflow/providers/postgres/operators/postgres.py", line 69, in execute
    self.hook.run(self.sql, self.autocommit, parameters=self.parameters)
  File "/home/airflow/.local/lib/python3.7/site-packages/airflow/hooks/dbapi.py", line 205, in run
    self._run_command(cur, sql_statement, parameters)
  File "/home/airflow/.local/lib/python3.7/site-packages/airflow/hooks/dbapi.py", line 229, in _run_command
    cur.execute(sql_statement)
psycopg2.errors.UndefinedTable: relation "review" does not exist
LINE 16:                 review
                         ^

[2023-03-21 17:43:18,596] {taskinstance.py:1277} INFO - Marking task as UP_FOR_RETRY. dag_id=querry_postgres_v1.6, task_id=get_querry_postgres_table, execution_date=20230321T164441, start_date=20230321T174317, end_date=20230321T174318
[2023-03-21 17:43:18,642] {standard_task_runner.py:92} ERROR - Failed to execute job 316 for task get_querry_postgres_table
Traceback (most recent call last):
  File "/home/airflow/.local/lib/python3.7/site-packages/airflow/task/task_runner/standard_task_runner.py", line 85, in _start_by_fork
    args.func(args, dag=self.dag)
  File "/home/airflow/.local/lib/python3.7/site-packages/airflow/cli/cli_parser.py", line 48, in command
    return func(*args, **kwargs)
  File "/home/airflow/.local/lib/python3.7/site-packages/airflow/utils/cli.py", line 92, in wrapper
    return f(*args, **kwargs)
  File "/home/airflow/.local/lib/python3.7/site-packages/airflow/cli/commands/task_command.py", line 298, in task_run
    _run_task_by_selected_method(args, dag, ti)
  File "/home/airflow/.local/lib/python3.7/site-packages/airflow/cli/commands/task_command.py", line 107, in _run_task_by_selected_method
    _run_raw_task(args, ti)
  File "/home/airflow/.local/lib/python3.7/site-packages/airflow/cli/commands/task_command.py", line 184, in _run_raw_task
    error_file=args.error_file,
  File "/home/airflow/.local/lib/python3.7/site-packages/airflow/utils/session.py", line 70, in wrapper
    return func(*args, session=session, **kwargs)
  File "/home/airflow/.local/lib/python3.7/site-packages/airflow/models/taskinstance.py", line 1329, in _run_raw_task
    self._execute_task_with_callbacks(context)
  File "/home/airflow/.local/lib/python3.7/site-packages/airflow/models/taskinstance.py", line 1455, in _execute_task_with_callbacks
    result = self._execute_task(context, self.task)
  File "/home/airflow/.local/lib/python3.7/site-packages/airflow/models/taskinstance.py", line 1511, in _execute_task
    result = execute_callable(context=context)
  File "/home/airflow/.local/lib/python3.7/site-packages/airflow/providers/postgres/operators/postgres.py", line 69, in execute
    self.hook.run(self.sql, self.autocommit, parameters=self.parameters)
  File "/home/airflow/.local/lib/python3.7/site-packages/airflow/hooks/dbapi.py", line 205, in run
    self._run_command(cur, sql_statement, parameters)
  File "/home/airflow/.local/lib/python3.7/site-packages/airflow/hooks/dbapi.py", line 229, in _run_command
    cur.execute(sql_statement)
psycopg2.errors.UndefinedTable: relation "review" does not exist
LINE 16:                 review
                         ^

[2023-03-21 17:43:18,682] {local_task_job.py:154} INFO - Task exited with return code 1
[2023-03-21 17:43:18,893] {local_task_job.py:264} INFO - 0 downstream tasks scheduled from follow-on schedule check
