[2023-03-19T06:08:46.192+0000] {taskinstance.py:1084} INFO - Dependencies all met for dep_context=non-requeueable deps ti=<TaskInstance: our_first_dag_v5.thrid_task scheduled__2021-08-12T00:00:00+00:00 [queued]>
[2023-03-19T06:08:46.207+0000] {taskinstance.py:1084} INFO - Dependencies all met for dep_context=requeueable deps ti=<TaskInstance: our_first_dag_v5.thrid_task scheduled__2021-08-12T00:00:00+00:00 [queued]>
[2023-03-19T06:08:46.208+0000] {taskinstance.py:1282} INFO - 
--------------------------------------------------------------------------------
[2023-03-19T06:08:46.211+0000] {taskinstance.py:1283} INFO - Starting attempt 1 of 6
[2023-03-19T06:08:46.212+0000] {taskinstance.py:1284} INFO - 
--------------------------------------------------------------------------------
[2023-03-19T06:08:46.228+0000] {taskinstance.py:1303} INFO - Executing <Task(BashOperator): thrid_task> on 2021-08-12 00:00:00+00:00
[2023-03-19T06:08:46.234+0000] {standard_task_runner.py:55} INFO - Started process 381 to run task
[2023-03-19T06:08:46.243+0000] {standard_task_runner.py:82} INFO - Running: ['***', 'tasks', 'run', 'our_first_dag_v5', 'thrid_task', 'scheduled__2021-08-12T00:00:00+00:00', '--job-id', '43', '--raw', '--subdir', 'DAGS_FOLDER/our_second_dags.py', '--cfg-path', '/tmp/tmprd7_y0c8']
[2023-03-19T06:08:46.246+0000] {standard_task_runner.py:83} INFO - Job 43: Subtask thrid_task
[2023-03-19T06:08:46.370+0000] {task_command.py:388} INFO - Running <TaskInstance: our_first_dag_v5.thrid_task scheduled__2021-08-12T00:00:00+00:00 [running]> on host 837d6aa6fa25
[2023-03-19T06:08:46.509+0000] {taskinstance.py:1511} INFO - Exporting the following env vars:
AIRFLOW_CTX_DAG_OWNER=coder2j
AIRFLOW_CTX_DAG_ID=our_first_dag_v5
AIRFLOW_CTX_TASK_ID=thrid_task
AIRFLOW_CTX_EXECUTION_DATE=2021-08-12T00:00:00+00:00
AIRFLOW_CTX_TRY_NUMBER=1
AIRFLOW_CTX_DAG_RUN_ID=scheduled__2021-08-12T00:00:00+00:00
[2023-03-19T06:08:46.512+0000] {subprocess.py:63} INFO - Tmp dir root location: 
 /tmp
[2023-03-19T06:08:46.514+0000] {subprocess.py:75} INFO - Running command: ['/bin/bash', '-c', 'echo hey, I am task3 and will be running after task1 at the same time as task2!']
[2023-03-19T06:08:46.540+0000] {subprocess.py:86} INFO - Output:
[2023-03-19T06:08:46.549+0000] {subprocess.py:93} INFO - hey, I am task3 and will be running after task1 at the same time as task2!
[2023-03-19T06:08:46.551+0000] {subprocess.py:97} INFO - Command exited with return code 0
[2023-03-19T06:08:46.609+0000] {taskinstance.py:1326} INFO - Marking task as SUCCESS. dag_id=our_first_dag_v5, task_id=thrid_task, execution_date=20210812T000000, start_date=20230319T060846, end_date=20230319T060846
[2023-03-19T06:08:46.654+0000] {local_task_job.py:212} INFO - Task exited with return code 0
[2023-03-19T06:08:46.675+0000] {taskinstance.py:2585} INFO - 0 downstream tasks scheduled from follow-on schedule check
