[2023-03-19T06:08:42.390+0000] {taskinstance.py:1084} INFO - Dependencies all met for dep_context=non-requeueable deps ti=<TaskInstance: our_first_dag_v5.second_task scheduled__2021-08-04T00:00:00+00:00 [queued]>
[2023-03-19T06:08:42.446+0000] {taskinstance.py:1084} INFO - Dependencies all met for dep_context=requeueable deps ti=<TaskInstance: our_first_dag_v5.second_task scheduled__2021-08-04T00:00:00+00:00 [queued]>
[2023-03-19T06:08:42.453+0000] {taskinstance.py:1282} INFO - 
--------------------------------------------------------------------------------
[2023-03-19T06:08:42.453+0000] {taskinstance.py:1283} INFO - Starting attempt 1 of 6
[2023-03-19T06:08:42.454+0000] {taskinstance.py:1284} INFO - 
--------------------------------------------------------------------------------
[2023-03-19T06:08:42.638+0000] {taskinstance.py:1303} INFO - Executing <Task(BashOperator): second_task> on 2021-08-04 00:00:00+00:00
[2023-03-19T06:08:42.645+0000] {standard_task_runner.py:55} INFO - Started process 321 to run task
[2023-03-19T06:08:42.664+0000] {standard_task_runner.py:82} INFO - Running: ['***', 'tasks', 'run', 'our_first_dag_v5', 'second_task', 'scheduled__2021-08-04T00:00:00+00:00', '--job-id', '24', '--raw', '--subdir', 'DAGS_FOLDER/our_second_dags.py', '--cfg-path', '/tmp/tmp3ctgsmj7']
[2023-03-19T06:08:42.672+0000] {standard_task_runner.py:83} INFO - Job 24: Subtask second_task
[2023-03-19T06:08:43.049+0000] {task_command.py:388} INFO - Running <TaskInstance: our_first_dag_v5.second_task scheduled__2021-08-04T00:00:00+00:00 [running]> on host 837d6aa6fa25
[2023-03-19T06:08:43.526+0000] {taskinstance.py:1511} INFO - Exporting the following env vars:
AIRFLOW_CTX_DAG_OWNER=coder2j
AIRFLOW_CTX_DAG_ID=our_first_dag_v5
AIRFLOW_CTX_TASK_ID=second_task
AIRFLOW_CTX_EXECUTION_DATE=2021-08-04T00:00:00+00:00
AIRFLOW_CTX_TRY_NUMBER=1
AIRFLOW_CTX_DAG_RUN_ID=scheduled__2021-08-04T00:00:00+00:00
[2023-03-19T06:08:43.534+0000] {subprocess.py:63} INFO - Tmp dir root location: 
 /tmp
[2023-03-19T06:08:43.560+0000] {subprocess.py:75} INFO - Running command: ['/bin/bash', '-c', 'echo hey, I am task2 and will be running after task1!']
[2023-03-19T06:08:43.658+0000] {subprocess.py:86} INFO - Output:
[2023-03-19T06:08:43.698+0000] {subprocess.py:93} INFO - hey, I am task2 and will be running after task1!
[2023-03-19T06:08:43.706+0000] {subprocess.py:97} INFO - Command exited with return code 0
[2023-03-19T06:08:43.900+0000] {taskinstance.py:1326} INFO - Marking task as SUCCESS. dag_id=our_first_dag_v5, task_id=second_task, execution_date=20210804T000000, start_date=20230319T060842, end_date=20230319T060843
[2023-03-19T06:08:44.086+0000] {local_task_job.py:212} INFO - Task exited with return code 0
[2023-03-19T06:08:44.298+0000] {taskinstance.py:2585} INFO - 0 downstream tasks scheduled from follow-on schedule check
