[2023-03-19T06:08:58.897+0000] {taskinstance.py:1084} INFO - Dependencies all met for dep_context=non-requeueable deps ti=<TaskInstance: our_first_dag_v5.second_task scheduled__2021-08-27T00:00:00+00:00 [queued]>
[2023-03-19T06:08:58.945+0000] {taskinstance.py:1084} INFO - Dependencies all met for dep_context=requeueable deps ti=<TaskInstance: our_first_dag_v5.second_task scheduled__2021-08-27T00:00:00+00:00 [queued]>
[2023-03-19T06:08:58.947+0000] {taskinstance.py:1282} INFO - 
--------------------------------------------------------------------------------
[2023-03-19T06:08:58.947+0000] {taskinstance.py:1283} INFO - Starting attempt 1 of 6
[2023-03-19T06:08:58.948+0000] {taskinstance.py:1284} INFO - 
--------------------------------------------------------------------------------
[2023-03-19T06:08:59.127+0000] {taskinstance.py:1303} INFO - Executing <Task(BashOperator): second_task> on 2021-08-27 00:00:00+00:00
[2023-03-19T06:08:59.142+0000] {standard_task_runner.py:55} INFO - Started process 542 to run task
[2023-03-19T06:08:59.186+0000] {standard_task_runner.py:82} INFO - Running: ['***', 'tasks', 'run', 'our_first_dag_v5', 'second_task', 'scheduled__2021-08-27T00:00:00+00:00', '--job-id', '93', '--raw', '--subdir', 'DAGS_FOLDER/our_second_dags.py', '--cfg-path', '/tmp/tmpjqywc7ix']
[2023-03-19T06:08:59.221+0000] {standard_task_runner.py:83} INFO - Job 93: Subtask second_task
[2023-03-19T06:08:59.662+0000] {task_command.py:388} INFO - Running <TaskInstance: our_first_dag_v5.second_task scheduled__2021-08-27T00:00:00+00:00 [running]> on host 837d6aa6fa25
[2023-03-19T06:08:59.904+0000] {taskinstance.py:1511} INFO - Exporting the following env vars:
AIRFLOW_CTX_DAG_OWNER=coder2j
AIRFLOW_CTX_DAG_ID=our_first_dag_v5
AIRFLOW_CTX_TASK_ID=second_task
AIRFLOW_CTX_EXECUTION_DATE=2021-08-27T00:00:00+00:00
AIRFLOW_CTX_TRY_NUMBER=1
AIRFLOW_CTX_DAG_RUN_ID=scheduled__2021-08-27T00:00:00+00:00
[2023-03-19T06:08:59.910+0000] {subprocess.py:63} INFO - Tmp dir root location: 
 /tmp
[2023-03-19T06:08:59.925+0000] {subprocess.py:75} INFO - Running command: ['/bin/bash', '-c', 'echo hey, I am task2 and will be running after task1!']
[2023-03-19T06:08:59.995+0000] {subprocess.py:86} INFO - Output:
[2023-03-19T06:09:00.009+0000] {subprocess.py:93} INFO - hey, I am task2 and will be running after task1!
[2023-03-19T06:09:00.016+0000] {subprocess.py:97} INFO - Command exited with return code 0
[2023-03-19T06:09:00.119+0000] {taskinstance.py:1326} INFO - Marking task as SUCCESS. dag_id=our_first_dag_v5, task_id=second_task, execution_date=20210827T000000, start_date=20230319T060858, end_date=20230319T060900
[2023-03-19T06:09:00.466+0000] {local_task_job.py:212} INFO - Task exited with return code 0
[2023-03-19T06:09:00.691+0000] {taskinstance.py:2585} INFO - 0 downstream tasks scheduled from follow-on schedule check
