[2023-03-19T06:09:44.490+0000] {taskinstance.py:1084} INFO - Dependencies all met for dep_context=non-requeueable deps ti=<TaskInstance: our_first_dag_v5.first_task scheduled__2021-11-11T00:00:00+00:00 [queued]>
[2023-03-19T06:09:44.500+0000] {taskinstance.py:1084} INFO - Dependencies all met for dep_context=requeueable deps ti=<TaskInstance: our_first_dag_v5.first_task scheduled__2021-11-11T00:00:00+00:00 [queued]>
[2023-03-19T06:09:44.501+0000] {taskinstance.py:1282} INFO - 
--------------------------------------------------------------------------------
[2023-03-19T06:09:44.502+0000] {taskinstance.py:1283} INFO - Starting attempt 1 of 6
[2023-03-19T06:09:44.503+0000] {taskinstance.py:1284} INFO - 
--------------------------------------------------------------------------------
[2023-03-19T06:09:44.560+0000] {taskinstance.py:1303} INFO - Executing <Task(BashOperator): first_task> on 2021-11-11 00:00:00+00:00
[2023-03-19T06:09:44.570+0000] {standard_task_runner.py:82} INFO - Running: ['***', 'tasks', 'run', 'our_first_dag_v5', 'first_task', 'scheduled__2021-11-11T00:00:00+00:00', '--job-id', '314', '--raw', '--subdir', 'DAGS_FOLDER/our_second_dags.py', '--cfg-path', '/tmp/tmprfrqk2ra']
[2023-03-19T06:09:44.573+0000] {standard_task_runner.py:83} INFO - Job 314: Subtask first_task
[2023-03-19T06:09:44.566+0000] {standard_task_runner.py:55} INFO - Started process 1230 to run task
[2023-03-19T06:09:44.716+0000] {task_command.py:388} INFO - Running <TaskInstance: our_first_dag_v5.first_task scheduled__2021-11-11T00:00:00+00:00 [running]> on host 837d6aa6fa25
[2023-03-19T06:09:44.813+0000] {taskinstance.py:1511} INFO - Exporting the following env vars:
AIRFLOW_CTX_DAG_OWNER=coder2j
AIRFLOW_CTX_DAG_ID=our_first_dag_v5
AIRFLOW_CTX_TASK_ID=first_task
AIRFLOW_CTX_EXECUTION_DATE=2021-11-11T00:00:00+00:00
AIRFLOW_CTX_TRY_NUMBER=1
AIRFLOW_CTX_DAG_RUN_ID=scheduled__2021-11-11T00:00:00+00:00
[2023-03-19T06:09:44.814+0000] {subprocess.py:63} INFO - Tmp dir root location: 
 /tmp
[2023-03-19T06:09:44.816+0000] {subprocess.py:75} INFO - Running command: ['/bin/bash', '-c', 'echo hello world, this is the first task!']
[2023-03-19T06:09:44.826+0000] {subprocess.py:86} INFO - Output:
[2023-03-19T06:09:44.829+0000] {subprocess.py:93} INFO - hello world, this is the first task!
[2023-03-19T06:09:44.832+0000] {subprocess.py:97} INFO - Command exited with return code 0
[2023-03-19T06:09:44.905+0000] {taskinstance.py:1326} INFO - Marking task as SUCCESS. dag_id=our_first_dag_v5, task_id=first_task, execution_date=20211111T000000, start_date=20230319T060944, end_date=20230319T060944
[2023-03-19T06:09:45.003+0000] {local_task_job.py:212} INFO - Task exited with return code 0
[2023-03-19T06:09:45.122+0000] {taskinstance.py:2585} INFO - 0 downstream tasks scheduled from follow-on schedule check
