[2023-03-20 14:14:26,744] {taskinstance.py:1032} INFO - Dependencies all met for <TaskInstance: to_posgrest_v3.3.read_csv_to_temp_table manual__2023-03-20T14:14:22.731249+00:00 [queued]>
[2023-03-20 14:14:26,806] {taskinstance.py:1032} INFO - Dependencies all met for <TaskInstance: to_posgrest_v3.3.read_csv_to_temp_table manual__2023-03-20T14:14:22.731249+00:00 [queued]>
[2023-03-20 14:14:26,807] {taskinstance.py:1238} INFO - 
--------------------------------------------------------------------------------
[2023-03-20 14:14:26,808] {taskinstance.py:1239} INFO - Starting attempt 1 of 2
[2023-03-20 14:14:26,809] {taskinstance.py:1240} INFO - 
--------------------------------------------------------------------------------
[2023-03-20 14:14:26,857] {taskinstance.py:1259} INFO - Executing <Task(PostgresOperator): read_csv_to_temp_table> on 2023-03-20 14:14:22.731249+00:00
[2023-03-20 14:14:26,863] {standard_task_runner.py:52} INFO - Started process 8074 to run task
[2023-03-20 14:14:26,872] {standard_task_runner.py:76} INFO - Running: ['***', 'tasks', 'run', 'to_posgrest_v3.3', 'read_csv_to_temp_table', 'manual__2023-03-20T14:14:22.731249+00:00', '--job-id', '35', '--raw', '--subdir', 'DAGS_FOLDER/to_postgresql.py', '--cfg-path', '/tmp/tmpdk7l_cbo', '--error-file', '/tmp/tmpbxq976c7']
[2023-03-20 14:14:26,875] {standard_task_runner.py:77} INFO - Job 35: Subtask read_csv_to_temp_table
[2023-03-20 14:14:27,240] {logging_mixin.py:109} INFO - Running <TaskInstance: to_posgrest_v3.3.read_csv_to_temp_table manual__2023-03-20T14:14:22.731249+00:00 [running]> on host 0b4cdb459521
[2023-03-20 14:14:27,579] {taskinstance.py:1426} INFO - Exporting the following env vars:
AIRFLOW_CTX_DAG_OWNER=sakabuana31
AIRFLOW_CTX_DAG_ID=to_posgrest_v3.3
AIRFLOW_CTX_TASK_ID=read_csv_to_temp_table
AIRFLOW_CTX_EXECUTION_DATE=2023-03-20T14:14:22.731249+00:00
AIRFLOW_CTX_DAG_RUN_ID=manual__2023-03-20T14:14:22.731249+00:00
[2023-03-20 14:14:27,661] {base.py:79} INFO - Using connection to: id: postgres_localhost. Host: host.docker.internal, Port: 5432, Schema: final, Login: ***, Password: ***, extra: {}
[2023-03-20 14:14:27,753] {dbapi.py:225} INFO - Running statement: 
            CREATE TEMPORARY TABLE temp_temperature (
                date DATE PRIMARY KEY,
                min DECIMAL(5, 2),
                max DECIMAL(5, 2),
                normal_min DECIMAL(5, 2),
                normal_max DECIMAL(5, 2),
                mean DECIMAL(5, 2),
                status_temp int
            );

            COPY temp_temperature FROM '/opt/***/data/output-csv/dataclean-temperature-lasvegas.csv' DELIMITER ',' CSV HEADER;
        , parameters: None
[2023-03-20 14:14:27,815] {dbapi.py:233} INFO - Rows affected: 26588
[2023-03-20 14:14:27,911] {taskinstance.py:1277} INFO - Marking task as SUCCESS. dag_id=to_posgrest_v3.3, task_id=read_csv_to_temp_table, execution_date=20230320T141422, start_date=20230320T141426, end_date=20230320T141427
[2023-03-20 14:14:27,999] {local_task_job.py:154} INFO - Task exited with return code 0
[2023-03-20 14:14:28,209] {local_task_job.py:264} INFO - 1 downstream tasks scheduled from follow-on schedule check
