[2023-03-19T06:09:30.689+0000] {taskinstance.py:1084} INFO - Dependencies all met for dep_context=non-requeueable deps ti=<TaskInstance: our_first_dag_v5.thrid_task scheduled__2021-10-20T00:00:00+00:00 [queued]>
[2023-03-19T06:09:30.730+0000] {taskinstance.py:1084} INFO - Dependencies all met for dep_context=requeueable deps ti=<TaskInstance: our_first_dag_v5.thrid_task scheduled__2021-10-20T00:00:00+00:00 [queued]>
[2023-03-19T06:09:30.732+0000] {taskinstance.py:1282} INFO - 
--------------------------------------------------------------------------------
[2023-03-19T06:09:30.734+0000] {taskinstance.py:1283} INFO - Starting attempt 1 of 6
[2023-03-19T06:09:30.736+0000] {taskinstance.py:1284} INFO - 
--------------------------------------------------------------------------------
[2023-03-19T06:09:30.867+0000] {taskinstance.py:1303} INFO - Executing <Task(BashOperator): thrid_task> on 2021-10-20 00:00:00+00:00
[2023-03-19T06:09:30.878+0000] {standard_task_runner.py:55} INFO - Started process 1053 to run task
[2023-03-19T06:09:30.885+0000] {standard_task_runner.py:82} INFO - Running: ['***', 'tasks', 'run', 'our_first_dag_v5', 'thrid_task', 'scheduled__2021-10-20T00:00:00+00:00', '--job-id', '257', '--raw', '--subdir', 'DAGS_FOLDER/our_first_dags.py', '--cfg-path', '/tmp/tmp6ecvosyf']
[2023-03-19T06:09:30.928+0000] {standard_task_runner.py:83} INFO - Job 257: Subtask thrid_task
[2023-03-19T06:09:31.312+0000] {task_command.py:388} INFO - Running <TaskInstance: our_first_dag_v5.thrid_task scheduled__2021-10-20T00:00:00+00:00 [running]> on host 837d6aa6fa25
[2023-03-19T06:09:31.761+0000] {taskinstance.py:1511} INFO - Exporting the following env vars:
AIRFLOW_CTX_DAG_OWNER=coder2j
AIRFLOW_CTX_DAG_ID=our_first_dag_v5
AIRFLOW_CTX_TASK_ID=thrid_task
AIRFLOW_CTX_EXECUTION_DATE=2021-10-20T00:00:00+00:00
AIRFLOW_CTX_TRY_NUMBER=1
AIRFLOW_CTX_DAG_RUN_ID=scheduled__2021-10-20T00:00:00+00:00
[2023-03-19T06:09:31.768+0000] {subprocess.py:63} INFO - Tmp dir root location: 
 /tmp
[2023-03-19T06:09:31.770+0000] {subprocess.py:75} INFO - Running command: ['/bin/bash', '-c', 'echo hey, I am task3 and will be running after task1 at the same time as task2!']
[2023-03-19T06:09:31.906+0000] {subprocess.py:86} INFO - Output:
[2023-03-19T06:09:31.934+0000] {subprocess.py:93} INFO - hey, I am task3 and will be running after task1 at the same time as task2!
[2023-03-19T06:09:31.943+0000] {subprocess.py:97} INFO - Command exited with return code 0
[2023-03-19T06:09:32.091+0000] {taskinstance.py:1326} INFO - Marking task as SUCCESS. dag_id=our_first_dag_v5, task_id=thrid_task, execution_date=20211020T000000, start_date=20230319T060930, end_date=20230319T060932
[2023-03-19T06:09:32.228+0000] {local_task_job.py:212} INFO - Task exited with return code 0
[2023-03-19T06:09:32.409+0000] {taskinstance.py:2585} INFO - 0 downstream tasks scheduled from follow-on schedule check
