[2023-03-20 18:40:55,031] {taskinstance.py:1032} INFO - Dependencies all met for <TaskInstance: to_posgrest_v4.9.create_postgres_table_user manual__2023-03-20T18:40:35.699367+00:00 [queued]>
[2023-03-20 18:40:55,068] {taskinstance.py:1032} INFO - Dependencies all met for <TaskInstance: to_posgrest_v4.9.create_postgres_table_user manual__2023-03-20T18:40:35.699367+00:00 [queued]>
[2023-03-20 18:40:55,070] {taskinstance.py:1238} INFO - 
--------------------------------------------------------------------------------
[2023-03-20 18:40:55,070] {taskinstance.py:1239} INFO - Starting attempt 1 of 2
[2023-03-20 18:40:55,071] {taskinstance.py:1240} INFO - 
--------------------------------------------------------------------------------
[2023-03-20 18:40:55,109] {taskinstance.py:1259} INFO - Executing <Task(PostgresOperator): create_postgres_table_user> on 2023-03-20 18:40:35.699367+00:00
[2023-03-20 18:40:55,115] {standard_task_runner.py:52} INFO - Started process 21756 to run task
[2023-03-20 18:40:55,122] {standard_task_runner.py:76} INFO - Running: ['***', 'tasks', 'run', 'to_posgrest_v4.9', 'create_postgres_table_user', 'manual__2023-03-20T18:40:35.699367+00:00', '--job-id', '204', '--raw', '--subdir', 'DAGS_FOLDER/to_postgresql.py', '--cfg-path', '/tmp/tmppmj2hhe9', '--error-file', '/tmp/tmp8vt4jjb3']
[2023-03-20 18:40:55,125] {standard_task_runner.py:77} INFO - Job 204: Subtask create_postgres_table_user
[2023-03-20 18:40:55,449] {logging_mixin.py:109} INFO - Running <TaskInstance: to_posgrest_v4.9.create_postgres_table_user manual__2023-03-20T18:40:35.699367+00:00 [running]> on host 0b4cdb459521
[2023-03-20 18:40:55,800] {taskinstance.py:1426} INFO - Exporting the following env vars:
AIRFLOW_CTX_DAG_OWNER=sakabuana31
AIRFLOW_CTX_DAG_ID=to_posgrest_v4.9
AIRFLOW_CTX_TASK_ID=create_postgres_table_user
AIRFLOW_CTX_EXECUTION_DATE=2023-03-20T18:40:35.699367+00:00
AIRFLOW_CTX_DAG_RUN_ID=manual__2023-03-20T18:40:35.699367+00:00
[2023-03-20 18:40:55,880] {base.py:79} INFO - Using connection to: id: postgres_localhost. Host: host.docker.internal, Port: 5432, Schema: final, Login: ***, Password: ***, extra: {}
[2023-03-20 18:40:55,963] {dbapi.py:225} INFO - Running statement: 
            create table if not exists user1 (
                user_id text PRIMARY KEY,
                name text,
                review_count text,
                useful int,
                funny int,
                cool int,
                elite text,
                friends text,
                fans text,
                average_stars float,
                yelping_since_values date
            ) 
        , parameters: None
[2023-03-20 18:40:55,968] {postgres.py:71} INFO - NOTICE:  relation "user1" already exists, skipping

[2023-03-20 18:40:56,058] {taskinstance.py:1277} INFO - Marking task as SUCCESS. dag_id=to_posgrest_v4.9, task_id=create_postgres_table_user, execution_date=20230320T184035, start_date=20230320T184055, end_date=20230320T184056
[2023-03-20 18:40:56,124] {local_task_job.py:154} INFO - Task exited with return code 0
[2023-03-20 18:40:56,392] {local_task_job.py:264} INFO - 1 downstream tasks scheduled from follow-on schedule check
