[2023-03-20 18:56:23,772] {taskinstance.py:1032} INFO - Dependencies all met for <TaskInstance: to_posgrest_v4.9.read_and_load_review manual__2023-03-20T18:55:41.290306+00:00 [queued]>
[2023-03-20 18:56:23,811] {taskinstance.py:1032} INFO - Dependencies all met for <TaskInstance: to_posgrest_v4.9.read_and_load_review manual__2023-03-20T18:55:41.290306+00:00 [queued]>
[2023-03-20 18:56:23,812] {taskinstance.py:1238} INFO - 
--------------------------------------------------------------------------------
[2023-03-20 18:56:23,813] {taskinstance.py:1239} INFO - Starting attempt 1 of 2
[2023-03-20 18:56:23,814] {taskinstance.py:1240} INFO - 
--------------------------------------------------------------------------------
[2023-03-20 18:56:23,850] {taskinstance.py:1259} INFO - Executing <Task(PostgresOperator): read_and_load_review> on 2023-03-20 18:55:41.290306+00:00
[2023-03-20 18:56:23,855] {standard_task_runner.py:52} INFO - Started process 22693 to run task
[2023-03-20 18:56:23,862] {standard_task_runner.py:76} INFO - Running: ['***', 'tasks', 'run', 'to_posgrest_v4.9', 'read_and_load_review', 'manual__2023-03-20T18:55:41.290306+00:00', '--job-id', '229', '--raw', '--subdir', 'DAGS_FOLDER/to_postgresql.py', '--cfg-path', '/tmp/tmpqs76bfc5', '--error-file', '/tmp/tmpwmjjufm0']
[2023-03-20 18:56:23,864] {standard_task_runner.py:77} INFO - Job 229: Subtask read_and_load_review
[2023-03-20 18:56:24,184] {logging_mixin.py:109} INFO - Running <TaskInstance: to_posgrest_v4.9.read_and_load_review manual__2023-03-20T18:55:41.290306+00:00 [running]> on host 0b4cdb459521
[2023-03-20 18:56:24,524] {taskinstance.py:1426} INFO - Exporting the following env vars:
AIRFLOW_CTX_DAG_OWNER=sakabuana31
AIRFLOW_CTX_DAG_ID=to_posgrest_v4.9
AIRFLOW_CTX_TASK_ID=read_and_load_review
AIRFLOW_CTX_EXECUTION_DATE=2023-03-20T18:55:41.290306+00:00
AIRFLOW_CTX_DAG_RUN_ID=manual__2023-03-20T18:55:41.290306+00:00
[2023-03-20 18:56:24,603] {base.py:79} INFO - Using connection to: id: postgres_localhost. Host: host.docker.internal, Port: 5432, Schema: final, Login: ***, Password: ***, extra: {}
[2023-03-20 18:56:24,675] {dbapi.py:225} INFO - Running statement: 
            CREATE TEMPORARY TABLE temp_review (
                review_id text not null PRIMARY KEY,
                user_id text not null,
                business_id text not null,
                stars int not null,
                useful int not null,
                funny int not null,
                cool int not null,
                text text not null,
                date_values date not null
            );

            COPY temp_review FROM '/opt/***/data/output-csv/review_restaurant.csv' DELIMITER ',' CSV HEADER NULL 'NA';
            INSERT INTO review (review_id, user_id, business_id, stars, useful, funny, cool, text, date_values)
            SELECT review_id, user_id, business_id, stars, useful, funny, cool, text, date_values
            FROM temp_review
            ON CONFLICT (business_id) DO NOTHING;
        , parameters: None
[2023-03-20 18:56:25,420] {taskinstance.py:1700} ERROR - Task failed with exception
Traceback (most recent call last):
  File "/home/airflow/.local/lib/python3.7/site-packages/airflow/models/taskinstance.py", line 1329, in _run_raw_task
    self._execute_task_with_callbacks(context)
  File "/home/airflow/.local/lib/python3.7/site-packages/airflow/models/taskinstance.py", line 1455, in _execute_task_with_callbacks
    result = self._execute_task(context, self.task)
  File "/home/airflow/.local/lib/python3.7/site-packages/airflow/models/taskinstance.py", line 1511, in _execute_task
    result = execute_callable(context=context)
  File "/home/airflow/.local/lib/python3.7/site-packages/airflow/providers/postgres/operators/postgres.py", line 69, in execute
    self.hook.run(self.sql, self.autocommit, parameters=self.parameters)
  File "/home/airflow/.local/lib/python3.7/site-packages/airflow/hooks/dbapi.py", line 205, in run
    self._run_command(cur, sql_statement, parameters)
  File "/home/airflow/.local/lib/python3.7/site-packages/airflow/hooks/dbapi.py", line 229, in _run_command
    cur.execute(sql_statement)
psycopg2.errors.InvalidColumnReference: there is no unique or exclusion constraint matching the ON CONFLICT specification

[2023-03-20 18:56:25,528] {taskinstance.py:1277} INFO - Marking task as UP_FOR_RETRY. dag_id=to_posgrest_v4.9, task_id=read_and_load_review, execution_date=20230320T185541, start_date=20230320T185623, end_date=20230320T185625
[2023-03-20 18:56:25,571] {standard_task_runner.py:92} ERROR - Failed to execute job 229 for task read_and_load_review
Traceback (most recent call last):
  File "/home/airflow/.local/lib/python3.7/site-packages/airflow/task/task_runner/standard_task_runner.py", line 85, in _start_by_fork
    args.func(args, dag=self.dag)
  File "/home/airflow/.local/lib/python3.7/site-packages/airflow/cli/cli_parser.py", line 48, in command
    return func(*args, **kwargs)
  File "/home/airflow/.local/lib/python3.7/site-packages/airflow/utils/cli.py", line 92, in wrapper
    return f(*args, **kwargs)
  File "/home/airflow/.local/lib/python3.7/site-packages/airflow/cli/commands/task_command.py", line 298, in task_run
    _run_task_by_selected_method(args, dag, ti)
  File "/home/airflow/.local/lib/python3.7/site-packages/airflow/cli/commands/task_command.py", line 107, in _run_task_by_selected_method
    _run_raw_task(args, ti)
  File "/home/airflow/.local/lib/python3.7/site-packages/airflow/cli/commands/task_command.py", line 184, in _run_raw_task
    error_file=args.error_file,
  File "/home/airflow/.local/lib/python3.7/site-packages/airflow/utils/session.py", line 70, in wrapper
    return func(*args, session=session, **kwargs)
  File "/home/airflow/.local/lib/python3.7/site-packages/airflow/models/taskinstance.py", line 1329, in _run_raw_task
    self._execute_task_with_callbacks(context)
  File "/home/airflow/.local/lib/python3.7/site-packages/airflow/models/taskinstance.py", line 1455, in _execute_task_with_callbacks
    result = self._execute_task(context, self.task)
  File "/home/airflow/.local/lib/python3.7/site-packages/airflow/models/taskinstance.py", line 1511, in _execute_task
    result = execute_callable(context=context)
  File "/home/airflow/.local/lib/python3.7/site-packages/airflow/providers/postgres/operators/postgres.py", line 69, in execute
    self.hook.run(self.sql, self.autocommit, parameters=self.parameters)
  File "/home/airflow/.local/lib/python3.7/site-packages/airflow/hooks/dbapi.py", line 205, in run
    self._run_command(cur, sql_statement, parameters)
  File "/home/airflow/.local/lib/python3.7/site-packages/airflow/hooks/dbapi.py", line 229, in _run_command
    cur.execute(sql_statement)
psycopg2.errors.InvalidColumnReference: there is no unique or exclusion constraint matching the ON CONFLICT specification

[2023-03-20 18:56:25,631] {local_task_job.py:154} INFO - Task exited with return code 1
[2023-03-20 18:56:25,830] {local_task_job.py:264} INFO - 0 downstream tasks scheduled from follow-on schedule check
