[2023-03-20 18:58:33,021] {taskinstance.py:1032} INFO - Dependencies all met for <TaskInstance: to_posgrest_v4.9.read_and_load_review manual__2023-03-20T18:55:41.290306+00:00 [queued]>
[2023-03-20 18:58:33,059] {taskinstance.py:1032} INFO - Dependencies all met for <TaskInstance: to_posgrest_v4.9.read_and_load_review manual__2023-03-20T18:55:41.290306+00:00 [queued]>
[2023-03-20 18:58:33,060] {taskinstance.py:1238} INFO - 
--------------------------------------------------------------------------------
[2023-03-20 18:58:33,061] {taskinstance.py:1239} INFO - Starting attempt 2 of 3
[2023-03-20 18:58:33,062] {taskinstance.py:1240} INFO - 
--------------------------------------------------------------------------------
[2023-03-20 18:58:33,098] {taskinstance.py:1259} INFO - Executing <Task(PostgresOperator): read_and_load_review> on 2023-03-20 18:55:41.290306+00:00
[2023-03-20 18:58:33,104] {standard_task_runner.py:52} INFO - Started process 22807 to run task
[2023-03-20 18:58:33,111] {standard_task_runner.py:76} INFO - Running: ['***', 'tasks', 'run', 'to_posgrest_v4.9', 'read_and_load_review', 'manual__2023-03-20T18:55:41.290306+00:00', '--job-id', '230', '--raw', '--subdir', 'DAGS_FOLDER/to_postgresql.py', '--cfg-path', '/tmp/tmpokbx9ny4', '--error-file', '/tmp/tmp35tsr_8a']
[2023-03-20 18:58:33,114] {standard_task_runner.py:77} INFO - Job 230: Subtask read_and_load_review
[2023-03-20 18:58:33,477] {logging_mixin.py:109} INFO - Running <TaskInstance: to_posgrest_v4.9.read_and_load_review manual__2023-03-20T18:55:41.290306+00:00 [running]> on host 0b4cdb459521
[2023-03-20 18:58:33,796] {taskinstance.py:1426} INFO - Exporting the following env vars:
AIRFLOW_CTX_DAG_OWNER=sakabuana31
AIRFLOW_CTX_DAG_ID=to_posgrest_v4.9
AIRFLOW_CTX_TASK_ID=read_and_load_review
AIRFLOW_CTX_EXECUTION_DATE=2023-03-20T18:55:41.290306+00:00
AIRFLOW_CTX_DAG_RUN_ID=manual__2023-03-20T18:55:41.290306+00:00
[2023-03-20 18:58:33,875] {base.py:79} INFO - Using connection to: id: postgres_localhost. Host: host.docker.internal, Port: 5432, Schema: final, Login: ***, Password: ***, extra: {}
[2023-03-20 18:58:33,960] {dbapi.py:225} INFO - Running statement: 
            CREATE TEMPORARY TABLE temp_review (
                review_id text not null PRIMARY KEY,
                user_id text not null,
                business_id text not null,
                stars int not null,
                useful int not null,
                funny int not null,
                cool int not null,
                text text not null,
                date_values date not null
            );

            COPY temp_review FROM '/opt/***/data/output-csv/review_restaurant.csv' DELIMITER ',' CSV HEADER NULL 'NA';
            INSERT INTO review (review_id, user_id, business_id, stars, useful, funny, cool, text, date_values)
            SELECT review_id, user_id, business_id, stars, useful, funny, cool, text, date_values
            FROM temp_review;
        , parameters: None
[2023-03-20 18:58:35,057] {dbapi.py:233} INFO - Rows affected: 72125
[2023-03-20 18:58:35,163] {taskinstance.py:1277} INFO - Marking task as SUCCESS. dag_id=to_posgrest_v4.9, task_id=read_and_load_review, execution_date=20230320T185541, start_date=20230320T185833, end_date=20230320T185835
[2023-03-20 18:58:35,218] {local_task_job.py:154} INFO - Task exited with return code 0
[2023-03-20 18:58:35,462] {local_task_job.py:264} INFO - 0 downstream tasks scheduled from follow-on schedule check
