[2023-03-20 14:14:29,635] {taskinstance.py:1032} INFO - Dependencies all met for <TaskInstance: to_posgrest_v3.3.insert_data_to_postgres manual__2023-03-20T14:14:22.731249+00:00 [queued]>
[2023-03-20 14:14:29,675] {taskinstance.py:1032} INFO - Dependencies all met for <TaskInstance: to_posgrest_v3.3.insert_data_to_postgres manual__2023-03-20T14:14:22.731249+00:00 [queued]>
[2023-03-20 14:14:29,676] {taskinstance.py:1238} INFO - 
--------------------------------------------------------------------------------
[2023-03-20 14:14:29,677] {taskinstance.py:1239} INFO - Starting attempt 1 of 2
[2023-03-20 14:14:29,678] {taskinstance.py:1240} INFO - 
--------------------------------------------------------------------------------
[2023-03-20 14:14:29,725] {taskinstance.py:1259} INFO - Executing <Task(PostgresOperator): insert_data_to_postgres> on 2023-03-20 14:14:22.731249+00:00
[2023-03-20 14:14:29,733] {standard_task_runner.py:52} INFO - Started process 8078 to run task
[2023-03-20 14:14:29,741] {standard_task_runner.py:76} INFO - Running: ['***', 'tasks', 'run', 'to_posgrest_v3.3', 'insert_data_to_postgres', 'manual__2023-03-20T14:14:22.731249+00:00', '--job-id', '36', '--raw', '--subdir', 'DAGS_FOLDER/to_postgresql.py', '--cfg-path', '/tmp/tmpyhl8y4jl', '--error-file', '/tmp/tmpb1sq7_e3']
[2023-03-20 14:14:29,744] {standard_task_runner.py:77} INFO - Job 36: Subtask insert_data_to_postgres
[2023-03-20 14:14:30,071] {logging_mixin.py:109} INFO - Running <TaskInstance: to_posgrest_v3.3.insert_data_to_postgres manual__2023-03-20T14:14:22.731249+00:00 [running]> on host 0b4cdb459521
[2023-03-20 14:14:30,419] {taskinstance.py:1426} INFO - Exporting the following env vars:
AIRFLOW_CTX_DAG_OWNER=sakabuana31
AIRFLOW_CTX_DAG_ID=to_posgrest_v3.3
AIRFLOW_CTX_TASK_ID=insert_data_to_postgres
AIRFLOW_CTX_EXECUTION_DATE=2023-03-20T14:14:22.731249+00:00
AIRFLOW_CTX_DAG_RUN_ID=manual__2023-03-20T14:14:22.731249+00:00
[2023-03-20 14:14:30,501] {base.py:79} INFO - Using connection to: id: postgres_localhost. Host: host.docker.internal, Port: 5432, Schema: final, Login: ***, Password: ***, extra: {}
[2023-03-20 14:14:30,583] {dbapi.py:225} INFO - Running statement: 
            INSERT INTO temperature (date, min, max, normal_min, normal_max, mean, status_temp)
            SELECT date, min, max, normal_min, normal_max, mean, status_temp
            FROM temp_temperature
            ON CONFLICT (date) DO NOTHING;
        , parameters: None
[2023-03-20 14:14:30,589] {taskinstance.py:1700} ERROR - Task failed with exception
Traceback (most recent call last):
  File "/home/airflow/.local/lib/python3.7/site-packages/airflow/models/taskinstance.py", line 1329, in _run_raw_task
    self._execute_task_with_callbacks(context)
  File "/home/airflow/.local/lib/python3.7/site-packages/airflow/models/taskinstance.py", line 1455, in _execute_task_with_callbacks
    result = self._execute_task(context, self.task)
  File "/home/airflow/.local/lib/python3.7/site-packages/airflow/models/taskinstance.py", line 1511, in _execute_task
    result = execute_callable(context=context)
  File "/home/airflow/.local/lib/python3.7/site-packages/airflow/providers/postgres/operators/postgres.py", line 69, in execute
    self.hook.run(self.sql, self.autocommit, parameters=self.parameters)
  File "/home/airflow/.local/lib/python3.7/site-packages/airflow/hooks/dbapi.py", line 205, in run
    self._run_command(cur, sql_statement, parameters)
  File "/home/airflow/.local/lib/python3.7/site-packages/airflow/hooks/dbapi.py", line 229, in _run_command
    cur.execute(sql_statement)
psycopg2.errors.UndefinedTable: relation "temp_temperature" does not exist
LINE 4:             FROM temp_temperature
                         ^

[2023-03-20 14:14:30,688] {taskinstance.py:1277} INFO - Marking task as UP_FOR_RETRY. dag_id=to_posgrest_v3.3, task_id=insert_data_to_postgres, execution_date=20230320T141422, start_date=20230320T141429, end_date=20230320T141430
[2023-03-20 14:14:30,734] {standard_task_runner.py:92} ERROR - Failed to execute job 36 for task insert_data_to_postgres
Traceback (most recent call last):
  File "/home/airflow/.local/lib/python3.7/site-packages/airflow/task/task_runner/standard_task_runner.py", line 85, in _start_by_fork
    args.func(args, dag=self.dag)
  File "/home/airflow/.local/lib/python3.7/site-packages/airflow/cli/cli_parser.py", line 48, in command
    return func(*args, **kwargs)
  File "/home/airflow/.local/lib/python3.7/site-packages/airflow/utils/cli.py", line 92, in wrapper
    return f(*args, **kwargs)
  File "/home/airflow/.local/lib/python3.7/site-packages/airflow/cli/commands/task_command.py", line 298, in task_run
    _run_task_by_selected_method(args, dag, ti)
  File "/home/airflow/.local/lib/python3.7/site-packages/airflow/cli/commands/task_command.py", line 107, in _run_task_by_selected_method
    _run_raw_task(args, ti)
  File "/home/airflow/.local/lib/python3.7/site-packages/airflow/cli/commands/task_command.py", line 184, in _run_raw_task
    error_file=args.error_file,
  File "/home/airflow/.local/lib/python3.7/site-packages/airflow/utils/session.py", line 70, in wrapper
    return func(*args, session=session, **kwargs)
  File "/home/airflow/.local/lib/python3.7/site-packages/airflow/models/taskinstance.py", line 1329, in _run_raw_task
    self._execute_task_with_callbacks(context)
  File "/home/airflow/.local/lib/python3.7/site-packages/airflow/models/taskinstance.py", line 1455, in _execute_task_with_callbacks
    result = self._execute_task(context, self.task)
  File "/home/airflow/.local/lib/python3.7/site-packages/airflow/models/taskinstance.py", line 1511, in _execute_task
    result = execute_callable(context=context)
  File "/home/airflow/.local/lib/python3.7/site-packages/airflow/providers/postgres/operators/postgres.py", line 69, in execute
    self.hook.run(self.sql, self.autocommit, parameters=self.parameters)
  File "/home/airflow/.local/lib/python3.7/site-packages/airflow/hooks/dbapi.py", line 205, in run
    self._run_command(cur, sql_statement, parameters)
  File "/home/airflow/.local/lib/python3.7/site-packages/airflow/hooks/dbapi.py", line 229, in _run_command
    cur.execute(sql_statement)
psycopg2.errors.UndefinedTable: relation "temp_temperature" does not exist
LINE 4:             FROM temp_temperature
                         ^

[2023-03-20 14:14:30,792] {local_task_job.py:154} INFO - Task exited with return code 1
[2023-03-20 14:14:31,009] {local_task_job.py:264} INFO - 0 downstream tasks scheduled from follow-on schedule check
