[2023-03-20 19:02:04,153] {taskinstance.py:1032} INFO - Dependencies all met for <TaskInstance: to_posgrest_v4.9.create_postgres_table_checkin manual__2023-03-20T19:01:39.369448+00:00 [queued]>
[2023-03-20 19:02:04,193] {taskinstance.py:1032} INFO - Dependencies all met for <TaskInstance: to_posgrest_v4.9.create_postgres_table_checkin manual__2023-03-20T19:01:39.369448+00:00 [queued]>
[2023-03-20 19:02:04,194] {taskinstance.py:1238} INFO - 
--------------------------------------------------------------------------------
[2023-03-20 19:02:04,194] {taskinstance.py:1239} INFO - Starting attempt 1 of 2
[2023-03-20 19:02:04,195] {taskinstance.py:1240} INFO - 
--------------------------------------------------------------------------------
[2023-03-20 19:02:04,234] {taskinstance.py:1259} INFO - Executing <Task(PostgresOperator): create_postgres_table_checkin> on 2023-03-20 19:01:39.369448+00:00
[2023-03-20 19:02:04,239] {standard_task_runner.py:52} INFO - Started process 23025 to run task
[2023-03-20 19:02:04,247] {standard_task_runner.py:76} INFO - Running: ['***', 'tasks', 'run', 'to_posgrest_v4.9', 'create_postgres_table_checkin', 'manual__2023-03-20T19:01:39.369448+00:00', '--job-id', '239', '--raw', '--subdir', 'DAGS_FOLDER/to_postgresql.py', '--cfg-path', '/tmp/tmp2zp_75_y', '--error-file', '/tmp/tmpu_zr7ai6']
[2023-03-20 19:02:04,250] {standard_task_runner.py:77} INFO - Job 239: Subtask create_postgres_table_checkin
[2023-03-20 19:02:04,556] {logging_mixin.py:109} INFO - Running <TaskInstance: to_posgrest_v4.9.create_postgres_table_checkin manual__2023-03-20T19:01:39.369448+00:00 [running]> on host 0b4cdb459521
[2023-03-20 19:02:04,863] {taskinstance.py:1426} INFO - Exporting the following env vars:
AIRFLOW_CTX_DAG_OWNER=sakabuana31
AIRFLOW_CTX_DAG_ID=to_posgrest_v4.9
AIRFLOW_CTX_TASK_ID=create_postgres_table_checkin
AIRFLOW_CTX_EXECUTION_DATE=2023-03-20T19:01:39.369448+00:00
AIRFLOW_CTX_DAG_RUN_ID=manual__2023-03-20T19:01:39.369448+00:00
[2023-03-20 19:02:04,941] {base.py:79} INFO - Using connection to: id: postgres_localhost. Host: host.docker.internal, Port: 5432, Schema: final, Login: ***, Password: ***, extra: {}
[2023-03-20 19:02:05,015] {dbapi.py:225} INFO - Running statement: 
            create table if not exists checkin (
                business_id text,
                date_values date PRIMARY KEY
            ) 
        , parameters: None
[2023-03-20 19:02:05,020] {postgres.py:71} INFO - NOTICE:  relation "checkin" already exists, skipping

[2023-03-20 19:02:05,107] {taskinstance.py:1277} INFO - Marking task as SUCCESS. dag_id=to_posgrest_v4.9, task_id=create_postgres_table_checkin, execution_date=20230320T190139, start_date=20230320T190204, end_date=20230320T190205
[2023-03-20 19:02:05,177] {local_task_job.py:154} INFO - Task exited with return code 0
[2023-03-20 19:02:05,459] {local_task_job.py:264} INFO - 0 downstream tasks scheduled from follow-on schedule check
