[2023-03-19T06:09:48.433+0000] {taskinstance.py:1084} INFO - Dependencies all met for dep_context=non-requeueable deps ti=<TaskInstance: our_first_dag_v5.first_task scheduled__2021-11-22T00:00:00+00:00 [queued]>
[2023-03-19T06:09:48.464+0000] {taskinstance.py:1084} INFO - Dependencies all met for dep_context=requeueable deps ti=<TaskInstance: our_first_dag_v5.first_task scheduled__2021-11-22T00:00:00+00:00 [queued]>
[2023-03-19T06:09:48.465+0000] {taskinstance.py:1282} INFO - 
--------------------------------------------------------------------------------
[2023-03-19T06:09:48.466+0000] {taskinstance.py:1283} INFO - Starting attempt 1 of 6
[2023-03-19T06:09:48.467+0000] {taskinstance.py:1284} INFO - 
--------------------------------------------------------------------------------
[2023-03-19T06:09:48.589+0000] {taskinstance.py:1303} INFO - Executing <Task(BashOperator): first_task> on 2021-11-22 00:00:00+00:00
[2023-03-19T06:09:48.616+0000] {standard_task_runner.py:55} INFO - Started process 1323 to run task
[2023-03-19T06:09:48.623+0000] {standard_task_runner.py:82} INFO - Running: ['***', 'tasks', 'run', 'our_first_dag_v5', 'first_task', 'scheduled__2021-11-22T00:00:00+00:00', '--job-id', '341', '--raw', '--subdir', 'DAGS_FOLDER/our_second_dags.py', '--cfg-path', '/tmp/tmpjtiurk4h']
[2023-03-19T06:09:48.638+0000] {standard_task_runner.py:83} INFO - Job 341: Subtask first_task
[2023-03-19T06:09:48.885+0000] {task_command.py:388} INFO - Running <TaskInstance: our_first_dag_v5.first_task scheduled__2021-11-22T00:00:00+00:00 [running]> on host 837d6aa6fa25
[2023-03-19T06:09:49.055+0000] {taskinstance.py:1511} INFO - Exporting the following env vars:
AIRFLOW_CTX_DAG_OWNER=coder2j
AIRFLOW_CTX_DAG_ID=our_first_dag_v5
AIRFLOW_CTX_TASK_ID=first_task
AIRFLOW_CTX_EXECUTION_DATE=2021-11-22T00:00:00+00:00
AIRFLOW_CTX_TRY_NUMBER=1
AIRFLOW_CTX_DAG_RUN_ID=scheduled__2021-11-22T00:00:00+00:00
[2023-03-19T06:09:49.066+0000] {subprocess.py:63} INFO - Tmp dir root location: 
 /tmp
[2023-03-19T06:09:49.085+0000] {subprocess.py:75} INFO - Running command: ['/bin/bash', '-c', 'echo hello world, this is the first task!']
[2023-03-19T06:09:49.129+0000] {subprocess.py:86} INFO - Output:
[2023-03-19T06:09:49.145+0000] {subprocess.py:93} INFO - hello world, this is the first task!
[2023-03-19T06:09:49.147+0000] {subprocess.py:97} INFO - Command exited with return code 0
[2023-03-19T06:09:49.240+0000] {taskinstance.py:1326} INFO - Marking task as SUCCESS. dag_id=our_first_dag_v5, task_id=first_task, execution_date=20211122T000000, start_date=20230319T060948, end_date=20230319T060949
[2023-03-19T06:09:49.303+0000] {local_task_job.py:212} INFO - Task exited with return code 0
[2023-03-19T06:09:49.353+0000] {taskinstance.py:2585} INFO - 2 downstream tasks scheduled from follow-on schedule check
