[2023-03-20 14:48:31,888] {taskinstance.py:1032} INFO - Dependencies all met for <TaskInstance: to_posgrest_v4.1.create_postgres_table_business manual__2023-03-20T14:48:20.614346+00:00 [queued]>
[2023-03-20 14:48:31,924] {taskinstance.py:1032} INFO - Dependencies all met for <TaskInstance: to_posgrest_v4.1.create_postgres_table_business manual__2023-03-20T14:48:20.614346+00:00 [queued]>
[2023-03-20 14:48:31,925] {taskinstance.py:1238} INFO - 
--------------------------------------------------------------------------------
[2023-03-20 14:48:31,926] {taskinstance.py:1239} INFO - Starting attempt 1 of 2
[2023-03-20 14:48:31,926] {taskinstance.py:1240} INFO - 
--------------------------------------------------------------------------------
[2023-03-20 14:48:31,962] {taskinstance.py:1259} INFO - Executing <Task(PostgresOperator): create_postgres_table_business> on 2023-03-20 14:48:20.614346+00:00
[2023-03-20 14:48:31,967] {standard_task_runner.py:52} INFO - Started process 9879 to run task
[2023-03-20 14:48:31,973] {standard_task_runner.py:76} INFO - Running: ['***', 'tasks', 'run', 'to_posgrest_v4.1', 'create_postgres_table_business', 'manual__2023-03-20T14:48:20.614346+00:00', '--job-id', '49', '--raw', '--subdir', 'DAGS_FOLDER/to_postgresql.py', '--cfg-path', '/tmp/tmpld6amezj', '--error-file', '/tmp/tmpvpq0n_nk']
[2023-03-20 14:48:31,975] {standard_task_runner.py:77} INFO - Job 49: Subtask create_postgres_table_business
[2023-03-20 14:48:32,257] {logging_mixin.py:109} INFO - Running <TaskInstance: to_posgrest_v4.1.create_postgres_table_business manual__2023-03-20T14:48:20.614346+00:00 [running]> on host 0b4cdb459521
[2023-03-20 14:48:32,566] {taskinstance.py:1426} INFO - Exporting the following env vars:
AIRFLOW_CTX_DAG_OWNER=sakabuana31
AIRFLOW_CTX_DAG_ID=to_posgrest_v4.1
AIRFLOW_CTX_TASK_ID=create_postgres_table_business
AIRFLOW_CTX_EXECUTION_DATE=2023-03-20T14:48:20.614346+00:00
AIRFLOW_CTX_DAG_RUN_ID=manual__2023-03-20T14:48:20.614346+00:00
[2023-03-20 14:48:32,644] {base.py:79} INFO - Using connection to: id: postgres_localhost. Host: host.docker.internal, Port: 5432, Schema: final, Login: ***, Password: ***, extra: {}
[2023-03-20 14:48:32,716] {dbapi.py:225} INFO - Running statement: 
            create table if not exists business (
                business_id object PRIMARY KEY,
                name object,
                address object,
                city object,
                state object,
                postal_code object,
                latitude float,
                longitude float,
                stars float,
                review_count int,
                is_open int,
                attributes object,
                categories object,
                hours object
            ) 
        , parameters: None
[2023-03-20 14:48:32,721] {taskinstance.py:1700} ERROR - Task failed with exception
Traceback (most recent call last):
  File "/home/airflow/.local/lib/python3.7/site-packages/airflow/models/taskinstance.py", line 1329, in _run_raw_task
    self._execute_task_with_callbacks(context)
  File "/home/airflow/.local/lib/python3.7/site-packages/airflow/models/taskinstance.py", line 1455, in _execute_task_with_callbacks
    result = self._execute_task(context, self.task)
  File "/home/airflow/.local/lib/python3.7/site-packages/airflow/models/taskinstance.py", line 1511, in _execute_task
    result = execute_callable(context=context)
  File "/home/airflow/.local/lib/python3.7/site-packages/airflow/providers/postgres/operators/postgres.py", line 69, in execute
    self.hook.run(self.sql, self.autocommit, parameters=self.parameters)
  File "/home/airflow/.local/lib/python3.7/site-packages/airflow/hooks/dbapi.py", line 205, in run
    self._run_command(cur, sql_statement, parameters)
  File "/home/airflow/.local/lib/python3.7/site-packages/airflow/hooks/dbapi.py", line 229, in _run_command
    cur.execute(sql_statement)
psycopg2.errors.UndefinedObject: type "object" does not exist
LINE 3:                 business_id object PRIMARY KEY,
                                    ^

[2023-03-20 14:48:32,815] {taskinstance.py:1277} INFO - Marking task as UP_FOR_RETRY. dag_id=to_posgrest_v4.1, task_id=create_postgres_table_business, execution_date=20230320T144820, start_date=20230320T144831, end_date=20230320T144832
[2023-03-20 14:48:32,857] {standard_task_runner.py:92} ERROR - Failed to execute job 49 for task create_postgres_table_business
Traceback (most recent call last):
  File "/home/airflow/.local/lib/python3.7/site-packages/airflow/task/task_runner/standard_task_runner.py", line 85, in _start_by_fork
    args.func(args, dag=self.dag)
  File "/home/airflow/.local/lib/python3.7/site-packages/airflow/cli/cli_parser.py", line 48, in command
    return func(*args, **kwargs)
  File "/home/airflow/.local/lib/python3.7/site-packages/airflow/utils/cli.py", line 92, in wrapper
    return f(*args, **kwargs)
  File "/home/airflow/.local/lib/python3.7/site-packages/airflow/cli/commands/task_command.py", line 298, in task_run
    _run_task_by_selected_method(args, dag, ti)
  File "/home/airflow/.local/lib/python3.7/site-packages/airflow/cli/commands/task_command.py", line 107, in _run_task_by_selected_method
    _run_raw_task(args, ti)
  File "/home/airflow/.local/lib/python3.7/site-packages/airflow/cli/commands/task_command.py", line 184, in _run_raw_task
    error_file=args.error_file,
  File "/home/airflow/.local/lib/python3.7/site-packages/airflow/utils/session.py", line 70, in wrapper
    return func(*args, session=session, **kwargs)
  File "/home/airflow/.local/lib/python3.7/site-packages/airflow/models/taskinstance.py", line 1329, in _run_raw_task
    self._execute_task_with_callbacks(context)
  File "/home/airflow/.local/lib/python3.7/site-packages/airflow/models/taskinstance.py", line 1455, in _execute_task_with_callbacks
    result = self._execute_task(context, self.task)
  File "/home/airflow/.local/lib/python3.7/site-packages/airflow/models/taskinstance.py", line 1511, in _execute_task
    result = execute_callable(context=context)
  File "/home/airflow/.local/lib/python3.7/site-packages/airflow/providers/postgres/operators/postgres.py", line 69, in execute
    self.hook.run(self.sql, self.autocommit, parameters=self.parameters)
  File "/home/airflow/.local/lib/python3.7/site-packages/airflow/hooks/dbapi.py", line 205, in run
    self._run_command(cur, sql_statement, parameters)
  File "/home/airflow/.local/lib/python3.7/site-packages/airflow/hooks/dbapi.py", line 229, in _run_command
    cur.execute(sql_statement)
psycopg2.errors.UndefinedObject: type "object" does not exist
LINE 3:                 business_id object PRIMARY KEY,
                                    ^

[2023-03-20 14:48:32,912] {local_task_job.py:154} INFO - Task exited with return code 1
[2023-03-20 14:48:33,132] {local_task_job.py:264} INFO - 0 downstream tasks scheduled from follow-on schedule check
