[2023-03-21 07:10:12,580] {taskinstance.py:1032} INFO - Dependencies all met for <TaskInstance: querry_postgres_v1.2.create_querry_postgres_table manual__2023-03-21T07:10:10.368732+00:00 [queued]>
[2023-03-21 07:10:12,617] {taskinstance.py:1032} INFO - Dependencies all met for <TaskInstance: querry_postgres_v1.2.create_querry_postgres_table manual__2023-03-21T07:10:10.368732+00:00 [queued]>
[2023-03-21 07:10:12,618] {taskinstance.py:1238} INFO - 
--------------------------------------------------------------------------------
[2023-03-21 07:10:12,619] {taskinstance.py:1239} INFO - Starting attempt 1 of 2
[2023-03-21 07:10:12,620] {taskinstance.py:1240} INFO - 
--------------------------------------------------------------------------------
[2023-03-21 07:10:12,658] {taskinstance.py:1259} INFO - Executing <Task(PostgresOperator): create_querry_postgres_table> on 2023-03-21 07:10:10.368732+00:00
[2023-03-21 07:10:12,663] {standard_task_runner.py:52} INFO - Started process 33661 to run task
[2023-03-21 07:10:12,672] {standard_task_runner.py:76} INFO - Running: ['***', 'tasks', 'run', 'querry_postgres_v1.2', 'create_querry_postgres_table', 'manual__2023-03-21T07:10:10.368732+00:00', '--job-id', '255', '--raw', '--subdir', 'DAGS_FOLDER/querry_posgresql.py', '--cfg-path', '/tmp/tmpc808qfdh', '--error-file', '/tmp/tmpnntvkae9']
[2023-03-21 07:10:12,674] {standard_task_runner.py:77} INFO - Job 255: Subtask create_querry_postgres_table
[2023-03-21 07:10:12,988] {logging_mixin.py:109} INFO - Running <TaskInstance: querry_postgres_v1.2.create_querry_postgres_table manual__2023-03-21T07:10:10.368732+00:00 [running]> on host 0b4cdb459521
[2023-03-21 07:10:13,333] {taskinstance.py:1426} INFO - Exporting the following env vars:
AIRFLOW_CTX_DAG_OWNER=sakabuana31
AIRFLOW_CTX_DAG_ID=querry_postgres_v1.2
AIRFLOW_CTX_TASK_ID=create_querry_postgres_table
AIRFLOW_CTX_EXECUTION_DATE=2023-03-21T07:10:10.368732+00:00
AIRFLOW_CTX_DAG_RUN_ID=manual__2023-03-21T07:10:10.368732+00:00
[2023-03-21 07:10:13,412] {base.py:79} INFO - Using connection to: id: postgres_localhost. Host: host.docker.internal, Port: 5432, Schema: final, Login: ***, Password: ***, extra: {}
[2023-03-21 07:10:13,506] {dbapi.py:225} INFO - Running statement: 
            CREATE TABLE IF NOT EXISTS serving_table_review (
            date DATE,
            status_temp INT,
            status_preci INT,
            business_id TEXT,
            business_name TEXT,
            stars INT,
            date_values DATE
        );
        , parameters: None
[2023-03-21 07:10:13,511] {postgres.py:71} INFO - NOTICE:  relation "serving_table_review" already exists, skipping

[2023-03-21 07:10:13,600] {taskinstance.py:1277} INFO - Marking task as SUCCESS. dag_id=querry_postgres_v1.2, task_id=create_querry_postgres_table, execution_date=20230321T071010, start_date=20230321T071012, end_date=20230321T071013
[2023-03-21 07:10:13,649] {local_task_job.py:154} INFO - Task exited with return code 0
[2023-03-21 07:10:13,846] {local_task_job.py:264} INFO - 1 downstream tasks scheduled from follow-on schedule check
