[2023-03-21 03:45:02,156] {taskinstance.py:1032} INFO - Dependencies all met for <TaskInstance: querry_postgres_v1.create_querry_postgres_table manual__2023-03-21T03:45:00.001133+00:00 [queued]>
[2023-03-21 03:45:02,203] {taskinstance.py:1032} INFO - Dependencies all met for <TaskInstance: querry_postgres_v1.create_querry_postgres_table manual__2023-03-21T03:45:00.001133+00:00 [queued]>
[2023-03-21 03:45:02,205] {taskinstance.py:1238} INFO - 
--------------------------------------------------------------------------------
[2023-03-21 03:45:02,206] {taskinstance.py:1239} INFO - Starting attempt 1 of 2
[2023-03-21 03:45:02,207] {taskinstance.py:1240} INFO - 
--------------------------------------------------------------------------------
[2023-03-21 03:45:02,258] {taskinstance.py:1259} INFO - Executing <Task(PostgresOperator): create_querry_postgres_table> on 2023-03-21 03:45:00.001133+00:00
[2023-03-21 03:45:02,266] {standard_task_runner.py:52} INFO - Started process 30017 to run task
[2023-03-21 03:45:02,282] {standard_task_runner.py:76} INFO - Running: ['***', 'tasks', 'run', 'querry_postgres_v1', 'create_querry_postgres_table', 'manual__2023-03-21T03:45:00.001133+00:00', '--job-id', '245', '--raw', '--subdir', 'DAGS_FOLDER/querry_posgresql.py', '--cfg-path', '/tmp/tmppsm25of7', '--error-file', '/tmp/tmp7uyve_4b']
[2023-03-21 03:45:02,290] {standard_task_runner.py:77} INFO - Job 245: Subtask create_querry_postgres_table
[2023-03-21 03:45:02,676] {logging_mixin.py:109} INFO - Running <TaskInstance: querry_postgres_v1.create_querry_postgres_table manual__2023-03-21T03:45:00.001133+00:00 [running]> on host 0b4cdb459521
[2023-03-21 03:45:03,043] {taskinstance.py:1426} INFO - Exporting the following env vars:
AIRFLOW_CTX_DAG_OWNER=sakabuana31
AIRFLOW_CTX_DAG_ID=querry_postgres_v1
AIRFLOW_CTX_TASK_ID=create_querry_postgres_table
AIRFLOW_CTX_EXECUTION_DATE=2023-03-21T03:45:00.001133+00:00
AIRFLOW_CTX_DAG_RUN_ID=manual__2023-03-21T03:45:00.001133+00:00
[2023-03-21 03:45:03,145] {base.py:79} INFO - Using connection to: id: postgres_localhost. Host: host.docker.internal, Port: 5432, Schema: final, Login: ***, Password: ***, extra: {}
[2023-03-21 03:45:03,261] {dbapi.py:225} INFO - Running statement: 
            CREATE TABLE IF NOT EXISTS serving_table (
            date DATE,
            status_temp INT,
            status_preci INT,
            business_id TEXT,
            business_name TEXT,
            stars INT,
            date_values DATE
        );
        , parameters: None
[2023-03-21 03:45:03,370] {taskinstance.py:1277} INFO - Marking task as SUCCESS. dag_id=querry_postgres_v1, task_id=create_querry_postgres_table, execution_date=20230321T034500, start_date=20230321T034502, end_date=20230321T034503
[2023-03-21 03:45:03,454] {local_task_job.py:154} INFO - Task exited with return code 0
[2023-03-21 03:45:03,666] {local_task_job.py:264} INFO - 0 downstream tasks scheduled from follow-on schedule check
