[2023-03-19T06:08:44.024+0000] {taskinstance.py:1084} INFO - Dependencies all met for dep_context=non-requeueable deps ti=<TaskInstance: our_first_dag_v5.first_task scheduled__2021-08-11T00:00:00+00:00 [queued]>
[2023-03-19T06:08:44.079+0000] {taskinstance.py:1084} INFO - Dependencies all met for dep_context=requeueable deps ti=<TaskInstance: our_first_dag_v5.first_task scheduled__2021-08-11T00:00:00+00:00 [queued]>
[2023-03-19T06:08:44.080+0000] {taskinstance.py:1282} INFO - 
--------------------------------------------------------------------------------
[2023-03-19T06:08:44.086+0000] {taskinstance.py:1283} INFO - Starting attempt 1 of 6
[2023-03-19T06:08:44.087+0000] {taskinstance.py:1284} INFO - 
--------------------------------------------------------------------------------
[2023-03-19T06:08:44.235+0000] {taskinstance.py:1303} INFO - Executing <Task(BashOperator): first_task> on 2021-08-11 00:00:00+00:00
[2023-03-19T06:08:44.249+0000] {standard_task_runner.py:55} INFO - Started process 344 to run task
[2023-03-19T06:08:44.277+0000] {standard_task_runner.py:82} INFO - Running: ['***', 'tasks', 'run', 'our_first_dag_v5', 'first_task', 'scheduled__2021-08-11T00:00:00+00:00', '--job-id', '29', '--raw', '--subdir', 'DAGS_FOLDER/our_second_dags.py', '--cfg-path', '/tmp/tmpojpoyrsc']
[2023-03-19T06:08:44.314+0000] {standard_task_runner.py:83} INFO - Job 29: Subtask first_task
[2023-03-19T06:08:44.598+0000] {task_command.py:388} INFO - Running <TaskInstance: our_first_dag_v5.first_task scheduled__2021-08-11T00:00:00+00:00 [running]> on host 837d6aa6fa25
[2023-03-19T06:08:44.848+0000] {taskinstance.py:1511} INFO - Exporting the following env vars:
AIRFLOW_CTX_DAG_OWNER=coder2j
AIRFLOW_CTX_DAG_ID=our_first_dag_v5
AIRFLOW_CTX_TASK_ID=first_task
AIRFLOW_CTX_EXECUTION_DATE=2021-08-11T00:00:00+00:00
AIRFLOW_CTX_TRY_NUMBER=1
AIRFLOW_CTX_DAG_RUN_ID=scheduled__2021-08-11T00:00:00+00:00
[2023-03-19T06:08:44.850+0000] {subprocess.py:63} INFO - Tmp dir root location: 
 /tmp
[2023-03-19T06:08:44.854+0000] {subprocess.py:75} INFO - Running command: ['/bin/bash', '-c', 'echo hello world, this is the first task!']
[2023-03-19T06:08:44.888+0000] {subprocess.py:86} INFO - Output:
[2023-03-19T06:08:44.901+0000] {subprocess.py:93} INFO - hello world, this is the first task!
[2023-03-19T06:08:44.902+0000] {subprocess.py:97} INFO - Command exited with return code 0
[2023-03-19T06:08:44.995+0000] {taskinstance.py:1326} INFO - Marking task as SUCCESS. dag_id=our_first_dag_v5, task_id=first_task, execution_date=20210811T000000, start_date=20230319T060844, end_date=20230319T060844
[2023-03-19T06:08:45.087+0000] {local_task_job.py:212} INFO - Task exited with return code 0
[2023-03-19T06:08:45.136+0000] {taskinstance.py:2585} INFO - 2 downstream tasks scheduled from follow-on schedule check
