[2023-03-21 17:48:25,136] {taskinstance.py:1032} INFO - Dependencies all met for <TaskInstance: querry_postgres_v1.6.get_querry_postgres_table manual__2023-03-21T17:43:18.155344+00:00 [queued]>
[2023-03-21 17:48:25,177] {taskinstance.py:1032} INFO - Dependencies all met for <TaskInstance: querry_postgres_v1.6.get_querry_postgres_table manual__2023-03-21T17:43:18.155344+00:00 [queued]>
[2023-03-21 17:48:25,178] {taskinstance.py:1238} INFO - 
--------------------------------------------------------------------------------
[2023-03-21 17:48:25,179] {taskinstance.py:1239} INFO - Starting attempt 2 of 2
[2023-03-21 17:48:25,179] {taskinstance.py:1240} INFO - 
--------------------------------------------------------------------------------
[2023-03-21 17:48:25,217] {taskinstance.py:1259} INFO - Executing <Task(PostgresOperator): get_querry_postgres_table> on 2023-03-21 17:43:18.155344+00:00
[2023-03-21 17:48:25,222] {standard_task_runner.py:52} INFO - Started process 7520 to run task
[2023-03-21 17:48:25,230] {standard_task_runner.py:76} INFO - Running: ['***', 'tasks', 'run', 'querry_postgres_v1.6', 'get_querry_postgres_table', 'manual__2023-03-21T17:43:18.155344+00:00', '--job-id', '320', '--raw', '--subdir', 'DAGS_FOLDER/querry_posgresql.py', '--cfg-path', '/tmp/tmp0njqx3w1', '--error-file', '/tmp/tmpxxjwy3hu']
[2023-03-21 17:48:25,233] {standard_task_runner.py:77} INFO - Job 320: Subtask get_querry_postgres_table
[2023-03-21 17:48:25,546] {logging_mixin.py:109} INFO - Running <TaskInstance: querry_postgres_v1.6.get_querry_postgres_table manual__2023-03-21T17:43:18.155344+00:00 [running]> on host 032c4ac21f36
[2023-03-21 17:48:25,875] {taskinstance.py:1426} INFO - Exporting the following env vars:
AIRFLOW_CTX_DAG_OWNER=sakabuana31
AIRFLOW_CTX_DAG_ID=querry_postgres_v1.6
AIRFLOW_CTX_TASK_ID=get_querry_postgres_table
AIRFLOW_CTX_EXECUTION_DATE=2023-03-21T17:43:18.155344+00:00
AIRFLOW_CTX_DAG_RUN_ID=manual__2023-03-21T17:43:18.155344+00:00
[2023-03-21 17:48:25,953] {base.py:79} INFO - Using connection to: id: postgres_localhost. Host: host.docker.internal, Port: 5432, Schema: final, Login: ***, Password: ***, extra: {}
[2023-03-21 17:48:26,032] {dbapi.py:225} INFO - Running statement: 
            INSERT INTO serving.serving_table_review (
                date, mean_temp, status_temp, precipitation, status_preci, business_id, business_name, stars, date_values
            )
            SELECT 
                review.date_values,
                temperature.mean,
                temperature.status_temp,
                precipitation.precipitation,
                precipitation.status_preci, 
                review.business_id, 
                business.name, 
                review.stars, 
                review.date_values
            FROM 
                review
                LEFT JOIN precipitation ON (review.date_values = precipitation.date)
                LEFT JOIN temperature ON (review.date_values = temperature.date)
                LEFT JOIN business ON (review.business_id = business.business_id)
            ORDER BY 
                review.date_values;

        , parameters: None
[2023-03-21 17:48:26,251] {dbapi.py:233} INFO - Rows affected: 72125
[2023-03-21 17:48:26,390] {taskinstance.py:1277} INFO - Marking task as SUCCESS. dag_id=querry_postgres_v1.6, task_id=get_querry_postgres_table, execution_date=20230321T174318, start_date=20230321T174825, end_date=20230321T174826
[2023-03-21 17:48:26,477] {local_task_job.py:154} INFO - Task exited with return code 0
[2023-03-21 17:48:26,678] {local_task_job.py:264} INFO - 0 downstream tasks scheduled from follow-on schedule check
