[2023-03-19T06:09:44.559+0000] {taskinstance.py:1084} INFO - Dependencies all met for dep_context=non-requeueable deps ti=<TaskInstance: our_first_dag_v5.first_task scheduled__2021-11-12T00:00:00+00:00 [queued]>
[2023-03-19T06:09:44.583+0000] {taskinstance.py:1084} INFO - Dependencies all met for dep_context=requeueable deps ti=<TaskInstance: our_first_dag_v5.first_task scheduled__2021-11-12T00:00:00+00:00 [queued]>
[2023-03-19T06:09:44.584+0000] {taskinstance.py:1282} INFO - 
--------------------------------------------------------------------------------
[2023-03-19T06:09:44.585+0000] {taskinstance.py:1283} INFO - Starting attempt 1 of 6
[2023-03-19T06:09:44.588+0000] {taskinstance.py:1284} INFO - 
--------------------------------------------------------------------------------
[2023-03-19T06:09:44.612+0000] {taskinstance.py:1303} INFO - Executing <Task(BashOperator): first_task> on 2021-11-12 00:00:00+00:00
[2023-03-19T06:09:44.617+0000] {standard_task_runner.py:55} INFO - Started process 1233 to run task
[2023-03-19T06:09:44.630+0000] {standard_task_runner.py:82} INFO - Running: ['***', 'tasks', 'run', 'our_first_dag_v5', 'first_task', 'scheduled__2021-11-12T00:00:00+00:00', '--job-id', '315', '--raw', '--subdir', 'DAGS_FOLDER/our_second_dags.py', '--cfg-path', '/tmp/tmptlf6634_']
[2023-03-19T06:09:44.635+0000] {standard_task_runner.py:83} INFO - Job 315: Subtask first_task
[2023-03-19T06:09:44.751+0000] {task_command.py:388} INFO - Running <TaskInstance: our_first_dag_v5.first_task scheduled__2021-11-12T00:00:00+00:00 [running]> on host 837d6aa6fa25
[2023-03-19T06:09:44.972+0000] {taskinstance.py:1511} INFO - Exporting the following env vars:
AIRFLOW_CTX_DAG_OWNER=coder2j
AIRFLOW_CTX_DAG_ID=our_first_dag_v5
AIRFLOW_CTX_TASK_ID=first_task
AIRFLOW_CTX_EXECUTION_DATE=2021-11-12T00:00:00+00:00
AIRFLOW_CTX_TRY_NUMBER=1
AIRFLOW_CTX_DAG_RUN_ID=scheduled__2021-11-12T00:00:00+00:00
[2023-03-19T06:09:44.974+0000] {subprocess.py:63} INFO - Tmp dir root location: 
 /tmp
[2023-03-19T06:09:44.979+0000] {subprocess.py:75} INFO - Running command: ['/bin/bash', '-c', 'echo hello world, this is the first task!']
[2023-03-19T06:09:45.003+0000] {subprocess.py:86} INFO - Output:
[2023-03-19T06:09:45.009+0000] {subprocess.py:93} INFO - hello world, this is the first task!
[2023-03-19T06:09:45.010+0000] {subprocess.py:97} INFO - Command exited with return code 0
[2023-03-19T06:09:45.076+0000] {taskinstance.py:1326} INFO - Marking task as SUCCESS. dag_id=our_first_dag_v5, task_id=first_task, execution_date=20211112T000000, start_date=20230319T060944, end_date=20230319T060945
[2023-03-19T06:09:45.126+0000] {local_task_job.py:212} INFO - Task exited with return code 0
[2023-03-19T06:09:45.186+0000] {taskinstance.py:2585} INFO - 2 downstream tasks scheduled from follow-on schedule check
