[2023-03-21 14:43:20,787] {taskinstance.py:1032} INFO - Dependencies all met for <TaskInstance: querry_postgres_v1.5.create_querry_postgres_table manual__2023-03-21T14:43:19.067280+00:00 [queued]>
[2023-03-21 14:43:20,824] {taskinstance.py:1032} INFO - Dependencies all met for <TaskInstance: querry_postgres_v1.5.create_querry_postgres_table manual__2023-03-21T14:43:19.067280+00:00 [queued]>
[2023-03-21 14:43:20,825] {taskinstance.py:1238} INFO - 
--------------------------------------------------------------------------------
[2023-03-21 14:43:20,826] {taskinstance.py:1239} INFO - Starting attempt 1 of 2
[2023-03-21 14:43:20,827] {taskinstance.py:1240} INFO - 
--------------------------------------------------------------------------------
[2023-03-21 14:43:20,865] {taskinstance.py:1259} INFO - Executing <Task(PostgresOperator): create_querry_postgres_table> on 2023-03-21 14:43:19.067280+00:00
[2023-03-21 14:43:20,875] {standard_task_runner.py:52} INFO - Started process 16487 to run task
[2023-03-21 14:43:20,883] {standard_task_runner.py:76} INFO - Running: ['***', 'tasks', 'run', 'querry_postgres_v1.5', 'create_querry_postgres_table', 'manual__2023-03-21T14:43:19.067280+00:00', '--job-id', '297', '--raw', '--subdir', 'DAGS_FOLDER/querry_posgresql.py', '--cfg-path', '/tmp/tmps2hlaxoj', '--error-file', '/tmp/tmp_ibe11nj']
[2023-03-21 14:43:20,886] {standard_task_runner.py:77} INFO - Job 297: Subtask create_querry_postgres_table
[2023-03-21 14:43:21,192] {logging_mixin.py:109} INFO - Running <TaskInstance: querry_postgres_v1.5.create_querry_postgres_table manual__2023-03-21T14:43:19.067280+00:00 [running]> on host 0b4cdb459521
[2023-03-21 14:43:21,544] {taskinstance.py:1426} INFO - Exporting the following env vars:
AIRFLOW_CTX_DAG_OWNER=sakabuana31
AIRFLOW_CTX_DAG_ID=querry_postgres_v1.5
AIRFLOW_CTX_TASK_ID=create_querry_postgres_table
AIRFLOW_CTX_EXECUTION_DATE=2023-03-21T14:43:19.067280+00:00
AIRFLOW_CTX_DAG_RUN_ID=manual__2023-03-21T14:43:19.067280+00:00
[2023-03-21 14:43:21,625] {base.py:79} INFO - Using connection to: id: postgres_serving. Host: host.docker.internal, Port: 5432, Schema: serving, Login: ***, Password: ***, extra: {}
[2023-03-21 14:43:21,736] {dbapi.py:225} INFO - Running statement: 
            CREATE TABLE IF NOT EXISTS serving_table_review (
            date DATE,
            status_temp INT,
            status_preci INT,
            business_id TEXT,
            business_name TEXT,
            stars INT,
            date_values DATE
        );
        , parameters: None
[2023-03-21 14:43:21,742] {postgres.py:71} INFO - NOTICE:  relation "serving_table_review" already exists, skipping

[2023-03-21 14:43:21,832] {taskinstance.py:1277} INFO - Marking task as SUCCESS. dag_id=querry_postgres_v1.5, task_id=create_querry_postgres_table, execution_date=20230321T144319, start_date=20230321T144320, end_date=20230321T144321
[2023-03-21 14:43:21,896] {local_task_job.py:154} INFO - Task exited with return code 0
[2023-03-21 14:43:22,117] {local_task_job.py:264} INFO - 1 downstream tasks scheduled from follow-on schedule check
