[2023-03-19T07:02:38.941+0000] {taskinstance.py:1084} INFO - Dependencies all met for dep_context=non-requeueable deps ti=<TaskInstance: our_first_dag_v6.second_task manual__2023-03-19T07:02:37.489603+00:00 [queued]>
[2023-03-19T07:02:38.947+0000] {taskinstance.py:1084} INFO - Dependencies all met for dep_context=requeueable deps ti=<TaskInstance: our_first_dag_v6.second_task manual__2023-03-19T07:02:37.489603+00:00 [queued]>
[2023-03-19T07:02:38.947+0000] {taskinstance.py:1282} INFO - 
--------------------------------------------------------------------------------
[2023-03-19T07:02:38.948+0000] {taskinstance.py:1283} INFO - Starting attempt 1 of 6
[2023-03-19T07:02:38.948+0000] {taskinstance.py:1284} INFO - 
--------------------------------------------------------------------------------
[2023-03-19T07:02:38.956+0000] {taskinstance.py:1303} INFO - Executing <Task(BashOperator): second_task> on 2023-03-19 07:02:37.489603+00:00
[2023-03-19T07:02:38.959+0000] {standard_task_runner.py:55} INFO - Started process 1030 to run task
[2023-03-19T07:02:38.962+0000] {standard_task_runner.py:82} INFO - Running: ['***', 'tasks', 'run', 'our_first_dag_v6', 'second_task', 'manual__2023-03-19T07:02:37.489603+00:00', '--job-id', '9', '--raw', '--subdir', 'DAGS_FOLDER/our_first_dag.py', '--cfg-path', '/tmp/tmp4w89om4s']
[2023-03-19T07:02:38.964+0000] {standard_task_runner.py:83} INFO - Job 9: Subtask second_task
[2023-03-19T07:02:39.011+0000] {task_command.py:388} INFO - Running <TaskInstance: our_first_dag_v6.second_task manual__2023-03-19T07:02:37.489603+00:00 [running]> on host 3cb0dda0e5ae
[2023-03-19T07:02:39.057+0000] {taskinstance.py:1511} INFO - Exporting the following env vars:
AIRFLOW_CTX_DAG_OWNER=coder2j
AIRFLOW_CTX_DAG_ID=our_first_dag_v6
AIRFLOW_CTX_TASK_ID=second_task
AIRFLOW_CTX_EXECUTION_DATE=2023-03-19T07:02:37.489603+00:00
AIRFLOW_CTX_TRY_NUMBER=1
AIRFLOW_CTX_DAG_RUN_ID=manual__2023-03-19T07:02:37.489603+00:00
[2023-03-19T07:02:39.058+0000] {subprocess.py:63} INFO - Tmp dir root location: 
 /tmp
[2023-03-19T07:02:39.059+0000] {subprocess.py:75} INFO - Running command: ['/bin/bash', '-c', 'echo hey, I am task2 and will be running after task1!']
[2023-03-19T07:02:39.066+0000] {subprocess.py:86} INFO - Output:
[2023-03-19T07:02:39.067+0000] {subprocess.py:93} INFO - hey, I am task2 and will be running after task1!
[2023-03-19T07:02:39.068+0000] {subprocess.py:97} INFO - Command exited with return code 0
[2023-03-19T07:02:39.087+0000] {taskinstance.py:1326} INFO - Marking task as SUCCESS. dag_id=our_first_dag_v6, task_id=second_task, execution_date=20230319T070237, start_date=20230319T070238, end_date=20230319T070239
[2023-03-19T07:02:39.142+0000] {local_task_job.py:212} INFO - Task exited with return code 0
[2023-03-19T07:02:39.162+0000] {taskinstance.py:2585} INFO - 1 downstream tasks scheduled from follow-on schedule check
