[2023-03-19T06:09:04.523+0000] {taskinstance.py:1084} INFO - Dependencies all met for dep_context=non-requeueable deps ti=<TaskInstance: our_first_dag_v5.first_task scheduled__2021-09-09T00:00:00+00:00 [queued]>
[2023-03-19T06:09:04.538+0000] {taskinstance.py:1084} INFO - Dependencies all met for dep_context=requeueable deps ti=<TaskInstance: our_first_dag_v5.first_task scheduled__2021-09-09T00:00:00+00:00 [queued]>
[2023-03-19T06:09:04.539+0000] {taskinstance.py:1282} INFO - 
--------------------------------------------------------------------------------
[2023-03-19T06:09:04.540+0000] {taskinstance.py:1283} INFO - Starting attempt 1 of 6
[2023-03-19T06:09:04.541+0000] {taskinstance.py:1284} INFO - 
--------------------------------------------------------------------------------
[2023-03-19T06:09:04.563+0000] {taskinstance.py:1303} INFO - Executing <Task(BashOperator): first_task> on 2021-09-09 00:00:00+00:00
[2023-03-19T06:09:04.574+0000] {standard_task_runner.py:55} INFO - Started process 628 to run task
[2023-03-19T06:09:04.580+0000] {standard_task_runner.py:82} INFO - Running: ['***', 'tasks', 'run', 'our_first_dag_v5', 'first_task', 'scheduled__2021-09-09T00:00:00+00:00', '--job-id', '123', '--raw', '--subdir', 'DAGS_FOLDER/our_second_dags.py', '--cfg-path', '/tmp/tmp7a29bh3g']
[2023-03-19T06:09:04.583+0000] {standard_task_runner.py:83} INFO - Job 123: Subtask first_task
[2023-03-19T06:09:04.762+0000] {task_command.py:388} INFO - Running <TaskInstance: our_first_dag_v5.first_task scheduled__2021-09-09T00:00:00+00:00 [running]> on host 837d6aa6fa25
[2023-03-19T06:09:04.993+0000] {taskinstance.py:1511} INFO - Exporting the following env vars:
AIRFLOW_CTX_DAG_OWNER=coder2j
AIRFLOW_CTX_DAG_ID=our_first_dag_v5
AIRFLOW_CTX_TASK_ID=first_task
AIRFLOW_CTX_EXECUTION_DATE=2021-09-09T00:00:00+00:00
AIRFLOW_CTX_TRY_NUMBER=1
AIRFLOW_CTX_DAG_RUN_ID=scheduled__2021-09-09T00:00:00+00:00
[2023-03-19T06:09:04.997+0000] {subprocess.py:63} INFO - Tmp dir root location: 
 /tmp
[2023-03-19T06:09:05.000+0000] {subprocess.py:75} INFO - Running command: ['/bin/bash', '-c', 'echo hello world, this is the first task!']
[2023-03-19T06:09:05.019+0000] {subprocess.py:86} INFO - Output:
[2023-03-19T06:09:05.021+0000] {subprocess.py:93} INFO - hello world, this is the first task!
[2023-03-19T06:09:05.023+0000] {subprocess.py:97} INFO - Command exited with return code 0
[2023-03-19T06:09:05.086+0000] {taskinstance.py:1326} INFO - Marking task as SUCCESS. dag_id=our_first_dag_v5, task_id=first_task, execution_date=20210909T000000, start_date=20230319T060904, end_date=20230319T060905
[2023-03-19T06:09:05.132+0000] {local_task_job.py:212} INFO - Task exited with return code 0
[2023-03-19T06:09:05.226+0000] {taskinstance.py:2585} INFO - 2 downstream tasks scheduled from follow-on schedule check
