[2023-03-19T05:34:06.540+0000] {processor.py:153} INFO - Started process (PID=239) to work on /opt/airflow/dags/our_first_dags.py
[2023-03-19T05:34:06.541+0000] {processor.py:743} INFO - Processing file /opt/airflow/dags/our_first_dags.py for tasks to queue
[2023-03-19T05:34:06.543+0000] {logging_mixin.py:137} INFO - [2023-03-19T05:34:06.543+0000] {dagbag.py:532} INFO - Filling up the DagBag from /opt/airflow/dags/our_first_dags.py
[2023-03-19T05:34:06.594+0000] {processor.py:753} INFO - DAG(s) dict_keys(['our_first_dag_v5']) retrieved from /opt/airflow/dags/our_first_dags.py
[2023-03-19T05:34:06.742+0000] {logging_mixin.py:137} INFO - [2023-03-19T05:34:06.741+0000] {manager.py:504} INFO - Created Permission View: can read on DAG:our_first_dag_v5
[2023-03-19T05:34:06.747+0000] {logging_mixin.py:137} INFO - [2023-03-19T05:34:06.747+0000] {manager.py:504} INFO - Created Permission View: can delete on DAG:our_first_dag_v5
[2023-03-19T05:34:06.750+0000] {logging_mixin.py:137} INFO - [2023-03-19T05:34:06.750+0000] {manager.py:504} INFO - Created Permission View: can edit on DAG:our_first_dag_v5
[2023-03-19T05:34:06.750+0000] {logging_mixin.py:137} INFO - [2023-03-19T05:34:06.750+0000] {dag.py:2693} INFO - Sync 1 DAGs
[2023-03-19T05:34:06.758+0000] {logging_mixin.py:137} INFO - [2023-03-19T05:34:06.758+0000] {dag.py:2714} INFO - Creating ORM DAG for our_first_dag_v5
[2023-03-19T05:34:06.767+0000] {logging_mixin.py:137} INFO - [2023-03-19T05:34:06.766+0000] {dag.py:3444} INFO - Setting next_dagrun for our_first_dag_v5 to 2021-07-30T00:00:00+00:00, run_after=2021-07-31T00:00:00+00:00
[2023-03-19T05:34:06.776+0000] {processor.py:175} INFO - Processing /opt/airflow/dags/our_first_dags.py took 0.246 seconds
[2023-03-19T05:34:36.922+0000] {processor.py:153} INFO - Started process (PID=251) to work on /opt/airflow/dags/our_first_dags.py
[2023-03-19T05:34:36.924+0000] {processor.py:743} INFO - Processing file /opt/airflow/dags/our_first_dags.py for tasks to queue
[2023-03-19T05:34:36.925+0000] {logging_mixin.py:137} INFO - [2023-03-19T05:34:36.925+0000] {dagbag.py:532} INFO - Filling up the DagBag from /opt/airflow/dags/our_first_dags.py
[2023-03-19T05:34:36.949+0000] {processor.py:753} INFO - DAG(s) dict_keys(['our_first_dag_v5']) retrieved from /opt/airflow/dags/our_first_dags.py
[2023-03-19T05:34:36.975+0000] {logging_mixin.py:137} INFO - [2023-03-19T05:34:36.975+0000] {dag.py:2693} INFO - Sync 1 DAGs
[2023-03-19T05:34:36.996+0000] {logging_mixin.py:137} INFO - [2023-03-19T05:34:36.996+0000] {dag.py:3444} INFO - Setting next_dagrun for our_first_dag_v5 to 2021-07-30T00:00:00+00:00, run_after=2021-07-31T00:00:00+00:00
[2023-03-19T05:34:37.008+0000] {processor.py:175} INFO - Processing /opt/airflow/dags/our_first_dags.py took 0.093 seconds
[2023-03-19T05:35:07.326+0000] {processor.py:153} INFO - Started process (PID=263) to work on /opt/airflow/dags/our_first_dags.py
[2023-03-19T05:35:07.329+0000] {processor.py:743} INFO - Processing file /opt/airflow/dags/our_first_dags.py for tasks to queue
[2023-03-19T05:35:07.330+0000] {logging_mixin.py:137} INFO - [2023-03-19T05:35:07.330+0000] {dagbag.py:532} INFO - Filling up the DagBag from /opt/airflow/dags/our_first_dags.py
[2023-03-19T05:35:07.358+0000] {processor.py:753} INFO - DAG(s) dict_keys(['our_first_dag_v5']) retrieved from /opt/airflow/dags/our_first_dags.py
[2023-03-19T05:35:07.382+0000] {logging_mixin.py:137} INFO - [2023-03-19T05:35:07.382+0000] {dag.py:2693} INFO - Sync 1 DAGs
[2023-03-19T05:35:07.407+0000] {logging_mixin.py:137} INFO - [2023-03-19T05:35:07.407+0000] {dag.py:3444} INFO - Setting next_dagrun for our_first_dag_v5 to 2021-07-30T00:00:00+00:00, run_after=2021-07-31T00:00:00+00:00
[2023-03-19T05:35:07.420+0000] {processor.py:175} INFO - Processing /opt/airflow/dags/our_first_dags.py took 0.100 seconds
[2023-03-19T05:35:37.746+0000] {processor.py:153} INFO - Started process (PID=275) to work on /opt/airflow/dags/our_first_dags.py
[2023-03-19T05:35:37.749+0000] {processor.py:743} INFO - Processing file /opt/airflow/dags/our_first_dags.py for tasks to queue
[2023-03-19T05:35:37.750+0000] {logging_mixin.py:137} INFO - [2023-03-19T05:35:37.750+0000] {dagbag.py:532} INFO - Filling up the DagBag from /opt/airflow/dags/our_first_dags.py
[2023-03-19T05:35:37.777+0000] {processor.py:753} INFO - DAG(s) dict_keys(['our_first_dag_v5']) retrieved from /opt/airflow/dags/our_first_dags.py
[2023-03-19T05:35:37.818+0000] {logging_mixin.py:137} INFO - [2023-03-19T05:35:37.818+0000] {dag.py:2693} INFO - Sync 1 DAGs
[2023-03-19T05:35:37.845+0000] {logging_mixin.py:137} INFO - [2023-03-19T05:35:37.845+0000] {dag.py:3444} INFO - Setting next_dagrun for our_first_dag_v5 to 2021-07-30T00:00:00+00:00, run_after=2021-07-31T00:00:00+00:00
[2023-03-19T05:35:37.858+0000] {processor.py:175} INFO - Processing /opt/airflow/dags/our_first_dags.py took 0.116 seconds
[2023-03-19T05:36:08.123+0000] {processor.py:153} INFO - Started process (PID=287) to work on /opt/airflow/dags/our_first_dags.py
[2023-03-19T05:36:08.125+0000] {processor.py:743} INFO - Processing file /opt/airflow/dags/our_first_dags.py for tasks to queue
[2023-03-19T05:36:08.126+0000] {logging_mixin.py:137} INFO - [2023-03-19T05:36:08.126+0000] {dagbag.py:532} INFO - Filling up the DagBag from /opt/airflow/dags/our_first_dags.py
[2023-03-19T05:36:08.145+0000] {processor.py:753} INFO - DAG(s) dict_keys(['our_first_dag_v5']) retrieved from /opt/airflow/dags/our_first_dags.py
[2023-03-19T05:36:08.168+0000] {logging_mixin.py:137} INFO - [2023-03-19T05:36:08.168+0000] {dag.py:2693} INFO - Sync 1 DAGs
[2023-03-19T05:36:08.187+0000] {logging_mixin.py:137} INFO - [2023-03-19T05:36:08.187+0000] {dag.py:3444} INFO - Setting next_dagrun for our_first_dag_v5 to 2021-07-30T00:00:00+00:00, run_after=2021-07-31T00:00:00+00:00
[2023-03-19T05:36:08.198+0000] {processor.py:175} INFO - Processing /opt/airflow/dags/our_first_dags.py took 0.081 seconds
[2023-03-19T05:36:38.583+0000] {processor.py:153} INFO - Started process (PID=299) to work on /opt/airflow/dags/our_first_dags.py
[2023-03-19T05:36:38.586+0000] {processor.py:743} INFO - Processing file /opt/airflow/dags/our_first_dags.py for tasks to queue
[2023-03-19T05:36:38.587+0000] {logging_mixin.py:137} INFO - [2023-03-19T05:36:38.587+0000] {dagbag.py:532} INFO - Filling up the DagBag from /opt/airflow/dags/our_first_dags.py
[2023-03-19T05:36:38.614+0000] {processor.py:753} INFO - DAG(s) dict_keys(['our_first_dag_v5']) retrieved from /opt/airflow/dags/our_first_dags.py
[2023-03-19T05:36:38.649+0000] {logging_mixin.py:137} INFO - [2023-03-19T05:36:38.649+0000] {dag.py:2693} INFO - Sync 1 DAGs
[2023-03-19T05:36:38.670+0000] {logging_mixin.py:137} INFO - [2023-03-19T05:36:38.670+0000] {dag.py:3444} INFO - Setting next_dagrun for our_first_dag_v5 to 2021-07-30T00:00:00+00:00, run_after=2021-07-31T00:00:00+00:00
[2023-03-19T05:36:38.682+0000] {processor.py:175} INFO - Processing /opt/airflow/dags/our_first_dags.py took 0.104 seconds
[2023-03-19T05:37:09.009+0000] {processor.py:153} INFO - Started process (PID=312) to work on /opt/airflow/dags/our_first_dags.py
[2023-03-19T05:37:09.012+0000] {processor.py:743} INFO - Processing file /opt/airflow/dags/our_first_dags.py for tasks to queue
[2023-03-19T05:37:09.013+0000] {logging_mixin.py:137} INFO - [2023-03-19T05:37:09.013+0000] {dagbag.py:532} INFO - Filling up the DagBag from /opt/airflow/dags/our_first_dags.py
[2023-03-19T05:37:09.034+0000] {processor.py:753} INFO - DAG(s) dict_keys(['our_first_dag_v5']) retrieved from /opt/airflow/dags/our_first_dags.py
[2023-03-19T05:37:09.056+0000] {logging_mixin.py:137} INFO - [2023-03-19T05:37:09.056+0000] {dag.py:2693} INFO - Sync 1 DAGs
[2023-03-19T05:37:09.074+0000] {logging_mixin.py:137} INFO - [2023-03-19T05:37:09.074+0000] {dag.py:3444} INFO - Setting next_dagrun for our_first_dag_v5 to 2021-07-30T00:00:00+00:00, run_after=2021-07-31T00:00:00+00:00
[2023-03-19T05:37:09.085+0000] {processor.py:175} INFO - Processing /opt/airflow/dags/our_first_dags.py took 0.082 seconds
[2023-03-19T05:37:39.482+0000] {processor.py:153} INFO - Started process (PID=324) to work on /opt/airflow/dags/our_first_dags.py
[2023-03-19T05:37:39.484+0000] {processor.py:743} INFO - Processing file /opt/airflow/dags/our_first_dags.py for tasks to queue
[2023-03-19T05:37:39.485+0000] {logging_mixin.py:137} INFO - [2023-03-19T05:37:39.485+0000] {dagbag.py:532} INFO - Filling up the DagBag from /opt/airflow/dags/our_first_dags.py
[2023-03-19T05:37:39.513+0000] {processor.py:753} INFO - DAG(s) dict_keys(['our_first_dag_v5']) retrieved from /opt/airflow/dags/our_first_dags.py
[2023-03-19T05:37:39.547+0000] {logging_mixin.py:137} INFO - [2023-03-19T05:37:39.547+0000] {dag.py:2693} INFO - Sync 1 DAGs
[2023-03-19T05:37:39.567+0000] {logging_mixin.py:137} INFO - [2023-03-19T05:37:39.567+0000] {dag.py:3444} INFO - Setting next_dagrun for our_first_dag_v5 to 2021-07-30T00:00:00+00:00, run_after=2021-07-31T00:00:00+00:00
[2023-03-19T05:37:39.580+0000] {processor.py:175} INFO - Processing /opt/airflow/dags/our_first_dags.py took 0.101 seconds
[2023-03-19T05:38:09.889+0000] {processor.py:153} INFO - Started process (PID=336) to work on /opt/airflow/dags/our_first_dags.py
[2023-03-19T05:38:09.892+0000] {processor.py:743} INFO - Processing file /opt/airflow/dags/our_first_dags.py for tasks to queue
[2023-03-19T05:38:09.893+0000] {logging_mixin.py:137} INFO - [2023-03-19T05:38:09.893+0000] {dagbag.py:532} INFO - Filling up the DagBag from /opt/airflow/dags/our_first_dags.py
[2023-03-19T05:38:09.924+0000] {processor.py:753} INFO - DAG(s) dict_keys(['our_first_dag_v5']) retrieved from /opt/airflow/dags/our_first_dags.py
[2023-03-19T05:38:09.954+0000] {logging_mixin.py:137} INFO - [2023-03-19T05:38:09.954+0000] {dag.py:2693} INFO - Sync 1 DAGs
[2023-03-19T05:38:09.977+0000] {logging_mixin.py:137} INFO - [2023-03-19T05:38:09.977+0000] {dag.py:3444} INFO - Setting next_dagrun for our_first_dag_v5 to 2021-07-30T00:00:00+00:00, run_after=2021-07-31T00:00:00+00:00
[2023-03-19T05:38:09.991+0000] {processor.py:175} INFO - Processing /opt/airflow/dags/our_first_dags.py took 0.107 seconds
[2023-03-19T05:38:40.383+0000] {processor.py:153} INFO - Started process (PID=348) to work on /opt/airflow/dags/our_first_dags.py
[2023-03-19T05:38:40.385+0000] {processor.py:743} INFO - Processing file /opt/airflow/dags/our_first_dags.py for tasks to queue
[2023-03-19T05:38:40.386+0000] {logging_mixin.py:137} INFO - [2023-03-19T05:38:40.386+0000] {dagbag.py:532} INFO - Filling up the DagBag from /opt/airflow/dags/our_first_dags.py
[2023-03-19T05:38:40.413+0000] {processor.py:753} INFO - DAG(s) dict_keys(['our_first_dag_v5']) retrieved from /opt/airflow/dags/our_first_dags.py
[2023-03-19T05:38:40.436+0000] {logging_mixin.py:137} INFO - [2023-03-19T05:38:40.436+0000] {dag.py:2693} INFO - Sync 1 DAGs
[2023-03-19T05:38:40.457+0000] {logging_mixin.py:137} INFO - [2023-03-19T05:38:40.457+0000] {dag.py:3444} INFO - Setting next_dagrun for our_first_dag_v5 to 2021-07-30T00:00:00+00:00, run_after=2021-07-31T00:00:00+00:00
[2023-03-19T05:38:40.471+0000] {processor.py:175} INFO - Processing /opt/airflow/dags/our_first_dags.py took 0.094 seconds
[2023-03-19T05:39:10.812+0000] {processor.py:153} INFO - Started process (PID=360) to work on /opt/airflow/dags/our_first_dags.py
[2023-03-19T05:39:10.815+0000] {processor.py:743} INFO - Processing file /opt/airflow/dags/our_first_dags.py for tasks to queue
[2023-03-19T05:39:10.816+0000] {logging_mixin.py:137} INFO - [2023-03-19T05:39:10.816+0000] {dagbag.py:532} INFO - Filling up the DagBag from /opt/airflow/dags/our_first_dags.py
[2023-03-19T05:39:10.838+0000] {processor.py:753} INFO - DAG(s) dict_keys(['our_first_dag_v5']) retrieved from /opt/airflow/dags/our_first_dags.py
[2023-03-19T05:39:10.864+0000] {logging_mixin.py:137} INFO - [2023-03-19T05:39:10.864+0000] {dag.py:2693} INFO - Sync 1 DAGs
[2023-03-19T05:39:10.883+0000] {logging_mixin.py:137} INFO - [2023-03-19T05:39:10.882+0000] {dag.py:3444} INFO - Setting next_dagrun for our_first_dag_v5 to 2021-07-30T00:00:00+00:00, run_after=2021-07-31T00:00:00+00:00
[2023-03-19T05:39:10.894+0000] {processor.py:175} INFO - Processing /opt/airflow/dags/our_first_dags.py took 0.088 seconds
[2023-03-19T05:39:41.173+0000] {processor.py:153} INFO - Started process (PID=372) to work on /opt/airflow/dags/our_first_dags.py
[2023-03-19T05:39:41.175+0000] {processor.py:743} INFO - Processing file /opt/airflow/dags/our_first_dags.py for tasks to queue
[2023-03-19T05:39:41.177+0000] {logging_mixin.py:137} INFO - [2023-03-19T05:39:41.177+0000] {dagbag.py:532} INFO - Filling up the DagBag from /opt/airflow/dags/our_first_dags.py
[2023-03-19T05:39:41.197+0000] {processor.py:753} INFO - DAG(s) dict_keys(['our_first_dag_v5']) retrieved from /opt/airflow/dags/our_first_dags.py
[2023-03-19T05:39:41.218+0000] {logging_mixin.py:137} INFO - [2023-03-19T05:39:41.218+0000] {dag.py:2693} INFO - Sync 1 DAGs
[2023-03-19T05:39:41.235+0000] {logging_mixin.py:137} INFO - [2023-03-19T05:39:41.235+0000] {dag.py:3444} INFO - Setting next_dagrun for our_first_dag_v5 to 2021-07-30T00:00:00+00:00, run_after=2021-07-31T00:00:00+00:00
[2023-03-19T05:39:41.247+0000] {processor.py:175} INFO - Processing /opt/airflow/dags/our_first_dags.py took 0.078 seconds
[2023-03-19T06:00:28.227+0000] {processor.py:153} INFO - Started process (PID=169) to work on /opt/airflow/dags/our_first_dags.py
[2023-03-19T06:00:28.230+0000] {processor.py:743} INFO - Processing file /opt/airflow/dags/our_first_dags.py for tasks to queue
[2023-03-19T06:00:28.232+0000] {logging_mixin.py:137} INFO - [2023-03-19T06:00:28.232+0000] {dagbag.py:532} INFO - Filling up the DagBag from /opt/airflow/dags/our_first_dags.py
[2023-03-19T06:00:28.269+0000] {processor.py:753} INFO - DAG(s) dict_keys(['our_first_dag_v5']) retrieved from /opt/airflow/dags/our_first_dags.py
[2023-03-19T06:00:28.410+0000] {logging_mixin.py:137} INFO - [2023-03-19T06:00:28.410+0000] {manager.py:504} INFO - Created Permission View: can edit on DAG:our_first_dag_v5
[2023-03-19T06:00:28.416+0000] {logging_mixin.py:137} INFO - [2023-03-19T06:00:28.416+0000] {manager.py:504} INFO - Created Permission View: can read on DAG:our_first_dag_v5
[2023-03-19T06:00:28.420+0000] {logging_mixin.py:137} INFO - [2023-03-19T06:00:28.420+0000] {manager.py:504} INFO - Created Permission View: can delete on DAG:our_first_dag_v5
[2023-03-19T06:00:28.421+0000] {logging_mixin.py:137} INFO - [2023-03-19T06:00:28.421+0000] {dag.py:2693} INFO - Sync 1 DAGs
[2023-03-19T06:00:28.429+0000] {logging_mixin.py:137} INFO - [2023-03-19T06:00:28.429+0000] {dag.py:2714} INFO - Creating ORM DAG for our_first_dag_v5
[2023-03-19T06:00:28.438+0000] {logging_mixin.py:137} INFO - [2023-03-19T06:00:28.437+0000] {dag.py:3444} INFO - Setting next_dagrun for our_first_dag_v5 to 2021-07-30T00:00:00+00:00, run_after=2021-07-31T00:00:00+00:00
[2023-03-19T06:00:28.449+0000] {processor.py:175} INFO - Processing /opt/airflow/dags/our_first_dags.py took 0.226 seconds
[2023-03-19T06:00:58.623+0000] {processor.py:153} INFO - Started process (PID=182) to work on /opt/airflow/dags/our_first_dags.py
[2023-03-19T06:00:58.626+0000] {processor.py:743} INFO - Processing file /opt/airflow/dags/our_first_dags.py for tasks to queue
[2023-03-19T06:00:58.627+0000] {logging_mixin.py:137} INFO - [2023-03-19T06:00:58.627+0000] {dagbag.py:532} INFO - Filling up the DagBag from /opt/airflow/dags/our_first_dags.py
[2023-03-19T06:00:58.654+0000] {processor.py:753} INFO - DAG(s) dict_keys(['our_first_dag_v5']) retrieved from /opt/airflow/dags/our_first_dags.py
[2023-03-19T06:00:58.683+0000] {logging_mixin.py:137} INFO - [2023-03-19T06:00:58.683+0000] {dag.py:2693} INFO - Sync 1 DAGs
[2023-03-19T06:00:58.705+0000] {logging_mixin.py:137} INFO - [2023-03-19T06:00:58.705+0000] {dag.py:3444} INFO - Setting next_dagrun for our_first_dag_v5 to 2021-07-30T00:00:00+00:00, run_after=2021-07-31T00:00:00+00:00
[2023-03-19T06:00:58.717+0000] {processor.py:175} INFO - Processing /opt/airflow/dags/our_first_dags.py took 0.101 seconds
[2023-03-19T06:01:29.095+0000] {processor.py:153} INFO - Started process (PID=194) to work on /opt/airflow/dags/our_first_dags.py
[2023-03-19T06:01:29.096+0000] {processor.py:743} INFO - Processing file /opt/airflow/dags/our_first_dags.py for tasks to queue
[2023-03-19T06:01:29.098+0000] {logging_mixin.py:137} INFO - [2023-03-19T06:01:29.097+0000] {dagbag.py:532} INFO - Filling up the DagBag from /opt/airflow/dags/our_first_dags.py
[2023-03-19T06:01:29.126+0000] {processor.py:753} INFO - DAG(s) dict_keys(['our_first_dag_v5']) retrieved from /opt/airflow/dags/our_first_dags.py
[2023-03-19T06:01:29.152+0000] {logging_mixin.py:137} INFO - [2023-03-19T06:01:29.152+0000] {dag.py:2693} INFO - Sync 1 DAGs
[2023-03-19T06:01:29.172+0000] {logging_mixin.py:137} INFO - [2023-03-19T06:01:29.172+0000] {dag.py:3444} INFO - Setting next_dagrun for our_first_dag_v5 to 2021-07-30T00:00:00+00:00, run_after=2021-07-31T00:00:00+00:00
[2023-03-19T06:01:29.184+0000] {processor.py:175} INFO - Processing /opt/airflow/dags/our_first_dags.py took 0.095 seconds
[2023-03-19T06:01:59.552+0000] {processor.py:153} INFO - Started process (PID=206) to work on /opt/airflow/dags/our_first_dags.py
[2023-03-19T06:01:59.554+0000] {processor.py:743} INFO - Processing file /opt/airflow/dags/our_first_dags.py for tasks to queue
[2023-03-19T06:01:59.556+0000] {logging_mixin.py:137} INFO - [2023-03-19T06:01:59.555+0000] {dagbag.py:532} INFO - Filling up the DagBag from /opt/airflow/dags/our_first_dags.py
[2023-03-19T06:01:59.599+0000] {processor.py:753} INFO - DAG(s) dict_keys(['our_first_dag_v5']) retrieved from /opt/airflow/dags/our_first_dags.py
[2023-03-19T06:01:59.635+0000] {logging_mixin.py:137} INFO - [2023-03-19T06:01:59.635+0000] {dag.py:2693} INFO - Sync 1 DAGs
[2023-03-19T06:01:59.658+0000] {logging_mixin.py:137} INFO - [2023-03-19T06:01:59.658+0000] {dag.py:3444} INFO - Setting next_dagrun for our_first_dag_v5 to 2021-07-30T00:00:00+00:00, run_after=2021-07-31T00:00:00+00:00
[2023-03-19T06:01:59.672+0000] {processor.py:175} INFO - Processing /opt/airflow/dags/our_first_dags.py took 0.126 seconds
[2023-03-19T06:02:29.959+0000] {processor.py:153} INFO - Started process (PID=218) to work on /opt/airflow/dags/our_first_dags.py
[2023-03-19T06:02:29.960+0000] {processor.py:743} INFO - Processing file /opt/airflow/dags/our_first_dags.py for tasks to queue
[2023-03-19T06:02:29.961+0000] {logging_mixin.py:137} INFO - [2023-03-19T06:02:29.961+0000] {dagbag.py:532} INFO - Filling up the DagBag from /opt/airflow/dags/our_first_dags.py
[2023-03-19T06:02:29.986+0000] {processor.py:753} INFO - DAG(s) dict_keys(['our_first_dag_v5']) retrieved from /opt/airflow/dags/our_first_dags.py
[2023-03-19T06:02:30.011+0000] {logging_mixin.py:137} INFO - [2023-03-19T06:02:30.011+0000] {dag.py:2693} INFO - Sync 1 DAGs
[2023-03-19T06:02:30.031+0000] {logging_mixin.py:137} INFO - [2023-03-19T06:02:30.031+0000] {dag.py:3444} INFO - Setting next_dagrun for our_first_dag_v5 to 2021-07-30T00:00:00+00:00, run_after=2021-07-31T00:00:00+00:00
[2023-03-19T06:02:30.048+0000] {processor.py:175} INFO - Processing /opt/airflow/dags/our_first_dags.py took 0.094 seconds
[2023-03-19T06:03:30.105+0000] {processor.py:153} INFO - Started process (PID=172) to work on /opt/airflow/dags/our_first_dags.py
[2023-03-19T06:03:30.107+0000] {processor.py:743} INFO - Processing file /opt/airflow/dags/our_first_dags.py for tasks to queue
[2023-03-19T06:03:30.108+0000] {logging_mixin.py:137} INFO - [2023-03-19T06:03:30.108+0000] {dagbag.py:532} INFO - Filling up the DagBag from /opt/airflow/dags/our_first_dags.py
[2023-03-19T06:03:30.140+0000] {processor.py:753} INFO - DAG(s) dict_keys(['our_first_dag_v5']) retrieved from /opt/airflow/dags/our_first_dags.py
[2023-03-19T06:03:30.212+0000] {logging_mixin.py:137} INFO - [2023-03-19T06:03:30.212+0000] {dag.py:2693} INFO - Sync 1 DAGs
[2023-03-19T06:03:30.231+0000] {logging_mixin.py:137} INFO - [2023-03-19T06:03:30.231+0000] {dag.py:3444} INFO - Setting next_dagrun for our_first_dag_v5 to 2021-07-30T00:00:00+00:00, run_after=2021-07-31T00:00:00+00:00
[2023-03-19T06:03:30.245+0000] {processor.py:175} INFO - Processing /opt/airflow/dags/our_first_dags.py took 0.147 seconds
[2023-03-19T06:04:00.655+0000] {processor.py:153} INFO - Started process (PID=190) to work on /opt/airflow/dags/our_first_dags.py
[2023-03-19T06:04:00.657+0000] {processor.py:743} INFO - Processing file /opt/airflow/dags/our_first_dags.py for tasks to queue
[2023-03-19T06:04:00.659+0000] {logging_mixin.py:137} INFO - [2023-03-19T06:04:00.659+0000] {dagbag.py:532} INFO - Filling up the DagBag from /opt/airflow/dags/our_first_dags.py
[2023-03-19T06:04:00.684+0000] {processor.py:753} INFO - DAG(s) dict_keys(['our_first_dag_v5']) retrieved from /opt/airflow/dags/our_first_dags.py
[2023-03-19T06:04:00.722+0000] {logging_mixin.py:137} INFO - [2023-03-19T06:04:00.722+0000] {dag.py:2693} INFO - Sync 1 DAGs
[2023-03-19T06:04:00.745+0000] {logging_mixin.py:137} INFO - [2023-03-19T06:04:00.745+0000] {dag.py:3444} INFO - Setting next_dagrun for our_first_dag_v5 to 2021-07-30T00:00:00+00:00, run_after=2021-07-31T00:00:00+00:00
[2023-03-19T06:04:00.758+0000] {processor.py:175} INFO - Processing /opt/airflow/dags/our_first_dags.py took 0.109 seconds
[2023-03-19T06:04:31.182+0000] {processor.py:153} INFO - Started process (PID=208) to work on /opt/airflow/dags/our_first_dags.py
[2023-03-19T06:04:31.183+0000] {processor.py:743} INFO - Processing file /opt/airflow/dags/our_first_dags.py for tasks to queue
[2023-03-19T06:04:31.184+0000] {logging_mixin.py:137} INFO - [2023-03-19T06:04:31.184+0000] {dagbag.py:532} INFO - Filling up the DagBag from /opt/airflow/dags/our_first_dags.py
[2023-03-19T06:04:31.202+0000] {processor.py:753} INFO - DAG(s) dict_keys(['our_first_dag_v5']) retrieved from /opt/airflow/dags/our_first_dags.py
[2023-03-19T06:04:31.253+0000] {logging_mixin.py:137} INFO - [2023-03-19T06:04:31.252+0000] {dag.py:2693} INFO - Sync 1 DAGs
[2023-03-19T06:04:31.269+0000] {logging_mixin.py:137} INFO - [2023-03-19T06:04:31.269+0000] {dag.py:3444} INFO - Setting next_dagrun for our_first_dag_v5 to 2021-07-30T00:00:00+00:00, run_after=2021-07-31T00:00:00+00:00
[2023-03-19T06:04:31.279+0000] {processor.py:175} INFO - Processing /opt/airflow/dags/our_first_dags.py took 0.102 seconds
[2023-03-19T06:05:01.668+0000] {processor.py:153} INFO - Started process (PID=225) to work on /opt/airflow/dags/our_first_dags.py
[2023-03-19T06:05:01.669+0000] {processor.py:743} INFO - Processing file /opt/airflow/dags/our_first_dags.py for tasks to queue
[2023-03-19T06:05:01.670+0000] {logging_mixin.py:137} INFO - [2023-03-19T06:05:01.670+0000] {dagbag.py:532} INFO - Filling up the DagBag from /opt/airflow/dags/our_first_dags.py
[2023-03-19T06:05:01.687+0000] {processor.py:753} INFO - DAG(s) dict_keys(['our_first_dag_v5']) retrieved from /opt/airflow/dags/our_first_dags.py
[2023-03-19T06:05:01.705+0000] {logging_mixin.py:137} INFO - [2023-03-19T06:05:01.705+0000] {dag.py:2693} INFO - Sync 1 DAGs
[2023-03-19T06:05:01.724+0000] {logging_mixin.py:137} INFO - [2023-03-19T06:05:01.723+0000] {dag.py:3444} INFO - Setting next_dagrun for our_first_dag_v5 to 2021-07-30T00:00:00+00:00, run_after=2021-07-31T00:00:00+00:00
[2023-03-19T06:05:01.737+0000] {processor.py:175} INFO - Processing /opt/airflow/dags/our_first_dags.py took 0.072 seconds
[2023-03-19T06:05:32.484+0000] {processor.py:153} INFO - Started process (PID=241) to work on /opt/airflow/dags/our_first_dags.py
[2023-03-19T06:05:32.487+0000] {processor.py:743} INFO - Processing file /opt/airflow/dags/our_first_dags.py for tasks to queue
[2023-03-19T06:05:32.488+0000] {logging_mixin.py:137} INFO - [2023-03-19T06:05:32.488+0000] {dagbag.py:532} INFO - Filling up the DagBag from /opt/airflow/dags/our_first_dags.py
[2023-03-19T06:05:32.513+0000] {processor.py:753} INFO - DAG(s) dict_keys(['our_first_dag_v5']) retrieved from /opt/airflow/dags/our_first_dags.py
[2023-03-19T06:05:32.576+0000] {logging_mixin.py:137} INFO - [2023-03-19T06:05:32.576+0000] {dag.py:2693} INFO - Sync 1 DAGs
[2023-03-19T06:05:32.594+0000] {logging_mixin.py:137} INFO - [2023-03-19T06:05:32.594+0000] {dag.py:3444} INFO - Setting next_dagrun for our_first_dag_v5 to 2021-07-30T00:00:00+00:00, run_after=2021-07-31T00:00:00+00:00
[2023-03-19T06:05:32.606+0000] {processor.py:175} INFO - Processing /opt/airflow/dags/our_first_dags.py took 0.129 seconds
[2023-03-19T06:08:38.153+0000] {processor.py:153} INFO - Started process (PID=253) to work on /opt/airflow/dags/our_first_dags.py
[2023-03-19T06:08:38.157+0000] {processor.py:743} INFO - Processing file /opt/airflow/dags/our_first_dags.py for tasks to queue
[2023-03-19T06:08:38.162+0000] {logging_mixin.py:137} INFO - [2023-03-19T06:08:38.161+0000] {dagbag.py:532} INFO - Filling up the DagBag from /opt/airflow/dags/our_first_dags.py
[2023-03-19T06:08:38.236+0000] {processor.py:753} INFO - DAG(s) dict_keys(['our_first_dag_v5']) retrieved from /opt/airflow/dags/our_first_dags.py
[2023-03-19T06:08:38.302+0000] {logging_mixin.py:137} INFO - [2023-03-19T06:08:38.302+0000] {dag.py:2693} INFO - Sync 1 DAGs
[2023-03-19T06:08:38.348+0000] {logging_mixin.py:137} INFO - [2023-03-19T06:08:38.348+0000] {dag.py:3444} INFO - Setting next_dagrun for our_first_dag_v5 to 2021-07-30T00:00:00+00:00, run_after=2021-07-31T00:00:00+00:00
[2023-03-19T06:08:38.410+0000] {processor.py:175} INFO - Processing /opt/airflow/dags/our_first_dags.py took 0.281 seconds
[2023-03-19T06:09:08.970+0000] {processor.py:153} INFO - Started process (PID=726) to work on /opt/airflow/dags/our_first_dags.py
[2023-03-19T06:09:08.974+0000] {processor.py:743} INFO - Processing file /opt/airflow/dags/our_first_dags.py for tasks to queue
[2023-03-19T06:09:08.976+0000] {logging_mixin.py:137} INFO - [2023-03-19T06:09:08.976+0000] {dagbag.py:532} INFO - Filling up the DagBag from /opt/airflow/dags/our_first_dags.py
[2023-03-19T06:09:09.005+0000] {processor.py:753} INFO - DAG(s) dict_keys(['our_first_dag_v5']) retrieved from /opt/airflow/dags/our_first_dags.py
[2023-03-19T06:09:09.110+0000] {logging_mixin.py:137} INFO - [2023-03-19T06:09:09.110+0000] {dag.py:2693} INFO - Sync 1 DAGs
[2023-03-19T06:09:09.134+0000] {logging_mixin.py:137} INFO - [2023-03-19T06:09:09.134+0000] {dag.py:3444} INFO - Setting next_dagrun for our_first_dag_v5 to 2021-09-19T00:00:00+00:00, run_after=2021-09-20T00:00:00+00:00
[2023-03-19T06:09:09.157+0000] {processor.py:175} INFO - Processing /opt/airflow/dags/our_first_dags.py took 0.190 seconds
[2023-03-19T06:09:39.843+0000] {processor.py:153} INFO - Started process (PID=1177) to work on /opt/airflow/dags/our_first_dags.py
[2023-03-19T06:09:39.849+0000] {processor.py:743} INFO - Processing file /opt/airflow/dags/our_first_dags.py for tasks to queue
[2023-03-19T06:09:39.851+0000] {logging_mixin.py:137} INFO - [2023-03-19T06:09:39.851+0000] {dagbag.py:532} INFO - Filling up the DagBag from /opt/airflow/dags/our_first_dags.py
[2023-03-19T06:09:39.923+0000] {processor.py:753} INFO - DAG(s) dict_keys(['our_first_dag_v5']) retrieved from /opt/airflow/dags/our_first_dags.py
[2023-03-19T06:09:39.997+0000] {logging_mixin.py:137} INFO - [2023-03-19T06:09:39.997+0000] {dag.py:2693} INFO - Sync 1 DAGs
[2023-03-19T06:09:40.074+0000] {logging_mixin.py:137} INFO - [2023-03-19T06:09:40.074+0000] {dag.py:3444} INFO - Setting next_dagrun for our_first_dag_v5 to 2021-11-08T00:00:00+00:00, run_after=2021-11-09T00:00:00+00:00
[2023-03-19T06:09:40.169+0000] {processor.py:175} INFO - Processing /opt/airflow/dags/our_first_dags.py took 0.332 seconds
[2023-03-19T06:10:10.829+0000] {processor.py:153} INFO - Started process (PID=1359) to work on /opt/airflow/dags/our_first_dags.py
[2023-03-19T06:10:10.831+0000] {processor.py:743} INFO - Processing file /opt/airflow/dags/our_first_dags.py for tasks to queue
[2023-03-19T06:10:10.833+0000] {logging_mixin.py:137} INFO - [2023-03-19T06:10:10.833+0000] {dagbag.py:532} INFO - Filling up the DagBag from /opt/airflow/dags/our_first_dags.py
[2023-03-19T06:10:10.872+0000] {processor.py:753} INFO - DAG(s) dict_keys(['our_first_dag_v5']) retrieved from /opt/airflow/dags/our_first_dags.py
[2023-03-19T06:10:10.965+0000] {logging_mixin.py:137} INFO - [2023-03-19T06:10:10.965+0000] {dag.py:2693} INFO - Sync 1 DAGs
[2023-03-19T06:10:10.989+0000] {logging_mixin.py:137} INFO - [2023-03-19T06:10:10.989+0000] {dag.py:3444} INFO - Setting next_dagrun for our_first_dag_v5 to 2021-11-23T00:00:00+00:00, run_after=2021-11-24T00:00:00+00:00
[2023-03-19T06:10:11.001+0000] {processor.py:175} INFO - Processing /opt/airflow/dags/our_first_dags.py took 0.189 seconds
[2023-03-19T06:10:55.035+0000] {processor.py:153} INFO - Started process (PID=171) to work on /opt/airflow/dags/our_first_dags.py
[2023-03-19T06:10:55.037+0000] {processor.py:743} INFO - Processing file /opt/airflow/dags/our_first_dags.py for tasks to queue
[2023-03-19T06:10:55.039+0000] {logging_mixin.py:137} INFO - [2023-03-19T06:10:55.038+0000] {dagbag.py:532} INFO - Filling up the DagBag from /opt/airflow/dags/our_first_dags.py
[2023-03-19T06:10:55.073+0000] {processor.py:753} INFO - DAG(s) dict_keys(['our_first_dag_v5']) retrieved from /opt/airflow/dags/our_first_dags.py
[2023-03-19T06:10:55.234+0000] {logging_mixin.py:137} INFO - [2023-03-19T06:10:55.234+0000] {manager.py:414} ERROR - Add View Menu Error: (psycopg2.errors.UniqueViolation) duplicate key value violates unique constraint "serialized_dag_pkey"
DETAIL:  Key (dag_id)=(our_first_dag_v5) already exists.

[SQL: INSERT INTO serialized_dag (dag_id, fileloc, fileloc_hash, data, data_compressed, last_updated, dag_hash, processor_subdir) VALUES (%(dag_id)s, %(fileloc)s, %(fileloc_hash)s, %(data)s, %(data_compressed)s, %(last_updated)s, %(dag_hash)s, %(processor_subdir)s)]
[parameters: {'dag_id': 'our_first_dag_v5', 'fileloc': '/opt/airflow/dags/our_first_dags.py', 'fileloc_hash': 10090747056071537, 'data': '{"__version": 1, "dag": {"timezone": "UTC", "_dag_id": "our_first_dag_v5", "fileloc": "/opt/airflow/dags/our_first_dags.py", "edge_info": {}, "defaul ... (2109 characters truncated) ... ": false, "bash_command": "echo hey, I am task3 and will be running after task1 at the same time as task2!"}], "dag_dependencies": [], "params": {}}}', 'data_compressed': None, 'last_updated': datetime.datetime(2023, 3, 19, 6, 10, 55, 120414, tzinfo=Timezone('UTC')), 'dag_hash': 'a7fb256d75226c1cd3327398e0f1a7fe', 'processor_subdir': None}]
(Background on this error at: https://sqlalche.me/e/14/gkpj)
[2023-03-19T06:10:55.239+0000] {logging_mixin.py:137} INFO - [2023-03-19T06:10:55.238+0000] {manager.py:504} INFO - Created Permission View: can read on None
[2023-03-19T06:10:55.245+0000] {logging_mixin.py:137} INFO - [2023-03-19T06:10:55.245+0000] {manager.py:507} ERROR - Creation of Permission View Error: (psycopg2.errors.UniqueViolation) duplicate key value violates unique constraint "ab_permission_view_permission_id_view_menu_id_uq"
DETAIL:  Key (permission_id, view_menu_id)=(1, 51) already exists.

[SQL: INSERT INTO ab_permission_view (permission_id, view_menu_id) VALUES (%(permission_id)s, %(view_menu_id)s) RETURNING ab_permission_view.id]
[parameters: {'permission_id': 1, 'view_menu_id': 51}]
(Background on this error at: https://sqlalche.me/e/14/gkpj)
[2023-03-19T06:10:55.250+0000] {logging_mixin.py:137} INFO - [2023-03-19T06:10:55.250+0000] {manager.py:507} ERROR - Creation of Permission View Error: (psycopg2.errors.UniqueViolation) duplicate key value violates unique constraint "ab_permission_view_permission_id_view_menu_id_uq"
DETAIL:  Key (permission_id, view_menu_id)=(4, 51) already exists.

[SQL: INSERT INTO ab_permission_view (permission_id, view_menu_id) VALUES (%(permission_id)s, %(view_menu_id)s) RETURNING ab_permission_view.id]
[parameters: {'permission_id': 4, 'view_menu_id': 51}]
(Background on this error at: https://sqlalche.me/e/14/gkpj)
[2023-03-19T06:10:55.250+0000] {logging_mixin.py:137} INFO - [2023-03-19T06:10:55.250+0000] {dag.py:2693} INFO - Sync 1 DAGs
[2023-03-19T06:10:55.267+0000] {logging_mixin.py:137} INFO - [2023-03-19T06:10:55.266+0000] {dag.py:2714} INFO - Creating ORM DAG for our_first_dag_v5
[2023-03-19T06:10:55.281+0000] {logging_mixin.py:137} INFO - [2023-03-19T06:10:55.281+0000] {dag.py:3444} INFO - Setting next_dagrun for our_first_dag_v5 to 2021-07-30T00:00:00+00:00, run_after=2021-07-31T00:00:00+00:00
[2023-03-19T06:10:55.296+0000] {processor.py:175} INFO - Processing /opt/airflow/dags/our_first_dags.py took 0.273 seconds
[2023-03-19T06:11:25.709+0000] {processor.py:153} INFO - Started process (PID=189) to work on /opt/airflow/dags/our_first_dags.py
[2023-03-19T06:11:25.710+0000] {processor.py:743} INFO - Processing file /opt/airflow/dags/our_first_dags.py for tasks to queue
[2023-03-19T06:11:25.712+0000] {logging_mixin.py:137} INFO - [2023-03-19T06:11:25.712+0000] {dagbag.py:532} INFO - Filling up the DagBag from /opt/airflow/dags/our_first_dags.py
[2023-03-19T06:11:25.747+0000] {processor.py:753} INFO - DAG(s) dict_keys(['our_first_dag_v5']) retrieved from /opt/airflow/dags/our_first_dags.py
[2023-03-19T06:11:25.805+0000] {logging_mixin.py:137} INFO - [2023-03-19T06:11:25.804+0000] {dag.py:2693} INFO - Sync 1 DAGs
[2023-03-19T06:11:25.822+0000] {logging_mixin.py:137} INFO - [2023-03-19T06:11:25.822+0000] {dag.py:3444} INFO - Setting next_dagrun for our_first_dag_v5 to 2021-07-30T00:00:00+00:00, run_after=2021-07-31T00:00:00+00:00
[2023-03-19T06:11:25.833+0000] {processor.py:175} INFO - Processing /opt/airflow/dags/our_first_dags.py took 0.131 seconds
[2023-03-19T06:11:56.304+0000] {processor.py:153} INFO - Started process (PID=206) to work on /opt/airflow/dags/our_first_dags.py
[2023-03-19T06:11:56.306+0000] {processor.py:743} INFO - Processing file /opt/airflow/dags/our_first_dags.py for tasks to queue
[2023-03-19T06:11:56.307+0000] {logging_mixin.py:137} INFO - [2023-03-19T06:11:56.307+0000] {dagbag.py:532} INFO - Filling up the DagBag from /opt/airflow/dags/our_first_dags.py
[2023-03-19T06:11:56.335+0000] {processor.py:753} INFO - DAG(s) dict_keys(['our_first_dag_v5']) retrieved from /opt/airflow/dags/our_first_dags.py
[2023-03-19T06:11:56.364+0000] {logging_mixin.py:137} INFO - [2023-03-19T06:11:56.364+0000] {dag.py:2693} INFO - Sync 1 DAGs
[2023-03-19T06:11:56.386+0000] {logging_mixin.py:137} INFO - [2023-03-19T06:11:56.386+0000] {dag.py:3444} INFO - Setting next_dagrun for our_first_dag_v5 to 2021-07-30T00:00:00+00:00, run_after=2021-07-31T00:00:00+00:00
[2023-03-19T06:11:56.401+0000] {processor.py:175} INFO - Processing /opt/airflow/dags/our_first_dags.py took 0.104 seconds
[2023-03-19T06:12:23.836+0000] {processor.py:153} INFO - Started process (PID=236) to work on /opt/airflow/dags/our_first_dags.py
[2023-03-19T06:12:23.839+0000] {processor.py:743} INFO - Processing file /opt/airflow/dags/our_first_dags.py for tasks to queue
[2023-03-19T06:12:23.841+0000] {logging_mixin.py:137} INFO - [2023-03-19T06:12:23.841+0000] {dagbag.py:532} INFO - Filling up the DagBag from /opt/airflow/dags/our_first_dags.py
[2023-03-19T06:12:23.878+0000] {processor.py:753} INFO - DAG(s) dict_keys(['our_first_dag_v5']) retrieved from /opt/airflow/dags/our_first_dags.py
[2023-03-19T06:12:23.896+0000] {logging_mixin.py:137} INFO - [2023-03-19T06:12:23.896+0000] {dag.py:2693} INFO - Sync 1 DAGs
[2023-03-19T06:12:23.918+0000] {logging_mixin.py:137} INFO - [2023-03-19T06:12:23.918+0000] {dag.py:3444} INFO - Setting next_dagrun for our_first_dag_v5 to 2021-07-30T00:00:00+00:00, run_after=2021-07-31T00:00:00+00:00
[2023-03-19T06:12:23.931+0000] {processor.py:175} INFO - Processing /opt/airflow/dags/our_first_dags.py took 0.102 seconds
[2023-03-19T06:12:54.377+0000] {processor.py:153} INFO - Started process (PID=254) to work on /opt/airflow/dags/our_first_dags.py
[2023-03-19T06:12:54.380+0000] {processor.py:743} INFO - Processing file /opt/airflow/dags/our_first_dags.py for tasks to queue
[2023-03-19T06:12:54.382+0000] {logging_mixin.py:137} INFO - [2023-03-19T06:12:54.381+0000] {dagbag.py:532} INFO - Filling up the DagBag from /opt/airflow/dags/our_first_dags.py
[2023-03-19T06:12:54.424+0000] {processor.py:753} INFO - DAG(s) dict_keys(['our_first_dag_v5']) retrieved from /opt/airflow/dags/our_first_dags.py
[2023-03-19T06:12:54.475+0000] {logging_mixin.py:137} INFO - [2023-03-19T06:12:54.474+0000] {dag.py:2693} INFO - Sync 1 DAGs
[2023-03-19T06:12:54.492+0000] {logging_mixin.py:137} INFO - [2023-03-19T06:12:54.492+0000] {dag.py:3444} INFO - Setting next_dagrun for our_first_dag_v5 to 2021-07-30T00:00:00+00:00, run_after=2021-07-31T00:00:00+00:00
[2023-03-19T06:12:54.507+0000] {processor.py:175} INFO - Processing /opt/airflow/dags/our_first_dags.py took 0.136 seconds
[2023-03-19T06:13:24.803+0000] {processor.py:153} INFO - Started process (PID=271) to work on /opt/airflow/dags/our_first_dags.py
[2023-03-19T06:13:24.807+0000] {processor.py:743} INFO - Processing file /opt/airflow/dags/our_first_dags.py for tasks to queue
[2023-03-19T06:13:24.809+0000] {logging_mixin.py:137} INFO - [2023-03-19T06:13:24.809+0000] {dagbag.py:532} INFO - Filling up the DagBag from /opt/airflow/dags/our_first_dags.py
[2023-03-19T06:13:24.853+0000] {processor.py:753} INFO - DAG(s) dict_keys(['our_first_dag_v5']) retrieved from /opt/airflow/dags/our_first_dags.py
[2023-03-19T06:13:24.884+0000] {logging_mixin.py:137} INFO - [2023-03-19T06:13:24.884+0000] {dag.py:2693} INFO - Sync 1 DAGs
[2023-03-19T06:13:24.908+0000] {logging_mixin.py:137} INFO - [2023-03-19T06:13:24.908+0000] {dag.py:3444} INFO - Setting next_dagrun for our_first_dag_v5 to 2021-07-30T00:00:00+00:00, run_after=2021-07-31T00:00:00+00:00
[2023-03-19T06:13:24.922+0000] {processor.py:175} INFO - Processing /opt/airflow/dags/our_first_dags.py took 0.123 seconds
[2023-03-19T06:13:55.269+0000] {processor.py:153} INFO - Started process (PID=288) to work on /opt/airflow/dags/our_first_dags.py
[2023-03-19T06:13:55.271+0000] {processor.py:743} INFO - Processing file /opt/airflow/dags/our_first_dags.py for tasks to queue
[2023-03-19T06:13:55.273+0000] {logging_mixin.py:137} INFO - [2023-03-19T06:13:55.272+0000] {dagbag.py:532} INFO - Filling up the DagBag from /opt/airflow/dags/our_first_dags.py
[2023-03-19T06:13:55.303+0000] {processor.py:753} INFO - DAG(s) dict_keys(['our_first_dag_v5']) retrieved from /opt/airflow/dags/our_first_dags.py
[2023-03-19T06:13:55.326+0000] {logging_mixin.py:137} INFO - [2023-03-19T06:13:55.325+0000] {dag.py:2693} INFO - Sync 1 DAGs
[2023-03-19T06:13:55.362+0000] {logging_mixin.py:137} INFO - [2023-03-19T06:13:55.361+0000] {dag.py:3444} INFO - Setting next_dagrun for our_first_dag_v5 to 2021-07-30T00:00:00+00:00, run_after=2021-07-31T00:00:00+00:00
[2023-03-19T06:13:55.375+0000] {processor.py:175} INFO - Processing /opt/airflow/dags/our_first_dags.py took 0.110 seconds
[2023-03-19T06:14:55.611+0000] {processor.py:153} INFO - Started process (PID=178) to work on /opt/airflow/dags/our_first_dags.py
[2023-03-19T06:14:55.612+0000] {processor.py:743} INFO - Processing file /opt/airflow/dags/our_first_dags.py for tasks to queue
[2023-03-19T06:14:55.613+0000] {logging_mixin.py:137} INFO - [2023-03-19T06:14:55.613+0000] {dagbag.py:532} INFO - Filling up the DagBag from /opt/airflow/dags/our_first_dags.py
[2023-03-19T06:14:55.627+0000] {processor.py:753} INFO - DAG(s) dict_keys(['our_first_dag_v5']) retrieved from /opt/airflow/dags/our_first_dags.py
[2023-03-19T06:14:55.638+0000] {logging_mixin.py:137} INFO - [2023-03-19T06:14:55.638+0000] {dag.py:2693} INFO - Sync 1 DAGs
[2023-03-19T06:14:55.656+0000] {logging_mixin.py:137} INFO - [2023-03-19T06:14:55.655+0000] {dag.py:3444} INFO - Setting next_dagrun for our_first_dag_v5 to 2021-07-30T00:00:00+00:00, run_after=2021-07-31T00:00:00+00:00
[2023-03-19T06:14:55.669+0000] {processor.py:175} INFO - Processing /opt/airflow/dags/our_first_dags.py took 0.062 seconds
[2023-03-19T06:15:26.232+0000] {processor.py:153} INFO - Started process (PID=202) to work on /opt/airflow/dags/our_first_dags.py
[2023-03-19T06:15:26.233+0000] {processor.py:743} INFO - Processing file /opt/airflow/dags/our_first_dags.py for tasks to queue
[2023-03-19T06:15:26.234+0000] {logging_mixin.py:137} INFO - [2023-03-19T06:15:26.234+0000] {dagbag.py:532} INFO - Filling up the DagBag from /opt/airflow/dags/our_first_dags.py
[2023-03-19T06:15:26.246+0000] {processor.py:753} INFO - DAG(s) dict_keys(['our_first_dag_v5']) retrieved from /opt/airflow/dags/our_first_dags.py
[2023-03-19T06:15:26.285+0000] {logging_mixin.py:137} INFO - [2023-03-19T06:15:26.285+0000] {dag.py:2693} INFO - Sync 1 DAGs
[2023-03-19T06:15:26.298+0000] {logging_mixin.py:137} INFO - [2023-03-19T06:15:26.298+0000] {dag.py:3444} INFO - Setting next_dagrun for our_first_dag_v5 to 2021-07-30T00:00:00+00:00, run_after=2021-07-31T00:00:00+00:00
[2023-03-19T06:15:26.311+0000] {processor.py:175} INFO - Processing /opt/airflow/dags/our_first_dags.py took 0.081 seconds
[2023-03-19T06:15:56.779+0000] {processor.py:153} INFO - Started process (PID=222) to work on /opt/airflow/dags/our_first_dags.py
[2023-03-19T06:15:56.780+0000] {processor.py:743} INFO - Processing file /opt/airflow/dags/our_first_dags.py for tasks to queue
[2023-03-19T06:15:56.781+0000] {logging_mixin.py:137} INFO - [2023-03-19T06:15:56.781+0000] {dagbag.py:532} INFO - Filling up the DagBag from /opt/airflow/dags/our_first_dags.py
[2023-03-19T06:15:56.794+0000] {processor.py:753} INFO - DAG(s) dict_keys(['our_first_dag_v5']) retrieved from /opt/airflow/dags/our_first_dags.py
[2023-03-19T06:15:56.804+0000] {logging_mixin.py:137} INFO - [2023-03-19T06:15:56.804+0000] {dag.py:2693} INFO - Sync 1 DAGs
[2023-03-19T06:15:56.819+0000] {logging_mixin.py:137} INFO - [2023-03-19T06:15:56.819+0000] {dag.py:3444} INFO - Setting next_dagrun for our_first_dag_v5 to 2021-07-30T00:00:00+00:00, run_after=2021-07-31T00:00:00+00:00
[2023-03-19T06:15:56.829+0000] {processor.py:175} INFO - Processing /opt/airflow/dags/our_first_dags.py took 0.053 seconds
[2023-03-19T06:16:27.327+0000] {processor.py:153} INFO - Started process (PID=246) to work on /opt/airflow/dags/our_first_dags.py
[2023-03-19T06:16:27.328+0000] {processor.py:743} INFO - Processing file /opt/airflow/dags/our_first_dags.py for tasks to queue
[2023-03-19T06:16:27.329+0000] {logging_mixin.py:137} INFO - [2023-03-19T06:16:27.329+0000] {dagbag.py:532} INFO - Filling up the DagBag from /opt/airflow/dags/our_first_dags.py
[2023-03-19T06:16:27.341+0000] {processor.py:753} INFO - DAG(s) dict_keys(['our_first_dag_v5']) retrieved from /opt/airflow/dags/our_first_dags.py
[2023-03-19T06:16:27.377+0000] {logging_mixin.py:137} INFO - [2023-03-19T06:16:27.377+0000] {dag.py:2693} INFO - Sync 1 DAGs
[2023-03-19T06:16:27.391+0000] {logging_mixin.py:137} INFO - [2023-03-19T06:16:27.390+0000] {dag.py:3444} INFO - Setting next_dagrun for our_first_dag_v5 to 2021-07-30T00:00:00+00:00, run_after=2021-07-31T00:00:00+00:00
[2023-03-19T06:16:27.401+0000] {processor.py:175} INFO - Processing /opt/airflow/dags/our_first_dags.py took 0.077 seconds
[2023-03-19T06:16:57.905+0000] {processor.py:153} INFO - Started process (PID=266) to work on /opt/airflow/dags/our_first_dags.py
[2023-03-19T06:16:57.909+0000] {processor.py:743} INFO - Processing file /opt/airflow/dags/our_first_dags.py for tasks to queue
[2023-03-19T06:16:57.912+0000] {logging_mixin.py:137} INFO - [2023-03-19T06:16:57.911+0000] {dagbag.py:532} INFO - Filling up the DagBag from /opt/airflow/dags/our_first_dags.py
[2023-03-19T06:16:57.931+0000] {processor.py:753} INFO - DAG(s) dict_keys(['our_first_dag_v5']) retrieved from /opt/airflow/dags/our_first_dags.py
[2023-03-19T06:16:57.942+0000] {logging_mixin.py:137} INFO - [2023-03-19T06:16:57.942+0000] {dag.py:2693} INFO - Sync 1 DAGs
[2023-03-19T06:16:57.958+0000] {logging_mixin.py:137} INFO - [2023-03-19T06:16:57.958+0000] {dag.py:3444} INFO - Setting next_dagrun for our_first_dag_v5 to 2021-07-30T00:00:00+00:00, run_after=2021-07-31T00:00:00+00:00
[2023-03-19T06:16:57.969+0000] {processor.py:175} INFO - Processing /opt/airflow/dags/our_first_dags.py took 0.068 seconds
[2023-03-19T06:17:28.612+0000] {processor.py:153} INFO - Started process (PID=283) to work on /opt/airflow/dags/our_first_dags.py
[2023-03-19T06:17:28.614+0000] {processor.py:743} INFO - Processing file /opt/airflow/dags/our_first_dags.py for tasks to queue
[2023-03-19T06:17:28.614+0000] {logging_mixin.py:137} INFO - [2023-03-19T06:17:28.614+0000] {dagbag.py:532} INFO - Filling up the DagBag from /opt/airflow/dags/our_first_dags.py
[2023-03-19T06:17:28.626+0000] {processor.py:753} INFO - DAG(s) dict_keys(['our_first_dag_v5']) retrieved from /opt/airflow/dags/our_first_dags.py
[2023-03-19T06:17:28.665+0000] {logging_mixin.py:137} INFO - [2023-03-19T06:17:28.665+0000] {dag.py:2693} INFO - Sync 1 DAGs
[2023-03-19T06:17:28.679+0000] {logging_mixin.py:137} INFO - [2023-03-19T06:17:28.679+0000] {dag.py:3444} INFO - Setting next_dagrun for our_first_dag_v5 to 2021-07-30T00:00:00+00:00, run_after=2021-07-31T00:00:00+00:00
[2023-03-19T06:17:28.690+0000] {processor.py:175} INFO - Processing /opt/airflow/dags/our_first_dags.py took 0.080 seconds
[2023-03-19T06:17:59.251+0000] {processor.py:153} INFO - Started process (PID=303) to work on /opt/airflow/dags/our_first_dags.py
[2023-03-19T06:17:59.253+0000] {processor.py:743} INFO - Processing file /opt/airflow/dags/our_first_dags.py for tasks to queue
[2023-03-19T06:17:59.253+0000] {logging_mixin.py:137} INFO - [2023-03-19T06:17:59.253+0000] {dagbag.py:532} INFO - Filling up the DagBag from /opt/airflow/dags/our_first_dags.py
[2023-03-19T06:17:59.270+0000] {processor.py:753} INFO - DAG(s) dict_keys(['our_first_dag_v5']) retrieved from /opt/airflow/dags/our_first_dags.py
[2023-03-19T06:17:59.281+0000] {logging_mixin.py:137} INFO - [2023-03-19T06:17:59.281+0000] {dag.py:2693} INFO - Sync 1 DAGs
[2023-03-19T06:17:59.296+0000] {logging_mixin.py:137} INFO - [2023-03-19T06:17:59.296+0000] {dag.py:3444} INFO - Setting next_dagrun for our_first_dag_v5 to 2021-07-30T00:00:00+00:00, run_after=2021-07-31T00:00:00+00:00
[2023-03-19T06:17:59.306+0000] {processor.py:175} INFO - Processing /opt/airflow/dags/our_first_dags.py took 0.057 seconds
[2023-03-19T06:18:52.285+0000] {processor.py:153} INFO - Started process (PID=180) to work on /opt/airflow/dags/our_first_dags.py
[2023-03-19T06:18:52.286+0000] {processor.py:743} INFO - Processing file /opt/airflow/dags/our_first_dags.py for tasks to queue
[2023-03-19T06:18:52.287+0000] {logging_mixin.py:137} INFO - [2023-03-19T06:18:52.287+0000] {dagbag.py:532} INFO - Filling up the DagBag from /opt/airflow/dags/our_first_dags.py
[2023-03-19T06:18:52.300+0000] {processor.py:753} INFO - DAG(s) dict_keys(['our_first_dag_v5']) retrieved from /opt/airflow/dags/our_first_dags.py
[2023-03-19T06:18:52.312+0000] {logging_mixin.py:137} INFO - [2023-03-19T06:18:52.312+0000] {dag.py:2693} INFO - Sync 1 DAGs
[2023-03-19T06:18:52.329+0000] {logging_mixin.py:137} INFO - [2023-03-19T06:18:52.329+0000] {dag.py:3444} INFO - Setting next_dagrun for our_first_dag_v5 to 2021-07-30T00:00:00+00:00, run_after=2021-07-31T00:00:00+00:00
[2023-03-19T06:18:52.340+0000] {processor.py:175} INFO - Processing /opt/airflow/dags/our_first_dags.py took 0.058 seconds
[2023-03-19T06:19:22.835+0000] {processor.py:153} INFO - Started process (PID=202) to work on /opt/airflow/dags/our_first_dags.py
[2023-03-19T06:19:22.836+0000] {processor.py:743} INFO - Processing file /opt/airflow/dags/our_first_dags.py for tasks to queue
[2023-03-19T06:19:22.837+0000] {logging_mixin.py:137} INFO - [2023-03-19T06:19:22.837+0000] {dagbag.py:532} INFO - Filling up the DagBag from /opt/airflow/dags/our_first_dags.py
[2023-03-19T06:19:22.852+0000] {processor.py:753} INFO - DAG(s) dict_keys(['our_first_dag_v5']) retrieved from /opt/airflow/dags/our_first_dags.py
[2023-03-19T06:19:22.894+0000] {logging_mixin.py:137} INFO - [2023-03-19T06:19:22.894+0000] {dag.py:2693} INFO - Sync 1 DAGs
[2023-03-19T06:19:22.908+0000] {logging_mixin.py:137} INFO - [2023-03-19T06:19:22.908+0000] {dag.py:3444} INFO - Setting next_dagrun for our_first_dag_v5 to 2021-07-30T00:00:00+00:00, run_after=2021-07-31T00:00:00+00:00
[2023-03-19T06:19:22.920+0000] {processor.py:175} INFO - Processing /opt/airflow/dags/our_first_dags.py took 0.088 seconds
[2023-03-19T06:19:53.345+0000] {processor.py:153} INFO - Started process (PID=222) to work on /opt/airflow/dags/our_first_dags.py
[2023-03-19T06:19:53.346+0000] {processor.py:743} INFO - Processing file /opt/airflow/dags/our_first_dags.py for tasks to queue
[2023-03-19T06:19:53.347+0000] {logging_mixin.py:137} INFO - [2023-03-19T06:19:53.347+0000] {dagbag.py:532} INFO - Filling up the DagBag from /opt/airflow/dags/our_first_dags.py
[2023-03-19T06:19:53.361+0000] {processor.py:753} INFO - DAG(s) dict_keys(['our_first_dag_v5']) retrieved from /opt/airflow/dags/our_first_dags.py
[2023-03-19T06:19:53.372+0000] {logging_mixin.py:137} INFO - [2023-03-19T06:19:53.372+0000] {dag.py:2693} INFO - Sync 1 DAGs
[2023-03-19T06:19:53.388+0000] {logging_mixin.py:137} INFO - [2023-03-19T06:19:53.388+0000] {dag.py:3444} INFO - Setting next_dagrun for our_first_dag_v5 to 2021-07-30T00:00:00+00:00, run_after=2021-07-31T00:00:00+00:00
[2023-03-19T06:19:53.398+0000] {processor.py:175} INFO - Processing /opt/airflow/dags/our_first_dags.py took 0.056 seconds
[2023-03-19T06:20:23.925+0000] {processor.py:153} INFO - Started process (PID=246) to work on /opt/airflow/dags/our_first_dags.py
[2023-03-19T06:20:23.926+0000] {processor.py:743} INFO - Processing file /opt/airflow/dags/our_first_dags.py for tasks to queue
[2023-03-19T06:20:23.927+0000] {logging_mixin.py:137} INFO - [2023-03-19T06:20:23.927+0000] {dagbag.py:532} INFO - Filling up the DagBag from /opt/airflow/dags/our_first_dags.py
[2023-03-19T06:20:23.941+0000] {processor.py:753} INFO - DAG(s) dict_keys(['our_first_dag_v5']) retrieved from /opt/airflow/dags/our_first_dags.py
[2023-03-19T06:20:23.952+0000] {logging_mixin.py:137} INFO - [2023-03-19T06:20:23.952+0000] {dag.py:2693} INFO - Sync 1 DAGs
[2023-03-19T06:20:23.969+0000] {logging_mixin.py:137} INFO - [2023-03-19T06:20:23.969+0000] {dag.py:3444} INFO - Setting next_dagrun for our_first_dag_v5 to 2021-07-30T00:00:00+00:00, run_after=2021-07-31T00:00:00+00:00
[2023-03-19T06:20:23.979+0000] {processor.py:175} INFO - Processing /opt/airflow/dags/our_first_dags.py took 0.056 seconds
[2023-03-19T06:21:16.424+0000] {processor.py:153} INFO - Started process (PID=183) to work on /opt/airflow/dags/our_first_dags.py
[2023-03-19T06:21:16.426+0000] {processor.py:743} INFO - Processing file /opt/airflow/dags/our_first_dags.py for tasks to queue
[2023-03-19T06:21:16.426+0000] {logging_mixin.py:137} INFO - [2023-03-19T06:21:16.426+0000] {dagbag.py:532} INFO - Filling up the DagBag from /opt/airflow/dags/our_first_dags.py
[2023-03-19T06:21:16.441+0000] {processor.py:753} INFO - DAG(s) dict_keys(['our_first_dag_v5']) retrieved from /opt/airflow/dags/our_first_dags.py
[2023-03-19T06:21:16.455+0000] {logging_mixin.py:137} INFO - [2023-03-19T06:21:16.454+0000] {dag.py:2693} INFO - Sync 1 DAGs
[2023-03-19T06:21:16.471+0000] {logging_mixin.py:137} INFO - [2023-03-19T06:21:16.471+0000] {dag.py:3444} INFO - Setting next_dagrun for our_first_dag_v5 to 2021-07-30T00:00:00+00:00, run_after=2021-07-31T00:00:00+00:00
[2023-03-19T06:21:16.481+0000] {processor.py:175} INFO - Processing /opt/airflow/dags/our_first_dags.py took 0.060 seconds
[2023-03-19T06:21:46.981+0000] {processor.py:153} INFO - Started process (PID=210) to work on /opt/airflow/dags/our_first_dags.py
[2023-03-19T06:21:46.982+0000] {processor.py:743} INFO - Processing file /opt/airflow/dags/our_first_dags.py for tasks to queue
[2023-03-19T06:21:46.983+0000] {logging_mixin.py:137} INFO - [2023-03-19T06:21:46.983+0000] {dagbag.py:532} INFO - Filling up the DagBag from /opt/airflow/dags/our_first_dags.py
[2023-03-19T06:21:46.996+0000] {processor.py:753} INFO - DAG(s) dict_keys(['our_first_dag_v5']) retrieved from /opt/airflow/dags/our_first_dags.py
[2023-03-19T06:21:47.042+0000] {logging_mixin.py:137} INFO - [2023-03-19T06:21:47.042+0000] {dag.py:2693} INFO - Sync 1 DAGs
[2023-03-19T06:21:47.057+0000] {logging_mixin.py:137} INFO - [2023-03-19T06:21:47.057+0000] {dag.py:3444} INFO - Setting next_dagrun for our_first_dag_v5 to 2021-07-30T00:00:00+00:00, run_after=2021-07-31T00:00:00+00:00
[2023-03-19T06:21:47.068+0000] {processor.py:175} INFO - Processing /opt/airflow/dags/our_first_dags.py took 0.090 seconds
[2023-03-19T06:22:17.562+0000] {processor.py:153} INFO - Started process (PID=237) to work on /opt/airflow/dags/our_first_dags.py
[2023-03-19T06:22:17.563+0000] {processor.py:743} INFO - Processing file /opt/airflow/dags/our_first_dags.py for tasks to queue
[2023-03-19T06:22:17.564+0000] {logging_mixin.py:137} INFO - [2023-03-19T06:22:17.564+0000] {dagbag.py:532} INFO - Filling up the DagBag from /opt/airflow/dags/our_first_dags.py
[2023-03-19T06:22:17.576+0000] {processor.py:753} INFO - DAG(s) dict_keys(['our_first_dag_v5']) retrieved from /opt/airflow/dags/our_first_dags.py
[2023-03-19T06:22:17.598+0000] {logging_mixin.py:137} INFO - [2023-03-19T06:22:17.598+0000] {dag.py:2693} INFO - Sync 1 DAGs
[2023-03-19T06:22:17.618+0000] {logging_mixin.py:137} INFO - [2023-03-19T06:22:17.617+0000] {dag.py:3444} INFO - Setting next_dagrun for our_first_dag_v5 to 2021-07-30T00:00:00+00:00, run_after=2021-07-31T00:00:00+00:00
[2023-03-19T06:22:17.628+0000] {processor.py:175} INFO - Processing /opt/airflow/dags/our_first_dags.py took 0.069 seconds
[2023-03-19T06:22:48.131+0000] {processor.py:153} INFO - Started process (PID=264) to work on /opt/airflow/dags/our_first_dags.py
[2023-03-19T06:22:48.132+0000] {processor.py:743} INFO - Processing file /opt/airflow/dags/our_first_dags.py for tasks to queue
[2023-03-19T06:22:48.133+0000] {logging_mixin.py:137} INFO - [2023-03-19T06:22:48.132+0000] {dagbag.py:532} INFO - Filling up the DagBag from /opt/airflow/dags/our_first_dags.py
[2023-03-19T06:22:48.145+0000] {processor.py:753} INFO - DAG(s) dict_keys(['our_first_dag_v5']) retrieved from /opt/airflow/dags/our_first_dags.py
[2023-03-19T06:22:48.185+0000] {logging_mixin.py:137} INFO - [2023-03-19T06:22:48.185+0000] {dag.py:2693} INFO - Sync 1 DAGs
[2023-03-19T06:22:48.198+0000] {logging_mixin.py:137} INFO - [2023-03-19T06:22:48.198+0000] {dag.py:3444} INFO - Setting next_dagrun for our_first_dag_v5 to 2021-07-30T00:00:00+00:00, run_after=2021-07-31T00:00:00+00:00
[2023-03-19T06:22:48.209+0000] {processor.py:175} INFO - Processing /opt/airflow/dags/our_first_dags.py took 0.081 seconds
[2023-03-19T06:23:18.714+0000] {processor.py:153} INFO - Started process (PID=291) to work on /opt/airflow/dags/our_first_dags.py
[2023-03-19T06:23:18.715+0000] {processor.py:743} INFO - Processing file /opt/airflow/dags/our_first_dags.py for tasks to queue
[2023-03-19T06:23:18.716+0000] {logging_mixin.py:137} INFO - [2023-03-19T06:23:18.716+0000] {dagbag.py:532} INFO - Filling up the DagBag from /opt/airflow/dags/our_first_dags.py
[2023-03-19T06:23:18.729+0000] {processor.py:753} INFO - DAG(s) dict_keys(['our_first_dag_v5']) retrieved from /opt/airflow/dags/our_first_dags.py
[2023-03-19T06:23:18.748+0000] {logging_mixin.py:137} INFO - [2023-03-19T06:23:18.748+0000] {dag.py:2693} INFO - Sync 1 DAGs
[2023-03-19T06:23:18.768+0000] {logging_mixin.py:137} INFO - [2023-03-19T06:23:18.767+0000] {dag.py:3444} INFO - Setting next_dagrun for our_first_dag_v5 to 2021-07-30T00:00:00+00:00, run_after=2021-07-31T00:00:00+00:00
[2023-03-19T06:23:18.777+0000] {processor.py:175} INFO - Processing /opt/airflow/dags/our_first_dags.py took 0.065 seconds
[2023-03-19T06:23:49.219+0000] {processor.py:153} INFO - Started process (PID=318) to work on /opt/airflow/dags/our_first_dags.py
[2023-03-19T06:23:49.221+0000] {processor.py:743} INFO - Processing file /opt/airflow/dags/our_first_dags.py for tasks to queue
[2023-03-19T06:23:49.221+0000] {logging_mixin.py:137} INFO - [2023-03-19T06:23:49.221+0000] {dagbag.py:532} INFO - Filling up the DagBag from /opt/airflow/dags/our_first_dags.py
[2023-03-19T06:23:49.234+0000] {processor.py:753} INFO - DAG(s) dict_keys(['our_first_dag_v5']) retrieved from /opt/airflow/dags/our_first_dags.py
[2023-03-19T06:23:49.274+0000] {logging_mixin.py:137} INFO - [2023-03-19T06:23:49.274+0000] {dag.py:2693} INFO - Sync 1 DAGs
[2023-03-19T06:23:49.288+0000] {logging_mixin.py:137} INFO - [2023-03-19T06:23:49.288+0000] {dag.py:3444} INFO - Setting next_dagrun for our_first_dag_v5 to 2021-07-30T00:00:00+00:00, run_after=2021-07-31T00:00:00+00:00
[2023-03-19T06:23:49.298+0000] {processor.py:175} INFO - Processing /opt/airflow/dags/our_first_dags.py took 0.081 seconds
[2023-03-19T06:29:28.476+0000] {processor.py:153} INFO - Started process (PID=343) to work on /opt/airflow/dags/our_first_dags.py
[2023-03-19T06:29:28.477+0000] {processor.py:743} INFO - Processing file /opt/airflow/dags/our_first_dags.py for tasks to queue
[2023-03-19T06:29:28.478+0000] {logging_mixin.py:137} INFO - [2023-03-19T06:29:28.478+0000] {dagbag.py:532} INFO - Filling up the DagBag from /opt/airflow/dags/our_first_dags.py
[2023-03-19T06:29:28.490+0000] {processor.py:753} INFO - DAG(s) dict_keys(['our_first_dag_v5']) retrieved from /opt/airflow/dags/our_first_dags.py
[2023-03-19T06:29:28.512+0000] {logging_mixin.py:137} INFO - [2023-03-19T06:29:28.512+0000] {dag.py:2693} INFO - Sync 1 DAGs
[2023-03-19T06:29:28.536+0000] {logging_mixin.py:137} INFO - [2023-03-19T06:29:28.536+0000] {dag.py:3444} INFO - Setting next_dagrun for our_first_dag_v5 to 2021-07-30T00:00:00+00:00, run_after=2021-07-31T00:00:00+00:00
[2023-03-19T06:29:28.551+0000] {processor.py:175} INFO - Processing /opt/airflow/dags/our_first_dags.py took 0.077 seconds
[2023-03-19T06:40:14.494+0000] {processor.py:153} INFO - Started process (PID=372) to work on /opt/airflow/dags/our_first_dags.py
[2023-03-19T06:40:14.497+0000] {processor.py:743} INFO - Processing file /opt/airflow/dags/our_first_dags.py for tasks to queue
[2023-03-19T06:40:14.499+0000] {logging_mixin.py:137} INFO - [2023-03-19T06:40:14.499+0000] {dagbag.py:532} INFO - Filling up the DagBag from /opt/airflow/dags/our_first_dags.py
[2023-03-19T06:40:14.539+0000] {processor.py:753} INFO - DAG(s) dict_keys(['our_first_dag_v5']) retrieved from /opt/airflow/dags/our_first_dags.py
[2023-03-19T06:40:14.659+0000] {logging_mixin.py:137} INFO - [2023-03-19T06:40:14.658+0000] {dag.py:2693} INFO - Sync 1 DAGs
[2023-03-19T06:40:14.723+0000] {logging_mixin.py:137} INFO - [2023-03-19T06:40:14.723+0000] {dag.py:3444} INFO - Setting next_dagrun for our_first_dag_v5 to 2021-07-30T00:00:00+00:00, run_after=2021-07-31T00:00:00+00:00
[2023-03-19T06:40:14.761+0000] {processor.py:175} INFO - Processing /opt/airflow/dags/our_first_dags.py took 0.272 seconds
[2023-03-19T06:40:45.091+0000] {processor.py:153} INFO - Started process (PID=399) to work on /opt/airflow/dags/our_first_dags.py
[2023-03-19T06:40:45.093+0000] {processor.py:743} INFO - Processing file /opt/airflow/dags/our_first_dags.py for tasks to queue
[2023-03-19T06:40:45.093+0000] {logging_mixin.py:137} INFO - [2023-03-19T06:40:45.093+0000] {dagbag.py:532} INFO - Filling up the DagBag from /opt/airflow/dags/our_first_dags.py
[2023-03-19T06:40:45.106+0000] {processor.py:753} INFO - DAG(s) dict_keys(['our_first_dag_v5']) retrieved from /opt/airflow/dags/our_first_dags.py
[2023-03-19T06:40:45.151+0000] {logging_mixin.py:137} INFO - [2023-03-19T06:40:45.151+0000] {dag.py:2693} INFO - Sync 1 DAGs
[2023-03-19T06:40:45.166+0000] {logging_mixin.py:137} INFO - [2023-03-19T06:40:45.166+0000] {dag.py:3444} INFO - Setting next_dagrun for our_first_dag_v5 to 2021-07-30T00:00:00+00:00, run_after=2021-07-31T00:00:00+00:00
[2023-03-19T06:40:45.177+0000] {processor.py:175} INFO - Processing /opt/airflow/dags/our_first_dags.py took 0.088 seconds
[2023-03-19T06:41:15.698+0000] {processor.py:153} INFO - Started process (PID=426) to work on /opt/airflow/dags/our_first_dags.py
[2023-03-19T06:41:15.699+0000] {processor.py:743} INFO - Processing file /opt/airflow/dags/our_first_dags.py for tasks to queue
[2023-03-19T06:41:15.700+0000] {logging_mixin.py:137} INFO - [2023-03-19T06:41:15.700+0000] {dagbag.py:532} INFO - Filling up the DagBag from /opt/airflow/dags/our_first_dags.py
[2023-03-19T06:41:15.712+0000] {processor.py:753} INFO - DAG(s) dict_keys(['our_first_dag_v5']) retrieved from /opt/airflow/dags/our_first_dags.py
[2023-03-19T06:41:15.735+0000] {logging_mixin.py:137} INFO - [2023-03-19T06:41:15.735+0000] {dag.py:2693} INFO - Sync 1 DAGs
[2023-03-19T06:41:15.755+0000] {logging_mixin.py:137} INFO - [2023-03-19T06:41:15.755+0000] {dag.py:3444} INFO - Setting next_dagrun for our_first_dag_v5 to 2021-07-30T00:00:00+00:00, run_after=2021-07-31T00:00:00+00:00
[2023-03-19T06:41:15.765+0000] {processor.py:175} INFO - Processing /opt/airflow/dags/our_first_dags.py took 0.069 seconds
[2023-03-19T06:41:46.382+0000] {processor.py:153} INFO - Started process (PID=453) to work on /opt/airflow/dags/our_first_dags.py
[2023-03-19T06:41:46.383+0000] {processor.py:743} INFO - Processing file /opt/airflow/dags/our_first_dags.py for tasks to queue
[2023-03-19T06:41:46.384+0000] {logging_mixin.py:137} INFO - [2023-03-19T06:41:46.384+0000] {dagbag.py:532} INFO - Filling up the DagBag from /opt/airflow/dags/our_first_dags.py
[2023-03-19T06:41:46.397+0000] {processor.py:753} INFO - DAG(s) dict_keys(['our_first_dag_v5']) retrieved from /opt/airflow/dags/our_first_dags.py
[2023-03-19T06:41:46.439+0000] {logging_mixin.py:137} INFO - [2023-03-19T06:41:46.439+0000] {dag.py:2693} INFO - Sync 1 DAGs
[2023-03-19T06:41:46.453+0000] {logging_mixin.py:137} INFO - [2023-03-19T06:41:46.453+0000] {dag.py:3444} INFO - Setting next_dagrun for our_first_dag_v5 to 2021-07-30T00:00:00+00:00, run_after=2021-07-31T00:00:00+00:00
[2023-03-19T06:41:46.464+0000] {processor.py:175} INFO - Processing /opt/airflow/dags/our_first_dags.py took 0.084 seconds
[2023-03-19T06:42:16.964+0000] {processor.py:153} INFO - Started process (PID=480) to work on /opt/airflow/dags/our_first_dags.py
[2023-03-19T06:42:16.965+0000] {processor.py:743} INFO - Processing file /opt/airflow/dags/our_first_dags.py for tasks to queue
[2023-03-19T06:42:16.966+0000] {logging_mixin.py:137} INFO - [2023-03-19T06:42:16.966+0000] {dagbag.py:532} INFO - Filling up the DagBag from /opt/airflow/dags/our_first_dags.py
[2023-03-19T06:42:16.978+0000] {processor.py:753} INFO - DAG(s) dict_keys(['our_first_dag_v5']) retrieved from /opt/airflow/dags/our_first_dags.py
[2023-03-19T06:42:17.000+0000] {logging_mixin.py:137} INFO - [2023-03-19T06:42:17.000+0000] {dag.py:2693} INFO - Sync 1 DAGs
[2023-03-19T06:42:17.020+0000] {logging_mixin.py:137} INFO - [2023-03-19T06:42:17.020+0000] {dag.py:3444} INFO - Setting next_dagrun for our_first_dag_v5 to 2021-07-30T00:00:00+00:00, run_after=2021-07-31T00:00:00+00:00
[2023-03-19T06:42:17.030+0000] {processor.py:175} INFO - Processing /opt/airflow/dags/our_first_dags.py took 0.069 seconds
[2023-03-19T06:42:47.564+0000] {processor.py:153} INFO - Started process (PID=507) to work on /opt/airflow/dags/our_first_dags.py
[2023-03-19T06:42:47.565+0000] {processor.py:743} INFO - Processing file /opt/airflow/dags/our_first_dags.py for tasks to queue
[2023-03-19T06:42:47.566+0000] {logging_mixin.py:137} INFO - [2023-03-19T06:42:47.566+0000] {dagbag.py:532} INFO - Filling up the DagBag from /opt/airflow/dags/our_first_dags.py
[2023-03-19T06:42:47.579+0000] {processor.py:753} INFO - DAG(s) dict_keys(['our_first_dag_v5']) retrieved from /opt/airflow/dags/our_first_dags.py
[2023-03-19T06:42:47.621+0000] {logging_mixin.py:137} INFO - [2023-03-19T06:42:47.620+0000] {dag.py:2693} INFO - Sync 1 DAGs
[2023-03-19T06:42:47.634+0000] {logging_mixin.py:137} INFO - [2023-03-19T06:42:47.634+0000] {dag.py:3444} INFO - Setting next_dagrun for our_first_dag_v5 to 2021-07-30T00:00:00+00:00, run_after=2021-07-31T00:00:00+00:00
[2023-03-19T06:42:47.645+0000] {processor.py:175} INFO - Processing /opt/airflow/dags/our_first_dags.py took 0.084 seconds
[2023-03-19T06:43:18.162+0000] {processor.py:153} INFO - Started process (PID=534) to work on /opt/airflow/dags/our_first_dags.py
[2023-03-19T06:43:18.163+0000] {processor.py:743} INFO - Processing file /opt/airflow/dags/our_first_dags.py for tasks to queue
[2023-03-19T06:43:18.164+0000] {logging_mixin.py:137} INFO - [2023-03-19T06:43:18.164+0000] {dagbag.py:532} INFO - Filling up the DagBag from /opt/airflow/dags/our_first_dags.py
[2023-03-19T06:43:18.178+0000] {processor.py:753} INFO - DAG(s) dict_keys(['our_first_dag_v5']) retrieved from /opt/airflow/dags/our_first_dags.py
[2023-03-19T06:43:18.188+0000] {logging_mixin.py:137} INFO - [2023-03-19T06:43:18.188+0000] {dag.py:2693} INFO - Sync 1 DAGs
[2023-03-19T06:43:18.203+0000] {logging_mixin.py:137} INFO - [2023-03-19T06:43:18.203+0000] {dag.py:3444} INFO - Setting next_dagrun for our_first_dag_v5 to 2021-07-30T00:00:00+00:00, run_after=2021-07-31T00:00:00+00:00
[2023-03-19T06:43:18.213+0000] {processor.py:175} INFO - Processing /opt/airflow/dags/our_first_dags.py took 0.054 seconds
