[2023-03-19T06:09:24.036+0000] {taskinstance.py:1084} INFO - Dependencies all met for dep_context=non-requeueable deps ti=<TaskInstance: our_first_dag_v5.second_task scheduled__2021-10-10T00:00:00+00:00 [queued]>
[2023-03-19T06:09:24.048+0000] {taskinstance.py:1084} INFO - Dependencies all met for dep_context=requeueable deps ti=<TaskInstance: our_first_dag_v5.second_task scheduled__2021-10-10T00:00:00+00:00 [queued]>
[2023-03-19T06:09:24.049+0000] {taskinstance.py:1282} INFO - 
--------------------------------------------------------------------------------
[2023-03-19T06:09:24.050+0000] {taskinstance.py:1283} INFO - Starting attempt 1 of 6
[2023-03-19T06:09:24.051+0000] {taskinstance.py:1284} INFO - 
--------------------------------------------------------------------------------
[2023-03-19T06:09:24.065+0000] {taskinstance.py:1303} INFO - Executing <Task(BashOperator): second_task> on 2021-10-10 00:00:00+00:00
[2023-03-19T06:09:24.069+0000] {standard_task_runner.py:55} INFO - Started process 958 to run task
[2023-03-19T06:09:24.085+0000] {standard_task_runner.py:82} INFO - Running: ['***', 'tasks', 'run', 'our_first_dag_v5', 'second_task', 'scheduled__2021-10-10T00:00:00+00:00', '--job-id', '225', '--raw', '--subdir', 'DAGS_FOLDER/our_first_dags.py', '--cfg-path', '/tmp/tmp29k0pbfx']
[2023-03-19T06:09:24.088+0000] {standard_task_runner.py:83} INFO - Job 225: Subtask second_task
[2023-03-19T06:09:24.187+0000] {task_command.py:388} INFO - Running <TaskInstance: our_first_dag_v5.second_task scheduled__2021-10-10T00:00:00+00:00 [running]> on host 837d6aa6fa25
[2023-03-19T06:09:24.285+0000] {taskinstance.py:1511} INFO - Exporting the following env vars:
AIRFLOW_CTX_DAG_OWNER=coder2j
AIRFLOW_CTX_DAG_ID=our_first_dag_v5
AIRFLOW_CTX_TASK_ID=second_task
AIRFLOW_CTX_EXECUTION_DATE=2021-10-10T00:00:00+00:00
AIRFLOW_CTX_TRY_NUMBER=1
AIRFLOW_CTX_DAG_RUN_ID=scheduled__2021-10-10T00:00:00+00:00
[2023-03-19T06:09:24.290+0000] {subprocess.py:63} INFO - Tmp dir root location: 
 /tmp
[2023-03-19T06:09:24.292+0000] {subprocess.py:75} INFO - Running command: ['/bin/bash', '-c', 'echo hey, I am task2 and will be running after task1!']
[2023-03-19T06:09:24.303+0000] {subprocess.py:86} INFO - Output:
[2023-03-19T06:09:24.305+0000] {subprocess.py:93} INFO - hey, I am task2 and will be running after task1!
[2023-03-19T06:09:24.307+0000] {subprocess.py:97} INFO - Command exited with return code 0
[2023-03-19T06:09:24.338+0000] {taskinstance.py:1326} INFO - Marking task as SUCCESS. dag_id=our_first_dag_v5, task_id=second_task, execution_date=20211010T000000, start_date=20230319T060924, end_date=20230319T060924
[2023-03-19T06:09:24.372+0000] {local_task_job.py:212} INFO - Task exited with return code 0
[2023-03-19T06:09:24.440+0000] {taskinstance.py:2585} INFO - 0 downstream tasks scheduled from follow-on schedule check
