[2023-03-19T06:08:40.274+0000] {taskinstance.py:1084} INFO - Dependencies all met for dep_context=non-requeueable deps ti=<TaskInstance: our_first_dag_v5.first_task scheduled__2021-07-30T00:00:00+00:00 [queued]>
[2023-03-19T06:08:40.288+0000] {taskinstance.py:1084} INFO - Dependencies all met for dep_context=requeueable deps ti=<TaskInstance: our_first_dag_v5.first_task scheduled__2021-07-30T00:00:00+00:00 [queued]>
[2023-03-19T06:08:40.289+0000] {taskinstance.py:1282} INFO - 
--------------------------------------------------------------------------------
[2023-03-19T06:08:40.290+0000] {taskinstance.py:1283} INFO - Starting attempt 1 of 6
[2023-03-19T06:08:40.291+0000] {taskinstance.py:1284} INFO - 
--------------------------------------------------------------------------------
[2023-03-19T06:08:40.332+0000] {taskinstance.py:1303} INFO - Executing <Task(BashOperator): first_task> on 2021-07-30 00:00:00+00:00
[2023-03-19T06:08:40.336+0000] {standard_task_runner.py:55} INFO - Started process 265 to run task
[2023-03-19T06:08:40.344+0000] {standard_task_runner.py:82} INFO - Running: ['***', 'tasks', 'run', 'our_first_dag_v5', 'first_task', 'scheduled__2021-07-30T00:00:00+00:00', '--job-id', '3', '--raw', '--subdir', 'DAGS_FOLDER/our_second_dags.py', '--cfg-path', '/tmp/tmpbkrv1vv5']
[2023-03-19T06:08:40.347+0000] {standard_task_runner.py:83} INFO - Job 3: Subtask first_task
[2023-03-19T06:08:40.470+0000] {task_command.py:388} INFO - Running <TaskInstance: our_first_dag_v5.first_task scheduled__2021-07-30T00:00:00+00:00 [running]> on host 837d6aa6fa25
[2023-03-19T06:08:40.624+0000] {taskinstance.py:1511} INFO - Exporting the following env vars:
AIRFLOW_CTX_DAG_OWNER=coder2j
AIRFLOW_CTX_DAG_ID=our_first_dag_v5
AIRFLOW_CTX_TASK_ID=first_task
AIRFLOW_CTX_EXECUTION_DATE=2021-07-30T00:00:00+00:00
AIRFLOW_CTX_TRY_NUMBER=1
AIRFLOW_CTX_DAG_RUN_ID=scheduled__2021-07-30T00:00:00+00:00
[2023-03-19T06:08:40.627+0000] {subprocess.py:63} INFO - Tmp dir root location: 
 /tmp
[2023-03-19T06:08:40.630+0000] {subprocess.py:75} INFO - Running command: ['/bin/bash', '-c', 'echo hello world, this is the first task!']
[2023-03-19T06:08:40.658+0000] {subprocess.py:86} INFO - Output:
[2023-03-19T06:08:40.665+0000] {subprocess.py:93} INFO - hello world, this is the first task!
[2023-03-19T06:08:40.667+0000] {subprocess.py:97} INFO - Command exited with return code 0
[2023-03-19T06:08:40.719+0000] {taskinstance.py:1326} INFO - Marking task as SUCCESS. dag_id=our_first_dag_v5, task_id=first_task, execution_date=20210730T000000, start_date=20230319T060840, end_date=20230319T060840
[2023-03-19T06:08:40.759+0000] {local_task_job.py:212} INFO - Task exited with return code 0
[2023-03-19T06:08:40.815+0000] {taskinstance.py:2585} INFO - 2 downstream tasks scheduled from follow-on schedule check
