[2023-03-20 18:56:11,942] {taskinstance.py:1032} INFO - Dependencies all met for <TaskInstance: to_posgrest_v4.9.create_postgres_table_tip manual__2023-03-20T18:55:41.290306+00:00 [queued]>
[2023-03-20 18:56:11,979] {taskinstance.py:1032} INFO - Dependencies all met for <TaskInstance: to_posgrest_v4.9.create_postgres_table_tip manual__2023-03-20T18:55:41.290306+00:00 [queued]>
[2023-03-20 18:56:11,981] {taskinstance.py:1238} INFO - 
--------------------------------------------------------------------------------
[2023-03-20 18:56:11,981] {taskinstance.py:1239} INFO - Starting attempt 1 of 2
[2023-03-20 18:56:11,982] {taskinstance.py:1240} INFO - 
--------------------------------------------------------------------------------
[2023-03-20 18:56:12,019] {taskinstance.py:1259} INFO - Executing <Task(PostgresOperator): create_postgres_table_tip> on 2023-03-20 18:55:41.290306+00:00
[2023-03-20 18:56:12,024] {standard_task_runner.py:52} INFO - Started process 22669 to run task
[2023-03-20 18:56:12,030] {standard_task_runner.py:76} INFO - Running: ['***', 'tasks', 'run', 'to_posgrest_v4.9', 'create_postgres_table_tip', 'manual__2023-03-20T18:55:41.290306+00:00', '--job-id', '226', '--raw', '--subdir', 'DAGS_FOLDER/to_postgresql.py', '--cfg-path', '/tmp/tmp5h69zjpm', '--error-file', '/tmp/tmp1imjl4um']
[2023-03-20 18:56:12,032] {standard_task_runner.py:77} INFO - Job 226: Subtask create_postgres_table_tip
[2023-03-20 18:56:12,317] {logging_mixin.py:109} INFO - Running <TaskInstance: to_posgrest_v4.9.create_postgres_table_tip manual__2023-03-20T18:55:41.290306+00:00 [running]> on host 0b4cdb459521
[2023-03-20 18:56:12,662] {taskinstance.py:1426} INFO - Exporting the following env vars:
AIRFLOW_CTX_DAG_OWNER=sakabuana31
AIRFLOW_CTX_DAG_ID=to_posgrest_v4.9
AIRFLOW_CTX_TASK_ID=create_postgres_table_tip
AIRFLOW_CTX_EXECUTION_DATE=2023-03-20T18:55:41.290306+00:00
AIRFLOW_CTX_DAG_RUN_ID=manual__2023-03-20T18:55:41.290306+00:00
[2023-03-20 18:56:12,741] {base.py:79} INFO - Using connection to: id: postgres_localhost. Host: host.docker.internal, Port: 5432, Schema: final, Login: ***, Password: ***, extra: {}
[2023-03-20 18:56:12,815] {dbapi.py:225} INFO - Running statement: 
            create table if not exists tip (
                user_id text not null PRIMARY KEY,
                business_id text not null,
                text text not null,
                compliment_count int not null,
                date_values date not null
            ) 
        , parameters: None
[2023-03-20 18:56:12,911] {taskinstance.py:1277} INFO - Marking task as SUCCESS. dag_id=to_posgrest_v4.9, task_id=create_postgres_table_tip, execution_date=20230320T185541, start_date=20230320T185611, end_date=20230320T185612
[2023-03-20 18:56:12,993] {local_task_job.py:154} INFO - Task exited with return code 0
[2023-03-20 18:56:13,234] {local_task_job.py:264} INFO - 1 downstream tasks scheduled from follow-on schedule check
