[2023-03-22 12:48:56,138] {taskinstance.py:1032} INFO - Dependencies all met for <TaskInstance: querry_postgres_v1.6.get_querry_postgres_table manual__2023-03-22T12:48:50.634543+00:00 [queued]>
[2023-03-22 12:48:56,180] {taskinstance.py:1032} INFO - Dependencies all met for <TaskInstance: querry_postgres_v1.6.get_querry_postgres_table manual__2023-03-22T12:48:50.634543+00:00 [queued]>
[2023-03-22 12:48:56,182] {taskinstance.py:1238} INFO - 
--------------------------------------------------------------------------------
[2023-03-22 12:48:56,183] {taskinstance.py:1239} INFO - Starting attempt 1 of 2
[2023-03-22 12:48:56,184] {taskinstance.py:1240} INFO - 
--------------------------------------------------------------------------------
[2023-03-22 12:48:56,223] {taskinstance.py:1259} INFO - Executing <Task(PostgresOperator): get_querry_postgres_table> on 2023-03-22 12:48:50.634543+00:00
[2023-03-22 12:48:56,229] {standard_task_runner.py:52} INFO - Started process 4068 to run task
[2023-03-22 12:48:56,236] {standard_task_runner.py:76} INFO - Running: ['***', 'tasks', 'run', 'querry_postgres_v1.6', 'get_querry_postgres_table', 'manual__2023-03-22T12:48:50.634543+00:00', '--job-id', '340', '--raw', '--subdir', 'DAGS_FOLDER/querry_posgresql.py', '--cfg-path', '/tmp/tmp4v5edqy6', '--error-file', '/tmp/tmp35ryqmci']
[2023-03-22 12:48:56,239] {standard_task_runner.py:77} INFO - Job 340: Subtask get_querry_postgres_table
[2023-03-22 12:48:56,537] {logging_mixin.py:109} INFO - Running <TaskInstance: querry_postgres_v1.6.get_querry_postgres_table manual__2023-03-22T12:48:50.634543+00:00 [running]> on host 6109e8ed579f
[2023-03-22 12:48:56,867] {taskinstance.py:1426} INFO - Exporting the following env vars:
AIRFLOW_CTX_DAG_OWNER=sakabuana31
AIRFLOW_CTX_DAG_ID=querry_postgres_v1.6
AIRFLOW_CTX_TASK_ID=get_querry_postgres_table
AIRFLOW_CTX_EXECUTION_DATE=2023-03-22T12:48:50.634543+00:00
AIRFLOW_CTX_DAG_RUN_ID=manual__2023-03-22T12:48:50.634543+00:00
[2023-03-22 12:48:56,954] {base.py:79} INFO - Using connection to: id: postgres_localhost. Host: host.docker.internal, Port: 5432, Schema: final, Login: ***, Password: ***, extra: {}
[2023-03-22 12:48:57,035] {dbapi.py:225} INFO - Running statement: 
            INSERT INTO serving.serving_table_review (
                date, mean_temp, status_temp, precipitation, status_preci, business_id, business_name, stars, date_values
            )
            SELECT 
                fact_review.date_values,
                dim_temperature.mean,
                dim_temperature.status_temp,
                dim_precipitation.precipitation,
                dim_precipitation.status_preci, 
                fact_review.business_id, 
                dim_business.name, 
                fact_review.stars, 
                fact_review.date_values
            FROM 
                fact_review
                LEFT JOIN dim_precipitation ON (fact_review.date_values = dim_precipitation.date)
                LEFT JOIN dim_temperature ON (fact_review.date_values = dim_temperature.date)
                LEFT JOIN dim_business ON (fact_review.business_id = dim_business.business_id)
            ORDER BY 
                fact_review.date_values;

        , parameters: None
[2023-03-22 12:48:57,236] {dbapi.py:233} INFO - Rows affected: 72125
[2023-03-22 12:48:57,357] {taskinstance.py:1277} INFO - Marking task as SUCCESS. dag_id=querry_postgres_v1.6, task_id=get_querry_postgres_table, execution_date=20230322T124850, start_date=20230322T124856, end_date=20230322T124857
[2023-03-22 12:48:57,408] {local_task_job.py:154} INFO - Task exited with return code 0
[2023-03-22 12:48:57,611] {local_task_job.py:264} INFO - 0 downstream tasks scheduled from follow-on schedule check
