[2023-03-19T07:04:32.682+0000] {taskinstance.py:1084} INFO - Dependencies all met for dep_context=non-requeueable deps ti=<TaskInstance: our_first_dag_v7.second_task manual__2023-03-19T07:04:30.345371+00:00 [queued]>
[2023-03-19T07:04:32.688+0000] {taskinstance.py:1084} INFO - Dependencies all met for dep_context=requeueable deps ti=<TaskInstance: our_first_dag_v7.second_task manual__2023-03-19T07:04:30.345371+00:00 [queued]>
[2023-03-19T07:04:32.689+0000] {taskinstance.py:1282} INFO - 
--------------------------------------------------------------------------------
[2023-03-19T07:04:32.689+0000] {taskinstance.py:1283} INFO - Starting attempt 1 of 6
[2023-03-19T07:04:32.689+0000] {taskinstance.py:1284} INFO - 
--------------------------------------------------------------------------------
[2023-03-19T07:04:32.697+0000] {taskinstance.py:1303} INFO - Executing <Task(BashOperator): second_task> on 2023-03-19 07:04:30.345371+00:00
[2023-03-19T07:04:32.701+0000] {standard_task_runner.py:55} INFO - Started process 1116 to run task
[2023-03-19T07:04:32.704+0000] {standard_task_runner.py:82} INFO - Running: ['***', 'tasks', 'run', 'our_first_dag_v7', 'second_task', 'manual__2023-03-19T07:04:30.345371+00:00', '--job-id', '13', '--raw', '--subdir', 'DAGS_FOLDER/our_first_dag.py', '--cfg-path', '/tmp/tmp94prr5ew']
[2023-03-19T07:04:32.705+0000] {standard_task_runner.py:83} INFO - Job 13: Subtask second_task
[2023-03-19T07:04:32.753+0000] {task_command.py:388} INFO - Running <TaskInstance: our_first_dag_v7.second_task manual__2023-03-19T07:04:30.345371+00:00 [running]> on host 3cb0dda0e5ae
[2023-03-19T07:04:32.798+0000] {taskinstance.py:1511} INFO - Exporting the following env vars:
AIRFLOW_CTX_DAG_OWNER=coder2j
AIRFLOW_CTX_DAG_ID=our_first_dag_v7
AIRFLOW_CTX_TASK_ID=second_task
AIRFLOW_CTX_EXECUTION_DATE=2023-03-19T07:04:30.345371+00:00
AIRFLOW_CTX_TRY_NUMBER=1
AIRFLOW_CTX_DAG_RUN_ID=manual__2023-03-19T07:04:30.345371+00:00
[2023-03-19T07:04:32.800+0000] {subprocess.py:63} INFO - Tmp dir root location: 
 /tmp
[2023-03-19T07:04:32.801+0000] {subprocess.py:75} INFO - Running command: ['/bin/bash', '-c', 'echo hey, I am task2 and will be running after task1!']
[2023-03-19T07:04:32.809+0000] {subprocess.py:86} INFO - Output:
[2023-03-19T07:04:32.811+0000] {subprocess.py:93} INFO - hey, I am task2 and will be running after task1!
[2023-03-19T07:04:32.811+0000] {subprocess.py:97} INFO - Command exited with return code 0
[2023-03-19T07:04:32.831+0000] {taskinstance.py:1326} INFO - Marking task as SUCCESS. dag_id=our_first_dag_v7, task_id=second_task, execution_date=20230319T070430, start_date=20230319T070432, end_date=20230319T070432
[2023-03-19T07:04:32.883+0000] {local_task_job.py:212} INFO - Task exited with return code 0
[2023-03-19T07:04:32.898+0000] {taskinstance.py:2585} INFO - 0 downstream tasks scheduled from follow-on schedule check
