[2023-03-19T06:09:22.015+0000] {taskinstance.py:1084} INFO - Dependencies all met for dep_context=non-requeueable deps ti=<TaskInstance: our_first_dag_v5.thrid_task scheduled__2021-10-04T00:00:00+00:00 [queued]>
[2023-03-19T06:09:22.041+0000] {taskinstance.py:1084} INFO - Dependencies all met for dep_context=requeueable deps ti=<TaskInstance: our_first_dag_v5.thrid_task scheduled__2021-10-04T00:00:00+00:00 [queued]>
[2023-03-19T06:09:22.042+0000] {taskinstance.py:1282} INFO - 
--------------------------------------------------------------------------------
[2023-03-19T06:09:22.042+0000] {taskinstance.py:1283} INFO - Starting attempt 1 of 6
[2023-03-19T06:09:22.043+0000] {taskinstance.py:1284} INFO - 
--------------------------------------------------------------------------------
[2023-03-19T06:09:22.083+0000] {taskinstance.py:1303} INFO - Executing <Task(BashOperator): thrid_task> on 2021-10-04 00:00:00+00:00
[2023-03-19T06:09:22.090+0000] {standard_task_runner.py:55} INFO - Started process 922 to run task
[2023-03-19T06:09:22.157+0000] {standard_task_runner.py:82} INFO - Running: ['***', 'tasks', 'run', 'our_first_dag_v5', 'thrid_task', 'scheduled__2021-10-04T00:00:00+00:00', '--job-id', '216', '--raw', '--subdir', 'DAGS_FOLDER/our_first_dags.py', '--cfg-path', '/tmp/tmpjv5tvvhm']
[2023-03-19T06:09:22.174+0000] {standard_task_runner.py:83} INFO - Job 216: Subtask thrid_task
[2023-03-19T06:09:22.490+0000] {task_command.py:388} INFO - Running <TaskInstance: our_first_dag_v5.thrid_task scheduled__2021-10-04T00:00:00+00:00 [running]> on host 837d6aa6fa25
[2023-03-19T06:09:22.915+0000] {taskinstance.py:1511} INFO - Exporting the following env vars:
AIRFLOW_CTX_DAG_OWNER=coder2j
AIRFLOW_CTX_DAG_ID=our_first_dag_v5
AIRFLOW_CTX_TASK_ID=thrid_task
AIRFLOW_CTX_EXECUTION_DATE=2021-10-04T00:00:00+00:00
AIRFLOW_CTX_TRY_NUMBER=1
AIRFLOW_CTX_DAG_RUN_ID=scheduled__2021-10-04T00:00:00+00:00
[2023-03-19T06:09:22.917+0000] {subprocess.py:63} INFO - Tmp dir root location: 
 /tmp
[2023-03-19T06:09:22.919+0000] {subprocess.py:75} INFO - Running command: ['/bin/bash', '-c', 'echo hey, I am task3 and will be running after task1 at the same time as task2!']
[2023-03-19T06:09:22.962+0000] {subprocess.py:86} INFO - Output:
[2023-03-19T06:09:22.971+0000] {subprocess.py:93} INFO - hey, I am task3 and will be running after task1 at the same time as task2!
[2023-03-19T06:09:22.973+0000] {subprocess.py:97} INFO - Command exited with return code 0
[2023-03-19T06:09:23.065+0000] {taskinstance.py:1326} INFO - Marking task as SUCCESS. dag_id=our_first_dag_v5, task_id=thrid_task, execution_date=20211004T000000, start_date=20230319T060922, end_date=20230319T060923
[2023-03-19T06:09:23.217+0000] {local_task_job.py:212} INFO - Task exited with return code 0
[2023-03-19T06:09:23.371+0000] {taskinstance.py:2585} INFO - 0 downstream tasks scheduled from follow-on schedule check
