[2023-03-19T06:08:53.600+0000] {taskinstance.py:1084} INFO - Dependencies all met for dep_context=non-requeueable deps ti=<TaskInstance: our_first_dag_v5.second_task scheduled__2021-08-22T00:00:00+00:00 [queued]>
[2023-03-19T06:08:53.742+0000] {taskinstance.py:1084} INFO - Dependencies all met for dep_context=requeueable deps ti=<TaskInstance: our_first_dag_v5.second_task scheduled__2021-08-22T00:00:00+00:00 [queued]>
[2023-03-19T06:08:53.743+0000] {taskinstance.py:1282} INFO - 
--------------------------------------------------------------------------------
[2023-03-19T06:08:53.744+0000] {taskinstance.py:1283} INFO - Starting attempt 1 of 6
[2023-03-19T06:08:53.748+0000] {taskinstance.py:1284} INFO - 
--------------------------------------------------------------------------------
[2023-03-19T06:08:53.949+0000] {taskinstance.py:1303} INFO - Executing <Task(BashOperator): second_task> on 2021-08-22 00:00:00+00:00
[2023-03-19T06:08:53.958+0000] {standard_task_runner.py:55} INFO - Started process 485 to run task
[2023-03-19T06:08:54.070+0000] {standard_task_runner.py:82} INFO - Running: ['***', 'tasks', 'run', 'our_first_dag_v5', 'second_task', 'scheduled__2021-08-22T00:00:00+00:00', '--job-id', '75', '--raw', '--subdir', 'DAGS_FOLDER/our_second_dags.py', '--cfg-path', '/tmp/tmpkys0yh59']
[2023-03-19T06:08:54.105+0000] {standard_task_runner.py:83} INFO - Job 75: Subtask second_task
[2023-03-19T06:08:54.439+0000] {task_command.py:388} INFO - Running <TaskInstance: our_first_dag_v5.second_task scheduled__2021-08-22T00:00:00+00:00 [running]> on host 837d6aa6fa25
[2023-03-19T06:08:54.570+0000] {taskinstance.py:1511} INFO - Exporting the following env vars:
AIRFLOW_CTX_DAG_OWNER=coder2j
AIRFLOW_CTX_DAG_ID=our_first_dag_v5
AIRFLOW_CTX_TASK_ID=second_task
AIRFLOW_CTX_EXECUTION_DATE=2021-08-22T00:00:00+00:00
AIRFLOW_CTX_TRY_NUMBER=1
AIRFLOW_CTX_DAG_RUN_ID=scheduled__2021-08-22T00:00:00+00:00
[2023-03-19T06:08:54.572+0000] {subprocess.py:63} INFO - Tmp dir root location: 
 /tmp
[2023-03-19T06:08:54.577+0000] {subprocess.py:75} INFO - Running command: ['/bin/bash', '-c', 'echo hey, I am task2 and will be running after task1!']
[2023-03-19T06:08:54.599+0000] {subprocess.py:86} INFO - Output:
[2023-03-19T06:08:54.602+0000] {subprocess.py:93} INFO - hey, I am task2 and will be running after task1!
[2023-03-19T06:08:54.606+0000] {subprocess.py:97} INFO - Command exited with return code 0
[2023-03-19T06:08:54.653+0000] {taskinstance.py:1326} INFO - Marking task as SUCCESS. dag_id=our_first_dag_v5, task_id=second_task, execution_date=20210822T000000, start_date=20230319T060853, end_date=20230319T060854
[2023-03-19T06:08:54.715+0000] {local_task_job.py:212} INFO - Task exited with return code 0
[2023-03-19T06:08:54.737+0000] {taskinstance.py:2585} INFO - 0 downstream tasks scheduled from follow-on schedule check
