[2023-03-20 18:41:03,379] {taskinstance.py:1032} INFO - Dependencies all met for <TaskInstance: to_posgrest_v4.9.read_and_load_checkin manual__2023-03-20T18:40:35.699367+00:00 [queued]>
[2023-03-20 18:41:03,423] {taskinstance.py:1032} INFO - Dependencies all met for <TaskInstance: to_posgrest_v4.9.read_and_load_checkin manual__2023-03-20T18:40:35.699367+00:00 [queued]>
[2023-03-20 18:41:03,424] {taskinstance.py:1238} INFO - 
--------------------------------------------------------------------------------
[2023-03-20 18:41:03,425] {taskinstance.py:1239} INFO - Starting attempt 1 of 2
[2023-03-20 18:41:03,426] {taskinstance.py:1240} INFO - 
--------------------------------------------------------------------------------
[2023-03-20 18:41:03,474] {taskinstance.py:1259} INFO - Executing <Task(PostgresOperator): read_and_load_checkin> on 2023-03-20 18:40:35.699367+00:00
[2023-03-20 18:41:03,479] {standard_task_runner.py:52} INFO - Started process 21782 to run task
[2023-03-20 18:41:03,486] {standard_task_runner.py:76} INFO - Running: ['***', 'tasks', 'run', 'to_posgrest_v4.9', 'read_and_load_checkin', 'manual__2023-03-20T18:40:35.699367+00:00', '--job-id', '207', '--raw', '--subdir', 'DAGS_FOLDER/to_postgresql.py', '--cfg-path', '/tmp/tmpvuo87_8s', '--error-file', '/tmp/tmp5yezlrzx']
[2023-03-20 18:41:03,488] {standard_task_runner.py:77} INFO - Job 207: Subtask read_and_load_checkin
[2023-03-20 18:41:03,796] {logging_mixin.py:109} INFO - Running <TaskInstance: to_posgrest_v4.9.read_and_load_checkin manual__2023-03-20T18:40:35.699367+00:00 [running]> on host 0b4cdb459521
[2023-03-20 18:41:04,135] {taskinstance.py:1426} INFO - Exporting the following env vars:
AIRFLOW_CTX_DAG_OWNER=sakabuana31
AIRFLOW_CTX_DAG_ID=to_posgrest_v4.9
AIRFLOW_CTX_TASK_ID=read_and_load_checkin
AIRFLOW_CTX_EXECUTION_DATE=2023-03-20T18:40:35.699367+00:00
AIRFLOW_CTX_DAG_RUN_ID=manual__2023-03-20T18:40:35.699367+00:00
[2023-03-20 18:41:04,214] {base.py:79} INFO - Using connection to: id: postgres_localhost. Host: host.docker.internal, Port: 5432, Schema: final, Login: ***, Password: ***, extra: {}
[2023-03-20 18:41:04,291] {dbapi.py:225} INFO - Running statement: 
            CREATE TEMPORARY TABLE temp_checkin (
                business_id text,
                date_values date PRIMARY KEY
            );

            COPY temp_checkin FROM '/opt/***/data/output-csv/checkin_restaurant1.csv' DELIMITER ',' CSV HEADER;
            INSERT INTO checkin (business_id, date_values)
            SELECT DISTINCT ON (date_values) business_id, date_values
            FROM temp_checkin
            ORDER BY date_values
            ON CONFLICT (date_values) DO NOTHING;
        , parameters: None
[2023-03-20 18:41:04,308] {dbapi.py:233} INFO - Rows affected: 0
[2023-03-20 18:41:04,402] {taskinstance.py:1277} INFO - Marking task as SUCCESS. dag_id=to_posgrest_v4.9, task_id=read_and_load_checkin, execution_date=20230320T184035, start_date=20230320T184103, end_date=20230320T184104
[2023-03-20 18:41:04,491] {local_task_job.py:154} INFO - Task exited with return code 0
[2023-03-20 18:41:04,723] {local_task_job.py:264} INFO - 1 downstream tasks scheduled from follow-on schedule check
