[2023-03-19T06:09:05.624+0000] {taskinstance.py:1084} INFO - Dependencies all met for dep_context=non-requeueable deps ti=<TaskInstance: our_first_dag_v5.first_task scheduled__2021-09-14T00:00:00+00:00 [queued]>
[2023-03-19T06:09:05.710+0000] {taskinstance.py:1084} INFO - Dependencies all met for dep_context=requeueable deps ti=<TaskInstance: our_first_dag_v5.first_task scheduled__2021-09-14T00:00:00+00:00 [queued]>
[2023-03-19T06:09:05.712+0000] {taskinstance.py:1282} INFO - 
--------------------------------------------------------------------------------
[2023-03-19T06:09:05.717+0000] {taskinstance.py:1283} INFO - Starting attempt 1 of 6
[2023-03-19T06:09:05.717+0000] {taskinstance.py:1284} INFO - 
--------------------------------------------------------------------------------
[2023-03-19T06:09:05.833+0000] {taskinstance.py:1303} INFO - Executing <Task(BashOperator): first_task> on 2021-09-14 00:00:00+00:00
[2023-03-19T06:09:05.880+0000] {standard_task_runner.py:55} INFO - Started process 659 to run task
[2023-03-19T06:09:05.903+0000] {standard_task_runner.py:82} INFO - Running: ['***', 'tasks', 'run', 'our_first_dag_v5', 'first_task', 'scheduled__2021-09-14T00:00:00+00:00', '--job-id', '134', '--raw', '--subdir', 'DAGS_FOLDER/our_second_dags.py', '--cfg-path', '/tmp/tmppdcz4892']
[2023-03-19T06:09:05.915+0000] {standard_task_runner.py:83} INFO - Job 134: Subtask first_task
[2023-03-19T06:09:06.301+0000] {task_command.py:388} INFO - Running <TaskInstance: our_first_dag_v5.first_task scheduled__2021-09-14T00:00:00+00:00 [running]> on host 837d6aa6fa25
[2023-03-19T06:09:06.493+0000] {taskinstance.py:1511} INFO - Exporting the following env vars:
AIRFLOW_CTX_DAG_OWNER=coder2j
AIRFLOW_CTX_DAG_ID=our_first_dag_v5
AIRFLOW_CTX_TASK_ID=first_task
AIRFLOW_CTX_EXECUTION_DATE=2021-09-14T00:00:00+00:00
AIRFLOW_CTX_TRY_NUMBER=1
AIRFLOW_CTX_DAG_RUN_ID=scheduled__2021-09-14T00:00:00+00:00
[2023-03-19T06:09:06.500+0000] {subprocess.py:63} INFO - Tmp dir root location: 
 /tmp
[2023-03-19T06:09:06.502+0000] {subprocess.py:75} INFO - Running command: ['/bin/bash', '-c', 'echo hello world, this is the first task!']
[2023-03-19T06:09:06.582+0000] {subprocess.py:86} INFO - Output:
[2023-03-19T06:09:06.598+0000] {subprocess.py:93} INFO - hello world, this is the first task!
[2023-03-19T06:09:06.619+0000] {subprocess.py:97} INFO - Command exited with return code 0
[2023-03-19T06:09:06.726+0000] {taskinstance.py:1326} INFO - Marking task as SUCCESS. dag_id=our_first_dag_v5, task_id=first_task, execution_date=20210914T000000, start_date=20230319T060905, end_date=20230319T060906
[2023-03-19T06:09:07.225+0000] {local_task_job.py:212} INFO - Task exited with return code 0
[2023-03-19T06:09:07.334+0000] {taskinstance.py:2585} INFO - 2 downstream tasks scheduled from follow-on schedule check
