[2023-03-19T06:09:26.802+0000] {taskinstance.py:1084} INFO - Dependencies all met for dep_context=non-requeueable deps ti=<TaskInstance: our_first_dag_v5.first_task scheduled__2021-10-16T00:00:00+00:00 [queued]>
[2023-03-19T06:09:26.818+0000] {taskinstance.py:1084} INFO - Dependencies all met for dep_context=requeueable deps ti=<TaskInstance: our_first_dag_v5.first_task scheduled__2021-10-16T00:00:00+00:00 [queued]>
[2023-03-19T06:09:26.821+0000] {taskinstance.py:1282} INFO - 
--------------------------------------------------------------------------------
[2023-03-19T06:09:26.822+0000] {taskinstance.py:1283} INFO - Starting attempt 1 of 6
[2023-03-19T06:09:26.823+0000] {taskinstance.py:1284} INFO - 
--------------------------------------------------------------------------------
[2023-03-19T06:09:26.852+0000] {taskinstance.py:1303} INFO - Executing <Task(BashOperator): first_task> on 2021-10-16 00:00:00+00:00
[2023-03-19T06:09:26.858+0000] {standard_task_runner.py:55} INFO - Started process 979 to run task
[2023-03-19T06:09:26.865+0000] {standard_task_runner.py:82} INFO - Running: ['***', 'tasks', 'run', 'our_first_dag_v5', 'first_task', 'scheduled__2021-10-16T00:00:00+00:00', '--job-id', '234', '--raw', '--subdir', 'DAGS_FOLDER/our_first_dags.py', '--cfg-path', '/tmp/tmp7dzyed2f']
[2023-03-19T06:09:26.870+0000] {standard_task_runner.py:83} INFO - Job 234: Subtask first_task
[2023-03-19T06:09:26.990+0000] {task_command.py:388} INFO - Running <TaskInstance: our_first_dag_v5.first_task scheduled__2021-10-16T00:00:00+00:00 [running]> on host 837d6aa6fa25
[2023-03-19T06:09:27.122+0000] {taskinstance.py:1511} INFO - Exporting the following env vars:
AIRFLOW_CTX_DAG_OWNER=coder2j
AIRFLOW_CTX_DAG_ID=our_first_dag_v5
AIRFLOW_CTX_TASK_ID=first_task
AIRFLOW_CTX_EXECUTION_DATE=2021-10-16T00:00:00+00:00
AIRFLOW_CTX_TRY_NUMBER=1
AIRFLOW_CTX_DAG_RUN_ID=scheduled__2021-10-16T00:00:00+00:00
[2023-03-19T06:09:27.129+0000] {subprocess.py:63} INFO - Tmp dir root location: 
 /tmp
[2023-03-19T06:09:27.133+0000] {subprocess.py:75} INFO - Running command: ['/bin/bash', '-c', 'echo hello world, this is the first task!']
[2023-03-19T06:09:27.155+0000] {subprocess.py:86} INFO - Output:
[2023-03-19T06:09:27.157+0000] {subprocess.py:93} INFO - hello world, this is the first task!
[2023-03-19T06:09:27.159+0000] {subprocess.py:97} INFO - Command exited with return code 0
[2023-03-19T06:09:27.200+0000] {taskinstance.py:1326} INFO - Marking task as SUCCESS. dag_id=our_first_dag_v5, task_id=first_task, execution_date=20211016T000000, start_date=20230319T060926, end_date=20230319T060927
[2023-03-19T06:09:27.247+0000] {local_task_job.py:212} INFO - Task exited with return code 0
[2023-03-19T06:09:27.310+0000] {taskinstance.py:2585} INFO - 0 downstream tasks scheduled from follow-on schedule check
