[2023-03-19T06:09:29.382+0000] {taskinstance.py:1084} INFO - Dependencies all met for dep_context=non-requeueable deps ti=<TaskInstance: our_first_dag_v5.second_task scheduled__2021-10-18T00:00:00+00:00 [queued]>
[2023-03-19T06:09:29.431+0000] {taskinstance.py:1084} INFO - Dependencies all met for dep_context=requeueable deps ti=<TaskInstance: our_first_dag_v5.second_task scheduled__2021-10-18T00:00:00+00:00 [queued]>
[2023-03-19T06:09:29.436+0000] {taskinstance.py:1282} INFO - 
--------------------------------------------------------------------------------
[2023-03-19T06:09:29.440+0000] {taskinstance.py:1283} INFO - Starting attempt 1 of 6
[2023-03-19T06:09:29.442+0000] {taskinstance.py:1284} INFO - 
--------------------------------------------------------------------------------
[2023-03-19T06:09:29.532+0000] {taskinstance.py:1303} INFO - Executing <Task(BashOperator): second_task> on 2021-10-18 00:00:00+00:00
[2023-03-19T06:09:29.546+0000] {standard_task_runner.py:55} INFO - Started process 1029 to run task
[2023-03-19T06:09:29.563+0000] {standard_task_runner.py:82} INFO - Running: ['***', 'tasks', 'run', 'our_first_dag_v5', 'second_task', 'scheduled__2021-10-18T00:00:00+00:00', '--job-id', '251', '--raw', '--subdir', 'DAGS_FOLDER/our_first_dags.py', '--cfg-path', '/tmp/tmp9kjq0zk8']
[2023-03-19T06:09:29.589+0000] {standard_task_runner.py:83} INFO - Job 251: Subtask second_task
[2023-03-19T06:09:29.988+0000] {task_command.py:388} INFO - Running <TaskInstance: our_first_dag_v5.second_task scheduled__2021-10-18T00:00:00+00:00 [running]> on host 837d6aa6fa25
[2023-03-19T06:09:30.352+0000] {taskinstance.py:1511} INFO - Exporting the following env vars:
AIRFLOW_CTX_DAG_OWNER=coder2j
AIRFLOW_CTX_DAG_ID=our_first_dag_v5
AIRFLOW_CTX_TASK_ID=second_task
AIRFLOW_CTX_EXECUTION_DATE=2021-10-18T00:00:00+00:00
AIRFLOW_CTX_TRY_NUMBER=1
AIRFLOW_CTX_DAG_RUN_ID=scheduled__2021-10-18T00:00:00+00:00
[2023-03-19T06:09:30.354+0000] {subprocess.py:63} INFO - Tmp dir root location: 
 /tmp
[2023-03-19T06:09:30.357+0000] {subprocess.py:75} INFO - Running command: ['/bin/bash', '-c', 'echo hey, I am task2 and will be running after task1!']
[2023-03-19T06:09:30.407+0000] {subprocess.py:86} INFO - Output:
[2023-03-19T06:09:30.416+0000] {subprocess.py:93} INFO - hey, I am task2 and will be running after task1!
[2023-03-19T06:09:30.420+0000] {subprocess.py:97} INFO - Command exited with return code 0
[2023-03-19T06:09:30.567+0000] {taskinstance.py:1326} INFO - Marking task as SUCCESS. dag_id=our_first_dag_v5, task_id=second_task, execution_date=20211018T000000, start_date=20230319T060929, end_date=20230319T060930
[2023-03-19T06:09:30.812+0000] {local_task_job.py:212} INFO - Task exited with return code 0
[2023-03-19T06:09:30.917+0000] {taskinstance.py:2585} INFO - 0 downstream tasks scheduled from follow-on schedule check
