[2023-03-19T06:08:52.983+0000] {taskinstance.py:1084} INFO - Dependencies all met for dep_context=non-requeueable deps ti=<TaskInstance: our_first_dag_v5.thrid_task scheduled__2021-08-18T00:00:00+00:00 [queued]>
[2023-03-19T06:08:53.005+0000] {taskinstance.py:1084} INFO - Dependencies all met for dep_context=requeueable deps ti=<TaskInstance: our_first_dag_v5.thrid_task scheduled__2021-08-18T00:00:00+00:00 [queued]>
[2023-03-19T06:08:53.008+0000] {taskinstance.py:1282} INFO - 
--------------------------------------------------------------------------------
[2023-03-19T06:08:53.012+0000] {taskinstance.py:1283} INFO - Starting attempt 1 of 6
[2023-03-19T06:08:53.015+0000] {taskinstance.py:1284} INFO - 
--------------------------------------------------------------------------------
[2023-03-19T06:08:53.059+0000] {taskinstance.py:1303} INFO - Executing <Task(BashOperator): thrid_task> on 2021-08-18 00:00:00+00:00
[2023-03-19T06:08:53.072+0000] {standard_task_runner.py:55} INFO - Started process 474 to run task
[2023-03-19T06:08:53.101+0000] {standard_task_runner.py:82} INFO - Running: ['***', 'tasks', 'run', 'our_first_dag_v5', 'thrid_task', 'scheduled__2021-08-18T00:00:00+00:00', '--job-id', '72', '--raw', '--subdir', 'DAGS_FOLDER/our_second_dags.py', '--cfg-path', '/tmp/tmpcmgcyriz']
[2023-03-19T06:08:53.106+0000] {standard_task_runner.py:83} INFO - Job 72: Subtask thrid_task
[2023-03-19T06:08:53.386+0000] {task_command.py:388} INFO - Running <TaskInstance: our_first_dag_v5.thrid_task scheduled__2021-08-18T00:00:00+00:00 [running]> on host 837d6aa6fa25
[2023-03-19T06:08:53.936+0000] {taskinstance.py:1511} INFO - Exporting the following env vars:
AIRFLOW_CTX_DAG_OWNER=coder2j
AIRFLOW_CTX_DAG_ID=our_first_dag_v5
AIRFLOW_CTX_TASK_ID=thrid_task
AIRFLOW_CTX_EXECUTION_DATE=2021-08-18T00:00:00+00:00
AIRFLOW_CTX_TRY_NUMBER=1
AIRFLOW_CTX_DAG_RUN_ID=scheduled__2021-08-18T00:00:00+00:00
[2023-03-19T06:08:53.946+0000] {subprocess.py:63} INFO - Tmp dir root location: 
 /tmp
[2023-03-19T06:08:53.957+0000] {subprocess.py:75} INFO - Running command: ['/bin/bash', '-c', 'echo hey, I am task3 and will be running after task1 at the same time as task2!']
[2023-03-19T06:08:54.004+0000] {subprocess.py:86} INFO - Output:
[2023-03-19T06:08:54.009+0000] {subprocess.py:93} INFO - hey, I am task3 and will be running after task1 at the same time as task2!
[2023-03-19T06:08:54.010+0000] {subprocess.py:97} INFO - Command exited with return code 0
[2023-03-19T06:08:54.108+0000] {taskinstance.py:1326} INFO - Marking task as SUCCESS. dag_id=our_first_dag_v5, task_id=thrid_task, execution_date=20210818T000000, start_date=20230319T060852, end_date=20230319T060854
[2023-03-19T06:08:54.187+0000] {local_task_job.py:212} INFO - Task exited with return code 0
[2023-03-19T06:08:54.257+0000] {taskinstance.py:2585} INFO - 0 downstream tasks scheduled from follow-on schedule check
