[2023-03-20 12:25:55,563] {taskinstance.py:1032} INFO - Dependencies all met for <TaskInstance: to_posgrest_v2.insert_data_to_postgres manual__2023-03-20T12:22:40.069980+00:00 [queued]>
[2023-03-20 12:25:55,600] {taskinstance.py:1032} INFO - Dependencies all met for <TaskInstance: to_posgrest_v2.insert_data_to_postgres manual__2023-03-20T12:22:40.069980+00:00 [queued]>
[2023-03-20 12:25:55,601] {taskinstance.py:1238} INFO - 
--------------------------------------------------------------------------------
[2023-03-20 12:25:55,602] {taskinstance.py:1239} INFO - Starting attempt 2 of 3
[2023-03-20 12:25:55,603] {taskinstance.py:1240} INFO - 
--------------------------------------------------------------------------------
[2023-03-20 12:25:55,640] {taskinstance.py:1259} INFO - Executing <Task(PostgresOperator): insert_data_to_postgres> on 2023-03-20 12:22:40.069980+00:00
[2023-03-20 12:25:55,645] {standard_task_runner.py:52} INFO - Started process 2300 to run task
[2023-03-20 12:25:55,652] {standard_task_runner.py:76} INFO - Running: ['***', 'tasks', 'run', 'to_posgrest_v2', 'insert_data_to_postgres', 'manual__2023-03-20T12:22:40.069980+00:00', '--job-id', '6', '--raw', '--subdir', 'DAGS_FOLDER/to_postgresql.py', '--cfg-path', '/tmp/tmp7967b7jr', '--error-file', '/tmp/tmpdgjznrb1']
[2023-03-20 12:25:55,655] {standard_task_runner.py:77} INFO - Job 6: Subtask insert_data_to_postgres
[2023-03-20 12:25:55,955] {logging_mixin.py:109} INFO - Running <TaskInstance: to_posgrest_v2.insert_data_to_postgres manual__2023-03-20T12:22:40.069980+00:00 [running]> on host 0b4cdb459521
[2023-03-20 12:25:56,273] {taskinstance.py:1426} INFO - Exporting the following env vars:
AIRFLOW_CTX_DAG_OWNER=sakabuana31
AIRFLOW_CTX_DAG_ID=to_posgrest_v2
AIRFLOW_CTX_TASK_ID=insert_data_to_postgres
AIRFLOW_CTX_EXECUTION_DATE=2023-03-20T12:22:40.069980+00:00
AIRFLOW_CTX_DAG_RUN_ID=manual__2023-03-20T12:22:40.069980+00:00
[2023-03-20 12:25:56,357] {base.py:79} INFO - Using connection to: id: postgres_localhost. Host: host.docker.internal, Port: 5432, Schema: final, Login: ***, Password: ***, extra: {}
[2023-03-20 12:25:56,437] {dbapi.py:225} INFO - Running statement: 
            COPY temperature FROM '/opt/***/data/output-csv/dataclean-temperature-lasvegas.csv' DELIMITER ',' CSV HEADER;
        , parameters: None
[2023-03-20 12:25:56,507] {dbapi.py:233} INFO - Rows affected: 26588
[2023-03-20 12:25:56,604] {taskinstance.py:1277} INFO - Marking task as SUCCESS. dag_id=to_posgrest_v2, task_id=insert_data_to_postgres, execution_date=20230320T122240, start_date=20230320T122555, end_date=20230320T122556
[2023-03-20 12:25:56,658] {local_task_job.py:154} INFO - Task exited with return code 0
[2023-03-20 12:25:56,847] {local_task_job.py:264} INFO - 0 downstream tasks scheduled from follow-on schedule check
