[2023-03-19T06:09:48.954+0000] {taskinstance.py:1084} INFO - Dependencies all met for dep_context=non-requeueable deps ti=<TaskInstance: our_first_dag_v5.thrid_task scheduled__2021-11-18T00:00:00+00:00 [queued]>
[2023-03-19T06:09:48.980+0000] {taskinstance.py:1084} INFO - Dependencies all met for dep_context=requeueable deps ti=<TaskInstance: our_first_dag_v5.thrid_task scheduled__2021-11-18T00:00:00+00:00 [queued]>
[2023-03-19T06:09:48.989+0000] {taskinstance.py:1282} INFO - 
--------------------------------------------------------------------------------
[2023-03-19T06:09:48.993+0000] {taskinstance.py:1283} INFO - Starting attempt 1 of 6
[2023-03-19T06:09:48.994+0000] {taskinstance.py:1284} INFO - 
--------------------------------------------------------------------------------
[2023-03-19T06:09:49.026+0000] {taskinstance.py:1303} INFO - Executing <Task(BashOperator): thrid_task> on 2021-11-18 00:00:00+00:00
[2023-03-19T06:09:49.036+0000] {standard_task_runner.py:55} INFO - Started process 1329 to run task
[2023-03-19T06:09:49.043+0000] {standard_task_runner.py:82} INFO - Running: ['***', 'tasks', 'run', 'our_first_dag_v5', 'thrid_task', 'scheduled__2021-11-18T00:00:00+00:00', '--job-id', '347', '--raw', '--subdir', 'DAGS_FOLDER/our_second_dags.py', '--cfg-path', '/tmp/tmpqraf_5_n']
[2023-03-19T06:09:49.047+0000] {standard_task_runner.py:83} INFO - Job 347: Subtask thrid_task
[2023-03-19T06:09:49.255+0000] {task_command.py:388} INFO - Running <TaskInstance: our_first_dag_v5.thrid_task scheduled__2021-11-18T00:00:00+00:00 [running]> on host 837d6aa6fa25
[2023-03-19T06:09:49.376+0000] {taskinstance.py:1511} INFO - Exporting the following env vars:
AIRFLOW_CTX_DAG_OWNER=coder2j
AIRFLOW_CTX_DAG_ID=our_first_dag_v5
AIRFLOW_CTX_TASK_ID=thrid_task
AIRFLOW_CTX_EXECUTION_DATE=2021-11-18T00:00:00+00:00
AIRFLOW_CTX_TRY_NUMBER=1
AIRFLOW_CTX_DAG_RUN_ID=scheduled__2021-11-18T00:00:00+00:00
[2023-03-19T06:09:49.379+0000] {subprocess.py:63} INFO - Tmp dir root location: 
 /tmp
[2023-03-19T06:09:49.383+0000] {subprocess.py:75} INFO - Running command: ['/bin/bash', '-c', 'echo hey, I am task3 and will be running after task1 at the same time as task2!']
[2023-03-19T06:09:49.398+0000] {subprocess.py:86} INFO - Output:
[2023-03-19T06:09:49.401+0000] {subprocess.py:93} INFO - hey, I am task3 and will be running after task1 at the same time as task2!
[2023-03-19T06:09:49.402+0000] {subprocess.py:97} INFO - Command exited with return code 0
[2023-03-19T06:09:49.431+0000] {taskinstance.py:1326} INFO - Marking task as SUCCESS. dag_id=our_first_dag_v5, task_id=thrid_task, execution_date=20211118T000000, start_date=20230319T060948, end_date=20230319T060949
[2023-03-19T06:09:49.502+0000] {local_task_job.py:212} INFO - Task exited with return code 0
[2023-03-19T06:09:49.525+0000] {taskinstance.py:2585} INFO - 0 downstream tasks scheduled from follow-on schedule check
