[2023-03-19T06:09:48.504+0000] {taskinstance.py:1084} INFO - Dependencies all met for dep_context=non-requeueable deps ti=<TaskInstance: our_first_dag_v5.thrid_task scheduled__2021-11-17T00:00:00+00:00 [queued]>
[2023-03-19T06:09:48.558+0000] {taskinstance.py:1084} INFO - Dependencies all met for dep_context=requeueable deps ti=<TaskInstance: our_first_dag_v5.thrid_task scheduled__2021-11-17T00:00:00+00:00 [queued]>
[2023-03-19T06:09:48.565+0000] {taskinstance.py:1282} INFO - 
--------------------------------------------------------------------------------
[2023-03-19T06:09:48.567+0000] {taskinstance.py:1283} INFO - Starting attempt 1 of 6
[2023-03-19T06:09:48.569+0000] {taskinstance.py:1284} INFO - 
--------------------------------------------------------------------------------
[2023-03-19T06:09:48.633+0000] {taskinstance.py:1303} INFO - Executing <Task(BashOperator): thrid_task> on 2021-11-17 00:00:00+00:00
[2023-03-19T06:09:48.644+0000] {standard_task_runner.py:55} INFO - Started process 1324 to run task
[2023-03-19T06:09:48.653+0000] {standard_task_runner.py:82} INFO - Running: ['***', 'tasks', 'run', 'our_first_dag_v5', 'thrid_task', 'scheduled__2021-11-17T00:00:00+00:00', '--job-id', '343', '--raw', '--subdir', 'DAGS_FOLDER/our_second_dags.py', '--cfg-path', '/tmp/tmphvyj6q43']
[2023-03-19T06:09:48.658+0000] {standard_task_runner.py:83} INFO - Job 343: Subtask thrid_task
[2023-03-19T06:09:48.916+0000] {task_command.py:388} INFO - Running <TaskInstance: our_first_dag_v5.thrid_task scheduled__2021-11-17T00:00:00+00:00 [running]> on host 837d6aa6fa25
[2023-03-19T06:09:49.066+0000] {taskinstance.py:1511} INFO - Exporting the following env vars:
AIRFLOW_CTX_DAG_OWNER=coder2j
AIRFLOW_CTX_DAG_ID=our_first_dag_v5
AIRFLOW_CTX_TASK_ID=thrid_task
AIRFLOW_CTX_EXECUTION_DATE=2021-11-17T00:00:00+00:00
AIRFLOW_CTX_TRY_NUMBER=1
AIRFLOW_CTX_DAG_RUN_ID=scheduled__2021-11-17T00:00:00+00:00
[2023-03-19T06:09:49.078+0000] {subprocess.py:63} INFO - Tmp dir root location: 
 /tmp
[2023-03-19T06:09:49.080+0000] {subprocess.py:75} INFO - Running command: ['/bin/bash', '-c', 'echo hey, I am task3 and will be running after task1 at the same time as task2!']
[2023-03-19T06:09:49.119+0000] {subprocess.py:86} INFO - Output:
[2023-03-19T06:09:49.124+0000] {subprocess.py:93} INFO - hey, I am task3 and will be running after task1 at the same time as task2!
[2023-03-19T06:09:49.130+0000] {subprocess.py:97} INFO - Command exited with return code 0
[2023-03-19T06:09:49.200+0000] {taskinstance.py:1326} INFO - Marking task as SUCCESS. dag_id=our_first_dag_v5, task_id=thrid_task, execution_date=20211117T000000, start_date=20230319T060948, end_date=20230319T060949
[2023-03-19T06:09:49.286+0000] {local_task_job.py:212} INFO - Task exited with return code 0
[2023-03-19T06:09:49.346+0000] {taskinstance.py:2585} INFO - 0 downstream tasks scheduled from follow-on schedule check
