[2023-03-20 18:50:57,244] {taskinstance.py:1032} INFO - Dependencies all met for <TaskInstance: to_posgrest_v4.9.read_and_load_tip manual__2023-03-20T18:40:35.699367+00:00 [queued]>
[2023-03-20 18:50:57,286] {taskinstance.py:1032} INFO - Dependencies all met for <TaskInstance: to_posgrest_v4.9.read_and_load_tip manual__2023-03-20T18:40:35.699367+00:00 [queued]>
[2023-03-20 18:50:57,288] {taskinstance.py:1238} INFO - 
--------------------------------------------------------------------------------
[2023-03-20 18:50:57,288] {taskinstance.py:1239} INFO - Starting attempt 5 of 6
[2023-03-20 18:50:57,289] {taskinstance.py:1240} INFO - 
--------------------------------------------------------------------------------
[2023-03-20 18:50:57,327] {taskinstance.py:1259} INFO - Executing <Task(PostgresOperator): read_and_load_tip> on 2023-03-20 18:40:35.699367+00:00
[2023-03-20 18:50:57,333] {standard_task_runner.py:52} INFO - Started process 22318 to run task
[2023-03-20 18:50:57,341] {standard_task_runner.py:76} INFO - Running: ['***', 'tasks', 'run', 'to_posgrest_v4.9', 'read_and_load_tip', 'manual__2023-03-20T18:40:35.699367+00:00', '--job-id', '213', '--raw', '--subdir', 'DAGS_FOLDER/to_postgresql.py', '--cfg-path', '/tmp/tmpzg8af0nb', '--error-file', '/tmp/tmpf6ifl59e']
[2023-03-20 18:50:57,343] {standard_task_runner.py:77} INFO - Job 213: Subtask read_and_load_tip
[2023-03-20 18:50:57,651] {logging_mixin.py:109} INFO - Running <TaskInstance: to_posgrest_v4.9.read_and_load_tip manual__2023-03-20T18:40:35.699367+00:00 [running]> on host 0b4cdb459521
[2023-03-20 18:50:57,969] {taskinstance.py:1426} INFO - Exporting the following env vars:
AIRFLOW_CTX_DAG_OWNER=sakabuana31
AIRFLOW_CTX_DAG_ID=to_posgrest_v4.9
AIRFLOW_CTX_TASK_ID=read_and_load_tip
AIRFLOW_CTX_EXECUTION_DATE=2023-03-20T18:40:35.699367+00:00
AIRFLOW_CTX_DAG_RUN_ID=manual__2023-03-20T18:40:35.699367+00:00
[2023-03-20 18:50:58,047] {base.py:79} INFO - Using connection to: id: postgres_localhost. Host: host.docker.internal, Port: 5432, Schema: final, Login: ***, Password: ***, extra: {}
[2023-03-20 18:50:58,131] {dbapi.py:225} INFO - Running statement: 
            CREATE TEMPORARY TABLE temp_tip (
                user_id text not null,
                business_id text not null,
                text text not null,
                compliment_count int not null,
                date_values date not null,
                PRIMARY KEY (user_id, business_id, date_values)
            );

            COPY temp_tip FROM '/opt/***/data/output-csv/tip_restaurant.csv' DELIMITER ',' CSV HEADER NULL 'NA';
            INSERT INTO tip (user_id, business_id, text, compliment_count, date_values)
            SELECT user_id, business_id, text, compliment_count, date_values
            FROM temp_tip
            ON CONFLICT (user_id) DO NOTHING;
        , parameters: None
[2023-03-20 18:50:58,144] {taskinstance.py:1700} ERROR - Task failed with exception
Traceback (most recent call last):
  File "/home/airflow/.local/lib/python3.7/site-packages/airflow/models/taskinstance.py", line 1329, in _run_raw_task
    self._execute_task_with_callbacks(context)
  File "/home/airflow/.local/lib/python3.7/site-packages/airflow/models/taskinstance.py", line 1455, in _execute_task_with_callbacks
    result = self._execute_task(context, self.task)
  File "/home/airflow/.local/lib/python3.7/site-packages/airflow/models/taskinstance.py", line 1511, in _execute_task
    result = execute_callable(context=context)
  File "/home/airflow/.local/lib/python3.7/site-packages/airflow/providers/postgres/operators/postgres.py", line 69, in execute
    self.hook.run(self.sql, self.autocommit, parameters=self.parameters)
  File "/home/airflow/.local/lib/python3.7/site-packages/airflow/hooks/dbapi.py", line 205, in run
    self._run_command(cur, sql_statement, parameters)
  File "/home/airflow/.local/lib/python3.7/site-packages/airflow/hooks/dbapi.py", line 229, in _run_command
    cur.execute(sql_statement)
psycopg2.errors.UniqueViolation: duplicate key value violates unique constraint "temp_tip_pkey"
DETAIL:  Key (user_id, business_id, date_values)=(QSncFOtNHXkIaGMzzJ_cxw, HDNeRsScQG_YQevwNPOcJQ, 2012-01-02) already exists.
CONTEXT:  COPY temp_tip, line 1050

[2023-03-20 18:50:58,238] {taskinstance.py:1277} INFO - Marking task as UP_FOR_RETRY. dag_id=to_posgrest_v4.9, task_id=read_and_load_tip, execution_date=20230320T184035, start_date=20230320T185057, end_date=20230320T185058
[2023-03-20 18:50:58,278] {standard_task_runner.py:92} ERROR - Failed to execute job 213 for task read_and_load_tip
Traceback (most recent call last):
  File "/home/airflow/.local/lib/python3.7/site-packages/airflow/task/task_runner/standard_task_runner.py", line 85, in _start_by_fork
    args.func(args, dag=self.dag)
  File "/home/airflow/.local/lib/python3.7/site-packages/airflow/cli/cli_parser.py", line 48, in command
    return func(*args, **kwargs)
  File "/home/airflow/.local/lib/python3.7/site-packages/airflow/utils/cli.py", line 92, in wrapper
    return f(*args, **kwargs)
  File "/home/airflow/.local/lib/python3.7/site-packages/airflow/cli/commands/task_command.py", line 298, in task_run
    _run_task_by_selected_method(args, dag, ti)
  File "/home/airflow/.local/lib/python3.7/site-packages/airflow/cli/commands/task_command.py", line 107, in _run_task_by_selected_method
    _run_raw_task(args, ti)
  File "/home/airflow/.local/lib/python3.7/site-packages/airflow/cli/commands/task_command.py", line 184, in _run_raw_task
    error_file=args.error_file,
  File "/home/airflow/.local/lib/python3.7/site-packages/airflow/utils/session.py", line 70, in wrapper
    return func(*args, session=session, **kwargs)
  File "/home/airflow/.local/lib/python3.7/site-packages/airflow/models/taskinstance.py", line 1329, in _run_raw_task
    self._execute_task_with_callbacks(context)
  File "/home/airflow/.local/lib/python3.7/site-packages/airflow/models/taskinstance.py", line 1455, in _execute_task_with_callbacks
    result = self._execute_task(context, self.task)
  File "/home/airflow/.local/lib/python3.7/site-packages/airflow/models/taskinstance.py", line 1511, in _execute_task
    result = execute_callable(context=context)
  File "/home/airflow/.local/lib/python3.7/site-packages/airflow/providers/postgres/operators/postgres.py", line 69, in execute
    self.hook.run(self.sql, self.autocommit, parameters=self.parameters)
  File "/home/airflow/.local/lib/python3.7/site-packages/airflow/hooks/dbapi.py", line 205, in run
    self._run_command(cur, sql_statement, parameters)
  File "/home/airflow/.local/lib/python3.7/site-packages/airflow/hooks/dbapi.py", line 229, in _run_command
    cur.execute(sql_statement)
psycopg2.errors.UniqueViolation: duplicate key value violates unique constraint "temp_tip_pkey"
DETAIL:  Key (user_id, business_id, date_values)=(QSncFOtNHXkIaGMzzJ_cxw, HDNeRsScQG_YQevwNPOcJQ, 2012-01-02) already exists.
CONTEXT:  COPY temp_tip, line 1050

[2023-03-20 18:50:58,335] {local_task_job.py:154} INFO - Task exited with return code 1
[2023-03-20 18:50:58,552] {local_task_job.py:264} INFO - 0 downstream tasks scheduled from follow-on schedule check
