[2023-03-19T06:09:37.231+0000] {taskinstance.py:1084} INFO - Dependencies all met for dep_context=non-requeueable deps ti=<TaskInstance: our_first_dag_v5.second_task scheduled__2021-10-29T00:00:00+00:00 [queued]>
[2023-03-19T06:09:37.268+0000] {taskinstance.py:1084} INFO - Dependencies all met for dep_context=requeueable deps ti=<TaskInstance: our_first_dag_v5.second_task scheduled__2021-10-29T00:00:00+00:00 [queued]>
[2023-03-19T06:09:37.270+0000] {taskinstance.py:1282} INFO - 
--------------------------------------------------------------------------------
[2023-03-19T06:09:37.279+0000] {taskinstance.py:1283} INFO - Starting attempt 1 of 6
[2023-03-19T06:09:37.280+0000] {taskinstance.py:1284} INFO - 
--------------------------------------------------------------------------------
[2023-03-19T06:09:37.566+0000] {taskinstance.py:1303} INFO - Executing <Task(BashOperator): second_task> on 2021-10-29 00:00:00+00:00
[2023-03-19T06:09:37.585+0000] {standard_task_runner.py:55} INFO - Started process 1129 to run task
[2023-03-19T06:09:37.610+0000] {standard_task_runner.py:82} INFO - Running: ['***', 'tasks', 'run', 'our_first_dag_v5', 'second_task', 'scheduled__2021-10-29T00:00:00+00:00', '--job-id', '283', '--raw', '--subdir', 'DAGS_FOLDER/our_first_dags.py', '--cfg-path', '/tmp/tmpokfbsdsw']
[2023-03-19T06:09:37.615+0000] {standard_task_runner.py:83} INFO - Job 283: Subtask second_task
[2023-03-19T06:09:38.062+0000] {task_command.py:388} INFO - Running <TaskInstance: our_first_dag_v5.second_task scheduled__2021-10-29T00:00:00+00:00 [running]> on host 837d6aa6fa25
[2023-03-19T06:09:38.266+0000] {taskinstance.py:1511} INFO - Exporting the following env vars:
AIRFLOW_CTX_DAG_OWNER=coder2j
AIRFLOW_CTX_DAG_ID=our_first_dag_v5
AIRFLOW_CTX_TASK_ID=second_task
AIRFLOW_CTX_EXECUTION_DATE=2021-10-29T00:00:00+00:00
AIRFLOW_CTX_TRY_NUMBER=1
AIRFLOW_CTX_DAG_RUN_ID=scheduled__2021-10-29T00:00:00+00:00
[2023-03-19T06:09:38.281+0000] {subprocess.py:63} INFO - Tmp dir root location: 
 /tmp
[2023-03-19T06:09:38.285+0000] {subprocess.py:75} INFO - Running command: ['/bin/bash', '-c', 'echo hey, I am task2 and will be running after task1!']
[2023-03-19T06:09:38.330+0000] {subprocess.py:86} INFO - Output:
[2023-03-19T06:09:38.340+0000] {subprocess.py:93} INFO - hey, I am task2 and will be running after task1!
[2023-03-19T06:09:38.341+0000] {subprocess.py:97} INFO - Command exited with return code 0
[2023-03-19T06:09:38.438+0000] {taskinstance.py:1326} INFO - Marking task as SUCCESS. dag_id=our_first_dag_v5, task_id=second_task, execution_date=20211029T000000, start_date=20230319T060937, end_date=20230319T060938
[2023-03-19T06:09:38.764+0000] {local_task_job.py:212} INFO - Task exited with return code 0
[2023-03-19T06:09:38.920+0000] {taskinstance.py:2585} INFO - 0 downstream tasks scheduled from follow-on schedule check
